<html>
<head>
<title>TestNG:  Test</title>
<link href="../testng.css" rel="stylesheet" type="text/css" />
<link href="../my-testng.css" rel="stylesheet" type="text/css" />

<style type="text/css">
.log { display: none;} 
.stack-trace { display: none;} 
</style>
<script type="text/javascript">
<!--
function flip(e) {
  current = e.style.display;
  if (current == 'block') {
    e.style.display = 'none';
    return 0;
  }
  else {
    e.style.display = 'block';
    return 1;
  }
}

function toggleBox(szDivId, elem, msg1, msg2)
{
  var res = -1;  if (document.getElementById) {
    res = flip(document.getElementById(szDivId));
  }
  else if (document.all) {
    // this is the way old msie versions work
    res = flip(document.all[szDivId]);
  }
  if(elem) {
    if(res == 0) elem.innerHTML = msg1; else elem.innerHTML = msg2;
  }

}

function toggleAllBoxes() {
  if (document.getElementsByTagName) {
    d = document.getElementsByTagName('div');
    for (i = 0; i < d.length; i++) {
      if (d[i].className == 'log') {
        flip(d[i]);
      }
    }
  }
}

// -->
</script>

</head>
<body>
<h2 align='center'>Test</h2><table border='1' align="center">
<tr>
<td>Tests passed/Failed/Skipped:</td><td>14/0/5</td>
</tr><tr>
<td>Started on:</td><td>Tue Feb 04 05:56:21 IST 2025</td>
</tr>
<tr><td>Total time:</td><td>299 seconds (299398 ms)</td>
</tr><tr>
<td>Included groups:</td><td></td>
</tr><tr>
<td>Excluded groups:</td><td></td>
</tr>
</table><p/>
<small><i>(Hover the method name to see the test class name)</i></small><p/>
<table width='100%' border='1' class='invocation-passed'>
<tr><td colspan='4' align='center'><b>PASSED TESTS</b></td></tr>
<tr><td><b>Test method</b></td>
<td width="30%"><b>Exception</b></td>
<td width="10%"><b>Time (seconds)</b></td>
<td><b>Instance</b></td>
</tr>
<tr>
<td title='amazon_Project1.Project1_Amazon.TestCase03_LoginwithIncorrect.loginwithincorrectcred()'><b>loginwithincorrectcred</b><br>Test class: amazon_Project1.Project1_Amazon.TestCase03_LoginwithIncorrect<br/>
<a href="#Output-1868926016" onClick='toggleBox("Output-1868926016", this, "Show output", "Hide output");'>Show output</a>

<a href="#Output-1868926016" onClick="toggleAllBoxes();">Show all outputs</a>
<div class='log' id="Output-1868926016">
Test started for test=loginwithincorrectcred<br/>
result is passed for test=loginwithincorrectcred<br/>
</div>
</td>
<td></td>
<td>30</td>
<td>amazon_Project1.Project1_Amazon.TestCase03_LoginwithIncorrect@54d9d12d</td></tr>
<tr>
<td title='amazon_Project1.Project1_Amazon.Testcase07_ProductDetailsPage_project1.verifyProductDetails()'><b>verifyProductDetails</b><br>Test class: amazon_Project1.Project1_Amazon.Testcase07_ProductDetailsPage_project1<br/>
<a href="#Output-815797574" onClick='toggleBox("Output-815797574", this, "Show output", "Hide output");'>Show output</a>

<a href="#Output-815797574" onClick="toggleAllBoxes();">Show all outputs</a>
<div class='log' id="Output-815797574">
Test started for test=verifyProductDetails<br/>
result is passed for test=verifyProductDetails<br/>
</div>
</td>
<td></td>
<td>47</td>
<td>amazon_Project1.Project1_Amazon.Testcase07_ProductDetailsPage_project1@3c41ed1d</td></tr>
<tr>
<td title='amazon_Project1.Project1_Amazon.Testcase13_applycoupen.applycoupen()'><b>applycoupen</b><br>Test class: amazon_Project1.Project1_Amazon.Testcase13_applycoupen<br/>
<a href="#Output-1100432849" onClick='toggleBox("Output-1100432849", this, "Show output", "Hide output");'>Show output</a>

<a href="#Output-1100432849" onClick="toggleAllBoxes();">Show all outputs</a>
<div class='log' id="Output-1100432849">
Test started for test=applycoupen<br/>
result is passed for test=applycoupen<br/>
</div>
</td>
<td></td>
<td>45</td>
<td>amazon_Project1.Project1_Amazon.Testcase13_applycoupen@34e9fd99</td></tr>
<tr>
<td title='amazon_Project1.Project1_Amazon.Testcase05_SearchProduct_Project1.searchproduct1()'><b>searchproduct1</b><br>Test class: amazon_Project1.Project1_Amazon.Testcase05_SearchProduct_Project1<br/>
<a href="#Output-1753787599" onClick='toggleBox("Output-1753787599", this, "Show output", "Hide output");'>Show output</a>

<a href="#Output-1753787599" onClick="toggleAllBoxes();">Show all outputs</a>
<div class='log' id="Output-1753787599">
Test started for test=searchproduct1<br/>
result is passed for test=searchproduct1<br/>
</div>
</td>
<td></td>
<td>30</td>
<td>amazon_Project1.Project1_Amazon.Testcase05_SearchProduct_Project1@22555ebf</td></tr>
<tr>
<td title='amazon_Project1.Project1_Amazon.Testcase06_VerifyFilter.verifyFilter()'><b>verifyFilter</b><br>Test class: amazon_Project1.Project1_Amazon.Testcase06_VerifyFilter<br/>
<a href="#Output-927375341" onClick='toggleBox("Output-927375341", this, "Show output", "Hide output");'>Show output</a>

<a href="#Output-927375341" onClick="toggleAllBoxes();">Show all outputs</a>
<div class='log' id="Output-927375341">
Test started for test=verifyFilter<br/>
result is passed for test=verifyFilter<br/>
</div>
</td>
<td></td>
<td>64</td>
<td>amazon_Project1.Project1_Amazon.Testcase06_VerifyFilter@36ebc363</td></tr>
<tr>
<td title='amazon_Project1.Project1_Amazon.Testcase12_Allpaymentmethod_Project1.allpaymentmethod()'><b>allpaymentmethod</b><br>Test class: amazon_Project1.Project1_Amazon.Testcase12_Allpaymentmethod_Project1<br/>
<a href="#Output-667306666" onClick='toggleBox("Output-667306666", this, "Show output", "Hide output");'>Show output</a>

<a href="#Output-667306666" onClick="toggleAllBoxes();">Show all outputs</a>
<div class='log' id="Output-667306666">
Test started for test=allpaymentmethod<br/>
result is passed for test=allpaymentmethod<br/>
</div>
</td>
<td></td>
<td>56</td>
<td>amazon_Project1.Project1_Amazon.Testcase12_Allpaymentmethod_Project1@43bc63a3</td></tr>
<tr>
<td title='amazon_Project1.Project1_Amazon.Testcase15_Cartpage_Withoutlogin.cartpage_withoutlogin()'><b>cartpage_withoutlogin</b><br>Test class: amazon_Project1.Project1_Amazon.Testcase15_Cartpage_Withoutlogin<br/>
<a href="#Output-534607187" onClick='toggleBox("Output-534607187", this, "Show output", "Hide output");'>Show output</a>

<a href="#Output-534607187" onClick="toggleAllBoxes();">Show all outputs</a>
<div class='log' id="Output-534607187">
Test started for test=cartpage_withoutlogin<br/>
result is passed for test=cartpage_withoutlogin<br/>
</div>
</td>
<td></td>
<td>32</td>
<td>amazon_Project1.Project1_Amazon.Testcase15_Cartpage_Withoutlogin@206a70ef</td></tr>
<tr>
<td title='amazon_Project1.Project1_Amazon.Testcase08_VerifySort_Project1.verifySort()'><b>verifySort</b><br>Test class: amazon_Project1.Project1_Amazon.Testcase08_VerifySort_Project1<br/>
<a href="#Output-1813349307" onClick='toggleBox("Output-1813349307", this, "Show output", "Hide output");'>Show output</a>

<a href="#Output-1813349307" onClick="toggleAllBoxes();">Show all outputs</a>
<div class='log' id="Output-1813349307">
Test started for test=verifySort<br/>
result is passed for test=verifySort<br/>
</div>
</td>
<td></td>
<td>36</td>
<td>amazon_Project1.Project1_Amazon.Testcase08_VerifySort_Project1@45752059</td></tr>
<tr>
<td title='amazon_Project1.Project1_Amazon.TestCase02_Loginwithdataprovider.loginwithcorrectcred()'><b>loginwithcorrectcred</b><br>Test class: amazon_Project1.Project1_Amazon.TestCase02_Loginwithdataprovider<br>Parameters: shital.bhosale@hotmail.com, Test@12345<br/>
<a href="#Output-1265355034" onClick='toggleBox("Output-1265355034", this, "Show output", "Hide output");'>Show output</a>

<a href="#Output-1265355034" onClick="toggleAllBoxes();">Show all outputs</a>
<div class='log' id="Output-1265355034">
Test started for test=loginwithcorrectcred<br/>
result is passed for test=loginwithcorrectcred<br/>
</div>
</td>
<td></td>
<td>30</td>
<td>amazon_Project1.Project1_Amazon.TestCase02_Loginwithdataprovider@38425407</td></tr>
<tr>
<td title='amazon_Project1.Project1_Amazon.TestCase02_Loginwithdataprovider.loginwithcorrectcred()'><b>loginwithcorrectcred</b><br>Test class: amazon_Project1.Project1_Amazon.TestCase02_Loginwithdataprovider<br>Parameters: 9604232794
, Komal@2025<br/>
<a href="#Output-1484147973" onClick='toggleBox("Output-1484147973", this, "Show output", "Hide output");'>Show output</a>

<a href="#Output-1484147973" onClick="toggleAllBoxes();">Show all outputs</a>
<div class='log' id="Output-1484147973">
Test started for test=loginwithcorrectcred<br/>
result is passed for test=loginwithcorrectcred<br/>
</div>
</td>
<td></td>
<td>9</td>
<td>amazon_Project1.Project1_Amazon.TestCase02_Loginwithdataprovider@38425407</td></tr>
<tr>
<td title='amazon_Project1.Project1_Amazon.TestCase04_Editprofile.editprofile()'><b>editprofile</b><br>Test class: amazon_Project1.Project1_Amazon.TestCase04_Editprofile<br/>
<a href="#Output-956799217" onClick='toggleBox("Output-956799217", this, "Show output", "Hide output");'>Show output</a>

<a href="#Output-956799217" onClick="toggleAllBoxes();">Show all outputs</a>
<div class='log' id="Output-956799217">
Test started for test=editprofile<br/>
result is passed for test=editprofile<br/>
</div>
</td>
<td></td>
<td>49</td>
<td>amazon_Project1.Project1_Amazon.TestCase04_Editprofile@292b08d6</td></tr>
<tr>
<td title='amazon_Project1.Project1_Amazon.TestCase09_Addtocart_Project1.addtocart()'><b>addtocart</b><br>Test class: amazon_Project1.Project1_Amazon.TestCase09_Addtocart_Project1<br/>
<a href="#Output-1231311666" onClick='toggleBox("Output-1231311666", this, "Show output", "Hide output");'>Show output</a>

<a href="#Output-1231311666" onClick="toggleAllBoxes();">Show all outputs</a>
<div class='log' id="Output-1231311666">
Test started for test=addtocart<br/>
result is passed for test=addtocart<br/>
</div>
</td>
<td></td>
<td>56</td>
<td>amazon_Project1.Project1_Amazon.TestCase09_Addtocart_Project1@c730b35</td></tr>
<tr>
<td title='amazon_Project1.Project1_Amazon.Testcase11_Checkoutprocess_project1.checkout()'><b>checkout</b><br>Test class: amazon_Project1.Project1_Amazon.Testcase11_Checkoutprocess_project1<br/>
<a href="#Output-621854089" onClick='toggleBox("Output-621854089", this, "Show output", "Hide output");'>Show output</a>

<a href="#Output-621854089" onClick="toggleAllBoxes();">Show all outputs</a>
<div class='log' id="Output-621854089">
Test started for test=checkout<br/>
result is passed for test=checkout<br/>
</div>
</td>
<td></td>
<td>49</td>
<td>amazon_Project1.Project1_Amazon.Testcase11_Checkoutprocess_project1@702657cc</td></tr>
<tr>
<td title='amazon_Project1.Project1_Amazon.TestCase10_AddandRemoveCart_Project1.addandremove()'><b>addandremove</b><br>Test class: amazon_Project1.Project1_Amazon.TestCase10_AddandRemoveCart_Project1<br/>
<a href="#Output-1875033630" onClick='toggleBox("Output-1875033630", this, "Show output", "Hide output");'>Show output</a>

<a href="#Output-1875033630" onClick="toggleAllBoxes();">Show all outputs</a>
<div class='log' id="Output-1875033630">
Test started for test=addandremove<br/>
result is passed for test=addandremove<br/>
</div>
</td>
<td></td>
<td>70</td>
<td>amazon_Project1.Project1_Amazon.TestCase10_AddandRemoveCart_Project1@3270d194</td></tr>
</table><p>
<table width='100%' border='1' class='invocation-skipped'>
<tr><td colspan='4' align='center'><b>SKIPPED TESTS</b></td></tr>
<tr><td><b>Test method</b></td>
<td width="30%"><b>Exception</b></td>
<td width="10%"><b>Time (seconds)</b></td>
<td><b>Instance</b></td>
</tr>
<tr>
<td title='amazon_Project1.Project1_Amazon.TestCase10_AddandRemoveCart_Project1.addandremove()'><b>addandremove</b><br>Test class: amazon_Project1.Project1_Amazon.TestCase10_AddandRemoveCart_Project1<br/>
<a href="#Output-1395033333" onClick='toggleBox("Output-1395033333", this, "Show output", "Hide output");'>Show output</a>

<a href="#Output-1395033333" onClick="toggleAllBoxes();">Show all outputs</a>
<div class='log' id="Output-1395033333">
Test started for test=addandremove<br/>
result is SKIPPED for test=addandremove<br/>
</div>
</td>
<td><div><pre>java.util.NoSuchElementException
	at java.base/java.util.LinkedHashMap$LinkedHashIterator.nextNode(LinkedHashMap.java:1026)
	at java.base/java.util.LinkedHashMap$LinkedKeyIterator.next(LinkedHashMap.java:1047)
	at amazon_Project1.Project1_Amazon.Product1page_Project1.product(Product1page_Project1.java:46)
	at amazon_Project1.Project1_Amazon.TestCase10_AddandRemoveCart_Project1.addandremove(TestCase10_AddandRemoveCart_Project1.java:19)
	at java.base/java.util.concurrent.ThreadPoolExecutor.runWorker(ThreadPoolExecutor.java:1144)
	at java.base/java.util.concurrent.ThreadPoolExecutor$Worker.run(ThreadPoolExecutor.java:642)
	at java.base/java.lang.Thread.run(Thread.java:1575)
... Removed 10 stack frames</pre></div><a href='#' onClick='toggleBox("stack-trace1395033333", this, "Click to show all stack frames", "Click to hide stack frames")'>Click to show all stack frames</a>
<div class='stack-trace' id='stack-trace1395033333'><pre>java.util.NoSuchElementException
	at java.base/java.util.LinkedHashMap$LinkedHashIterator.nextNode(LinkedHashMap.java:1026)
	at java.base/java.util.LinkedHashMap$LinkedKeyIterator.next(LinkedHashMap.java:1047)
	at amazon_Project1.Project1_Amazon.Product1page_Project1.product(Product1page_Project1.java:46)
	at amazon_Project1.Project1_Amazon.TestCase10_AddandRemoveCart_Project1.addandremove(TestCase10_AddandRemoveCart_Project1.java:19)
	at java.base/jdk.internal.reflect.DirectMethodHandleAccessor.invoke(DirectMethodHandleAccessor.java:103)
	at java.base/java.lang.reflect.Method.invoke(Method.java:580)
	at org.testng.internal.MethodInvocationHelper.invokeMethod(MethodInvocationHelper.java:133)
	at org.testng.internal.TestInvoker.invokeMethod(TestInvoker.java:598)
	at org.testng.internal.TestInvoker.retryFailed(TestInvoker.java:213)
	at org.testng.internal.MethodRunner.runInSequence(MethodRunner.java:58)
	at org.testng.internal.TestInvoker$MethodInvocationAgent.invoke(TestInvoker.java:824)
	at org.testng.internal.TestInvoker.invokeTestMethods(TestInvoker.java:146)
	at org.testng.internal.TestMethodWorker.invokeTestMethods(TestMethodWorker.java:146)
	at org.testng.internal.TestMethodWorker.run(TestMethodWorker.java:128)
	at java.base/java.util.concurrent.ThreadPoolExecutor.runWorker(ThreadPoolExecutor.java:1144)
	at java.base/java.util.concurrent.ThreadPoolExecutor$Worker.run(ThreadPoolExecutor.java:642)
	at java.base/java.lang.Thread.run(Thread.java:1575)
</pre></div></td>
<td>34</td>
<td>amazon_Project1.Project1_Amazon.TestCase10_AddandRemoveCart_Project1@3270d194</td></tr>
<tr>
<td title='amazon_Project1.Project1_Amazon.Testcase13_applycoupen.applycoupen()'><b>applycoupen</b><br>Test class: amazon_Project1.Project1_Amazon.Testcase13_applycoupen<br/>
<a href="#Output-447593390" onClick='toggleBox("Output-447593390", this, "Show output", "Hide output");'>Show output</a>

<a href="#Output-447593390" onClick="toggleAllBoxes();">Show all outputs</a>
<div class='log' id="Output-447593390">
Test started for test=applycoupen<br/>
result is SKIPPED for test=applycoupen<br/>
</div>
</td>
<td><div><pre>java.util.NoSuchElementException
	at java.base/java.util.LinkedHashMap$LinkedHashIterator.nextNode(LinkedHashMap.java:1026)
	at java.base/java.util.LinkedHashMap$LinkedKeyIterator.next(LinkedHashMap.java:1047)
	at amazon_Project1.Project1_Amazon.Product1page_Project1.product(Product1page_Project1.java:46)
	at amazon_Project1.Project1_Amazon.Testcase13_applycoupen.applycoupen(Testcase13_applycoupen.java:19)
	at java.base/java.util.concurrent.ThreadPoolExecutor.runWorker(ThreadPoolExecutor.java:1144)
	at java.base/java.util.concurrent.ThreadPoolExecutor$Worker.run(ThreadPoolExecutor.java:642)
	at java.base/java.lang.Thread.run(Thread.java:1575)
... Removed 10 stack frames</pre></div><a href='#' onClick='toggleBox("stack-trace447593390", this, "Click to show all stack frames", "Click to hide stack frames")'>Click to show all stack frames</a>
<div class='stack-trace' id='stack-trace447593390'><pre>java.util.NoSuchElementException
	at java.base/java.util.LinkedHashMap$LinkedHashIterator.nextNode(LinkedHashMap.java:1026)
	at java.base/java.util.LinkedHashMap$LinkedKeyIterator.next(LinkedHashMap.java:1047)
	at amazon_Project1.Project1_Amazon.Product1page_Project1.product(Product1page_Project1.java:46)
	at amazon_Project1.Project1_Amazon.Testcase13_applycoupen.applycoupen(Testcase13_applycoupen.java:19)
	at java.base/jdk.internal.reflect.DirectMethodHandleAccessor.invoke(DirectMethodHandleAccessor.java:103)
	at java.base/java.lang.reflect.Method.invoke(Method.java:580)
	at org.testng.internal.MethodInvocationHelper.invokeMethod(MethodInvocationHelper.java:133)
	at org.testng.internal.TestInvoker.invokeMethod(TestInvoker.java:598)
	at org.testng.internal.TestInvoker.retryFailed(TestInvoker.java:213)
	at org.testng.internal.MethodRunner.runInSequence(MethodRunner.java:58)
	at org.testng.internal.TestInvoker$MethodInvocationAgent.invoke(TestInvoker.java:824)
	at org.testng.internal.TestInvoker.invokeTestMethods(TestInvoker.java:146)
	at org.testng.internal.TestMethodWorker.invokeTestMethods(TestMethodWorker.java:146)
	at org.testng.internal.TestMethodWorker.run(TestMethodWorker.java:128)
	at java.base/java.util.concurrent.ThreadPoolExecutor.runWorker(ThreadPoolExecutor.java:1144)
	at java.base/java.util.concurrent.ThreadPoolExecutor$Worker.run(ThreadPoolExecutor.java:642)
	at java.base/java.lang.Thread.run(Thread.java:1575)
</pre></div></td>
<td>35</td>
<td>amazon_Project1.Project1_Amazon.Testcase13_applycoupen@34e9fd99</td></tr>
<tr>
<td title='amazon_Project1.Project1_Amazon.TestCase10_AddandRemoveCart_Project1.addandremove()'><b>addandremove</b><br>Test class: amazon_Project1.Project1_Amazon.TestCase10_AddandRemoveCart_Project1<br/>
<a href="#Output-1762711317" onClick='toggleBox("Output-1762711317", this, "Show output", "Hide output");'>Show output</a>

<a href="#Output-1762711317" onClick="toggleAllBoxes();">Show all outputs</a>
<div class='log' id="Output-1762711317">
Test started for test=addandremove<br/>
result is SKIPPED for test=addandremove<br/>
</div>
</td>
<td><div><pre>java.util.NoSuchElementException
	at java.base/java.util.LinkedHashMap$LinkedHashIterator.nextNode(LinkedHashMap.java:1026)
	at java.base/java.util.LinkedHashMap$LinkedKeyIterator.next(LinkedHashMap.java:1047)
	at amazon_Project1.Project1_Amazon.Product1page_Project1.product(Product1page_Project1.java:46)
	at amazon_Project1.Project1_Amazon.TestCase10_AddandRemoveCart_Project1.addandremove(TestCase10_AddandRemoveCart_Project1.java:19)
	at java.base/java.util.concurrent.ThreadPoolExecutor.runWorker(ThreadPoolExecutor.java:1144)
	at java.base/java.util.concurrent.ThreadPoolExecutor$Worker.run(ThreadPoolExecutor.java:642)
	at java.base/java.lang.Thread.run(Thread.java:1575)
... Removed 10 stack frames</pre></div><a href='#' onClick='toggleBox("stack-trace1762711317", this, "Click to show all stack frames", "Click to hide stack frames")'>Click to show all stack frames</a>
<div class='stack-trace' id='stack-trace1762711317'><pre>java.util.NoSuchElementException
	at java.base/java.util.LinkedHashMap$LinkedHashIterator.nextNode(LinkedHashMap.java:1026)
	at java.base/java.util.LinkedHashMap$LinkedKeyIterator.next(LinkedHashMap.java:1047)
	at amazon_Project1.Project1_Amazon.Product1page_Project1.product(Product1page_Project1.java:46)
	at amazon_Project1.Project1_Amazon.TestCase10_AddandRemoveCart_Project1.addandremove(TestCase10_AddandRemoveCart_Project1.java:19)
	at java.base/jdk.internal.reflect.DirectMethodHandleAccessor.invoke(DirectMethodHandleAccessor.java:103)
	at java.base/java.lang.reflect.Method.invoke(Method.java:580)
	at org.testng.internal.MethodInvocationHelper.invokeMethod(MethodInvocationHelper.java:133)
	at org.testng.internal.TestInvoker.invokeMethod(TestInvoker.java:598)
	at org.testng.internal.TestInvoker.invokeTestMethod(TestInvoker.java:173)
	at org.testng.internal.MethodRunner.runInSequence(MethodRunner.java:46)
	at org.testng.internal.TestInvoker$MethodInvocationAgent.invoke(TestInvoker.java:824)
	at org.testng.internal.TestInvoker.invokeTestMethods(TestInvoker.java:146)
	at org.testng.internal.TestMethodWorker.invokeTestMethods(TestMethodWorker.java:146)
	at org.testng.internal.TestMethodWorker.run(TestMethodWorker.java:128)
	at java.base/java.util.concurrent.ThreadPoolExecutor.runWorker(ThreadPoolExecutor.java:1144)
	at java.base/java.util.concurrent.ThreadPoolExecutor$Worker.run(ThreadPoolExecutor.java:642)
	at java.base/java.lang.Thread.run(Thread.java:1575)
</pre></div></td>
<td>49</td>
<td>amazon_Project1.Project1_Amazon.TestCase10_AddandRemoveCart_Project1@3270d194</td></tr>
<tr>
<td title='amazon_Project1.Project1_Amazon.Testcase13_applycoupen.applycoupen()'><b>applycoupen</b><br>Test class: amazon_Project1.Project1_Amazon.Testcase13_applycoupen<br/>
<a href="#Output-802683313" onClick='toggleBox("Output-802683313", this, "Show output", "Hide output");'>Show output</a>

<a href="#Output-802683313" onClick="toggleAllBoxes();">Show all outputs</a>
<div class='log' id="Output-802683313">
Test started for test=applycoupen<br/>
result is SKIPPED for test=applycoupen<br/>
</div>
</td>
<td><div><pre>java.util.NoSuchElementException
	at java.base/java.util.LinkedHashMap$LinkedHashIterator.nextNode(LinkedHashMap.java:1026)
	at java.base/java.util.LinkedHashMap$LinkedKeyIterator.next(LinkedHashMap.java:1047)
	at amazon_Project1.Project1_Amazon.Product1page_Project1.product(Product1page_Project1.java:46)
	at amazon_Project1.Project1_Amazon.Testcase13_applycoupen.applycoupen(Testcase13_applycoupen.java:19)
	at java.base/java.util.concurrent.ThreadPoolExecutor.runWorker(ThreadPoolExecutor.java:1144)
	at java.base/java.util.concurrent.ThreadPoolExecutor$Worker.run(ThreadPoolExecutor.java:642)
	at java.base/java.lang.Thread.run(Thread.java:1575)
... Removed 10 stack frames</pre></div><a href='#' onClick='toggleBox("stack-trace802683313", this, "Click to show all stack frames", "Click to hide stack frames")'>Click to show all stack frames</a>
<div class='stack-trace' id='stack-trace802683313'><pre>java.util.NoSuchElementException
	at java.base/java.util.LinkedHashMap$LinkedHashIterator.nextNode(LinkedHashMap.java:1026)
	at java.base/java.util.LinkedHashMap$LinkedKeyIterator.next(LinkedHashMap.java:1047)
	at amazon_Project1.Project1_Amazon.Product1page_Project1.product(Product1page_Project1.java:46)
	at amazon_Project1.Project1_Amazon.Testcase13_applycoupen.applycoupen(Testcase13_applycoupen.java:19)
	at java.base/jdk.internal.reflect.DirectMethodHandleAccessor.invoke(DirectMethodHandleAccessor.java:103)
	at java.base/java.lang.reflect.Method.invoke(Method.java:580)
	at org.testng.internal.MethodInvocationHelper.invokeMethod(MethodInvocationHelper.java:133)
	at org.testng.internal.TestInvoker.invokeMethod(TestInvoker.java:598)
	at org.testng.internal.TestInvoker.invokeTestMethod(TestInvoker.java:173)
	at org.testng.internal.MethodRunner.runInSequence(MethodRunner.java:46)
	at org.testng.internal.TestInvoker$MethodInvocationAgent.invoke(TestInvoker.java:824)
	at org.testng.internal.TestInvoker.invokeTestMethods(TestInvoker.java:146)
	at org.testng.internal.TestMethodWorker.invokeTestMethods(TestMethodWorker.java:146)
	at org.testng.internal.TestMethodWorker.run(TestMethodWorker.java:128)
	at java.base/java.util.concurrent.ThreadPoolExecutor.runWorker(ThreadPoolExecutor.java:1144)
	at java.base/java.util.concurrent.ThreadPoolExecutor$Worker.run(ThreadPoolExecutor.java:642)
	at java.base/java.lang.Thread.run(Thread.java:1575)
</pre></div></td>
<td>55</td>
<td>amazon_Project1.Project1_Amazon.Testcase13_applycoupen@34e9fd99</td></tr>
<tr>
<td title='amazon_Project1.Project1_Amazon.TestCase02_Loginwithdataprovider.loginwithcorrectcred()'><b>loginwithcorrectcred</b><br>Test class: amazon_Project1.Project1_Amazon.TestCase02_Loginwithdataprovider<br>Parameters: 9604232794
, Komal@2025<br/>
<a href="#Output-1628820094" onClick='toggleBox("Output-1628820094", this, "Show output", "Hide output");'>Show output</a>

<a href="#Output-1628820094" onClick="toggleAllBoxes();">Show all outputs</a>
<div class='log' id="Output-1628820094">
Test started for test=loginwithcorrectcred<br/>
result is SKIPPED for test=loginwithcorrectcred<br/>
</div>
</td>
<td><div><pre>org.openqa.selenium.StaleElementReferenceException: stale element reference: stale element not found
  (Session info: chrome=132.0.6834.160)
For documentation on this error, please visit: https://www.selenium.dev/documentation/webdriver/troubleshooting/errors#stale-element-reference-exception
Build info: version: &apos;4.27.0&apos;, revision: &apos;d6e718d134&apos;
System info: os.name: &apos;Windows 11&apos;, os.arch: &apos;amd64&apos;, os.version: &apos;10.0&apos;, java.version: &apos;23&apos;
Driver info: org.openqa.selenium.chrome.ChromeDriver
Command: [88095e88eb95d7c40ab5702fae33fa28, clickElement {id=f.4300393B8DA9298332384CF3EB2186B6.d.B2EE8E61DCD141AFEA8A5C2D4E879C98.e.101}]
Capabilities {acceptInsecureCerts: false, browserName: chrome, browserVersion: 132.0.6834.160, chrome: {chromedriverVersion: 132.0.6834.159 (2d77d3fc445..., userDataDir: C:\Users\amolb\AppData\Loca...}, fedcm:accounts: true, goog:chromeOptions: {debuggerAddress: localhost:56237}, networkConnectionEnabled: false, pageLoadStrategy: normal, platformName: windows, proxy: Proxy(), se:cdp: ws://localhost:56237/devtoo..., se:cdpVersion: 132.0.6834.160, setWindowRect: true, strictFileInteractability: false, timeouts: {implicit: 0, pageLoad: 300000, script: 30000}, unhandledPromptBehavior: dismiss and notify, webauthn:extension:credBlob: true, webauthn:extension:largeBlob: true, webauthn:extension:minPinLength: true, webauthn:extension:prf: true, webauthn:virtualAuthenticators: true}
Element: [[ChromeDriver: chrome on windows (88095e88eb95d7c40ab5702fae33fa28)] -&gt; xpath: //input[@class=&apos;a-button-input&apos;]]
Session ID: 88095e88eb95d7c40ab5702fae33fa28
	at org.openqa.selenium.remote.ErrorCodec.decode(ErrorCodec.java:167)
	at org.openqa.selenium.remote.codec.w3c.W3CHttpResponseCodec.decode(W3CHttpResponseCodec.java:138)
	at org.openqa.selenium.remote.codec.w3c.W3CHttpResponseCodec.decode(W3CHttpResponseCodec.java:50)
	at org.openqa.selenium.remote.HttpCommandExecutor.execute(HttpCommandExecutor.java:190)
	at org.openqa.selenium.remote.service.DriverCommandExecutor.invokeExecute(DriverCommandExecutor.java:216)
	at org.openqa.selenium.remote.service.DriverCommandExecutor.execute(DriverCommandExecutor.java:174)
	at org.openqa.selenium.remote.RemoteWebDriver.execute(RemoteWebDriver.java:545)
	at org.openqa.selenium.remote.RemoteWebElement.execute(RemoteWebElement.java:223)
	at org.openqa.selenium.remote.RemoteWebElement.click(RemoteWebElement.java:76)
	at org.openqa.selenium.support.pagefactory.internal.LocatingElementHandler.invoke(LocatingElementHandler.java:51)
	at jdk.proxy2/jdk.proxy2.$Proxy17.click(Unknown Source)
	at amazon_Project1.Project1_Amazon.NewUser_Project1.continuebuttn(NewUser_Project1.java:29)
	at amazon_Project1.Project1_Amazon.TestCase02_Loginwithdataprovider.loginwithcorrectcred(TestCase02_Loginwithdataprovider.java:14)
	at java.base/java.util.concurrent.ThreadPoolExecutor.runWorker(ThreadPoolExecutor.java:1144)
	at java.base/java.util.concurrent.ThreadPoolExecutor$Worker.run(ThreadPoolExecutor.java:642)
	at java.base/java.lang.Thread.run(Thread.java:1575)
... Removed 15 stack frames</pre></div><a href='#' onClick='toggleBox("stack-trace1628820094", this, "Click to show all stack frames", "Click to hide stack frames")'>Click to show all stack frames</a>
<div class='stack-trace' id='stack-trace1628820094'><pre>org.openqa.selenium.StaleElementReferenceException: stale element reference: stale element not found
  (Session info: chrome=132.0.6834.160)
For documentation on this error, please visit: https://www.selenium.dev/documentation/webdriver/troubleshooting/errors#stale-element-reference-exception
Build info: version: &apos;4.27.0&apos;, revision: &apos;d6e718d134&apos;
System info: os.name: &apos;Windows 11&apos;, os.arch: &apos;amd64&apos;, os.version: &apos;10.0&apos;, java.version: &apos;23&apos;
Driver info: org.openqa.selenium.chrome.ChromeDriver
Command: [88095e88eb95d7c40ab5702fae33fa28, clickElement {id=f.4300393B8DA9298332384CF3EB2186B6.d.B2EE8E61DCD141AFEA8A5C2D4E879C98.e.101}]
Capabilities {acceptInsecureCerts: false, browserName: chrome, browserVersion: 132.0.6834.160, chrome: {chromedriverVersion: 132.0.6834.159 (2d77d3fc445..., userDataDir: C:\Users\amolb\AppData\Loca...}, fedcm:accounts: true, goog:chromeOptions: {debuggerAddress: localhost:56237}, networkConnectionEnabled: false, pageLoadStrategy: normal, platformName: windows, proxy: Proxy(), se:cdp: ws://localhost:56237/devtoo..., se:cdpVersion: 132.0.6834.160, setWindowRect: true, strictFileInteractability: false, timeouts: {implicit: 0, pageLoad: 300000, script: 30000}, unhandledPromptBehavior: dismiss and notify, webauthn:extension:credBlob: true, webauthn:extension:largeBlob: true, webauthn:extension:minPinLength: true, webauthn:extension:prf: true, webauthn:virtualAuthenticators: true}
Element: [[ChromeDriver: chrome on windows (88095e88eb95d7c40ab5702fae33fa28)] -&gt; xpath: //input[@class=&apos;a-button-input&apos;]]
Session ID: 88095e88eb95d7c40ab5702fae33fa28
	at java.base/jdk.internal.reflect.DirectConstructorHandleAccessor.newInstance(DirectConstructorHandleAccessor.java:62)
	at java.base/java.lang.reflect.Constructor.newInstanceWithCaller(Constructor.java:501)
	at java.base/java.lang.reflect.Constructor.newInstance(Constructor.java:485)
	at org.openqa.selenium.remote.ErrorCodec.decode(ErrorCodec.java:167)
	at org.openqa.selenium.remote.codec.w3c.W3CHttpResponseCodec.decode(W3CHttpResponseCodec.java:138)
	at org.openqa.selenium.remote.codec.w3c.W3CHttpResponseCodec.decode(W3CHttpResponseCodec.java:50)
	at org.openqa.selenium.remote.HttpCommandExecutor.execute(HttpCommandExecutor.java:190)
	at org.openqa.selenium.remote.service.DriverCommandExecutor.invokeExecute(DriverCommandExecutor.java:216)
	at org.openqa.selenium.remote.service.DriverCommandExecutor.execute(DriverCommandExecutor.java:174)
	at org.openqa.selenium.remote.RemoteWebDriver.execute(RemoteWebDriver.java:545)
	at org.openqa.selenium.remote.RemoteWebElement.execute(RemoteWebElement.java:223)
	at org.openqa.selenium.remote.RemoteWebElement.click(RemoteWebElement.java:76)
	at java.base/jdk.internal.reflect.DirectMethodHandleAccessor.invoke(DirectMethodHandleAccessor.java:103)
	at java.base/java.lang.reflect.Method.invoke(Method.java:580)
	at org.openqa.selenium.support.pagefactory.internal.LocatingElementHandler.invoke(LocatingElementHandler.java:51)
	at jdk.proxy2/jdk.proxy2.$Proxy17.click(Unknown Source)
	at amazon_Project1.Project1_Amazon.NewUser_Project1.continuebuttn(NewUser_Project1.java:29)
	at amazon_Project1.Project1_Amazon.TestCase02_Loginwithdataprovider.loginwithcorrectcred(TestCase02_Loginwithdataprovider.java:14)
	at java.base/jdk.internal.reflect.DirectMethodHandleAccessor.invoke(DirectMethodHandleAccessor.java:103)
	at java.base/java.lang.reflect.Method.invoke(Method.java:580)
	at org.testng.internal.MethodInvocationHelper.invokeMethod(MethodInvocationHelper.java:133)
	at org.testng.internal.TestInvoker.invokeMethod(TestInvoker.java:598)
	at org.testng.internal.TestInvoker.invokeTestMethod(TestInvoker.java:173)
	at org.testng.internal.MethodRunner.runInSequence(MethodRunner.java:46)
	at org.testng.internal.TestInvoker$MethodInvocationAgent.invoke(TestInvoker.java:824)
	at org.testng.internal.TestInvoker.invokeTestMethods(TestInvoker.java:146)
	at org.testng.internal.TestMethodWorker.invokeTestMethods(TestMethodWorker.java:146)
	at org.testng.internal.TestMethodWorker.run(TestMethodWorker.java:128)
	at java.base/java.util.concurrent.ThreadPoolExecutor.runWorker(ThreadPoolExecutor.java:1144)
	at java.base/java.util.concurrent.ThreadPoolExecutor$Worker.run(ThreadPoolExecutor.java:642)
	at java.base/java.lang.Thread.run(Thread.java:1575)
</pre></div></td>
<td>10</td>
<td>amazon_Project1.Project1_Amazon.TestCase02_Loginwithdataprovider@38425407</td></tr>
</table><p>
</body>
</html>