<!DOCTYPE html PUBLIC "-//W3C//DTD XHTML 1.1//EN" "https://www.w3.org/TR/xhtml11/DTD/xhtml11.dtd">
<html xmlns="https://www.w3.org/1999/xhtml">
<head>
<meta http-equiv="content-type" content="text/html; charset=UTF-8"/>
<title>TestNG Report</title>
<style type="text/css">table {margin-bottom:10px;border-collapse:collapse;empty-cells:show}th,td {border:1px solid #009;padding:.25em .5em}th {vertical-align:bottom}td {vertical-align:top}table a {font-weight:bold}.stripe td {background-color: #E6EBF9}.num {text-align:right}.passedodd td {background-color: #3F3}.passedeven td {background-color: #0A0}.skippedodd td {background-color: #DDD}.skippedeven td {background-color: #CCC}.failedodd td,.attn {background-color: #F33}.failedeven td,.stripe .attn {background-color: #D00}.stacktrace {white-space:pre;font-family:monospace}.totop {font-size:85%;text-align:center;border-bottom:2px solid #000}.invisible {display:none}</style>
</head>
<body>
<table>
<tr><th>Test</th><th># Passed</th><th># Skipped</th><th># Retried</th><th># Failed</th><th>Time (ms)</th><th>Included Groups</th><th>Excluded Groups</th></tr>
<tr><th colspan="8">Suite</th></tr>
<tr><td><a href="#t0">ChromeTest</a></td><td class="num">13</td><td class="num">0</td><td class="num attn">4</td><td class="num attn">3</td><td class="num">860,057</td><td></td><td></td></tr>
<tr class="stripe"><td><a href="#t1">firefoxTest</a></td><td class="num">8</td><td class="num">0</td><td class="num attn">8</td><td class="num attn">8</td><td class="num">975,700</td><td></td><td></td></tr>
<tr><th>Total</th><th class="num">21</th><th class="num">0</th><th class="num attn">12</th><th class="num attn">11</th><th class="num">1,835,757</th><th colspan="2"></th></tr>
</table>
<table id='summary'><thead><tr><th>Class</th><th>Method</th><th>Start</th><th>Time (ms)</th></tr></thead><tbody><tr><th colspan="4">Suite</th></tr></tbody><tbody id="t0"><tr><th colspan="4">ChromeTest &#8212; failed</th></tr><tr class="failedeven"><td rowspan="1">amazon_Project1.Project1_Amazon.Testcase11_Checkoutprocess_project1</td><td><a href="#m0">checkout</a></td><td rowspan="1">1738248945768</td><td rowspan="1">55568</td></tr><tr class="failedodd"><td rowspan="1">amazon_Project1.Project1_Amazon.Testcase14_Starrating_placedorder</td><td><a href="#m1">applycoupen</a></td><td rowspan="1">1738248666608</td><td rowspan="1">26744</td></tr><tr class="failedeven"><td rowspan="1">amazon_Project1.Project1_Amazon.Testcase15_Cartpage_Withoutlogin</td><td><a href="#m2">cartpage_withoutlogin</a></td><td rowspan="1">1738248264704</td><td rowspan="1">10787</td></tr><tr><th colspan="4">ChromeTest &#8212; retried</th></tr><tr class="retriedeven"><td rowspan="1">amazon_Project1.Project1_Amazon.Testcase11_Checkoutprocess_project1</td><td><a href="#m3">checkout</a></td><td rowspan="1">1738248886109</td><td rowspan="1">43594</td></tr><tr class="retriedodd"><td rowspan="1">amazon_Project1.Project1_Amazon.Testcase12_Allpaymentmethod_Project1</td><td><a href="#m4">allpaymentmethod</a></td><td rowspan="1">1738248762198</td><td rowspan="1">20128</td></tr><tr class="retriedeven"><td rowspan="1">amazon_Project1.Project1_Amazon.Testcase14_Starrating_placedorder</td><td><a href="#m5">applycoupen</a></td><td rowspan="1">1738248573759</td><td rowspan="1">73982</td></tr><tr class="retriedodd"><td rowspan="1">amazon_Project1.Project1_Amazon.Testcase15_Cartpage_Withoutlogin</td><td><a href="#m6">cartpage_withoutlogin</a></td><td rowspan="1">1738248249899</td><td rowspan="1">8167</td></tr><tr><th colspan="4">ChromeTest &#8212; passed</th></tr><tr class="passedeven"><td rowspan="2">amazon_Project1.Project1_Amazon.TestCase02_Loginwithcorrectcred</td><td><a href="#m7">loginwithcorrectcred</a></td><td rowspan="2">1738248469880</td><td rowspan="2">14866</td></tr><tr class="passedeven"><td><a href="#m8">loginwithcorrectcred</a></td></tr><tr class="passedodd"><td rowspan="1">amazon_Project1.Project1_Amazon.TestCase03_LoginwithIncorrect</td><td><a href="#m9">loginwithincorrectcred</a></td><td rowspan="1">1738248717597</td><td rowspan="1">15136</td></tr><tr class="passedeven"><td rowspan="1">amazon_Project1.Project1_Amazon.TestCase04_Editprofile</td><td><a href="#m10">editprofile</a></td><td rowspan="1">1738248285065</td><td rowspan="1">27421</td></tr><tr class="passedodd"><td rowspan="1">amazon_Project1.Project1_Amazon.TestCase09_Addtocart_Project1</td><td><a href="#m11">addtocart</a></td><td rowspan="1">1738248211826</td><td rowspan="1">32428</td></tr><tr class="passedeven"><td rowspan="1">amazon_Project1.Project1_Amazon.TestCase10_AddandRemoveCart_Project1</td><td><a href="#m12">addandremove</a></td><td rowspan="1">1738248152592</td><td rowspan="1">40712</td></tr><tr class="passedodd"><td rowspan="1">amazon_Project1.Project1_Amazon.Testcase01_Registration</td><td><a href="#m13">registration</a></td><td rowspan="1">1738248199688</td><td rowspan="1">5557</td></tr><tr class="passedeven"><td rowspan="1">amazon_Project1.Project1_Amazon.Testcase05_SearchProduct_Project1</td><td><a href="#m14">searchproduct1</a></td><td rowspan="1">1738248320370</td><td rowspan="1">18045</td></tr><tr class="passedodd"><td rowspan="1">amazon_Project1.Project1_Amazon.Testcase06_VerifyFilter</td><td><a href="#m15">verifyFilter</a></td><td rowspan="1">1738248350852</td><td rowspan="1">25209</td></tr><tr class="passedeven"><td rowspan="1">amazon_Project1.Project1_Amazon.Testcase07_ProductDetailsPage_project1</td><td><a href="#m16">verifyProductDetails</a></td><td rowspan="1">1738248533908</td><td rowspan="1">32984</td></tr><tr class="passedodd"><td rowspan="1">amazon_Project1.Project1_Amazon.Testcase08_VerifySort_Project1</td><td><a href="#m17">verifySort</a></td><td rowspan="1">1738248388386</td><td rowspan="1">26014</td></tr><tr class="passedeven"><td rowspan="1">amazon_Project1.Project1_Amazon.Testcase12_Allpaymentmethod_Project1</td><td><a href="#m18">allpaymentmethod</a></td><td rowspan="1">1738248807382</td><td rowspan="1">54495</td></tr><tr class="passedodd"><td rowspan="1">amazon_Project1.Project1_Amazon.Testcase13_applycoupen</td><td><a href="#m19">applycoupen</a></td><td rowspan="1">1738248421567</td><td rowspan="1">41206</td></tr></tbody>
<tbody id="t1"><tr><th colspan="4">firefoxTest &#8212; failed</th></tr><tr class="failedeven"><td rowspan="1">amazon_Project1.Project1_Amazon.TestCase09_Addtocart_Project1</td><td><a href="#m20">addtocart</a></td><td rowspan="1">1738248377700</td><td rowspan="1">2727</td></tr><tr class="failedodd"><td rowspan="1">amazon_Project1.Project1_Amazon.Testcase01_Registration</td><td><a href="#m21">registration</a></td><td rowspan="1">1738248267968</td><td rowspan="1">46034</td></tr><tr class="failedeven"><td rowspan="1">amazon_Project1.Project1_Amazon.Testcase07_ProductDetailsPage_project1</td><td><a href="#m22">verifyProductDetails</a></td><td rowspan="1">1738248863085</td><td rowspan="1">17221</td></tr><tr class="failedodd"><td rowspan="1">amazon_Project1.Project1_Amazon.Testcase08_VerifySort_Project1</td><td><a href="#m23">verifySort</a></td><td rowspan="1">1738248639209</td><td rowspan="1">2548</td></tr><tr class="failedeven"><td rowspan="1">amazon_Project1.Project1_Amazon.Testcase11_Checkoutprocess_project1</td><td><a href="#m24">checkout</a></td><td rowspan="1">1738249098569</td><td rowspan="1">17764</td></tr><tr class="failedodd"><td rowspan="1">amazon_Project1.Project1_Amazon.Testcase12_Allpaymentmethod_Project1</td><td><a href="#m25">allpaymentmethod</a></td><td rowspan="1">1738249047271</td><td rowspan="1">16110</td></tr><tr class="failedeven"><td rowspan="1">amazon_Project1.Project1_Amazon.Testcase13_applycoupen</td><td><a href="#m26">applycoupen</a></td><td rowspan="1">1738248684083</td><td rowspan="1">14816</td></tr><tr class="failedodd"><td rowspan="1">amazon_Project1.Project1_Amazon.Testcase14_Starrating_placedorder</td><td><a href="#m27">applycoupen</a></td><td rowspan="1">1738248930373</td><td rowspan="1">19898</td></tr><tr><th colspan="4">firefoxTest &#8212; retried</th></tr><tr class="retriedeven"><td rowspan="1">amazon_Project1.Project1_Amazon.TestCase09_Addtocart_Project1</td><td><a href="#m28">addtocart</a></td><td rowspan="1">1738248337986</td><td rowspan="1">17295</td></tr><tr class="retriedodd"><td rowspan="1">amazon_Project1.Project1_Amazon.Testcase01_Registration</td><td><a href="#m29">registration</a></td><td rowspan="1">1738248204027</td><td rowspan="1">45872</td></tr><tr class="retriedeven"><td rowspan="1">amazon_Project1.Project1_Amazon.Testcase07_ProductDetailsPage_project1</td><td><a href="#m30">verifyProductDetails</a></td><td rowspan="1">1738248816352</td><td rowspan="1">23159</td></tr><tr class="retriedodd"><td rowspan="1">amazon_Project1.Project1_Amazon.Testcase08_VerifySort_Project1</td><td><a href="#m31">verifySort</a></td><td rowspan="1">1738248609953</td><td rowspan="1">4444</td></tr><tr class="retriedeven"><td rowspan="1">amazon_Project1.Project1_Amazon.Testcase11_Checkoutprocess_project1</td><td><a href="#m32">checkout</a></td><td rowspan="1">1738249080598</td><td rowspan="1">2646</td></tr><tr class="retriedodd"><td rowspan="1">amazon_Project1.Project1_Amazon.Testcase12_Allpaymentmethod_Project1</td><td><a href="#m33">allpaymentmethod</a></td><td rowspan="1">1738249008760</td><td rowspan="1">22887</td></tr><tr class="retriedeven"><td rowspan="1">amazon_Project1.Project1_Amazon.Testcase13_applycoupen</td><td><a href="#m34">applycoupen</a></td><td rowspan="1">1738248661191</td><td rowspan="1">2759</td></tr><tr class="retriedodd"><td rowspan="1">amazon_Project1.Project1_Amazon.Testcase14_Starrating_placedorder</td><td><a href="#m35">applycoupen</a></td><td rowspan="1">1738248903017</td><td rowspan="1">3904</td></tr><tr><th colspan="4">firefoxTest &#8212; passed</th></tr><tr class="passedeven"><td rowspan="2">amazon_Project1.Project1_Amazon.TestCase02_Loginwithcorrectcred</td><td><a href="#m36">loginwithcorrectcred</a></td><td rowspan="2">1738248735372</td><td rowspan="2">17325</td></tr><tr class="passedeven"><td><a href="#m37">loginwithcorrectcred</a></td></tr><tr class="passedodd"><td rowspan="1">amazon_Project1.Project1_Amazon.TestCase03_LoginwithIncorrect</td><td><a href="#m38">loginwithincorrectcred</a></td><td rowspan="1">1738248978058</td><td rowspan="1">9498</td></tr><tr class="passedeven"><td rowspan="1">amazon_Project1.Project1_Amazon.TestCase04_Editprofile</td><td><a href="#m39">editprofile</a></td><td rowspan="1">1738248429832</td><td rowspan="1">48413</td></tr><tr class="passedodd"><td rowspan="1">amazon_Project1.Project1_Amazon.TestCase10_AddandRemoveCart_Project1</td><td><a href="#m40">addandremove</a></td><td rowspan="1">1738248158782</td><td rowspan="1">28705</td></tr><tr class="passedeven"><td rowspan="1">amazon_Project1.Project1_Amazon.Testcase05_SearchProduct_Project1</td><td><a href="#m41">searchproduct1</a></td><td rowspan="1">1738248506093</td><td rowspan="1">18610</td></tr><tr class="passedodd"><td rowspan="1">amazon_Project1.Project1_Amazon.Testcase06_VerifyFilter</td><td><a href="#m42">verifyFilter</a></td><td rowspan="1">1738248550262</td><td rowspan="1">25239</td></tr><tr class="passedeven"><td rowspan="1">amazon_Project1.Project1_Amazon.Testcase15_Cartpage_Withoutlogin</td><td><a href="#m43">cartpage_withoutlogin</a></td><td rowspan="1">1738248396998</td><td rowspan="1">13454</td></tr></tbody>
</table>
<h2>ChromeTest</h2><h3 id="m0">amazon_Project1.Project1_Amazon.Testcase11_Checkoutprocess_project1#checkout</h3><table class="result"><tr><th>Messages</th></tr><tr><td><div class="messages">result is failed for test=null</div></td></tr><tr><th>Exception</th></tr><tr><td><div class="stacktrace">org.openqa.selenium.ElementNotInteractableException: element not interactable: element has zero size
  (Session info: chrome=132.0.6834.111)
Build info: version: &apos;4.27.0&apos;, revision: &apos;d6e718d134&apos;
System info: os.name: &apos;Windows 11&apos;, os.arch: &apos;amd64&apos;, os.version: &apos;10.0&apos;, java.version: &apos;23&apos;
Driver info: org.openqa.selenium.chrome.ChromeDriver
Command: [6486ded83e05ee63d03f23db10ffdd0d, clickElement {id=f.5B4A65D2448A98AB587A9DCE0944C521.d.B08ECC6D4AEE467948F5EABC88727F2D.e.162}]
Capabilities {acceptInsecureCerts: false, browserName: chrome, browserVersion: 132.0.6834.111, chrome: {chromedriverVersion: 132.0.6834.159 (2d77d3fc445..., userDataDir: C:\Users\amolb\AppData\Loca...}, fedcm:accounts: true, goog:chromeOptions: {debuggerAddress: localhost:61663}, networkConnectionEnabled: false, pageLoadStrategy: normal, platformName: windows, proxy: Proxy(), se:cdp: ws://localhost:61663/devtoo..., se:cdpVersion: 132.0.6834.111, setWindowRect: true, strictFileInteractability: false, timeouts: {implicit: 0, pageLoad: 300000, script: 30000}, unhandledPromptBehavior: dismiss and notify, webauthn:extension:credBlob: true, webauthn:extension:largeBlob: true, webauthn:extension:minPinLength: true, webauthn:extension:prf: true, webauthn:virtualAuthenticators: true}
Element: [[ChromeDriver: chrome on windows (6486ded83e05ee63d03f23db10ffdd0d)] -&gt; xpath: //span[.=&apos;Cash on Delivery/Pay on Delivery&apos;][1]]
Session ID: 6486ded83e05ee63d03f23db10ffdd0d
	at org.openqa.selenium.remote.ErrorCodec.decode(ErrorCodec.java:167)
	at org.openqa.selenium.remote.codec.w3c.W3CHttpResponseCodec.decode(W3CHttpResponseCodec.java:138)
	at org.openqa.selenium.remote.codec.w3c.W3CHttpResponseCodec.decode(W3CHttpResponseCodec.java:50)
	at org.openqa.selenium.remote.HttpCommandExecutor.execute(HttpCommandExecutor.java:190)
	at org.openqa.selenium.remote.service.DriverCommandExecutor.invokeExecute(DriverCommandExecutor.java:216)
	at org.openqa.selenium.remote.service.DriverCommandExecutor.execute(DriverCommandExecutor.java:174)
	at org.openqa.selenium.remote.RemoteWebDriver.execute(RemoteWebDriver.java:545)
	at org.openqa.selenium.remote.RemoteWebElement.execute(RemoteWebElement.java:223)
	at org.openqa.selenium.remote.RemoteWebElement.click(RemoteWebElement.java:76)
	at org.openqa.selenium.support.pagefactory.internal.LocatingElementHandler.invoke(LocatingElementHandler.java:51)
	at jdk.proxy2/jdk.proxy2.$Proxy17.click(Unknown Source)
	at amazon_Project1.Project1_Amazon.PaymentPage_project1.Cashondeliveryoption(PaymentPage_project1.java:76)
	at amazon_Project1.Project1_Amazon.Testcase11_Checkoutprocess_project1.checkout(Testcase11_Checkoutprocess_project1.java:23)
	at java.base/java.util.ArrayList.forEach(ArrayList.java:1597)
	at java.base/java.util.concurrent.FutureTask.run(FutureTask.java:317)
	at java.base/java.util.concurrent.ThreadPoolExecutor.runWorker(ThreadPoolExecutor.java:1144)
	at java.base/java.util.concurrent.ThreadPoolExecutor$Worker.run(ThreadPoolExecutor.java:642)
	at java.base/java.lang.Thread.run(Thread.java:1575)
... Removed 20 stack frames</div></td></tr></table><p class="totop"><a href="#summary">back to summary</a></p>
<h3 id="m1">amazon_Project1.Project1_Amazon.Testcase14_Starrating_placedorder#applycoupen</h3><table class="result"><tr><th>Messages</th></tr><tr><td><div class="messages">result is failed for test=null</div></td></tr><tr><th>Exception</th></tr><tr><td><div class="stacktrace">org.openqa.selenium.ElementNotInteractableException: element not interactable
  (Session info: chrome=132.0.6834.111)
Build info: version: &apos;4.27.0&apos;, revision: &apos;d6e718d134&apos;
System info: os.name: &apos;Windows 11&apos;, os.arch: &apos;amd64&apos;, os.version: &apos;10.0&apos;, java.version: &apos;23&apos;
Driver info: org.openqa.selenium.chrome.ChromeDriver
Command: [b9683f5266f39e4522096a37a13bccd2, clickElement {id=f.520E968CFED7BC061EA27F2C65B5AF12.d.211A7675A1B7FA382675517804CB8CA8.e.2148}]
Capabilities {acceptInsecureCerts: false, browserName: chrome, browserVersion: 132.0.6834.111, chrome: {chromedriverVersion: 132.0.6834.159 (2d77d3fc445..., userDataDir: C:\Users\amolb\AppData\Loca...}, fedcm:accounts: true, goog:chromeOptions: {debuggerAddress: localhost:57408}, networkConnectionEnabled: false, pageLoadStrategy: normal, platformName: windows, proxy: Proxy(), se:cdp: ws://localhost:57408/devtoo..., se:cdpVersion: 132.0.6834.111, setWindowRect: true, strictFileInteractability: false, timeouts: {implicit: 0, pageLoad: 300000, script: 30000}, unhandledPromptBehavior: dismiss and notify, webauthn:extension:credBlob: true, webauthn:extension:largeBlob: true, webauthn:extension:minPinLength: true, webauthn:extension:prf: true, webauthn:virtualAuthenticators: true}
Element: [[ChromeDriver: chrome on windows (b9683f5266f39e4522096a37a13bccd2)] -&gt; xpath: (//span[.=&apos;Sign in&apos;])[1]]
Session ID: b9683f5266f39e4522096a37a13bccd2
	at org.openqa.selenium.remote.ErrorCodec.decode(ErrorCodec.java:167)
	at org.openqa.selenium.remote.codec.w3c.W3CHttpResponseCodec.decode(W3CHttpResponseCodec.java:138)
	at org.openqa.selenium.remote.codec.w3c.W3CHttpResponseCodec.decode(W3CHttpResponseCodec.java:50)
	at org.openqa.selenium.remote.HttpCommandExecutor.execute(HttpCommandExecutor.java:190)
	at org.openqa.selenium.remote.service.DriverCommandExecutor.invokeExecute(DriverCommandExecutor.java:216)
	at org.openqa.selenium.remote.service.DriverCommandExecutor.execute(DriverCommandExecutor.java:174)
	at org.openqa.selenium.remote.RemoteWebDriver.execute(RemoteWebDriver.java:545)
	at org.openqa.selenium.remote.RemoteWebElement.execute(RemoteWebElement.java:223)
	at org.openqa.selenium.remote.RemoteWebElement.click(RemoteWebElement.java:76)
	at org.openqa.selenium.support.pagefactory.internal.LocatingElementHandler.invoke(LocatingElementHandler.java:51)
	at jdk.proxy2/jdk.proxy2.$Proxy17.click(Unknown Source)
	at amazon_Project1.Project1_Amazon.HomePage_Project1.signin_homepage(HomePage_Project1.java:36)
	at amazon_Project1.Project1_Amazon.Testcase14_Starrating_placedorder.applycoupen(Testcase14_Starrating_placedorder.java:12)
	at java.base/java.util.ArrayList.forEach(ArrayList.java:1597)
	at java.base/java.util.concurrent.FutureTask.run(FutureTask.java:317)
	at java.base/java.util.concurrent.ThreadPoolExecutor.runWorker(ThreadPoolExecutor.java:1144)
	at java.base/java.util.concurrent.ThreadPoolExecutor$Worker.run(ThreadPoolExecutor.java:642)
	at java.base/java.lang.Thread.run(Thread.java:1575)
... Removed 20 stack frames</div></td></tr></table><p class="totop"><a href="#summary">back to summary</a></p>
<h3 id="m2">amazon_Project1.Project1_Amazon.Testcase15_Cartpage_Withoutlogin#cartpage_withoutlogin</h3><table class="result"><tr><th>Messages</th></tr><tr><td><div class="messages">result is failed for test=null</div></td></tr><tr><th>Exception</th></tr><tr><td><div class="stacktrace">java.util.NoSuchElementException
	at java.base/java.util.LinkedHashMap$LinkedHashIterator.nextNode(LinkedHashMap.java:1026)
	at java.base/java.util.LinkedHashMap$LinkedKeyIterator.next(LinkedHashMap.java:1047)
	at amazon_Project1.Project1_Amazon.Product1page_Project1.product(Product1page_Project1.java:46)
	at amazon_Project1.Project1_Amazon.Testcase15_Cartpage_Withoutlogin.cartpage_withoutlogin(Testcase15_Cartpage_Withoutlogin.java:12)
	at java.base/java.util.ArrayList.forEach(ArrayList.java:1597)
	at java.base/java.util.concurrent.FutureTask.run(FutureTask.java:317)
	at java.base/java.util.concurrent.ThreadPoolExecutor.runWorker(ThreadPoolExecutor.java:1144)
	at java.base/java.util.concurrent.ThreadPoolExecutor$Worker.run(ThreadPoolExecutor.java:642)
	at java.base/java.lang.Thread.run(Thread.java:1575)
... Removed 15 stack frames</div></td></tr></table><p class="totop"><a href="#summary">back to summary</a></p>
<h3 id="m3">amazon_Project1.Project1_Amazon.Testcase11_Checkoutprocess_project1#checkout</h3><table class="result"><tr><th>Exception</th></tr><tr><td><div class="stacktrace">org.openqa.selenium.ElementNotInteractableException: element not interactable: element has zero size
  (Session info: chrome=132.0.6834.111)
Build info: version: &apos;4.27.0&apos;, revision: &apos;d6e718d134&apos;
System info: os.name: &apos;Windows 11&apos;, os.arch: &apos;amd64&apos;, os.version: &apos;10.0&apos;, java.version: &apos;23&apos;
Driver info: org.openqa.selenium.chrome.ChromeDriver
Command: [17c3a600fc517099abd842aae2d5e8fb, clickElement {id=f.9F66C4146FFD4A232914B1E3902A85C2.d.70D1CE9C6BE52583C68400688F85F465.e.19681}]
Capabilities {acceptInsecureCerts: false, browserName: chrome, browserVersion: 132.0.6834.111, chrome: {chromedriverVersion: 132.0.6834.159 (2d77d3fc445..., userDataDir: C:\Users\amolb\AppData\Loca...}, fedcm:accounts: true, goog:chromeOptions: {debuggerAddress: localhost:60488}, networkConnectionEnabled: false, pageLoadStrategy: normal, platformName: windows, proxy: Proxy(), se:cdp: ws://localhost:60488/devtoo..., se:cdpVersion: 132.0.6834.111, setWindowRect: true, strictFileInteractability: false, timeouts: {implicit: 0, pageLoad: 300000, script: 30000}, unhandledPromptBehavior: dismiss and notify, webauthn:extension:credBlob: true, webauthn:extension:largeBlob: true, webauthn:extension:minPinLength: true, webauthn:extension:prf: true, webauthn:virtualAuthenticators: true}
Element: [[ChromeDriver: chrome on windows (17c3a600fc517099abd842aae2d5e8fb)] -&gt; xpath: //span[.=&apos;Cash on Delivery/Pay on Delivery&apos;][1]]
Session ID: 17c3a600fc517099abd842aae2d5e8fb
	at org.openqa.selenium.remote.ErrorCodec.decode(ErrorCodec.java:167)
	at org.openqa.selenium.remote.codec.w3c.W3CHttpResponseCodec.decode(W3CHttpResponseCodec.java:138)
	at org.openqa.selenium.remote.codec.w3c.W3CHttpResponseCodec.decode(W3CHttpResponseCodec.java:50)
	at org.openqa.selenium.remote.HttpCommandExecutor.execute(HttpCommandExecutor.java:190)
	at org.openqa.selenium.remote.service.DriverCommandExecutor.invokeExecute(DriverCommandExecutor.java:216)
	at org.openqa.selenium.remote.service.DriverCommandExecutor.execute(DriverCommandExecutor.java:174)
	at org.openqa.selenium.remote.RemoteWebDriver.execute(RemoteWebDriver.java:545)
	at org.openqa.selenium.remote.RemoteWebElement.execute(RemoteWebElement.java:223)
	at org.openqa.selenium.remote.RemoteWebElement.click(RemoteWebElement.java:76)
	at org.openqa.selenium.support.pagefactory.internal.LocatingElementHandler.invoke(LocatingElementHandler.java:51)
	at jdk.proxy2/jdk.proxy2.$Proxy17.click(Unknown Source)
	at amazon_Project1.Project1_Amazon.PaymentPage_project1.Cashondeliveryoption(PaymentPage_project1.java:76)
	at amazon_Project1.Project1_Amazon.Testcase11_Checkoutprocess_project1.checkout(Testcase11_Checkoutprocess_project1.java:23)
	at java.base/java.util.ArrayList.forEach(ArrayList.java:1597)
	at java.base/java.util.concurrent.FutureTask.run(FutureTask.java:317)
	at java.base/java.util.concurrent.ThreadPoolExecutor.runWorker(ThreadPoolExecutor.java:1144)
	at java.base/java.util.concurrent.ThreadPoolExecutor$Worker.run(ThreadPoolExecutor.java:642)
	at java.base/java.lang.Thread.run(Thread.java:1575)
... Removed 20 stack frames</div></td></tr></table><p class="totop"><a href="#summary">back to summary</a></p>
<h3 id="m4">amazon_Project1.Project1_Amazon.Testcase12_Allpaymentmethod_Project1#allpaymentmethod</h3><table class="result"><tr><th>Exception</th></tr><tr><td><div class="stacktrace">org.openqa.selenium.json.JsonException: java.lang.reflect.InvocationTargetException
Build info: version: &apos;4.27.0&apos;, revision: &apos;d6e718d134&apos;
System info: os.name: &apos;Windows 11&apos;, os.arch: &apos;amd64&apos;, os.version: &apos;10.0&apos;, java.version: &apos;23&apos;
Driver info: org.openqa.selenium.chrome.ChromeDriver
Command: [6417177a5949f4f0f8182b48b315d3f5, actions {actions=[org.openqa.selenium.interactions.Sequence@124c86bb]}]
Capabilities {acceptInsecureCerts: false, browserName: chrome, browserVersion: 132.0.6834.111, chrome: {chromedriverVersion: 132.0.6834.159 (2d77d3fc445..., userDataDir: C:\Users\amolb\AppData\Loca...}, fedcm:accounts: true, goog:chromeOptions: {debuggerAddress: localhost:58899}, networkConnectionEnabled: false, pageLoadStrategy: normal, platformName: windows, proxy: Proxy(), se:cdp: ws://localhost:58899/devtoo..., se:cdpVersion: 132.0.6834.111, setWindowRect: true, strictFileInteractability: false, timeouts: {implicit: 0, pageLoad: 300000, script: 30000}, unhandledPromptBehavior: dismiss and notify, webauthn:extension:credBlob: true, webauthn:extension:largeBlob: true, webauthn:extension:minPinLength: true, webauthn:extension:prf: true, webauthn:virtualAuthenticators: true}
Session ID: 6417177a5949f4f0f8182b48b315d3f5
	at org.openqa.selenium.json.JsonOutput.convertUsingMethod(JsonOutput.java:520)
	at org.openqa.selenium.json.JsonOutput.lambda$new$16(JsonOutput.java:182)
	at org.openqa.selenium.json.JsonOutput.write0(JsonOutput.java:409)
	at org.openqa.selenium.json.JsonOutput.lambda$new$22(JsonOutput.java:204)
	at java.base/java.util.stream.ForEachOps$ForEachOp$OfRef.accept(ForEachOps.java:184)
	at java.base/java.util.stream.ReferencePipeline$2$1.accept(ReferencePipeline.java:197)
	at java.base/java.util.Iterator.forEachRemaining(Iterator.java:133)
	at java.base/java.util.Spliterators$IteratorSpliterator.forEachRemaining(Spliterators.java:1939)
	at java.base/java.util.stream.AbstractPipeline.copyInto(AbstractPipeline.java:570)
	at java.base/java.util.stream.AbstractPipeline.wrapAndCopyInto(AbstractPipeline.java:560)
	at java.base/java.util.stream.ForEachOps$ForEachOp.evaluateSequential(ForEachOps.java:151)
	at java.base/java.util.stream.ForEachOps$ForEachOp$OfRef.evaluateSequential(ForEachOps.java:174)
	at java.base/java.util.stream.AbstractPipeline.evaluate(AbstractPipeline.java:265)
	at java.base/java.util.stream.ReferencePipeline.forEach(ReferencePipeline.java:636)
	at org.openqa.selenium.json.JsonOutput.lambda$new$23(JsonOutput.java:204)
	at org.openqa.selenium.json.JsonOutput.write0(JsonOutput.java:409)
	at org.openqa.selenium.json.JsonOutput.lambda$new$24(JsonOutput.java:222)
	at java.base/java.util.Map.forEach(Map.java:733)
	at org.openqa.selenium.json.JsonOutput.lambda$new$25(JsonOutput.java:217)
	at org.openqa.selenium.json.JsonOutput.write0(JsonOutput.java:409)
	at org.openqa.selenium.json.JsonOutput.write(JsonOutput.java:400)
	at org.openqa.selenium.json.Json.toJson(Json.java:133)
	at org.openqa.selenium.json.Json.toJson(Json.java:119)
	at org.openqa.selenium.remote.codec.AbstractHttpCommandCodec.encode(AbstractHttpCommandCodec.java:245)
	at org.openqa.selenium.remote.codec.AbstractHttpCommandCodec.encode(AbstractHttpCommandCodec.java:111)
	at org.openqa.selenium.remote.HttpCommandExecutor.execute(HttpCommandExecutor.java:178)
	at org.openqa.selenium.remote.service.DriverCommandExecutor.invokeExecute(DriverCommandExecutor.java:216)
	at org.openqa.selenium.remote.service.DriverCommandExecutor.execute(DriverCommandExecutor.java:174)
	at org.openqa.selenium.remote.RemoteWebDriver.execute(RemoteWebDriver.java:545)
	at org.openqa.selenium.remote.RemoteWebDriver.perform(RemoteWebDriver.java:631)
	at org.openqa.selenium.interactions.Actions$BuiltAction.perform(Actions.java:613)
	at org.openqa.selenium.interactions.Actions.perform(Actions.java:578)
	at amazon_Project1.Project1_Amazon.HomePage_Project1.Account_list_homepage(HomePage_Project1.java:31)
	at amazon_Project1.Project1_Amazon.Testcase12_Allpaymentmethod_Project1.allpaymentmethod(Testcase12_Allpaymentmethod_Project1.java:12)
	at java.base/java.util.ArrayList.forEach(ArrayList.java:1597)
	at java.base/java.util.concurrent.FutureTask.run(FutureTask.java:317)
	at java.base/java.util.concurrent.ThreadPoolExecutor.runWorker(ThreadPoolExecutor.java:1144)
	at java.base/java.util.concurrent.ThreadPoolExecutor$Worker.run(ThreadPoolExecutor.java:642)
	at java.base/java.lang.Thread.run(Thread.java:1575)
	Suppressed: org.openqa.selenium.json.JsonException: Attempting to close incomplete json stream
Build info: version: &apos;4.27.0&apos;, revision: &apos;d6e718d134&apos;
System info: os.name: &apos;Windows 11&apos;, os.arch: &apos;amd64&apos;, os.version: &apos;10.0&apos;, java.version: &apos;23&apos;
Driver info: driver.version: RemoteWebDriver
		at org.openqa.selenium.json.JsonOutput.close(JsonOutput.java:431)
		at org.openqa.selenium.json.Json.toJson(Json.java:131)
		... 32 more
	at org.openqa.selenium.json.JsonOutput.convertUsingMethod(JsonOutput.java:516)
	... 53 more
Caused by: org.openqa.selenium.NoSuchElementException: no such element: Unable to locate element: {&quot;method&quot;:&quot;xpath&quot;,&quot;selector&quot;:&quot;//*[@id=&apos;nav-link-accountList&apos;]&quot;}
  (Session info: chrome=132.0.6834.111)
For documentation on this error, please visit: https://www.selenium.dev/documentation/webdriver/troubleshooting/errors#no-such-element-exception
Build info: version: &apos;4.27.0&apos;, revision: &apos;d6e718d134&apos;
System info: os.name: &apos;Windows 11&apos;, os.arch: &apos;amd64&apos;, os.version: &apos;10.0&apos;, java.version: &apos;23&apos;
Driver info: org.openqa.selenium.chrome.ChromeDriver
Command: [6417177a5949f4f0f8182b48b315d3f5, findElement {using=xpath, value=//*[@id=&apos;nav-link-accountList&apos;]}]
Capabilities {acceptInsecureCerts: false, browserName: chrome, browserVersion: 132.0.6834.111, chrome: {chromedriverVersion: 132.0.6834.159 (2d77d3fc445..., userDataDir: C:\Users\amolb\AppData\Loca...}, fedcm:accounts: true, goog:chromeOptions: {debuggerAddress: localhost:58899}, networkConnectionEnabled: false, pageLoadStrategy: normal, platformName: windows, proxy: Proxy(), se:cdp: ws://localhost:58899/devtoo..., se:cdpVersion: 132.0.6834.111, setWindowRect: true, strictFileInteractability: false, timeouts: {implicit: 0, pageLoad: 300000, script: 30000}, unhandledPromptBehavior: dismiss and notify, webauthn:extension:credBlob: true, webauthn:extension:largeBlob: true, webauthn:extension:minPinLength: true, webauthn:extension:prf: true, webauthn:virtualAuthenticators: true}
Session ID: 6417177a5949f4f0f8182b48b315d3f5
	at org.openqa.selenium.remote.ErrorCodec.decode(ErrorCodec.java:167)
	at org.openqa.selenium.remote.codec.w3c.W3CHttpResponseCodec.decode(W3CHttpResponseCodec.java:138)
	at org.openqa.selenium.remote.codec.w3c.W3CHttpResponseCodec.decode(W3CHttpResponseCodec.java:50)
	at org.openqa.selenium.remote.HttpCommandExecutor.execute(HttpCommandExecutor.java:190)
	at org.openqa.selenium.remote.service.DriverCommandExecutor.invokeExecute(DriverCommandExecutor.java:216)
	at org.openqa.selenium.remote.service.DriverCommandExecutor.execute(DriverCommandExecutor.java:174)
	at org.openqa.selenium.remote.RemoteWebDriver.execute(RemoteWebDriver.java:545)
	at org.openqa.selenium.remote.ElementLocation$ElementFinder$2.findElement(ElementLocation.java:165)
	at org.openqa.selenium.remote.ElementLocation.findElement(ElementLocation.java:59)
	at org.openqa.selenium.remote.RemoteWebDriver.findElement(RemoteWebDriver.java:368)
	at org.openqa.selenium.remote.RemoteWebDriver.findElement(RemoteWebDriver.java:362)
	at org.openqa.selenium.support.pagefactory.DefaultElementLocator.findElement(DefaultElementLocator.java:68)
	at org.openqa.selenium.support.pagefactory.internal.LocatingElementHandler.invoke(LocatingElementHandler.java:38)
	at jdk.proxy2/jdk.proxy2.$Proxy17.getWrappedElement(Unknown Source)
	at org.openqa.selenium.interactions.PointerInput$Origin.asArg(PointerInput.java:259)
	at org.openqa.selenium.interactions.PointerInput$Move.encode(PointerInput.java:208)
	at org.openqa.selenium.interactions.Sequence.encode(Sequence.java:72)
	at org.openqa.selenium.interactions.Sequence.toJson(Sequence.java:81)
	... 55 more
... Removed 22 stack frames</div></td></tr></table><p class="totop"><a href="#summary">back to summary</a></p>
<h3 id="m5">amazon_Project1.Project1_Amazon.Testcase14_Starrating_placedorder#applycoupen</h3><table class="result"><tr><th>Exception</th></tr><tr><td><div class="stacktrace">org.openqa.selenium.ElementNotInteractableException: element not interactable: element has zero size
  (Session info: chrome=132.0.6834.111)
Build info: version: &apos;4.27.0&apos;, revision: &apos;d6e718d134&apos;
System info: os.name: &apos;Windows 11&apos;, os.arch: &apos;amd64&apos;, os.version: &apos;10.0&apos;, java.version: &apos;23&apos;
Driver info: org.openqa.selenium.chrome.ChromeDriver
Command: [a4bee967c750ecf9088db3fcf9b66c59, clickElement {id=f.F770D595C3D291C00227DA19EE603824.d.CC814C05110206A7C84AD4A8E7EA9E58.e.18721}]
Capabilities {acceptInsecureCerts: false, browserName: chrome, browserVersion: 132.0.6834.111, chrome: {chromedriverVersion: 132.0.6834.159 (2d77d3fc445..., userDataDir: C:\Users\amolb\AppData\Loca...}, fedcm:accounts: true, goog:chromeOptions: {debuggerAddress: localhost:55911}, networkConnectionEnabled: false, pageLoadStrategy: normal, platformName: windows, proxy: Proxy(), se:cdp: ws://localhost:55911/devtoo..., se:cdpVersion: 132.0.6834.111, setWindowRect: true, strictFileInteractability: false, timeouts: {implicit: 0, pageLoad: 300000, script: 30000}, unhandledPromptBehavior: dismiss and notify, webauthn:extension:credBlob: true, webauthn:extension:largeBlob: true, webauthn:extension:minPinLength: true, webauthn:extension:prf: true, webauthn:virtualAuthenticators: true}
Element: [[ChromeDriver: chrome on windows (a4bee967c750ecf9088db3fcf9b66c59)] -&gt; xpath: //span[.=&apos;Cash on Delivery/Pay on Delivery&apos;][1]]
Session ID: a4bee967c750ecf9088db3fcf9b66c59
	at org.openqa.selenium.remote.ErrorCodec.decode(ErrorCodec.java:167)
	at org.openqa.selenium.remote.codec.w3c.W3CHttpResponseCodec.decode(W3CHttpResponseCodec.java:138)
	at org.openqa.selenium.remote.codec.w3c.W3CHttpResponseCodec.decode(W3CHttpResponseCodec.java:50)
	at org.openqa.selenium.remote.HttpCommandExecutor.execute(HttpCommandExecutor.java:190)
	at org.openqa.selenium.remote.service.DriverCommandExecutor.invokeExecute(DriverCommandExecutor.java:216)
	at org.openqa.selenium.remote.service.DriverCommandExecutor.execute(DriverCommandExecutor.java:174)
	at org.openqa.selenium.remote.RemoteWebDriver.execute(RemoteWebDriver.java:545)
	at org.openqa.selenium.remote.RemoteWebElement.execute(RemoteWebElement.java:223)
	at org.openqa.selenium.remote.RemoteWebElement.click(RemoteWebElement.java:76)
	at org.openqa.selenium.support.pagefactory.internal.LocatingElementHandler.invoke(LocatingElementHandler.java:51)
	at jdk.proxy2/jdk.proxy2.$Proxy17.click(Unknown Source)
	at amazon_Project1.Project1_Amazon.PaymentPage_project1.Cashondeliveryoption(PaymentPage_project1.java:76)
	at amazon_Project1.Project1_Amazon.Testcase14_Starrating_placedorder.applycoupen(Testcase14_Starrating_placedorder.java:24)
	at java.base/java.util.ArrayList.forEach(ArrayList.java:1597)
	at java.base/java.util.concurrent.FutureTask.run(FutureTask.java:317)
	at java.base/java.util.concurrent.ThreadPoolExecutor.runWorker(ThreadPoolExecutor.java:1144)
	at java.base/java.util.concurrent.ThreadPoolExecutor$Worker.run(ThreadPoolExecutor.java:642)
	at java.base/java.lang.Thread.run(Thread.java:1575)
... Removed 20 stack frames</div></td></tr></table><p class="totop"><a href="#summary">back to summary</a></p>
<h3 id="m6">amazon_Project1.Project1_Amazon.Testcase15_Cartpage_Withoutlogin#cartpage_withoutlogin</h3><table class="result"><tr><th>Exception</th></tr><tr><td><div class="stacktrace">java.util.NoSuchElementException
	at java.base/java.util.LinkedHashMap$LinkedHashIterator.nextNode(LinkedHashMap.java:1026)
	at java.base/java.util.LinkedHashMap$LinkedKeyIterator.next(LinkedHashMap.java:1047)
	at amazon_Project1.Project1_Amazon.Product1page_Project1.product(Product1page_Project1.java:46)
	at amazon_Project1.Project1_Amazon.Testcase15_Cartpage_Withoutlogin.cartpage_withoutlogin(Testcase15_Cartpage_Withoutlogin.java:12)
	at java.base/java.util.ArrayList.forEach(ArrayList.java:1597)
	at java.base/java.util.concurrent.FutureTask.run(FutureTask.java:317)
	at java.base/java.util.concurrent.ThreadPoolExecutor.runWorker(ThreadPoolExecutor.java:1144)
	at java.base/java.util.concurrent.ThreadPoolExecutor$Worker.run(ThreadPoolExecutor.java:642)
	at java.base/java.lang.Thread.run(Thread.java:1575)
... Removed 15 stack frames</div></td></tr></table><p class="totop"><a href="#summary">back to summary</a></p>
<h3 id="m7">amazon_Project1.Project1_Amazon.TestCase02_Loginwithcorrectcred#loginwithcorrectcred</h3><table class="result"><tr class="param"><th>Parameter #1</th><th>Parameter #2</th></tr><tr class="param stripe"><td>shital.bhosale@hotmail.com</td><td>Test@12345</td></tr><tr><th colspan="2">Messages</th></tr><tr><td colspan="2"><div class="messages">result is passed for test=loginwithcorrectcred</div></td></tr></table><p class="totop"><a href="#summary">back to summary</a></p>
<h3 id="m8">amazon_Project1.Project1_Amazon.TestCase02_Loginwithcorrectcred#loginwithcorrectcred</h3><table class="result"><tr class="param"><th>Parameter #1</th><th>Parameter #2</th></tr><tr class="param stripe"><td>9604232794
</td><td>Komal@2025</td></tr><tr><th colspan="2">Messages</th></tr><tr><td colspan="2"><div class="messages">result is passed for test=loginwithcorrectcred</div></td></tr></table><p class="totop"><a href="#summary">back to summary</a></p>
<h3 id="m9">amazon_Project1.Project1_Amazon.TestCase03_LoginwithIncorrect#loginwithincorrectcred</h3><table class="result"><tr><th>Messages</th></tr><tr><td><div class="messages">result is passed for test=loginwithincorrectcred</div></td></tr></table><p class="totop"><a href="#summary">back to summary</a></p>
<h3 id="m10">amazon_Project1.Project1_Amazon.TestCase04_Editprofile#editprofile</h3><table class="result"><tr><th>Messages</th></tr><tr><td><div class="messages">result is passed for test=editprofile</div></td></tr></table><p class="totop"><a href="#summary">back to summary</a></p>
<h3 id="m11">amazon_Project1.Project1_Amazon.TestCase09_Addtocart_Project1#addtocart</h3><table class="result"><tr><th>Messages</th></tr><tr><td><div class="messages">result is passed for test=addtocart</div></td></tr></table><p class="totop"><a href="#summary">back to summary</a></p>
<h3 id="m12">amazon_Project1.Project1_Amazon.TestCase10_AddandRemoveCart_Project1#addandremove</h3><table class="result"><tr><th>Messages</th></tr><tr><td><div class="messages">result is passed for test=addandremove</div></td></tr></table><p class="totop"><a href="#summary">back to summary</a></p>
<h3 id="m13">amazon_Project1.Project1_Amazon.Testcase01_Registration#registration</h3><table class="result"><tr><th>Messages</th></tr><tr><td><div class="messages">result is passed for test=registration</div></td></tr></table><p class="totop"><a href="#summary">back to summary</a></p>
<h3 id="m14">amazon_Project1.Project1_Amazon.Testcase05_SearchProduct_Project1#searchproduct1</h3><table class="result"><tr><th>Messages</th></tr><tr><td><div class="messages">result is passed for test=searchproduct1</div></td></tr></table><p class="totop"><a href="#summary">back to summary</a></p>
<h3 id="m15">amazon_Project1.Project1_Amazon.Testcase06_VerifyFilter#verifyFilter</h3><table class="result"><tr><th>Messages</th></tr><tr><td><div class="messages">result is passed for test=verifyFilter</div></td></tr></table><p class="totop"><a href="#summary">back to summary</a></p>
<h3 id="m16">amazon_Project1.Project1_Amazon.Testcase07_ProductDetailsPage_project1#verifyProductDetails</h3><table class="result"><tr><th>Messages</th></tr><tr><td><div class="messages">result is passed for test=verifyProductDetails</div></td></tr></table><p class="totop"><a href="#summary">back to summary</a></p>
<h3 id="m17">amazon_Project1.Project1_Amazon.Testcase08_VerifySort_Project1#verifySort</h3><table class="result"><tr><th>Messages</th></tr><tr><td><div class="messages">result is passed for test=verifySort</div></td></tr></table><p class="totop"><a href="#summary">back to summary</a></p>
<h3 id="m18">amazon_Project1.Project1_Amazon.Testcase12_Allpaymentmethod_Project1#allpaymentmethod</h3><table class="result"><tr><th>Messages</th></tr><tr><td><div class="messages">result is passed for test=allpaymentmethod</div></td></tr></table><p class="totop"><a href="#summary">back to summary</a></p>
<h3 id="m19">amazon_Project1.Project1_Amazon.Testcase13_applycoupen#applycoupen</h3><table class="result"><tr><th>Messages</th></tr><tr><td><div class="messages">result is passed for test=applycoupen</div></td></tr></table><p class="totop"><a href="#summary">back to summary</a></p>
<h2>firefoxTest</h2><h3 id="m20">amazon_Project1.Project1_Amazon.TestCase09_Addtocart_Project1#addtocart</h3><table class="result"><tr><th>Messages</th></tr><tr><td><div class="messages">result is failed for test=null</div></td></tr><tr><th>Exception</th></tr><tr><td><div class="stacktrace">org.openqa.selenium.ElementNotInteractableException: Element &lt;span class=&quot;nav-action-inner&quot;&gt; could not be scrolled into view
Build info: version: &apos;4.27.0&apos;, revision: &apos;d6e718d134&apos;
System info: os.name: &apos;Windows 11&apos;, os.arch: &apos;amd64&apos;, os.version: &apos;10.0&apos;, java.version: &apos;23&apos;
Driver info: org.openqa.selenium.firefox.FirefoxDriver
Command: [ac33e40e-31b5-406f-8dd1-053682ba33cb, clickElement {id=a15215ee-a222-44e8-ab92-e7312ba077b4}]
Capabilities {acceptInsecureCerts: true, browserName: firefox, browserVersion: 134.0.2, moz:accessibilityChecks: false, moz:buildID: 20250120135430, moz:debuggerAddress: 127.0.0.1:1964, moz:geckodriverVersion: 0.35.0, moz:headless: false, moz:platformVersion: 10.0, moz:processID: 18208, moz:profile: C:\Users\amolb\AppData\Loca..., moz:shutdownTimeout: 60000, moz:webdriverClick: true, moz:windowless: false, pageLoadStrategy: normal, platformName: windows, proxy: Proxy(), se:cdp: ws://127.0.0.1:1964/devtool..., se:cdpVersion: 85.0, setWindowRect: true, strictFileInteractability: false, timeouts: {implicit: 0, pageLoad: 300000, script: 30000}, unhandledPromptBehavior: dismiss and notify, userAgent: Mozilla/5.0 (Windows NT 10....}
Element: [[FirefoxDriver: firefox on windows (ac33e40e-31b5-406f-8dd1-053682ba33cb)] -&gt; xpath: (//span[.=&apos;Sign in&apos;])[1]]
Session ID: ac33e40e-31b5-406f-8dd1-053682ba33cb
	at org.openqa.selenium.remote.ErrorCodec.decode(ErrorCodec.java:167)
	at org.openqa.selenium.remote.codec.w3c.W3CHttpResponseCodec.decode(W3CHttpResponseCodec.java:138)
	at org.openqa.selenium.remote.codec.w3c.W3CHttpResponseCodec.decode(W3CHttpResponseCodec.java:50)
	at org.openqa.selenium.remote.HttpCommandExecutor.execute(HttpCommandExecutor.java:190)
	at org.openqa.selenium.remote.service.DriverCommandExecutor.invokeExecute(DriverCommandExecutor.java:216)
	at org.openqa.selenium.remote.service.DriverCommandExecutor.execute(DriverCommandExecutor.java:174)
	at org.openqa.selenium.remote.RemoteWebDriver.execute(RemoteWebDriver.java:545)
	at org.openqa.selenium.remote.RemoteWebElement.execute(RemoteWebElement.java:223)
	at org.openqa.selenium.remote.RemoteWebElement.click(RemoteWebElement.java:76)
	at org.openqa.selenium.support.pagefactory.internal.LocatingElementHandler.invoke(LocatingElementHandler.java:51)
	at jdk.proxy2/jdk.proxy2.$Proxy17.click(Unknown Source)
	at amazon_Project1.Project1_Amazon.HomePage_Project1.signin_homepage(HomePage_Project1.java:36)
	at amazon_Project1.Project1_Amazon.TestCase09_Addtocart_Project1.addtocart(TestCase09_Addtocart_Project1.java:12)
	at java.base/java.util.ArrayList.forEach(ArrayList.java:1597)
	at java.base/java.util.concurrent.FutureTask.run(FutureTask.java:317)
	at java.base/java.util.concurrent.ThreadPoolExecutor.runWorker(ThreadPoolExecutor.java:1144)
	at java.base/java.util.concurrent.ThreadPoolExecutor$Worker.run(ThreadPoolExecutor.java:642)
	at java.base/java.lang.Thread.run(Thread.java:1575)
... Removed 20 stack frames</div></td></tr></table><p class="totop"><a href="#summary">back to summary</a></p>
<h3 id="m21">amazon_Project1.Project1_Amazon.Testcase01_Registration#registration</h3><table class="result"><tr><th>Messages</th></tr><tr><td><div class="messages">result is failed for test=null</div></td></tr><tr><th>Exception</th></tr><tr><td><div class="stacktrace">java.lang.NullPointerException: Cannot invoke &quot;org.openqa.selenium.WebDriver.getClass()&quot; because &quot;exceptionDriver&quot; is null
	at org.openqa.selenium.support.ui.WebDriverWait.timeoutException(WebDriverWait.java:85)
	at org.openqa.selenium.support.ui.FluentWait.until(FluentWait.java:228)
	at amazon_Project1.Project1_Amazon.RegistrationPage_Project1.starthere_Register(RegistrationPage_Project1.java:35)
	at amazon_Project1.Project1_Amazon.Testcase01_Registration.registration(Testcase01_Registration.java:9)
	at java.base/java.util.ArrayList.forEach(ArrayList.java:1597)
	at java.base/java.util.concurrent.FutureTask.run(FutureTask.java:317)
	at java.base/java.util.concurrent.ThreadPoolExecutor.runWorker(ThreadPoolExecutor.java:1144)
	at java.base/java.util.concurrent.ThreadPoolExecutor$Worker.run(ThreadPoolExecutor.java:642)
	at java.base/java.lang.Thread.run(Thread.java:1575)
... Removed 15 stack frames</div></td></tr></table><p class="totop"><a href="#summary">back to summary</a></p>
<h3 id="m22">amazon_Project1.Project1_Amazon.Testcase07_ProductDetailsPage_project1#verifyProductDetails</h3><table class="result"><tr><th>Messages</th></tr><tr><td><div class="messages">result is failed for test=null</div></td></tr><tr><th>Exception</th></tr><tr><td><div class="stacktrace">java.util.NoSuchElementException
	at java.base/java.util.LinkedHashMap$LinkedHashIterator.nextNode(LinkedHashMap.java:1026)
	at java.base/java.util.LinkedHashMap$LinkedKeyIterator.next(LinkedHashMap.java:1047)
	at amazon_Project1.Project1_Amazon.Product1page_Project1.product(Product1page_Project1.java:46)
	at amazon_Project1.Project1_Amazon.Testcase07_ProductDetailsPage_project1.verifyProductDetails(Testcase07_ProductDetailsPage_project1.java:22)
	at java.base/java.util.ArrayList.forEach(ArrayList.java:1597)
	at java.base/java.util.concurrent.FutureTask.run(FutureTask.java:317)
	at java.base/java.util.concurrent.ThreadPoolExecutor.runWorker(ThreadPoolExecutor.java:1144)
	at java.base/java.util.concurrent.ThreadPoolExecutor$Worker.run(ThreadPoolExecutor.java:642)
	at java.base/java.lang.Thread.run(Thread.java:1575)
... Removed 15 stack frames</div></td></tr></table><p class="totop"><a href="#summary">back to summary</a></p>
<h3 id="m23">amazon_Project1.Project1_Amazon.Testcase08_VerifySort_Project1#verifySort</h3><table class="result"><tr><th>Messages</th></tr><tr><td><div class="messages">result is failed for test=null</div></td></tr><tr><th>Exception</th></tr><tr><td><div class="stacktrace">org.openqa.selenium.ElementNotInteractableException: Element &lt;span class=&quot;nav-action-inner&quot;&gt; could not be scrolled into view
Build info: version: &apos;4.27.0&apos;, revision: &apos;d6e718d134&apos;
System info: os.name: &apos;Windows 11&apos;, os.arch: &apos;amd64&apos;, os.version: &apos;10.0&apos;, java.version: &apos;23&apos;
Driver info: org.openqa.selenium.firefox.FirefoxDriver
Command: [b9690770-581d-479b-990c-e39bdb7f7013, clickElement {id=45c77f11-f957-40e6-bcf9-3e5ebc67cc5e}]
Capabilities {acceptInsecureCerts: true, browserName: firefox, browserVersion: 134.0.2, moz:accessibilityChecks: false, moz:buildID: 20250120135430, moz:debuggerAddress: 127.0.0.1:31612, moz:geckodriverVersion: 0.35.0, moz:headless: false, moz:platformVersion: 10.0, moz:processID: 18068, moz:profile: C:\Users\amolb\AppData\Loca..., moz:shutdownTimeout: 60000, moz:webdriverClick: true, moz:windowless: false, pageLoadStrategy: normal, platformName: windows, proxy: Proxy(), se:cdp: ws://127.0.0.1:31612/devtoo..., se:cdpVersion: 85.0, setWindowRect: true, strictFileInteractability: false, timeouts: {implicit: 0, pageLoad: 300000, script: 30000}, unhandledPromptBehavior: dismiss and notify, userAgent: Mozilla/5.0 (Windows NT 10....}
Element: [[FirefoxDriver: firefox on windows (b9690770-581d-479b-990c-e39bdb7f7013)] -&gt; xpath: (//span[.=&apos;Sign in&apos;])[1]]
Session ID: b9690770-581d-479b-990c-e39bdb7f7013
	at org.openqa.selenium.remote.ErrorCodec.decode(ErrorCodec.java:167)
	at org.openqa.selenium.remote.codec.w3c.W3CHttpResponseCodec.decode(W3CHttpResponseCodec.java:138)
	at org.openqa.selenium.remote.codec.w3c.W3CHttpResponseCodec.decode(W3CHttpResponseCodec.java:50)
	at org.openqa.selenium.remote.HttpCommandExecutor.execute(HttpCommandExecutor.java:190)
	at org.openqa.selenium.remote.service.DriverCommandExecutor.invokeExecute(DriverCommandExecutor.java:216)
	at org.openqa.selenium.remote.service.DriverCommandExecutor.execute(DriverCommandExecutor.java:174)
	at org.openqa.selenium.remote.RemoteWebDriver.execute(RemoteWebDriver.java:545)
	at org.openqa.selenium.remote.RemoteWebElement.execute(RemoteWebElement.java:223)
	at org.openqa.selenium.remote.RemoteWebElement.click(RemoteWebElement.java:76)
	at org.openqa.selenium.support.pagefactory.internal.LocatingElementHandler.invoke(LocatingElementHandler.java:51)
	at jdk.proxy2/jdk.proxy2.$Proxy17.click(Unknown Source)
	at amazon_Project1.Project1_Amazon.HomePage_Project1.signin_homepage(HomePage_Project1.java:36)
	at amazon_Project1.Project1_Amazon.Testcase08_VerifySort_Project1.verifySort(Testcase08_VerifySort_Project1.java:12)
	at java.base/java.util.ArrayList.forEach(ArrayList.java:1597)
	at java.base/java.util.concurrent.FutureTask.run(FutureTask.java:317)
	at java.base/java.util.concurrent.ThreadPoolExecutor.runWorker(ThreadPoolExecutor.java:1144)
	at java.base/java.util.concurrent.ThreadPoolExecutor$Worker.run(ThreadPoolExecutor.java:642)
	at java.base/java.lang.Thread.run(Thread.java:1575)
... Removed 20 stack frames</div></td></tr></table><p class="totop"><a href="#summary">back to summary</a></p>
<h3 id="m24">amazon_Project1.Project1_Amazon.Testcase11_Checkoutprocess_project1#checkout</h3><table class="result"><tr><th>Messages</th></tr><tr><td><div class="messages">result is failed for test=null</div></td></tr><tr><th>Exception</th></tr><tr><td><div class="stacktrace">java.util.NoSuchElementException
	at java.base/java.util.LinkedHashMap$LinkedHashIterator.nextNode(LinkedHashMap.java:1026)
	at java.base/java.util.LinkedHashMap$LinkedKeyIterator.next(LinkedHashMap.java:1047)
	at amazon_Project1.Project1_Amazon.Product1page_Project1.product(Product1page_Project1.java:46)
	at amazon_Project1.Project1_Amazon.Testcase11_Checkoutprocess_project1.checkout(Testcase11_Checkoutprocess_project1.java:19)
	at java.base/java.util.ArrayList.forEach(ArrayList.java:1597)
	at java.base/java.util.concurrent.FutureTask.run(FutureTask.java:317)
	at java.base/java.util.concurrent.ThreadPoolExecutor.runWorker(ThreadPoolExecutor.java:1144)
	at java.base/java.util.concurrent.ThreadPoolExecutor$Worker.run(ThreadPoolExecutor.java:642)
	at java.base/java.lang.Thread.run(Thread.java:1575)
... Removed 15 stack frames</div></td></tr></table><p class="totop"><a href="#summary">back to summary</a></p>
<h3 id="m25">amazon_Project1.Project1_Amazon.Testcase12_Allpaymentmethod_Project1#allpaymentmethod</h3><table class="result"><tr><th>Messages</th></tr><tr><td><div class="messages">result is failed for test=null</div></td></tr><tr><th>Exception</th></tr><tr><td><div class="stacktrace">java.util.NoSuchElementException
	at java.base/java.util.LinkedHashMap$LinkedHashIterator.nextNode(LinkedHashMap.java:1026)
	at java.base/java.util.LinkedHashMap$LinkedKeyIterator.next(LinkedHashMap.java:1047)
	at amazon_Project1.Project1_Amazon.Product1page_Project1.product(Product1page_Project1.java:46)
	at amazon_Project1.Project1_Amazon.Testcase12_Allpaymentmethod_Project1.allpaymentmethod(Testcase12_Allpaymentmethod_Project1.java:20)
	at java.base/java.util.ArrayList.forEach(ArrayList.java:1597)
	at java.base/java.util.concurrent.FutureTask.run(FutureTask.java:317)
	at java.base/java.util.concurrent.ThreadPoolExecutor.runWorker(ThreadPoolExecutor.java:1144)
	at java.base/java.util.concurrent.ThreadPoolExecutor$Worker.run(ThreadPoolExecutor.java:642)
	at java.base/java.lang.Thread.run(Thread.java:1575)
... Removed 15 stack frames</div></td></tr></table><p class="totop"><a href="#summary">back to summary</a></p>
<h3 id="m26">amazon_Project1.Project1_Amazon.Testcase13_applycoupen#applycoupen</h3><table class="result"><tr><th>Messages</th></tr><tr><td><div class="messages">result is failed for test=null</div></td></tr><tr><th>Exception</th></tr><tr><td><div class="stacktrace">java.util.NoSuchElementException
	at java.base/java.util.LinkedHashMap$LinkedHashIterator.nextNode(LinkedHashMap.java:1026)
	at java.base/java.util.LinkedHashMap$LinkedKeyIterator.next(LinkedHashMap.java:1047)
	at amazon_Project1.Project1_Amazon.Product1page_Project1.product(Product1page_Project1.java:46)
	at amazon_Project1.Project1_Amazon.Testcase13_applycoupen.applycoupen(Testcase13_applycoupen.java:19)
	at java.base/java.util.ArrayList.forEach(ArrayList.java:1597)
	at java.base/java.util.concurrent.FutureTask.run(FutureTask.java:317)
	at java.base/java.util.concurrent.ThreadPoolExecutor.runWorker(ThreadPoolExecutor.java:1144)
	at java.base/java.util.concurrent.ThreadPoolExecutor$Worker.run(ThreadPoolExecutor.java:642)
	at java.base/java.lang.Thread.run(Thread.java:1575)
... Removed 15 stack frames</div></td></tr></table><p class="totop"><a href="#summary">back to summary</a></p>
<h3 id="m27">amazon_Project1.Project1_Amazon.Testcase14_Starrating_placedorder#applycoupen</h3><table class="result"><tr><th>Messages</th></tr><tr><td><div class="messages">result is failed for test=null</div></td></tr><tr><th>Exception</th></tr><tr><td><div class="stacktrace">java.util.NoSuchElementException
	at java.base/java.util.LinkedHashMap$LinkedHashIterator.nextNode(LinkedHashMap.java:1026)
	at java.base/java.util.LinkedHashMap$LinkedKeyIterator.next(LinkedHashMap.java:1047)
	at amazon_Project1.Project1_Amazon.Product1page_Project1.product(Product1page_Project1.java:46)
	at amazon_Project1.Project1_Amazon.Testcase14_Starrating_placedorder.applycoupen(Testcase14_Starrating_placedorder.java:19)
	at java.base/java.util.ArrayList.forEach(ArrayList.java:1597)
	at java.base/java.util.concurrent.FutureTask.run(FutureTask.java:317)
	at java.base/java.util.concurrent.ThreadPoolExecutor.runWorker(ThreadPoolExecutor.java:1144)
	at java.base/java.util.concurrent.ThreadPoolExecutor$Worker.run(ThreadPoolExecutor.java:642)
	at java.base/java.lang.Thread.run(Thread.java:1575)
... Removed 15 stack frames</div></td></tr></table><p class="totop"><a href="#summary">back to summary</a></p>
<h3 id="m28">amazon_Project1.Project1_Amazon.TestCase09_Addtocart_Project1#addtocart</h3><table class="result"><tr><th>Exception</th></tr><tr><td><div class="stacktrace">java.util.NoSuchElementException
	at java.base/java.util.LinkedHashMap$LinkedHashIterator.nextNode(LinkedHashMap.java:1026)
	at java.base/java.util.LinkedHashMap$LinkedKeyIterator.next(LinkedHashMap.java:1047)
	at amazon_Project1.Project1_Amazon.Product1page_Project1.product(Product1page_Project1.java:46)
	at amazon_Project1.Project1_Amazon.TestCase09_Addtocart_Project1.addtocart(TestCase09_Addtocart_Project1.java:19)
	at java.base/java.util.ArrayList.forEach(ArrayList.java:1597)
	at java.base/java.util.concurrent.FutureTask.run(FutureTask.java:317)
	at java.base/java.util.concurrent.ThreadPoolExecutor.runWorker(ThreadPoolExecutor.java:1144)
	at java.base/java.util.concurrent.ThreadPoolExecutor$Worker.run(ThreadPoolExecutor.java:642)
	at java.base/java.lang.Thread.run(Thread.java:1575)
... Removed 15 stack frames</div></td></tr></table><p class="totop"><a href="#summary">back to summary</a></p>
<h3 id="m29">amazon_Project1.Project1_Amazon.Testcase01_Registration#registration</h3><table class="result"><tr><th>Exception</th></tr><tr><td><div class="stacktrace">java.lang.NullPointerException: Cannot invoke &quot;org.openqa.selenium.WebDriver.getClass()&quot; because &quot;exceptionDriver&quot; is null
	at org.openqa.selenium.support.ui.WebDriverWait.timeoutException(WebDriverWait.java:85)
	at org.openqa.selenium.support.ui.FluentWait.until(FluentWait.java:228)
	at amazon_Project1.Project1_Amazon.RegistrationPage_Project1.starthere_Register(RegistrationPage_Project1.java:35)
	at amazon_Project1.Project1_Amazon.Testcase01_Registration.registration(Testcase01_Registration.java:9)
	at java.base/java.util.ArrayList.forEach(ArrayList.java:1597)
	at java.base/java.util.concurrent.FutureTask.run(FutureTask.java:317)
	at java.base/java.util.concurrent.ThreadPoolExecutor.runWorker(ThreadPoolExecutor.java:1144)
	at java.base/java.util.concurrent.ThreadPoolExecutor$Worker.run(ThreadPoolExecutor.java:642)
	at java.base/java.lang.Thread.run(Thread.java:1575)
... Removed 15 stack frames</div></td></tr></table><p class="totop"><a href="#summary">back to summary</a></p>
<h3 id="m30">amazon_Project1.Project1_Amazon.Testcase07_ProductDetailsPage_project1#verifyProductDetails</h3><table class="result"><tr><th>Exception</th></tr><tr><td><div class="stacktrace">java.util.NoSuchElementException
	at java.base/java.util.LinkedHashMap$LinkedHashIterator.nextNode(LinkedHashMap.java:1026)
	at java.base/java.util.LinkedHashMap$LinkedKeyIterator.next(LinkedHashMap.java:1047)
	at amazon_Project1.Project1_Amazon.Product1page_Project1.product(Product1page_Project1.java:46)
	at amazon_Project1.Project1_Amazon.Testcase07_ProductDetailsPage_project1.verifyProductDetails(Testcase07_ProductDetailsPage_project1.java:22)
	at java.base/java.util.ArrayList.forEach(ArrayList.java:1597)
	at java.base/java.util.concurrent.FutureTask.run(FutureTask.java:317)
	at java.base/java.util.concurrent.ThreadPoolExecutor.runWorker(ThreadPoolExecutor.java:1144)
	at java.base/java.util.concurrent.ThreadPoolExecutor$Worker.run(ThreadPoolExecutor.java:642)
	at java.base/java.lang.Thread.run(Thread.java:1575)
... Removed 15 stack frames</div></td></tr></table><p class="totop"><a href="#summary">back to summary</a></p>
<h3 id="m31">amazon_Project1.Project1_Amazon.Testcase08_VerifySort_Project1#verifySort</h3><table class="result"><tr><th>Exception</th></tr><tr><td><div class="stacktrace">org.openqa.selenium.ElementNotInteractableException: Element &lt;span class=&quot;nav-action-inner&quot;&gt; could not be scrolled into view
Build info: version: &apos;4.27.0&apos;, revision: &apos;d6e718d134&apos;
System info: os.name: &apos;Windows 11&apos;, os.arch: &apos;amd64&apos;, os.version: &apos;10.0&apos;, java.version: &apos;23&apos;
Driver info: org.openqa.selenium.firefox.FirefoxDriver
Command: [3d2449ba-cc57-4de3-b162-2fefb951a178, clickElement {id=3460d97a-b44a-4d78-9f43-a6794bde12b9}]
Capabilities {acceptInsecureCerts: true, browserName: firefox, browserVersion: 134.0.2, moz:accessibilityChecks: false, moz:buildID: 20250120135430, moz:debuggerAddress: 127.0.0.1:37546, moz:geckodriverVersion: 0.35.0, moz:headless: false, moz:platformVersion: 10.0, moz:processID: 22320, moz:profile: C:\Users\amolb\AppData\Loca..., moz:shutdownTimeout: 60000, moz:webdriverClick: true, moz:windowless: false, pageLoadStrategy: normal, platformName: windows, proxy: Proxy(), se:cdp: ws://127.0.0.1:37546/devtoo..., se:cdpVersion: 85.0, setWindowRect: true, strictFileInteractability: false, timeouts: {implicit: 0, pageLoad: 300000, script: 30000}, unhandledPromptBehavior: dismiss and notify, userAgent: Mozilla/5.0 (Windows NT 10....}
Element: [[FirefoxDriver: firefox on windows (3d2449ba-cc57-4de3-b162-2fefb951a178)] -&gt; xpath: (//span[.=&apos;Sign in&apos;])[1]]
Session ID: 3d2449ba-cc57-4de3-b162-2fefb951a178
	at org.openqa.selenium.remote.ErrorCodec.decode(ErrorCodec.java:167)
	at org.openqa.selenium.remote.codec.w3c.W3CHttpResponseCodec.decode(W3CHttpResponseCodec.java:138)
	at org.openqa.selenium.remote.codec.w3c.W3CHttpResponseCodec.decode(W3CHttpResponseCodec.java:50)
	at org.openqa.selenium.remote.HttpCommandExecutor.execute(HttpCommandExecutor.java:190)
	at org.openqa.selenium.remote.service.DriverCommandExecutor.invokeExecute(DriverCommandExecutor.java:216)
	at org.openqa.selenium.remote.service.DriverCommandExecutor.execute(DriverCommandExecutor.java:174)
	at org.openqa.selenium.remote.RemoteWebDriver.execute(RemoteWebDriver.java:545)
	at org.openqa.selenium.remote.RemoteWebElement.execute(RemoteWebElement.java:223)
	at org.openqa.selenium.remote.RemoteWebElement.click(RemoteWebElement.java:76)
	at org.openqa.selenium.support.pagefactory.internal.LocatingElementHandler.invoke(LocatingElementHandler.java:51)
	at jdk.proxy2/jdk.proxy2.$Proxy17.click(Unknown Source)
	at amazon_Project1.Project1_Amazon.HomePage_Project1.signin_homepage(HomePage_Project1.java:36)
	at amazon_Project1.Project1_Amazon.Testcase08_VerifySort_Project1.verifySort(Testcase08_VerifySort_Project1.java:12)
	at java.base/java.util.ArrayList.forEach(ArrayList.java:1597)
	at java.base/java.util.concurrent.FutureTask.run(FutureTask.java:317)
	at java.base/java.util.concurrent.ThreadPoolExecutor.runWorker(ThreadPoolExecutor.java:1144)
	at java.base/java.util.concurrent.ThreadPoolExecutor$Worker.run(ThreadPoolExecutor.java:642)
	at java.base/java.lang.Thread.run(Thread.java:1575)
... Removed 20 stack frames</div></td></tr></table><p class="totop"><a href="#summary">back to summary</a></p>
<h3 id="m32">amazon_Project1.Project1_Amazon.Testcase11_Checkoutprocess_project1#checkout</h3><table class="result"><tr><th>Exception</th></tr><tr><td><div class="stacktrace">org.openqa.selenium.ElementNotInteractableException: Element &lt;span class=&quot;nav-action-inner&quot;&gt; could not be scrolled into view
Build info: version: &apos;4.27.0&apos;, revision: &apos;d6e718d134&apos;
System info: os.name: &apos;Windows 11&apos;, os.arch: &apos;amd64&apos;, os.version: &apos;10.0&apos;, java.version: &apos;23&apos;
Driver info: org.openqa.selenium.firefox.FirefoxDriver
Command: [7fb07940-928a-49c6-95ab-dae37c9bc154, clickElement {id=0b4cbd8d-8aa8-4cfd-974b-a98e02af6d7e}]
Capabilities {acceptInsecureCerts: true, browserName: firefox, browserVersion: 134.0.2, moz:accessibilityChecks: false, moz:buildID: 20250120135430, moz:debuggerAddress: 127.0.0.1:9256, moz:geckodriverVersion: 0.35.0, moz:headless: false, moz:platformVersion: 10.0, moz:processID: 24392, moz:profile: C:\Users\amolb\AppData\Loca..., moz:shutdownTimeout: 60000, moz:webdriverClick: true, moz:windowless: false, pageLoadStrategy: normal, platformName: windows, proxy: Proxy(), se:cdp: ws://127.0.0.1:9256/devtool..., se:cdpVersion: 85.0, setWindowRect: true, strictFileInteractability: false, timeouts: {implicit: 0, pageLoad: 300000, script: 30000}, unhandledPromptBehavior: dismiss and notify, userAgent: Mozilla/5.0 (Windows NT 10....}
Element: [[FirefoxDriver: firefox on windows (7fb07940-928a-49c6-95ab-dae37c9bc154)] -&gt; xpath: (//span[.=&apos;Sign in&apos;])[1]]
Session ID: 7fb07940-928a-49c6-95ab-dae37c9bc154
	at org.openqa.selenium.remote.ErrorCodec.decode(ErrorCodec.java:167)
	at org.openqa.selenium.remote.codec.w3c.W3CHttpResponseCodec.decode(W3CHttpResponseCodec.java:138)
	at org.openqa.selenium.remote.codec.w3c.W3CHttpResponseCodec.decode(W3CHttpResponseCodec.java:50)
	at org.openqa.selenium.remote.HttpCommandExecutor.execute(HttpCommandExecutor.java:190)
	at org.openqa.selenium.remote.service.DriverCommandExecutor.invokeExecute(DriverCommandExecutor.java:216)
	at org.openqa.selenium.remote.service.DriverCommandExecutor.execute(DriverCommandExecutor.java:174)
	at org.openqa.selenium.remote.RemoteWebDriver.execute(RemoteWebDriver.java:545)
	at org.openqa.selenium.remote.RemoteWebElement.execute(RemoteWebElement.java:223)
	at org.openqa.selenium.remote.RemoteWebElement.click(RemoteWebElement.java:76)
	at org.openqa.selenium.support.pagefactory.internal.LocatingElementHandler.invoke(LocatingElementHandler.java:51)
	at jdk.proxy2/jdk.proxy2.$Proxy17.click(Unknown Source)
	at amazon_Project1.Project1_Amazon.HomePage_Project1.signin_homepage(HomePage_Project1.java:36)
	at amazon_Project1.Project1_Amazon.Testcase11_Checkoutprocess_project1.checkout(Testcase11_Checkoutprocess_project1.java:12)
	at java.base/java.util.ArrayList.forEach(ArrayList.java:1597)
	at java.base/java.util.concurrent.FutureTask.run(FutureTask.java:317)
	at java.base/java.util.concurrent.ThreadPoolExecutor.runWorker(ThreadPoolExecutor.java:1144)
	at java.base/java.util.concurrent.ThreadPoolExecutor$Worker.run(ThreadPoolExecutor.java:642)
	at java.base/java.lang.Thread.run(Thread.java:1575)
... Removed 20 stack frames</div></td></tr></table><p class="totop"><a href="#summary">back to summary</a></p>
<h3 id="m33">amazon_Project1.Project1_Amazon.Testcase12_Allpaymentmethod_Project1#allpaymentmethod</h3><table class="result"><tr><th>Exception</th></tr><tr><td><div class="stacktrace">java.util.NoSuchElementException
	at java.base/java.util.LinkedHashMap$LinkedHashIterator.nextNode(LinkedHashMap.java:1026)
	at java.base/java.util.LinkedHashMap$LinkedKeyIterator.next(LinkedHashMap.java:1047)
	at amazon_Project1.Project1_Amazon.Product1page_Project1.product(Product1page_Project1.java:46)
	at amazon_Project1.Project1_Amazon.Testcase12_Allpaymentmethod_Project1.allpaymentmethod(Testcase12_Allpaymentmethod_Project1.java:20)
	at java.base/java.util.ArrayList.forEach(ArrayList.java:1597)
	at java.base/java.util.concurrent.FutureTask.run(FutureTask.java:317)
	at java.base/java.util.concurrent.ThreadPoolExecutor.runWorker(ThreadPoolExecutor.java:1144)
	at java.base/java.util.concurrent.ThreadPoolExecutor$Worker.run(ThreadPoolExecutor.java:642)
	at java.base/java.lang.Thread.run(Thread.java:1575)
... Removed 15 stack frames</div></td></tr></table><p class="totop"><a href="#summary">back to summary</a></p>
<h3 id="m34">amazon_Project1.Project1_Amazon.Testcase13_applycoupen#applycoupen</h3><table class="result"><tr><th>Exception</th></tr><tr><td><div class="stacktrace">org.openqa.selenium.ElementNotInteractableException: Element &lt;span class=&quot;nav-action-inner&quot;&gt; could not be scrolled into view
Build info: version: &apos;4.27.0&apos;, revision: &apos;d6e718d134&apos;
System info: os.name: &apos;Windows 11&apos;, os.arch: &apos;amd64&apos;, os.version: &apos;10.0&apos;, java.version: &apos;23&apos;
Driver info: org.openqa.selenium.firefox.FirefoxDriver
Command: [98e242f6-ad84-4bc4-a520-d86d738d0817, clickElement {id=175e2866-c9fc-4fc5-950f-b4bc7628eb27}]
Capabilities {acceptInsecureCerts: true, browserName: firefox, browserVersion: 134.0.2, moz:accessibilityChecks: false, moz:buildID: 20250120135430, moz:debuggerAddress: 127.0.0.1:19751, moz:geckodriverVersion: 0.35.0, moz:headless: false, moz:platformVersion: 10.0, moz:processID: 12516, moz:profile: C:\Users\amolb\AppData\Loca..., moz:shutdownTimeout: 60000, moz:webdriverClick: true, moz:windowless: false, pageLoadStrategy: normal, platformName: windows, proxy: Proxy(), se:cdp: ws://127.0.0.1:19751/devtoo..., se:cdpVersion: 85.0, setWindowRect: true, strictFileInteractability: false, timeouts: {implicit: 0, pageLoad: 300000, script: 30000}, unhandledPromptBehavior: dismiss and notify, userAgent: Mozilla/5.0 (Windows NT 10....}
Element: [[FirefoxDriver: firefox on windows (98e242f6-ad84-4bc4-a520-d86d738d0817)] -&gt; xpath: (//span[.=&apos;Sign in&apos;])[1]]
Session ID: 98e242f6-ad84-4bc4-a520-d86d738d0817
	at org.openqa.selenium.remote.ErrorCodec.decode(ErrorCodec.java:167)
	at org.openqa.selenium.remote.codec.w3c.W3CHttpResponseCodec.decode(W3CHttpResponseCodec.java:138)
	at org.openqa.selenium.remote.codec.w3c.W3CHttpResponseCodec.decode(W3CHttpResponseCodec.java:50)
	at org.openqa.selenium.remote.HttpCommandExecutor.execute(HttpCommandExecutor.java:190)
	at org.openqa.selenium.remote.service.DriverCommandExecutor.invokeExecute(DriverCommandExecutor.java:216)
	at org.openqa.selenium.remote.service.DriverCommandExecutor.execute(DriverCommandExecutor.java:174)
	at org.openqa.selenium.remote.RemoteWebDriver.execute(RemoteWebDriver.java:545)
	at org.openqa.selenium.remote.RemoteWebElement.execute(RemoteWebElement.java:223)
	at org.openqa.selenium.remote.RemoteWebElement.click(RemoteWebElement.java:76)
	at org.openqa.selenium.support.pagefactory.internal.LocatingElementHandler.invoke(LocatingElementHandler.java:51)
	at jdk.proxy2/jdk.proxy2.$Proxy17.click(Unknown Source)
	at amazon_Project1.Project1_Amazon.HomePage_Project1.signin_homepage(HomePage_Project1.java:36)
	at amazon_Project1.Project1_Amazon.Testcase13_applycoupen.applycoupen(Testcase13_applycoupen.java:12)
	at java.base/java.util.ArrayList.forEach(ArrayList.java:1597)
	at java.base/java.util.concurrent.FutureTask.run(FutureTask.java:317)
	at java.base/java.util.concurrent.ThreadPoolExecutor.runWorker(ThreadPoolExecutor.java:1144)
	at java.base/java.util.concurrent.ThreadPoolExecutor$Worker.run(ThreadPoolExecutor.java:642)
	at java.base/java.lang.Thread.run(Thread.java:1575)
... Removed 20 stack frames</div></td></tr></table><p class="totop"><a href="#summary">back to summary</a></p>
<h3 id="m35">amazon_Project1.Project1_Amazon.Testcase14_Starrating_placedorder#applycoupen</h3><table class="result"><tr><th>Exception</th></tr><tr><td><div class="stacktrace">org.openqa.selenium.ElementNotInteractableException: Element &lt;span class=&quot;nav-action-inner&quot;&gt; could not be scrolled into view
Build info: version: &apos;4.27.0&apos;, revision: &apos;d6e718d134&apos;
System info: os.name: &apos;Windows 11&apos;, os.arch: &apos;amd64&apos;, os.version: &apos;10.0&apos;, java.version: &apos;23&apos;
Driver info: org.openqa.selenium.firefox.FirefoxDriver
Command: [55c3e33f-bdd2-4683-8487-4fed29cb99e8, clickElement {id=f4b18d5e-d7c3-4a6f-9ffc-5adf092b1b49}]
Capabilities {acceptInsecureCerts: true, browserName: firefox, browserVersion: 134.0.2, moz:accessibilityChecks: false, moz:buildID: 20250120135430, moz:debuggerAddress: 127.0.0.1:48357, moz:geckodriverVersion: 0.35.0, moz:headless: false, moz:platformVersion: 10.0, moz:processID: 26528, moz:profile: C:\Users\amolb\AppData\Loca..., moz:shutdownTimeout: 60000, moz:webdriverClick: true, moz:windowless: false, pageLoadStrategy: normal, platformName: windows, proxy: Proxy(), se:cdp: ws://127.0.0.1:48357/devtoo..., se:cdpVersion: 85.0, setWindowRect: true, strictFileInteractability: false, timeouts: {implicit: 0, pageLoad: 300000, script: 30000}, unhandledPromptBehavior: dismiss and notify, userAgent: Mozilla/5.0 (Windows NT 10....}
Element: [[FirefoxDriver: firefox on windows (55c3e33f-bdd2-4683-8487-4fed29cb99e8)] -&gt; xpath: (//span[.=&apos;Sign in&apos;])[1]]
Session ID: 55c3e33f-bdd2-4683-8487-4fed29cb99e8
	at org.openqa.selenium.remote.ErrorCodec.decode(ErrorCodec.java:167)
	at org.openqa.selenium.remote.codec.w3c.W3CHttpResponseCodec.decode(W3CHttpResponseCodec.java:138)
	at org.openqa.selenium.remote.codec.w3c.W3CHttpResponseCodec.decode(W3CHttpResponseCodec.java:50)
	at org.openqa.selenium.remote.HttpCommandExecutor.execute(HttpCommandExecutor.java:190)
	at org.openqa.selenium.remote.service.DriverCommandExecutor.invokeExecute(DriverCommandExecutor.java:216)
	at org.openqa.selenium.remote.service.DriverCommandExecutor.execute(DriverCommandExecutor.java:174)
	at org.openqa.selenium.remote.RemoteWebDriver.execute(RemoteWebDriver.java:545)
	at org.openqa.selenium.remote.RemoteWebElement.execute(RemoteWebElement.java:223)
	at org.openqa.selenium.remote.RemoteWebElement.click(RemoteWebElement.java:76)
	at org.openqa.selenium.support.pagefactory.internal.LocatingElementHandler.invoke(LocatingElementHandler.java:51)
	at jdk.proxy2/jdk.proxy2.$Proxy17.click(Unknown Source)
	at amazon_Project1.Project1_Amazon.HomePage_Project1.signin_homepage(HomePage_Project1.java:36)
	at amazon_Project1.Project1_Amazon.Testcase14_Starrating_placedorder.applycoupen(Testcase14_Starrating_placedorder.java:12)
	at java.base/java.util.ArrayList.forEach(ArrayList.java:1597)
	at java.base/java.util.concurrent.FutureTask.run(FutureTask.java:317)
	at java.base/java.util.concurrent.ThreadPoolExecutor.runWorker(ThreadPoolExecutor.java:1144)
	at java.base/java.util.concurrent.ThreadPoolExecutor$Worker.run(ThreadPoolExecutor.java:642)
	at java.base/java.lang.Thread.run(Thread.java:1575)
... Removed 20 stack frames</div></td></tr></table><p class="totop"><a href="#summary">back to summary</a></p>
<h3 id="m36">amazon_Project1.Project1_Amazon.TestCase02_Loginwithcorrectcred#loginwithcorrectcred</h3><table class="result"><tr class="param"><th>Parameter #1</th><th>Parameter #2</th></tr><tr class="param stripe"><td>shital.bhosale@hotmail.com</td><td>Test@12345</td></tr><tr><th colspan="2">Messages</th></tr><tr><td colspan="2"><div class="messages">result is passed for test=loginwithcorrectcred</div></td></tr></table><p class="totop"><a href="#summary">back to summary</a></p>
<h3 id="m37">amazon_Project1.Project1_Amazon.TestCase02_Loginwithcorrectcred#loginwithcorrectcred</h3><table class="result"><tr class="param"><th>Parameter #1</th><th>Parameter #2</th></tr><tr class="param stripe"><td>9604232794
</td><td>Komal@2025</td></tr><tr><th colspan="2">Messages</th></tr><tr><td colspan="2"><div class="messages">result is passed for test=loginwithcorrectcred</div></td></tr></table><p class="totop"><a href="#summary">back to summary</a></p>
<h3 id="m38">amazon_Project1.Project1_Amazon.TestCase03_LoginwithIncorrect#loginwithincorrectcred</h3><table class="result"><tr><th>Messages</th></tr><tr><td><div class="messages">result is passed for test=loginwithincorrectcred</div></td></tr></table><p class="totop"><a href="#summary">back to summary</a></p>
<h3 id="m39">amazon_Project1.Project1_Amazon.TestCase04_Editprofile#editprofile</h3><table class="result"><tr><th>Messages</th></tr><tr><td><div class="messages">result is passed for test=editprofile</div></td></tr></table><p class="totop"><a href="#summary">back to summary</a></p>
<h3 id="m40">amazon_Project1.Project1_Amazon.TestCase10_AddandRemoveCart_Project1#addandremove</h3><table class="result"><tr><th>Messages</th></tr><tr><td><div class="messages">result is passed for test=addandremove</div></td></tr></table><p class="totop"><a href="#summary">back to summary</a></p>
<h3 id="m41">amazon_Project1.Project1_Amazon.Testcase05_SearchProduct_Project1#searchproduct1</h3><table class="result"><tr><th>Messages</th></tr><tr><td><div class="messages">result is passed for test=searchproduct1</div></td></tr></table><p class="totop"><a href="#summary">back to summary</a></p>
<h3 id="m42">amazon_Project1.Project1_Amazon.Testcase06_VerifyFilter#verifyFilter</h3><table class="result"><tr><th>Messages</th></tr><tr><td><div class="messages">result is passed for test=verifyFilter</div></td></tr></table><p class="totop"><a href="#summary">back to summary</a></p>
<h3 id="m43">amazon_Project1.Project1_Amazon.Testcase15_Cartpage_Withoutlogin#cartpage_withoutlogin</h3><table class="result"><tr><th>Messages</th></tr><tr><td><div class="messages">result is passed for test=cartpage_withoutlogin</div></td></tr></table><p class="totop"><a href="#summary">back to summary</a></p>
</body>
</html>
