<?xml version="1.0" encoding="UTF-8"?>
<testng-results retried="8" ignored="8" total="48" passed="25" failed="6" skipped="1">
  <reporter-output>
    <line>
      <![CDATA[result is passed for test=loginwithcorrectcred]]>
    </line>
    <line>
      <![CDATA[result is passed for test=searchproduct1]]>
    </line>
    <line>
      <![CDATA[result is passed for test=loginwithincorrectcred]]>
    </line>
    <line>
      <![CDATA[result is passed for test=verifyFilter]]>
    </line>
    <line>
      <![CDATA[result is passed for test=editprofile]]>
    </line>
    <line>
      <![CDATA[result is passed for test=verifyProductDetails]]>
    </line>
    <line>
      <![CDATA[result is failed for test=null]]>
    </line>
    <line>
      <![CDATA[result is passed for test=loginwithcorrectcred]]>
    </line>
    <line>
      <![CDATA[result is passed for test=addtocart]]>
    </line>
    <line>
      <![CDATA[result is passed for test=verifySort]]>
    </line>
    <line>
      <![CDATA[result is passed for test=addandremove]]>
    </line>
    <line>
      <![CDATA[result is passed for test=cartpage_withoutlogin]]>
    </line>
    <line>
      <![CDATA[result is passed for test=applycoupen]]>
    </line>
    <line>
      <![CDATA[result is failed for test=null]]>
    </line>
    <line>
      <![CDATA[result is passed for test=loginwithcorrectcred]]>
    </line>
    <line>
      <![CDATA[result is passed for test=allpaymentmethod]]>
    </line>
    <line>
      <![CDATA[result is passed for test=registration]]>
    </line>
    <line>
      <![CDATA[result is passed for test=loginwithincorrectcred]]>
    </line>
    <line>
      <![CDATA[result is passed for test=editprofile]]>
    </line>
    <line>
      <![CDATA[result is failed for test=null]]>
    </line>
    <line>
      <![CDATA[result is passed for test=searchproduct1]]>
    </line>
    <line>
      <![CDATA[result is passed for test=verifyFilter]]>
    </line>
    <line>
      <![CDATA[result is passed for test=verifyProductDetails]]>
    </line>
  </reporter-output>
  <suite started-at="2025-02-03T07:47:24 IST" name="Suite" finished-at="2025-02-03T07:56:43 IST" duration-ms="558552">
    <groups>
    </groups>
    <test started-at="2025-02-03T07:47:24 IST" name="Test003" finished-at="2025-02-03T07:48:25 IST" duration-ms="61496">
      <class name="amazon_Project1.Project1_Amazon.TestCase03_LoginwithIncorrect">
        <test-method is-config="true" signature="launchbrowser(java.lang.String,java.lang.String)[pri:0, instance:amazon_Project1.Project1_Amazon.TestCase03_LoginwithIncorrect@34f6515b]" started-at="2025-02-03T07:47:24 IST" name="launchbrowser" finished-at="2025-02-03T07:47:49 IST" duration-ms="24811" status="PASS">
          <params>
            <param index="0">
              <value>
                <![CDATA[chrome]]>
              </value>
            </param>
            <param index="1">
              <value is-null="true"/>
            </param>
          </params>
          <reporter-output>
          </reporter-output>
        </test-method> <!-- launchbrowser -->
        <test-method signature="loginwithincorrectcred()[pri:0, instance:amazon_Project1.Project1_Amazon.TestCase03_LoginwithIncorrect@34f6515b]" started-at="2025-02-03T07:47:49 IST" name="loginwithincorrectcred" finished-at="2025-02-03T07:48:03 IST" duration-ms="14283" status="PASS">
          <reporter-output>
            <line>
              <![CDATA[result is passed for test=loginwithincorrectcred]]>
            </line>
          </reporter-output>
        </test-method> <!-- loginwithincorrectcred -->
        <test-method is-config="true" signature="quit()[pri:0, instance:amazon_Project1.Project1_Amazon.TestCase03_LoginwithIncorrect@34f6515b]" started-at="2025-02-03T07:48:03 IST" name="quit" finished-at="2025-02-03T07:48:25 IST" duration-ms="22314" status="PASS">
          <reporter-output>
          </reporter-output>
        </test-method> <!-- quit -->
      </class> <!-- amazon_Project1.Project1_Amazon.TestCase03_LoginwithIncorrect -->
    </test> <!-- Test003 -->
    <test started-at="2025-02-03T07:47:24 IST" name="Test006" finished-at="2025-02-03T07:48:26 IST" duration-ms="61951">
      <class name="amazon_Project1.Project1_Amazon.Testcase06_VerifyFilter">
        <test-method is-config="true" signature="launchbrowser(java.lang.String,java.lang.String)[pri:0, instance:amazon_Project1.Project1_Amazon.Testcase06_VerifyFilter@58594a11]" started-at="2025-02-03T07:47:24 IST" name="launchbrowser" finished-at="2025-02-03T07:47:45 IST" duration-ms="21251" status="PASS">
          <params>
            <param index="0">
              <value>
                <![CDATA[chrome]]>
              </value>
            </param>
            <param index="1">
              <value is-null="true"/>
            </param>
          </params>
          <reporter-output>
          </reporter-output>
        </test-method> <!-- launchbrowser -->
        <test-method signature="verifyFilter()[pri:0, instance:amazon_Project1.Project1_Amazon.Testcase06_VerifyFilter@58594a11]" started-at="2025-02-03T07:47:45 IST" name="verifyFilter" finished-at="2025-02-03T07:48:24 IST" duration-ms="38648" status="PASS">
          <reporter-output>
            <line>
              <![CDATA[result is passed for test=verifyFilter]]>
            </line>
          </reporter-output>
        </test-method> <!-- verifyFilter -->
        <test-method is-config="true" signature="quit()[pri:0, instance:amazon_Project1.Project1_Amazon.Testcase06_VerifyFilter@58594a11]" started-at="2025-02-03T07:48:24 IST" name="quit" finished-at="2025-02-03T07:48:26 IST" duration-ms="1973" status="PASS">
          <reporter-output>
          </reporter-output>
        </test-method> <!-- quit -->
      </class> <!-- amazon_Project1.Project1_Amazon.Testcase06_VerifyFilter -->
    </test> <!-- Test006 -->
    <test started-at="2025-02-03T07:47:24 IST" name="Test005" finished-at="2025-02-03T07:48:27 IST" duration-ms="63311">
      <class name="amazon_Project1.Project1_Amazon.Testcase05_SearchProduct_Project1">
        <test-method is-config="true" signature="launchbrowser(java.lang.String,java.lang.String)[pri:0, instance:amazon_Project1.Project1_Amazon.Testcase05_SearchProduct_Project1@135606db]" started-at="2025-02-03T07:47:24 IST" name="launchbrowser" finished-at="2025-02-03T07:47:44 IST" duration-ms="19895" status="PASS">
          <params>
            <param index="0">
              <value>
                <![CDATA[chrome]]>
              </value>
            </param>
            <param index="1">
              <value is-null="true"/>
            </param>
          </params>
          <reporter-output>
          </reporter-output>
        </test-method> <!-- launchbrowser -->
        <test-method signature="searchproduct1()[pri:0, instance:amazon_Project1.Project1_Amazon.Testcase05_SearchProduct_Project1@135606db]" started-at="2025-02-03T07:47:44 IST" name="searchproduct1" finished-at="2025-02-03T07:48:02 IST" duration-ms="18541" status="PASS">
          <reporter-output>
            <line>
              <![CDATA[result is passed for test=searchproduct1]]>
            </line>
          </reporter-output>
        </test-method> <!-- searchproduct1 -->
        <test-method is-config="true" signature="quit()[pri:0, instance:amazon_Project1.Project1_Amazon.Testcase05_SearchProduct_Project1@135606db]" started-at="2025-02-03T07:48:02 IST" name="quit" finished-at="2025-02-03T07:48:27 IST" duration-ms="24799" status="PASS">
          <reporter-output>
          </reporter-output>
        </test-method> <!-- quit -->
      </class> <!-- amazon_Project1.Project1_Amazon.Testcase05_SearchProduct_Project1 -->
    </test> <!-- Test005 -->
    <test started-at="2025-02-03T07:47:24 IST" name="Test004" finished-at="2025-02-03T07:49:19 IST" duration-ms="114933">
      <class name="amazon_Project1.Project1_Amazon.TestCase04_Editprofile">
        <test-method is-config="true" signature="launchbrowser(java.lang.String,java.lang.String)[pri:0, instance:amazon_Project1.Project1_Amazon.TestCase04_Editprofile@78a773fd]" started-at="2025-02-03T07:47:24 IST" name="launchbrowser" finished-at="2025-02-03T07:47:44 IST" duration-ms="20238" status="PASS">
          <params>
            <param index="0">
              <value>
                <![CDATA[chrome]]>
              </value>
            </param>
            <param index="1">
              <value is-null="true"/>
            </param>
          </params>
          <reporter-output>
          </reporter-output>
        </test-method> <!-- launchbrowser -->
        <test-method signature="editprofile()[pri:0, instance:amazon_Project1.Project1_Amazon.TestCase04_Editprofile@78a773fd]" started-at="2025-02-03T07:47:44 IST" name="editprofile" finished-at="2025-02-03T07:48:46 IST" duration-ms="61655" status="PASS">
          <reporter-output>
            <line>
              <![CDATA[result is passed for test=editprofile]]>
            </line>
          </reporter-output>
        </test-method> <!-- editprofile -->
        <test-method is-config="true" signature="quit()[pri:0, instance:amazon_Project1.Project1_Amazon.TestCase04_Editprofile@78a773fd]" started-at="2025-02-03T07:48:46 IST" name="quit" finished-at="2025-02-03T07:49:19 IST" duration-ms="32960" status="PASS">
          <reporter-output>
          </reporter-output>
        </test-method> <!-- quit -->
      </class> <!-- amazon_Project1.Project1_Amazon.TestCase04_Editprofile -->
    </test> <!-- Test004 -->
    <test started-at="2025-02-03T07:47:24 IST" name="Test002" finished-at="2025-02-03T07:49:25 IST" duration-ms="121046">
      <class name="amazon_Project1.Project1_Amazon.TestCase02_Loginwithcorrectcred">
        <test-method is-config="true" signature="launchbrowser(java.lang.String,java.lang.String)[pri:0, instance:amazon_Project1.Project1_Amazon.TestCase02_Loginwithcorrectcred@421e361]" started-at="2025-02-03T07:47:26 IST" name="launchbrowser" finished-at="2025-02-03T07:47:42 IST" duration-ms="16729" status="PASS">
          <params>
            <param index="0">
              <value>
                <![CDATA[chrome]]>
              </value>
            </param>
            <param index="1">
              <value is-null="true"/>
            </param>
          </params>
          <reporter-output>
          </reporter-output>
        </test-method> <!-- launchbrowser -->
        <test-method signature="loginwithcorrectcred(java.lang.String,java.lang.String)[pri:0, instance:amazon_Project1.Project1_Amazon.TestCase02_Loginwithcorrectcred@421e361]" started-at="2025-02-03T07:47:42 IST" name="loginwithcorrectcred" data-provider="usernamepass" finished-at="2025-02-03T07:47:58 IST" duration-ms="15604" status="PASS">
          <params>
            <param index="0">
              <value>
                <![CDATA[shital.bhosale@hotmail.com]]>
              </value>
            </param>
            <param index="1">
              <value>
                <![CDATA[Test@12345]]>
              </value>
            </param>
          </params>
          <reporter-output>
            <line>
              <![CDATA[result is passed for test=loginwithcorrectcred]]>
            </line>
          </reporter-output>
        </test-method> <!-- loginwithcorrectcred -->
        <test-method is-config="true" signature="quit()[pri:0, instance:amazon_Project1.Project1_Amazon.TestCase02_Loginwithcorrectcred@421e361]" started-at="2025-02-03T07:47:58 IST" name="quit" finished-at="2025-02-03T07:48:25 IST" duration-ms="26595" status="PASS">
          <reporter-output>
          </reporter-output>
        </test-method> <!-- quit -->
        <test-method is-config="true" signature="launchbrowser(java.lang.String,java.lang.String)[pri:0, instance:amazon_Project1.Project1_Amazon.TestCase02_Loginwithcorrectcred@421e361]" started-at="2025-02-03T07:48:25 IST" name="launchbrowser" finished-at="2025-02-03T07:48:49 IST" duration-ms="23883" status="PASS">
          <params>
            <param index="0">
              <value>
                <![CDATA[chrome]]>
              </value>
            </param>
            <param index="1">
              <value is-null="true"/>
            </param>
          </params>
          <reporter-output>
          </reporter-output>
        </test-method> <!-- launchbrowser -->
        <test-method signature="loginwithcorrectcred(java.lang.String,java.lang.String)[pri:0, instance:amazon_Project1.Project1_Amazon.TestCase02_Loginwithcorrectcred@421e361]" started-at="2025-02-03T07:48:49 IST" name="loginwithcorrectcred" data-provider="usernamepass" finished-at="2025-02-03T07:49:21 IST" duration-ms="32872" status="PASS">
          <params>
            <param index="0">
              <value>
                <![CDATA[9604232794
]]>
              </value>
            </param>
            <param index="1">
              <value>
                <![CDATA[Komal@2025]]>
              </value>
            </param>
          </params>
          <reporter-output>
            <line>
              <![CDATA[result is passed for test=loginwithcorrectcred]]>
            </line>
          </reporter-output>
        </test-method> <!-- loginwithcorrectcred -->
        <test-method is-config="true" signature="quit()[pri:0, instance:amazon_Project1.Project1_Amazon.TestCase02_Loginwithcorrectcred@421e361]" started-at="2025-02-03T07:49:21 IST" name="quit" finished-at="2025-02-03T07:49:25 IST" duration-ms="3607" status="PASS">
          <reporter-output>
          </reporter-output>
        </test-method> <!-- quit -->
      </class> <!-- amazon_Project1.Project1_Amazon.TestCase02_Loginwithcorrectcred -->
    </test> <!-- Test002 -->
    <test started-at="2025-02-03T07:47:24 IST" name="Test007" finished-at="2025-02-03T07:49:28 IST" duration-ms="124075">
      <class name="amazon_Project1.Project1_Amazon.Testcase07_ProductDetailsPage_project1">
        <test-method is-config="true" signature="launchbrowser(java.lang.String,java.lang.String)[pri:0, instance:amazon_Project1.Project1_Amazon.Testcase07_ProductDetailsPage_project1@3e2059ae]" started-at="2025-02-03T07:47:24 IST" name="launchbrowser" finished-at="2025-02-03T07:47:38 IST" duration-ms="14131" status="PASS">
          <params>
            <param index="0">
              <value>
                <![CDATA[chrome]]>
              </value>
            </param>
            <param index="1">
              <value is-null="true"/>
            </param>
          </params>
          <reporter-output>
          </reporter-output>
        </test-method> <!-- launchbrowser -->
        <test-method signature="verifyProductDetails()[pri:0, instance:amazon_Project1.Project1_Amazon.Testcase07_ProductDetailsPage_project1@3e2059ae]" started-at="2025-02-03T07:47:38 IST" name="verifyProductDetails" finished-at="2025-02-03T07:48:56 IST" duration-ms="78234" status="PASS">
          <reporter-output>
            <line>
              <![CDATA[result is passed for test=verifyProductDetails]]>
            </line>
          </reporter-output>
        </test-method> <!-- verifyProductDetails -->
        <test-method is-config="true" signature="quit()[pri:0, instance:amazon_Project1.Project1_Amazon.Testcase07_ProductDetailsPage_project1@3e2059ae]" started-at="2025-02-03T07:48:56 IST" name="quit" finished-at="2025-02-03T07:49:28 IST" duration-ms="31623" status="PASS">
          <reporter-output>
          </reporter-output>
        </test-method> <!-- quit -->
      </class> <!-- amazon_Project1.Project1_Amazon.Testcase07_ProductDetailsPage_project1 -->
    </test> <!-- Test007 -->
    <test started-at="2025-02-03T07:47:24 IST" name="Test001" finished-at="2025-02-03T07:49:34 IST" duration-ms="129955">
      <class name="amazon_Project1.Project1_Amazon.Testcase01_Registration">
        <test-method is-config="true" signature="launchbrowser(java.lang.String,java.lang.String)[pri:0, instance:amazon_Project1.Project1_Amazon.Testcase01_Registration@51a9ad5e]" started-at="2025-02-03T07:47:24 IST" name="launchbrowser" finished-at="2025-02-03T07:47:49 IST" duration-ms="25177" status="PASS">
          <params>
            <param index="0">
              <value>
                <![CDATA[chrome]]>
              </value>
            </param>
            <param index="1">
              <value is-null="true"/>
            </param>
          </params>
          <reporter-output>
          </reporter-output>
        </test-method> <!-- launchbrowser -->
        <test-method retried="true" signature="registration()[pri:0, instance:amazon_Project1.Project1_Amazon.Testcase01_Registration@51a9ad5e]" started-at="2025-02-03T07:47:49 IST" name="registration" finished-at="2025-02-03T07:48:25 IST" duration-ms="35793" status="SKIP">
          <exception class="org.openqa.selenium.NoSuchSessionException">
            <message>
              <![CDATA[invalid session id: session deleted as the browser has closed the connection
from disconnected: unable to send message to renderer
  (Session info: chrome=132.0.6834.160)
Build info: version: '4.27.0', revision: 'd6e718d134'
System info: os.name: 'Windows 11', os.arch: 'amd64', os.version: '10.0', java.version: '23'
Driver info: org.openqa.selenium.chrome.ChromeDriver
Command: [7d5cba58c0d3498245cf4aa4c11e6dda, findElement {value=Start here., using=link text}]
Capabilities {acceptInsecureCerts: false, browserName: chrome, browserVersion: 132.0.6834.160, chrome: {chromedriverVersion: 132.0.6834.159 (2d77d3fc445..., userDataDir: C:\Users\amolb\AppData\Loca...}, fedcm:accounts: true, goog:chromeOptions: {debuggerAddress: localhost:58918}, networkConnectionEnabled: false, pageLoadStrategy: normal, platformName: windows, proxy: Proxy(), se:cdp: ws://localhost:58918/devtoo..., se:cdpVersion: 132.0.6834.160, setWindowRect: true, strictFileInteractability: false, timeouts: {implicit: 0, pageLoad: 300000, script: 30000}, unhandledPromptBehavior: dismiss and notify, webauthn:extension:credBlob: true, webauthn:extension:largeBlob: true, webauthn:extension:minPinLength: true, webauthn:extension:prf: true, webauthn:virtualAuthenticators: true}
Session ID: 7d5cba58c0d3498245cf4aa4c11e6dda]]>
            </message>
            <full-stacktrace>
              <![CDATA[org.openqa.selenium.NoSuchSessionException: invalid session id: session deleted as the browser has closed the connection
from disconnected: unable to send message to renderer
  (Session info: chrome=132.0.6834.160)
Build info: version: '4.27.0', revision: 'd6e718d134'
System info: os.name: 'Windows 11', os.arch: 'amd64', os.version: '10.0', java.version: '23'
Driver info: org.openqa.selenium.chrome.ChromeDriver
Command: [7d5cba58c0d3498245cf4aa4c11e6dda, findElement {value=Start here., using=link text}]
Capabilities {acceptInsecureCerts: false, browserName: chrome, browserVersion: 132.0.6834.160, chrome: {chromedriverVersion: 132.0.6834.159 (2d77d3fc445..., userDataDir: C:\Users\amolb\AppData\Loca...}, fedcm:accounts: true, goog:chromeOptions: {debuggerAddress: localhost:58918}, networkConnectionEnabled: false, pageLoadStrategy: normal, platformName: windows, proxy: Proxy(), se:cdp: ws://localhost:58918/devtoo..., se:cdpVersion: 132.0.6834.160, setWindowRect: true, strictFileInteractability: false, timeouts: {implicit: 0, pageLoad: 300000, script: 30000}, unhandledPromptBehavior: dismiss and notify, webauthn:extension:credBlob: true, webauthn:extension:largeBlob: true, webauthn:extension:minPinLength: true, webauthn:extension:prf: true, webauthn:virtualAuthenticators: true}
Session ID: 7d5cba58c0d3498245cf4aa4c11e6dda
at java.base/jdk.internal.reflect.DirectConstructorHandleAccessor.newInstance(DirectConstructorHandleAccessor.java:62)
at java.base/java.lang.reflect.Constructor.newInstanceWithCaller(Constructor.java:501)
at java.base/java.lang.reflect.Constructor.newInstance(Constructor.java:485)
at org.openqa.selenium.remote.ErrorCodec.decode(ErrorCodec.java:167)
at org.openqa.selenium.remote.codec.w3c.W3CHttpResponseCodec.decode(W3CHttpResponseCodec.java:138)
at org.openqa.selenium.remote.codec.w3c.W3CHttpResponseCodec.decode(W3CHttpResponseCodec.java:50)
at org.openqa.selenium.remote.HttpCommandExecutor.execute(HttpCommandExecutor.java:190)
at org.openqa.selenium.remote.service.DriverCommandExecutor.invokeExecute(DriverCommandExecutor.java:216)
at org.openqa.selenium.remote.service.DriverCommandExecutor.execute(DriverCommandExecutor.java:174)
at org.openqa.selenium.remote.RemoteWebDriver.execute(RemoteWebDriver.java:545)
at org.openqa.selenium.remote.ElementLocation$ElementFinder$2.findElement(ElementLocation.java:165)
at org.openqa.selenium.remote.ElementLocation.findElement(ElementLocation.java:59)
at org.openqa.selenium.remote.RemoteWebDriver.findElement(RemoteWebDriver.java:368)
at org.openqa.selenium.remote.RemoteWebDriver.findElement(RemoteWebDriver.java:362)
at org.openqa.selenium.support.pagefactory.DefaultElementLocator.findElement(DefaultElementLocator.java:68)
at org.openqa.selenium.support.pagefactory.internal.LocatingElementHandler.invoke(LocatingElementHandler.java:38)
at jdk.proxy2/jdk.proxy2.$Proxy18.toString(Unknown Source)
at java.base/java.lang.String.valueOf(String.java:4556)
at org.openqa.selenium.support.ui.ExpectedConditions$10.toString(ExpectedConditions.java:295)
at java.base/java.lang.String.valueOf(String.java:4556)
at org.openqa.selenium.support.ui.FluentWait.until(FluentWait.java:225)
at amazon_Project1.Project1_Amazon.RegistrationPage_Project1.starthere_Register(RegistrationPage_Project1.java:35)
at amazon_Project1.Project1_Amazon.Testcase01_Registration.registration(Testcase01_Registration.java:9)
at java.base/jdk.internal.reflect.DirectMethodHandleAccessor.invoke(DirectMethodHandleAccessor.java:103)
at java.base/java.lang.reflect.Method.invoke(Method.java:580)
at org.testng.internal.invokers.MethodInvocationHelper.invokeMethod(MethodInvocationHelper.java:141)
at org.testng.internal.invokers.TestInvoker.invokeMethod(TestInvoker.java:686)
at org.testng.internal.invokers.TestInvoker.invokeTestMethod(TestInvoker.java:230)
at org.testng.internal.invokers.MethodRunner.runInSequence(MethodRunner.java:63)
at org.testng.internal.invokers.TestInvoker$MethodInvocationAgent.invoke(TestInvoker.java:992)
at org.testng.internal.invokers.TestInvoker.invokeTestMethods(TestInvoker.java:203)
at org.testng.internal.invokers.TestMethodWorker.invokeTestMethods(TestMethodWorker.java:154)
at org.testng.internal.invokers.TestMethodWorker.run(TestMethodWorker.java:134)
at java.base/java.util.ArrayList.forEach(ArrayList.java:1597)
at org.testng.TestRunner.privateRun(TestRunner.java:739)
at org.testng.TestRunner.run(TestRunner.java:614)
at org.testng.SuiteRunner.runTest(SuiteRunner.java:421)
at org.testng.SuiteRunner$SuiteWorker.run(SuiteRunner.java:463)
at org.testng.internal.thread.ThreadUtil.lambda$execute$0(ThreadUtil.java:64)
at java.base/java.util.concurrent.FutureTask.run(FutureTask.java:317)
at java.base/java.util.concurrent.ThreadPoolExecutor.runWorker(ThreadPoolExecutor.java:1144)
at java.base/java.util.concurrent.ThreadPoolExecutor$Worker.run(ThreadPoolExecutor.java:642)
at java.base/java.lang.Thread.run(Thread.java:1575)
]]>
            </full-stacktrace>
          </exception> <!-- org.openqa.selenium.NoSuchSessionException -->
          <reporter-output>
          </reporter-output>
        </test-method> <!-- registration -->
        <test-method is-config="true" signature="quit()[pri:0, instance:amazon_Project1.Project1_Amazon.Testcase01_Registration@51a9ad5e]" started-at="2025-02-03T07:48:25 IST" name="quit" finished-at="2025-02-03T07:48:26 IST" duration-ms="786" status="PASS">
          <reporter-output>
          </reporter-output>
        </test-method> <!-- quit -->
        <test-method is-config="true" signature="launchbrowser(java.lang.String,java.lang.String)[pri:0, instance:amazon_Project1.Project1_Amazon.Testcase01_Registration@51a9ad5e]" started-at="2025-02-03T07:48:26 IST" name="launchbrowser" finished-at="2025-02-03T07:48:38 IST" duration-ms="12225" status="PASS">
          <params>
            <param index="0">
              <value>
                <![CDATA[chrome]]>
              </value>
            </param>
            <param index="1">
              <value is-null="true"/>
            </param>
          </params>
          <reporter-output>
          </reporter-output>
        </test-method> <!-- launchbrowser -->
        <test-method signature="registration()[pri:0, instance:amazon_Project1.Project1_Amazon.Testcase01_Registration@51a9ad5e]" started-at="2025-02-03T07:48:38 IST" name="registration" finished-at="2025-02-03T07:49:19 IST" duration-ms="40621" status="FAIL">
          <exception class="java.lang.NullPointerException">
            <message>
              <![CDATA[Cannot invoke "org.openqa.selenium.WebDriver.getClass()" because "exceptionDriver" is null]]>
            </message>
            <full-stacktrace>
              <![CDATA[java.lang.NullPointerException: Cannot invoke "org.openqa.selenium.WebDriver.getClass()" because "exceptionDriver" is null
at org.openqa.selenium.support.ui.WebDriverWait.timeoutException(WebDriverWait.java:85)
at org.openqa.selenium.support.ui.FluentWait.until(FluentWait.java:228)
at amazon_Project1.Project1_Amazon.RegistrationPage_Project1.starthere_Register(RegistrationPage_Project1.java:35)
at amazon_Project1.Project1_Amazon.Testcase01_Registration.registration(Testcase01_Registration.java:9)
at java.base/jdk.internal.reflect.DirectMethodHandleAccessor.invoke(DirectMethodHandleAccessor.java:103)
at java.base/java.lang.reflect.Method.invoke(Method.java:580)
at org.testng.internal.invokers.MethodInvocationHelper.invokeMethod(MethodInvocationHelper.java:141)
at org.testng.internal.invokers.TestInvoker.invokeMethod(TestInvoker.java:686)
at org.testng.internal.invokers.TestInvoker.retryFailed(TestInvoker.java:269)
at org.testng.internal.invokers.MethodRunner.runInSequence(MethodRunner.java:76)
at org.testng.internal.invokers.TestInvoker$MethodInvocationAgent.invoke(TestInvoker.java:992)
at org.testng.internal.invokers.TestInvoker.invokeTestMethods(TestInvoker.java:203)
at org.testng.internal.invokers.TestMethodWorker.invokeTestMethods(TestMethodWorker.java:154)
at org.testng.internal.invokers.TestMethodWorker.run(TestMethodWorker.java:134)
at java.base/java.util.ArrayList.forEach(ArrayList.java:1597)
at org.testng.TestRunner.privateRun(TestRunner.java:739)
at org.testng.TestRunner.run(TestRunner.java:614)
at org.testng.SuiteRunner.runTest(SuiteRunner.java:421)
at org.testng.SuiteRunner$SuiteWorker.run(SuiteRunner.java:463)
at org.testng.internal.thread.ThreadUtil.lambda$execute$0(ThreadUtil.java:64)
at java.base/java.util.concurrent.FutureTask.run(FutureTask.java:317)
at java.base/java.util.concurrent.ThreadPoolExecutor.runWorker(ThreadPoolExecutor.java:1144)
at java.base/java.util.concurrent.ThreadPoolExecutor$Worker.run(ThreadPoolExecutor.java:642)
at java.base/java.lang.Thread.run(Thread.java:1575)
]]>
            </full-stacktrace>
          </exception> <!-- java.lang.NullPointerException -->
          <reporter-output>
            <line>
              <![CDATA[result is failed for test=null]]>
            </line>
          </reporter-output>
        </test-method> <!-- registration -->
        <test-method is-config="true" signature="quit()[pri:0, instance:amazon_Project1.Project1_Amazon.Testcase01_Registration@51a9ad5e]" started-at="2025-02-03T07:49:19 IST" name="quit" finished-at="2025-02-03T07:49:34 IST" duration-ms="15264" status="PASS">
          <reporter-output>
          </reporter-output>
        </test-method> <!-- quit -->
      </class> <!-- amazon_Project1.Project1_Amazon.Testcase01_Registration -->
    </test> <!-- Test001 -->
    <test started-at="2025-02-03T07:48:26 IST" name="Test009" finished-at="2025-02-03T07:50:04 IST" duration-ms="97900">
      <class name="amazon_Project1.Project1_Amazon.TestCase09_Addtocart_Project1">
        <test-method is-config="true" signature="launchbrowser(java.lang.String,java.lang.String)[pri:0, instance:amazon_Project1.Project1_Amazon.TestCase09_Addtocart_Project1@6fa34d52]" started-at="2025-02-03T07:48:26 IST" name="launchbrowser" finished-at="2025-02-03T07:48:47 IST" duration-ms="20605" status="PASS">
          <params>
            <param index="0">
              <value>
                <![CDATA[chrome]]>
              </value>
            </param>
            <param index="1">
              <value is-null="true"/>
            </param>
          </params>
          <reporter-output>
          </reporter-output>
        </test-method> <!-- launchbrowser -->
        <test-method signature="addtocart()[pri:0, instance:amazon_Project1.Project1_Amazon.TestCase09_Addtocart_Project1@6fa34d52]" started-at="2025-02-03T07:48:47 IST" name="addtocart" finished-at="2025-02-03T07:49:32 IST" duration-ms="45523" status="PASS">
          <reporter-output>
            <line>
              <![CDATA[result is passed for test=addtocart]]>
            </line>
          </reporter-output>
        </test-method> <!-- addtocart -->
        <test-method is-config="true" signature="quit()[pri:0, instance:amazon_Project1.Project1_Amazon.TestCase09_Addtocart_Project1@6fa34d52]" started-at="2025-02-03T07:49:32 IST" name="quit" finished-at="2025-02-03T07:50:04 IST" duration-ms="31767" status="PASS">
          <reporter-output>
          </reporter-output>
        </test-method> <!-- quit -->
      </class> <!-- amazon_Project1.Project1_Amazon.TestCase09_Addtocart_Project1 -->
    </test> <!-- Test009 -->
    <test started-at="2025-02-03T07:48:26 IST" name="Test008" finished-at="2025-02-03T07:50:04 IST" duration-ms="98545">
      <class name="amazon_Project1.Project1_Amazon.Testcase08_VerifySort_Project1">
        <test-method is-config="true" signature="launchbrowser(java.lang.String,java.lang.String)[pri:0, instance:amazon_Project1.Project1_Amazon.Testcase08_VerifySort_Project1@7c51f34b]" started-at="2025-02-03T07:48:26 IST" name="launchbrowser" finished-at="2025-02-03T07:48:47 IST" duration-ms="21083" status="PASS">
          <params>
            <param index="0">
              <value>
                <![CDATA[chrome]]>
              </value>
            </param>
            <param index="1">
              <value is-null="true"/>
            </param>
          </params>
          <reporter-output>
          </reporter-output>
        </test-method> <!-- launchbrowser -->
        <test-method signature="verifySort()[pri:0, instance:amazon_Project1.Project1_Amazon.Testcase08_VerifySort_Project1@7c51f34b]" started-at="2025-02-03T07:48:47 IST" name="verifySort" finished-at="2025-02-03T07:49:33 IST" duration-ms="46043" status="PASS">
          <reporter-output>
            <line>
              <![CDATA[result is passed for test=verifySort]]>
            </line>
          </reporter-output>
        </test-method> <!-- verifySort -->
        <test-method is-config="true" signature="quit()[pri:0, instance:amazon_Project1.Project1_Amazon.Testcase08_VerifySort_Project1@7c51f34b]" started-at="2025-02-03T07:49:33 IST" name="quit" finished-at="2025-02-03T07:50:04 IST" duration-ms="31414" status="PASS">
          <reporter-output>
          </reporter-output>
        </test-method> <!-- quit -->
      </class> <!-- amazon_Project1.Project1_Amazon.Testcase08_VerifySort_Project1 -->
    </test> <!-- Test008 -->
    <test started-at="2025-02-03T07:48:27 IST" name="Test010" finished-at="2025-02-03T07:51:02 IST" duration-ms="154575">
      <class name="amazon_Project1.Project1_Amazon.TestCase10_AddandRemoveCart_Project1">
        <test-method is-config="true" signature="launchbrowser(java.lang.String,java.lang.String)[pri:0, instance:amazon_Project1.Project1_Amazon.TestCase10_AddandRemoveCart_Project1@7ef27d7f]" started-at="2025-02-03T07:48:27 IST" name="launchbrowser" finished-at="2025-02-03T07:48:49 IST" duration-ms="21340" status="PASS">
          <params>
            <param index="0">
              <value>
                <![CDATA[chrome]]>
              </value>
            </param>
            <param index="1">
              <value is-null="true"/>
            </param>
          </params>
          <reporter-output>
          </reporter-output>
        </test-method> <!-- launchbrowser -->
        <test-method signature="addandremove()[pri:0, instance:amazon_Project1.Project1_Amazon.TestCase10_AddandRemoveCart_Project1@7ef27d7f]" started-at="2025-02-03T07:48:49 IST" name="addandremove" finished-at="2025-02-03T07:50:30 IST" duration-ms="101848" status="PASS">
          <reporter-output>
            <line>
              <![CDATA[result is passed for test=addandremove]]>
            </line>
          </reporter-output>
        </test-method> <!-- addandremove -->
        <test-method is-config="true" signature="quit()[pri:0, instance:amazon_Project1.Project1_Amazon.TestCase10_AddandRemoveCart_Project1@7ef27d7f]" started-at="2025-02-03T07:50:30 IST" name="quit" finished-at="2025-02-03T07:51:02 IST" duration-ms="31383" status="PASS">
          <reporter-output>
          </reporter-output>
        </test-method> <!-- quit -->
      </class> <!-- amazon_Project1.Project1_Amazon.TestCase10_AddandRemoveCart_Project1 -->
    </test> <!-- Test010 -->
    <test started-at="2025-02-03T07:50:04 IST" name="Test015" finished-at="2025-02-03T07:51:30 IST" duration-ms="86395">
      <class name="amazon_Project1.Project1_Amazon.Testcase15_Cartpage_Withoutlogin">
        <test-method is-config="true" signature="launchbrowser(java.lang.String,java.lang.String)[pri:0, instance:amazon_Project1.Project1_Amazon.Testcase15_Cartpage_Withoutlogin@6d026701]" started-at="2025-02-03T07:50:04 IST" name="launchbrowser" finished-at="2025-02-03T07:50:23 IST" duration-ms="19129" status="PASS">
          <params>
            <param index="0">
              <value>
                <![CDATA[chrome]]>
              </value>
            </param>
            <param index="1">
              <value is-null="true"/>
            </param>
          </params>
          <reporter-output>
          </reporter-output>
        </test-method> <!-- launchbrowser -->
        <test-method signature="cartpage_withoutlogin()[pri:0, instance:amazon_Project1.Project1_Amazon.Testcase15_Cartpage_Withoutlogin@6d026701]" started-at="2025-02-03T07:50:23 IST" name="cartpage_withoutlogin" finished-at="2025-02-03T07:51:01 IST" duration-ms="37780" status="PASS">
          <reporter-output>
            <line>
              <![CDATA[result is passed for test=cartpage_withoutlogin]]>
            </line>
          </reporter-output>
        </test-method> <!-- cartpage_withoutlogin -->
        <test-method is-config="true" signature="quit()[pri:0, instance:amazon_Project1.Project1_Amazon.Testcase15_Cartpage_Withoutlogin@6d026701]" started-at="2025-02-03T07:51:01 IST" name="quit" finished-at="2025-02-03T07:51:30 IST" duration-ms="29477" status="PASS">
          <reporter-output>
          </reporter-output>
        </test-method> <!-- quit -->
      </class> <!-- amazon_Project1.Project1_Amazon.Testcase15_Cartpage_Withoutlogin -->
    </test> <!-- Test015 -->
    <test started-at="2025-02-03T07:49:28 IST" name="Test013" finished-at="2025-02-03T07:51:32 IST" duration-ms="124077">
      <class name="amazon_Project1.Project1_Amazon.Testcase13_applycoupen">
        <test-method is-config="true" signature="launchbrowser(java.lang.String,java.lang.String)[pri:0, instance:amazon_Project1.Project1_Amazon.Testcase13_applycoupen@563e4951]" started-at="2025-02-03T07:49:28 IST" name="launchbrowser" finished-at="2025-02-03T07:49:42 IST" duration-ms="13464" status="PASS">
          <params>
            <param index="0">
              <value>
                <![CDATA[chrome]]>
              </value>
            </param>
            <param index="1">
              <value is-null="true"/>
            </param>
          </params>
          <reporter-output>
          </reporter-output>
        </test-method> <!-- launchbrowser -->
        <test-method signature="applycoupen()[pri:0, instance:amazon_Project1.Project1_Amazon.Testcase13_applycoupen@563e4951]" started-at="2025-02-03T07:49:42 IST" name="applycoupen" finished-at="2025-02-03T07:51:03 IST" duration-ms="81265" status="PASS">
          <reporter-output>
            <line>
              <![CDATA[result is passed for test=applycoupen]]>
            </line>
          </reporter-output>
        </test-method> <!-- applycoupen -->
        <test-method is-config="true" signature="quit()[pri:0, instance:amazon_Project1.Project1_Amazon.Testcase13_applycoupen@563e4951]" started-at="2025-02-03T07:51:03 IST" name="quit" finished-at="2025-02-03T07:51:32 IST" duration-ms="29338" status="PASS">
          <reporter-output>
          </reporter-output>
        </test-method> <!-- quit -->
      </class> <!-- amazon_Project1.Project1_Amazon.Testcase13_applycoupen -->
    </test> <!-- Test013 -->
    <test started-at="2025-02-03T07:49:19 IST" name="Test011" finished-at="2025-02-03T07:52:06 IST" duration-ms="166984">
      <class name="amazon_Project1.Project1_Amazon.Testcase11_Checkoutprocess_project1">
        <test-method is-config="true" signature="launchbrowser(java.lang.String,java.lang.String)[pri:0, instance:amazon_Project1.Project1_Amazon.Testcase11_Checkoutprocess_project1@1d483de4]" started-at="2025-02-03T07:49:19 IST" name="launchbrowser" finished-at="2025-02-03T07:49:37 IST" duration-ms="18538" status="PASS">
          <params>
            <param index="0">
              <value>
                <![CDATA[chrome]]>
              </value>
            </param>
            <param index="1">
              <value is-null="true"/>
            </param>
          </params>
          <reporter-output>
          </reporter-output>
        </test-method> <!-- launchbrowser -->
        <test-method retried="true" signature="checkout()[pri:0, instance:amazon_Project1.Project1_Amazon.Testcase11_Checkoutprocess_project1@1d483de4]" started-at="2025-02-03T07:49:37 IST" name="checkout" finished-at="2025-02-03T07:50:13 IST" duration-ms="35200" status="SKIP">
          <exception class="java.util.NoSuchElementException">
            <full-stacktrace>
              <![CDATA[java.util.NoSuchElementException
at java.base/java.util.LinkedHashMap$LinkedHashIterator.nextNode(LinkedHashMap.java:1026)
at java.base/java.util.LinkedHashMap$LinkedKeyIterator.next(LinkedHashMap.java:1047)
at amazon_Project1.Project1_Amazon.Product1page_Project1.product(Product1page_Project1.java:46)
at amazon_Project1.Project1_Amazon.Testcase11_Checkoutprocess_project1.checkout(Testcase11_Checkoutprocess_project1.java:19)
at java.base/jdk.internal.reflect.DirectMethodHandleAccessor.invoke(DirectMethodHandleAccessor.java:103)
at java.base/java.lang.reflect.Method.invoke(Method.java:580)
at org.testng.internal.invokers.MethodInvocationHelper.invokeMethod(MethodInvocationHelper.java:141)
at org.testng.internal.invokers.TestInvoker.invokeMethod(TestInvoker.java:686)
at org.testng.internal.invokers.TestInvoker.invokeTestMethod(TestInvoker.java:230)
at org.testng.internal.invokers.MethodRunner.runInSequence(MethodRunner.java:63)
at org.testng.internal.invokers.TestInvoker$MethodInvocationAgent.invoke(TestInvoker.java:992)
at org.testng.internal.invokers.TestInvoker.invokeTestMethods(TestInvoker.java:203)
at org.testng.internal.invokers.TestMethodWorker.invokeTestMethods(TestMethodWorker.java:154)
at org.testng.internal.invokers.TestMethodWorker.run(TestMethodWorker.java:134)
at java.base/java.util.ArrayList.forEach(ArrayList.java:1597)
at org.testng.TestRunner.privateRun(TestRunner.java:739)
at org.testng.TestRunner.run(TestRunner.java:614)
at org.testng.SuiteRunner.runTest(SuiteRunner.java:421)
at org.testng.SuiteRunner$SuiteWorker.run(SuiteRunner.java:463)
at org.testng.internal.thread.ThreadUtil.lambda$execute$0(ThreadUtil.java:64)
at java.base/java.util.concurrent.FutureTask.run(FutureTask.java:317)
at java.base/java.util.concurrent.ThreadPoolExecutor.runWorker(ThreadPoolExecutor.java:1144)
at java.base/java.util.concurrent.ThreadPoolExecutor$Worker.run(ThreadPoolExecutor.java:642)
at java.base/java.lang.Thread.run(Thread.java:1575)
]]>
            </full-stacktrace>
          </exception> <!-- java.util.NoSuchElementException -->
          <reporter-output>
          </reporter-output>
        </test-method> <!-- checkout -->
        <test-method is-config="true" signature="quit()[pri:0, instance:amazon_Project1.Project1_Amazon.Testcase11_Checkoutprocess_project1@1d483de4]" started-at="2025-02-03T07:50:13 IST" name="quit" finished-at="2025-02-03T07:50:44 IST" duration-ms="31746" status="PASS">
          <reporter-output>
          </reporter-output>
        </test-method> <!-- quit -->
        <test-method is-config="true" signature="launchbrowser(java.lang.String,java.lang.String)[pri:0, instance:amazon_Project1.Project1_Amazon.Testcase11_Checkoutprocess_project1@1d483de4]" started-at="2025-02-03T07:50:44 IST" name="launchbrowser" finished-at="2025-02-03T07:50:58 IST" duration-ms="14047" status="PASS">
          <params>
            <param index="0">
              <value>
                <![CDATA[chrome]]>
              </value>
            </param>
            <param index="1">
              <value is-null="true"/>
            </param>
          </params>
          <reporter-output>
          </reporter-output>
        </test-method> <!-- launchbrowser -->
        <test-method signature="checkout()[pri:0, instance:amazon_Project1.Project1_Amazon.Testcase11_Checkoutprocess_project1@1d483de4]" started-at="2025-02-03T07:50:58 IST" name="checkout" finished-at="2025-02-03T07:51:34 IST" duration-ms="35740" status="FAIL">
          <exception class="org.openqa.selenium.ElementNotInteractableException">
            <message>
              <![CDATA[element not interactable: element has zero size
  (Session info: chrome=132.0.6834.160)
Build info: version: '4.27.0', revision: 'd6e718d134'
System info: os.name: 'Windows 11', os.arch: 'amd64', os.version: '10.0', java.version: '23'
Driver info: org.openqa.selenium.chrome.ChromeDriver
Command: [5fdee9e386e70f57cd33b7b99da96500, clickElement {id=f.65333D55264CB4CAC951BD4DF9B30A7F.d.24F4772EEDF73050C7299760A1E62D06.e.196}]
Capabilities {acceptInsecureCerts: false, browserName: chrome, browserVersion: 132.0.6834.160, chrome: {chromedriverVersion: 132.0.6834.159 (2d77d3fc445..., userDataDir: C:\Users\amolb\AppData\Loca...}, fedcm:accounts: true, goog:chromeOptions: {debuggerAddress: localhost:61283}, networkConnectionEnabled: false, pageLoadStrategy: normal, platformName: windows, proxy: Proxy(), se:cdp: ws://localhost:61283/devtoo..., se:cdpVersion: 132.0.6834.160, setWindowRect: true, strictFileInteractability: false, timeouts: {implicit: 0, pageLoad: 300000, script: 30000}, unhandledPromptBehavior: dismiss and notify, webauthn:extension:credBlob: true, webauthn:extension:largeBlob: true, webauthn:extension:minPinLength: true, webauthn:extension:prf: true, webauthn:virtualAuthenticators: true}
Element: [[ChromeDriver: chrome on windows (5fdee9e386e70f57cd33b7b99da96500)] -> xpath: //span[.='Cash on Delivery/Pay on Delivery'][1]]
Session ID: 5fdee9e386e70f57cd33b7b99da96500]]>
            </message>
            <full-stacktrace>
              <![CDATA[org.openqa.selenium.ElementNotInteractableException: element not interactable: element has zero size
  (Session info: chrome=132.0.6834.160)
Build info: version: '4.27.0', revision: 'd6e718d134'
System info: os.name: 'Windows 11', os.arch: 'amd64', os.version: '10.0', java.version: '23'
Driver info: org.openqa.selenium.chrome.ChromeDriver
Command: [5fdee9e386e70f57cd33b7b99da96500, clickElement {id=f.65333D55264CB4CAC951BD4DF9B30A7F.d.24F4772EEDF73050C7299760A1E62D06.e.196}]
Capabilities {acceptInsecureCerts: false, browserName: chrome, browserVersion: 132.0.6834.160, chrome: {chromedriverVersion: 132.0.6834.159 (2d77d3fc445..., userDataDir: C:\Users\amolb\AppData\Loca...}, fedcm:accounts: true, goog:chromeOptions: {debuggerAddress: localhost:61283}, networkConnectionEnabled: false, pageLoadStrategy: normal, platformName: windows, proxy: Proxy(), se:cdp: ws://localhost:61283/devtoo..., se:cdpVersion: 132.0.6834.160, setWindowRect: true, strictFileInteractability: false, timeouts: {implicit: 0, pageLoad: 300000, script: 30000}, unhandledPromptBehavior: dismiss and notify, webauthn:extension:credBlob: true, webauthn:extension:largeBlob: true, webauthn:extension:minPinLength: true, webauthn:extension:prf: true, webauthn:virtualAuthenticators: true}
Element: [[ChromeDriver: chrome on windows (5fdee9e386e70f57cd33b7b99da96500)] -> xpath: //span[.='Cash on Delivery/Pay on Delivery'][1]]
Session ID: 5fdee9e386e70f57cd33b7b99da96500
at java.base/jdk.internal.reflect.DirectConstructorHandleAccessor.newInstance(DirectConstructorHandleAccessor.java:62)
at java.base/java.lang.reflect.Constructor.newInstanceWithCaller(Constructor.java:501)
at java.base/java.lang.reflect.Constructor.newInstance(Constructor.java:485)
at org.openqa.selenium.remote.ErrorCodec.decode(ErrorCodec.java:167)
at org.openqa.selenium.remote.codec.w3c.W3CHttpResponseCodec.decode(W3CHttpResponseCodec.java:138)
at org.openqa.selenium.remote.codec.w3c.W3CHttpResponseCodec.decode(W3CHttpResponseCodec.java:50)
at org.openqa.selenium.remote.HttpCommandExecutor.execute(HttpCommandExecutor.java:190)
at org.openqa.selenium.remote.service.DriverCommandExecutor.invokeExecute(DriverCommandExecutor.java:216)
at org.openqa.selenium.remote.service.DriverCommandExecutor.execute(DriverCommandExecutor.java:174)
at org.openqa.selenium.remote.RemoteWebDriver.execute(RemoteWebDriver.java:545)
at org.openqa.selenium.remote.RemoteWebElement.execute(RemoteWebElement.java:223)
at org.openqa.selenium.remote.RemoteWebElement.click(RemoteWebElement.java:76)
at java.base/jdk.internal.reflect.DirectMethodHandleAccessor.invoke(DirectMethodHandleAccessor.java:103)
at java.base/java.lang.reflect.Method.invoke(Method.java:580)
at org.openqa.selenium.support.pagefactory.internal.LocatingElementHandler.invoke(LocatingElementHandler.java:51)
at jdk.proxy2/jdk.proxy2.$Proxy18.click(Unknown Source)
at amazon_Project1.Project1_Amazon.PaymentPage_project1.Cashondeliveryoption(PaymentPage_project1.java:76)
at amazon_Project1.Project1_Amazon.Testcase11_Checkoutprocess_project1.checkout(Testcase11_Checkoutprocess_project1.java:23)
at java.base/jdk.internal.reflect.DirectMethodHandleAccessor.invoke(DirectMethodHandleAccessor.java:103)
at java.base/java.lang.reflect.Method.invoke(Method.java:580)
at org.testng.internal.invokers.MethodInvocationHelper.invokeMethod(MethodInvocationHelper.java:141)
at org.testng.internal.invokers.TestInvoker.invokeMethod(TestInvoker.java:686)
at org.testng.internal.invokers.TestInvoker.retryFailed(TestInvoker.java:269)
at org.testng.internal.invokers.MethodRunner.runInSequence(MethodRunner.java:76)
at org.testng.internal.invokers.TestInvoker$MethodInvocationAgent.invoke(TestInvoker.java:992)
at org.testng.internal.invokers.TestInvoker.invokeTestMethods(TestInvoker.java:203)
at org.testng.internal.invokers.TestMethodWorker.invokeTestMethods(TestMethodWorker.java:154)
at org.testng.internal.invokers.TestMethodWorker.run(TestMethodWorker.java:134)
at java.base/java.util.ArrayList.forEach(ArrayList.java:1597)
at org.testng.TestRunner.privateRun(TestRunner.java:739)
at org.testng.TestRunner.run(TestRunner.java:614)
at org.testng.SuiteRunner.runTest(SuiteRunner.java:421)
at org.testng.SuiteRunner$SuiteWorker.run(SuiteRunner.java:463)
at org.testng.internal.thread.ThreadUtil.lambda$execute$0(ThreadUtil.java:64)
at java.base/java.util.concurrent.FutureTask.run(FutureTask.java:317)
at java.base/java.util.concurrent.ThreadPoolExecutor.runWorker(ThreadPoolExecutor.java:1144)
at java.base/java.util.concurrent.ThreadPoolExecutor$Worker.run(ThreadPoolExecutor.java:642)
at java.base/java.lang.Thread.run(Thread.java:1575)
]]>
            </full-stacktrace>
          </exception> <!-- org.openqa.selenium.ElementNotInteractableException -->
          <reporter-output>
            <line>
              <![CDATA[result is failed for test=null]]>
            </line>
          </reporter-output>
        </test-method> <!-- checkout -->
        <test-method is-config="true" signature="quit()[pri:0, instance:amazon_Project1.Project1_Amazon.Testcase11_Checkoutprocess_project1@1d483de4]" started-at="2025-02-03T07:51:34 IST" name="quit" finished-at="2025-02-03T07:52:06 IST" duration-ms="31705" status="PASS">
          <reporter-output>
          </reporter-output>
        </test-method> <!-- quit -->
      </class> <!-- amazon_Project1.Project1_Amazon.Testcase11_Checkoutprocess_project1 -->
    </test> <!-- Test011 -->
    <test started-at="2025-02-03T07:51:03 IST" name="Test02" finished-at="2025-02-03T07:52:23 IST" duration-ms="79170">
      <class name="amazon_Project1.Project1_Amazon.TestCase02_Loginwithcorrectcred">
        <test-method is-config="true" signature="launchbrowser(java.lang.String,java.lang.String)[pri:0, instance:amazon_Project1.Project1_Amazon.TestCase02_Loginwithcorrectcred@5170bcf4]" started-at="2025-02-03T07:51:04 IST" name="launchbrowser" finished-at="2025-02-03T07:51:12 IST" duration-ms="8055" status="PASS">
          <params>
            <param index="0">
              <value>
                <![CDATA[chrome]]>
              </value>
            </param>
            <param index="1">
              <value is-null="true"/>
            </param>
          </params>
          <reporter-output>
          </reporter-output>
        </test-method> <!-- launchbrowser -->
        <test-method signature="loginwithcorrectcred(java.lang.String,java.lang.String)[pri:0, instance:amazon_Project1.Project1_Amazon.TestCase02_Loginwithcorrectcred@5170bcf4]" started-at="2025-02-03T07:51:12 IST" name="loginwithcorrectcred" data-provider="usernamepass" finished-at="2025-02-03T07:51:42 IST" duration-ms="30248" status="PASS">
          <params>
            <param index="0">
              <value>
                <![CDATA[shital.bhosale@hotmail.com]]>
              </value>
            </param>
            <param index="1">
              <value>
                <![CDATA[Test@12345]]>
              </value>
            </param>
          </params>
          <reporter-output>
            <line>
              <![CDATA[result is passed for test=loginwithcorrectcred]]>
            </line>
          </reporter-output>
        </test-method> <!-- loginwithcorrectcred -->
        <test-method is-config="true" signature="quit()[pri:0, instance:amazon_Project1.Project1_Amazon.TestCase02_Loginwithcorrectcred@5170bcf4]" started-at="2025-02-03T07:51:42 IST" name="quit" finished-at="2025-02-03T07:52:13 IST" duration-ms="31301" status="PASS">
          <reporter-output>
          </reporter-output>
        </test-method> <!-- quit -->
        <test-method is-config="true" signature="launchbrowser(java.lang.String,java.lang.String)[pri:0, instance:amazon_Project1.Project1_Amazon.TestCase02_Loginwithcorrectcred@5170bcf4]" started-at="2025-02-03T07:52:13 IST" name="launchbrowser" finished-at="2025-02-03T07:52:23 IST" duration-ms="9293" status="FAIL">
          <params>
            <param index="0">
              <value>
                <![CDATA[chrome]]>
              </value>
            </param>
            <param index="1">
              <value is-null="true"/>
            </param>
          </params>
          <exception class="org.openqa.selenium.WebDriverException">
            <message>
              <![CDATA[unknown error: unhandled inspector error: {"code":-32000,"message":"To maximize a minimized or fullscreen window, restore it to normal state first."}
  (Session info: chrome=132.0.6834.160)
Build info: version: '4.27.0', revision: 'd6e718d134'
System info: os.name: 'Windows 11', os.arch: 'amd64', os.version: '10.0', java.version: '23'
Driver info: org.openqa.selenium.chrome.ChromeDriver
Command: [8e25ceb2db4d3d8db961e34771e26d9a, maximizeCurrentWindow {}]
Capabilities {acceptInsecureCerts: false, browserName: chrome, browserVersion: 132.0.6834.160, chrome: {chromedriverVersion: 132.0.6834.159 (2d77d3fc445..., userDataDir: C:\Users\amolb\AppData\Loca...}, fedcm:accounts: true, goog:chromeOptions: {debuggerAddress: localhost:62472}, networkConnectionEnabled: false, pageLoadStrategy: normal, platformName: windows, proxy: Proxy(), se:cdp: ws://localhost:62472/devtoo..., se:cdpVersion: 132.0.6834.160, setWindowRect: true, strictFileInteractability: false, timeouts: {implicit: 0, pageLoad: 300000, script: 30000}, unhandledPromptBehavior: dismiss and notify, webauthn:extension:credBlob: true, webauthn:extension:largeBlob: true, webauthn:extension:minPinLength: true, webauthn:extension:prf: true, webauthn:virtualAuthenticators: true}
Session ID: 8e25ceb2db4d3d8db961e34771e26d9a]]>
            </message>
            <full-stacktrace>
              <![CDATA[org.openqa.selenium.WebDriverException: unknown error: unhandled inspector error: {"code":-32000,"message":"To maximize a minimized or fullscreen window, restore it to normal state first."}
  (Session info: chrome=132.0.6834.160)
Build info: version: '4.27.0', revision: 'd6e718d134'
System info: os.name: 'Windows 11', os.arch: 'amd64', os.version: '10.0', java.version: '23'
Driver info: org.openqa.selenium.chrome.ChromeDriver
Command: [8e25ceb2db4d3d8db961e34771e26d9a, maximizeCurrentWindow {}]
Capabilities {acceptInsecureCerts: false, browserName: chrome, browserVersion: 132.0.6834.160, chrome: {chromedriverVersion: 132.0.6834.159 (2d77d3fc445..., userDataDir: C:\Users\amolb\AppData\Loca...}, fedcm:accounts: true, goog:chromeOptions: {debuggerAddress: localhost:62472}, networkConnectionEnabled: false, pageLoadStrategy: normal, platformName: windows, proxy: Proxy(), se:cdp: ws://localhost:62472/devtoo..., se:cdpVersion: 132.0.6834.160, setWindowRect: true, strictFileInteractability: false, timeouts: {implicit: 0, pageLoad: 300000, script: 30000}, unhandledPromptBehavior: dismiss and notify, webauthn:extension:credBlob: true, webauthn:extension:largeBlob: true, webauthn:extension:minPinLength: true, webauthn:extension:prf: true, webauthn:virtualAuthenticators: true}
Session ID: 8e25ceb2db4d3d8db961e34771e26d9a
at java.base/jdk.internal.reflect.DirectConstructorHandleAccessor.newInstance(DirectConstructorHandleAccessor.java:62)
at java.base/java.lang.reflect.Constructor.newInstanceWithCaller(Constructor.java:501)
at java.base/java.lang.reflect.Constructor.newInstance(Constructor.java:485)
at org.openqa.selenium.remote.ErrorCodec.decode(ErrorCodec.java:167)
at org.openqa.selenium.remote.codec.w3c.W3CHttpResponseCodec.decode(W3CHttpResponseCodec.java:138)
at org.openqa.selenium.remote.codec.w3c.W3CHttpResponseCodec.decode(W3CHttpResponseCodec.java:50)
at org.openqa.selenium.remote.HttpCommandExecutor.execute(HttpCommandExecutor.java:190)
at org.openqa.selenium.remote.service.DriverCommandExecutor.invokeExecute(DriverCommandExecutor.java:216)
at org.openqa.selenium.remote.service.DriverCommandExecutor.execute(DriverCommandExecutor.java:174)
at org.openqa.selenium.remote.RemoteWebDriver.execute(RemoteWebDriver.java:545)
at org.openqa.selenium.remote.RemoteWebDriver.execute(RemoteWebDriver.java:618)
at org.openqa.selenium.remote.RemoteWebDriver.execute(RemoteWebDriver.java:622)
at org.openqa.selenium.remote.RemoteWebDriver$RemoteWebDriverOptions$RemoteWindow.maximize(RemoteWebDriver.java:1061)
at amazon_Project1.Project1_Amazon.LoginandQuit.launchbrowser(LoginandQuit.java:37)
at java.base/jdk.internal.reflect.DirectMethodHandleAccessor.invoke(DirectMethodHandleAccessor.java:103)
at java.base/java.lang.reflect.Method.invoke(Method.java:580)
at org.testng.internal.invokers.MethodInvocationHelper.invokeMethod(MethodInvocationHelper.java:141)
at org.testng.internal.invokers.MethodInvocationHelper.invokeMethodConsideringTimeout(MethodInvocationHelper.java:71)
at org.testng.internal.invokers.ConfigInvoker.invokeConfigurationMethod(ConfigInvoker.java:400)
at org.testng.internal.invokers.ConfigInvoker.invokeConfigurations(ConfigInvoker.java:333)
at org.testng.internal.invokers.TestInvoker.runConfigMethods(TestInvoker.java:833)
at org.testng.internal.invokers.TestInvoker.invokeMethod(TestInvoker.java:600)
at org.testng.internal.invokers.TestInvoker.invokeTestMethod(TestInvoker.java:230)
at org.testng.internal.invokers.MethodRunner.runInSequence(MethodRunner.java:63)
at org.testng.internal.invokers.TestInvoker$MethodInvocationAgent.invoke(TestInvoker.java:992)
at org.testng.internal.invokers.TestInvoker.invokeTestMethods(TestInvoker.java:203)
at org.testng.internal.invokers.TestMethodWorker.invokeTestMethods(TestMethodWorker.java:154)
at org.testng.internal.invokers.TestMethodWorker.run(TestMethodWorker.java:134)
at java.base/java.util.ArrayList.forEach(ArrayList.java:1597)
at org.testng.TestRunner.privateRun(TestRunner.java:739)
at org.testng.TestRunner.run(TestRunner.java:614)
at org.testng.SuiteRunner.runTest(SuiteRunner.java:421)
at org.testng.SuiteRunner$SuiteWorker.run(SuiteRunner.java:463)
at org.testng.internal.thread.ThreadUtil.lambda$execute$0(ThreadUtil.java:64)
at java.base/java.util.concurrent.FutureTask.run(FutureTask.java:317)
at java.base/java.util.concurrent.ThreadPoolExecutor.runWorker(ThreadPoolExecutor.java:1144)
at java.base/java.util.concurrent.ThreadPoolExecutor$Worker.run(ThreadPoolExecutor.java:642)
at java.base/java.lang.Thread.run(Thread.java:1575)
]]>
            </full-stacktrace>
          </exception> <!-- org.openqa.selenium.WebDriverException -->
          <reporter-output>
          </reporter-output>
        </test-method> <!-- launchbrowser -->
        <test-method signature="loginwithcorrectcred(java.lang.String,java.lang.String)[pri:0, instance:amazon_Project1.Project1_Amazon.TestCase02_Loginwithcorrectcred@5170bcf4]" started-at="2025-02-03T07:52:23 IST" name="loginwithcorrectcred" data-provider="usernamepass" finished-at="2025-02-03T07:52:23 IST" duration-ms="1" status="SKIP">
          <params>
            <param index="0">
              <value>
                <![CDATA[9604232794
]]>
              </value>
            </param>
            <param index="1">
              <value>
                <![CDATA[Komal@2025]]>
              </value>
            </param>
          </params>
          <exception class="org.openqa.selenium.WebDriverException">
            <message>
              <![CDATA[unknown error: unhandled inspector error: {"code":-32000,"message":"To maximize a minimized or fullscreen window, restore it to normal state first."}
  (Session info: chrome=132.0.6834.160)
Build info: version: '4.27.0', revision: 'd6e718d134'
System info: os.name: 'Windows 11', os.arch: 'amd64', os.version: '10.0', java.version: '23'
Driver info: org.openqa.selenium.chrome.ChromeDriver
Command: [8e25ceb2db4d3d8db961e34771e26d9a, maximizeCurrentWindow {}]
Capabilities {acceptInsecureCerts: false, browserName: chrome, browserVersion: 132.0.6834.160, chrome: {chromedriverVersion: 132.0.6834.159 (2d77d3fc445..., userDataDir: C:\Users\amolb\AppData\Loca...}, fedcm:accounts: true, goog:chromeOptions: {debuggerAddress: localhost:62472}, networkConnectionEnabled: false, pageLoadStrategy: normal, platformName: windows, proxy: Proxy(), se:cdp: ws://localhost:62472/devtoo..., se:cdpVersion: 132.0.6834.160, setWindowRect: true, strictFileInteractability: false, timeouts: {implicit: 0, pageLoad: 300000, script: 30000}, unhandledPromptBehavior: dismiss and notify, webauthn:extension:credBlob: true, webauthn:extension:largeBlob: true, webauthn:extension:minPinLength: true, webauthn:extension:prf: true, webauthn:virtualAuthenticators: true}
Session ID: 8e25ceb2db4d3d8db961e34771e26d9a]]>
            </message>
            <full-stacktrace>
              <![CDATA[org.openqa.selenium.WebDriverException: unknown error: unhandled inspector error: {"code":-32000,"message":"To maximize a minimized or fullscreen window, restore it to normal state first."}
  (Session info: chrome=132.0.6834.160)
Build info: version: '4.27.0', revision: 'd6e718d134'
System info: os.name: 'Windows 11', os.arch: 'amd64', os.version: '10.0', java.version: '23'
Driver info: org.openqa.selenium.chrome.ChromeDriver
Command: [8e25ceb2db4d3d8db961e34771e26d9a, maximizeCurrentWindow {}]
Capabilities {acceptInsecureCerts: false, browserName: chrome, browserVersion: 132.0.6834.160, chrome: {chromedriverVersion: 132.0.6834.159 (2d77d3fc445..., userDataDir: C:\Users\amolb\AppData\Loca...}, fedcm:accounts: true, goog:chromeOptions: {debuggerAddress: localhost:62472}, networkConnectionEnabled: false, pageLoadStrategy: normal, platformName: windows, proxy: Proxy(), se:cdp: ws://localhost:62472/devtoo..., se:cdpVersion: 132.0.6834.160, setWindowRect: true, strictFileInteractability: false, timeouts: {implicit: 0, pageLoad: 300000, script: 30000}, unhandledPromptBehavior: dismiss and notify, webauthn:extension:credBlob: true, webauthn:extension:largeBlob: true, webauthn:extension:minPinLength: true, webauthn:extension:prf: true, webauthn:virtualAuthenticators: true}
Session ID: 8e25ceb2db4d3d8db961e34771e26d9a
at java.base/jdk.internal.reflect.DirectConstructorHandleAccessor.newInstance(DirectConstructorHandleAccessor.java:62)
at java.base/java.lang.reflect.Constructor.newInstanceWithCaller(Constructor.java:501)
at java.base/java.lang.reflect.Constructor.newInstance(Constructor.java:485)
at org.openqa.selenium.remote.ErrorCodec.decode(ErrorCodec.java:167)
at org.openqa.selenium.remote.codec.w3c.W3CHttpResponseCodec.decode(W3CHttpResponseCodec.java:138)
at org.openqa.selenium.remote.codec.w3c.W3CHttpResponseCodec.decode(W3CHttpResponseCodec.java:50)
at org.openqa.selenium.remote.HttpCommandExecutor.execute(HttpCommandExecutor.java:190)
at org.openqa.selenium.remote.service.DriverCommandExecutor.invokeExecute(DriverCommandExecutor.java:216)
at org.openqa.selenium.remote.service.DriverCommandExecutor.execute(DriverCommandExecutor.java:174)
at org.openqa.selenium.remote.RemoteWebDriver.execute(RemoteWebDriver.java:545)
at org.openqa.selenium.remote.RemoteWebDriver.execute(RemoteWebDriver.java:618)
at org.openqa.selenium.remote.RemoteWebDriver.execute(RemoteWebDriver.java:622)
at org.openqa.selenium.remote.RemoteWebDriver$RemoteWebDriverOptions$RemoteWindow.maximize(RemoteWebDriver.java:1061)
at amazon_Project1.Project1_Amazon.LoginandQuit.launchbrowser(LoginandQuit.java:37)
at java.base/jdk.internal.reflect.DirectMethodHandleAccessor.invoke(DirectMethodHandleAccessor.java:103)
at java.base/java.lang.reflect.Method.invoke(Method.java:580)
at org.testng.internal.invokers.MethodInvocationHelper.invokeMethod(MethodInvocationHelper.java:141)
at org.testng.internal.invokers.MethodInvocationHelper.invokeMethodConsideringTimeout(MethodInvocationHelper.java:71)
at org.testng.internal.invokers.ConfigInvoker.invokeConfigurationMethod(ConfigInvoker.java:400)
at org.testng.internal.invokers.ConfigInvoker.invokeConfigurations(ConfigInvoker.java:333)
at org.testng.internal.invokers.TestInvoker.runConfigMethods(TestInvoker.java:833)
at org.testng.internal.invokers.TestInvoker.invokeMethod(TestInvoker.java:600)
at org.testng.internal.invokers.TestInvoker.invokeTestMethod(TestInvoker.java:230)
at org.testng.internal.invokers.MethodRunner.runInSequence(MethodRunner.java:63)
at org.testng.internal.invokers.TestInvoker$MethodInvocationAgent.invoke(TestInvoker.java:992)
at org.testng.internal.invokers.TestInvoker.invokeTestMethods(TestInvoker.java:203)
at org.testng.internal.invokers.TestMethodWorker.invokeTestMethods(TestMethodWorker.java:154)
at org.testng.internal.invokers.TestMethodWorker.run(TestMethodWorker.java:134)
at java.base/java.util.ArrayList.forEach(ArrayList.java:1597)
at org.testng.TestRunner.privateRun(TestRunner.java:739)
at org.testng.TestRunner.run(TestRunner.java:614)
at org.testng.SuiteRunner.runTest(SuiteRunner.java:421)
at org.testng.SuiteRunner$SuiteWorker.run(SuiteRunner.java:463)
at org.testng.internal.thread.ThreadUtil.lambda$execute$0(ThreadUtil.java:64)
at java.base/java.util.concurrent.FutureTask.run(FutureTask.java:317)
at java.base/java.util.concurrent.ThreadPoolExecutor.runWorker(ThreadPoolExecutor.java:1144)
at java.base/java.util.concurrent.ThreadPoolExecutor$Worker.run(ThreadPoolExecutor.java:642)
at java.base/java.lang.Thread.run(Thread.java:1575)
]]>
            </full-stacktrace>
          </exception> <!-- org.openqa.selenium.WebDriverException -->
          <reporter-output>
          </reporter-output>
        </test-method> <!-- loginwithcorrectcred -->
        <test-method is-config="true" signature="quit()[pri:0, instance:amazon_Project1.Project1_Amazon.TestCase02_Loginwithcorrectcred@5170bcf4]" started-at="2025-02-03T07:52:23 IST" name="quit" finished-at="2025-02-03T07:52:23 IST" duration-ms="0" status="SKIP">
          <reporter-output>
          </reporter-output>
        </test-method> <!-- quit -->
      </class> <!-- amazon_Project1.Project1_Amazon.TestCase02_Loginwithcorrectcred -->
    </test> <!-- Test02 -->
    <test started-at="2025-02-03T07:49:25 IST" name="Test012" finished-at="2025-02-03T07:52:27 IST" duration-ms="182418">
      <class name="amazon_Project1.Project1_Amazon.Testcase12_Allpaymentmethod_Project1">
        <test-method is-config="true" signature="launchbrowser(java.lang.String,java.lang.String)[pri:0, instance:amazon_Project1.Project1_Amazon.Testcase12_Allpaymentmethod_Project1@3b74ac8]" started-at="2025-02-03T07:49:25 IST" name="launchbrowser" finished-at="2025-02-03T07:50:03 IST" duration-ms="38010" status="PASS">
          <params>
            <param index="0">
              <value>
                <![CDATA[chrome]]>
              </value>
            </param>
            <param index="1">
              <value is-null="true"/>
            </param>
          </params>
          <reporter-output>
          </reporter-output>
        </test-method> <!-- launchbrowser -->
        <test-method signature="allpaymentmethod()[pri:0, instance:amazon_Project1.Project1_Amazon.Testcase12_Allpaymentmethod_Project1@3b74ac8]" started-at="2025-02-03T07:50:03 IST" name="allpaymentmethod" finished-at="2025-02-03T07:51:56 IST" duration-ms="112961" status="PASS">
          <reporter-output>
            <line>
              <![CDATA[result is passed for test=allpaymentmethod]]>
            </line>
          </reporter-output>
        </test-method> <!-- allpaymentmethod -->
        <test-method is-config="true" signature="quit()[pri:0, instance:amazon_Project1.Project1_Amazon.Testcase12_Allpaymentmethod_Project1@3b74ac8]" started-at="2025-02-03T07:51:56 IST" name="quit" finished-at="2025-02-03T07:52:27 IST" duration-ms="31442" status="PASS">
          <reporter-output>
          </reporter-output>
        </test-method> <!-- quit -->
      </class> <!-- amazon_Project1.Project1_Amazon.Testcase12_Allpaymentmethod_Project1 -->
    </test> <!-- Test012 -->
    <test started-at="2025-02-03T07:50:04 IST" name="Test01" finished-at="2025-02-03T07:52:29 IST" duration-ms="144943">
      <class name="amazon_Project1.Project1_Amazon.Testcase01_Registration">
        <test-method is-config="true" signature="launchbrowser(java.lang.String,java.lang.String)[pri:0, instance:amazon_Project1.Project1_Amazon.Testcase01_Registration@35399441]" started-at="2025-02-03T07:50:04 IST" name="launchbrowser" finished-at="2025-02-03T07:50:29 IST" duration-ms="24817" status="PASS">
          <params>
            <param index="0">
              <value>
                <![CDATA[chrome]]>
              </value>
            </param>
            <param index="1">
              <value is-null="true"/>
            </param>
          </params>
          <reporter-output>
          </reporter-output>
        </test-method> <!-- launchbrowser -->
        <test-method retried="true" signature="registration()[pri:0, instance:amazon_Project1.Project1_Amazon.Testcase01_Registration@35399441]" started-at="2025-02-03T07:50:29 IST" name="registration" finished-at="2025-02-03T07:51:11 IST" duration-ms="41665" status="SKIP">
          <exception class="java.lang.NullPointerException">
            <message>
              <![CDATA[Cannot invoke "org.openqa.selenium.WebDriver.getClass()" because "exceptionDriver" is null]]>
            </message>
            <full-stacktrace>
              <![CDATA[java.lang.NullPointerException: Cannot invoke "org.openqa.selenium.WebDriver.getClass()" because "exceptionDriver" is null
at org.openqa.selenium.support.ui.WebDriverWait.timeoutException(WebDriverWait.java:85)
at org.openqa.selenium.support.ui.FluentWait.until(FluentWait.java:228)
at amazon_Project1.Project1_Amazon.RegistrationPage_Project1.starthere_Register(RegistrationPage_Project1.java:35)
at amazon_Project1.Project1_Amazon.Testcase01_Registration.registration(Testcase01_Registration.java:9)
at java.base/jdk.internal.reflect.DirectMethodHandleAccessor.invoke(DirectMethodHandleAccessor.java:103)
at java.base/java.lang.reflect.Method.invoke(Method.java:580)
at org.testng.internal.invokers.MethodInvocationHelper.invokeMethod(MethodInvocationHelper.java:141)
at org.testng.internal.invokers.TestInvoker.invokeMethod(TestInvoker.java:686)
at org.testng.internal.invokers.TestInvoker.invokeTestMethod(TestInvoker.java:230)
at org.testng.internal.invokers.MethodRunner.runInSequence(MethodRunner.java:63)
at org.testng.internal.invokers.TestInvoker$MethodInvocationAgent.invoke(TestInvoker.java:992)
at org.testng.internal.invokers.TestInvoker.invokeTestMethods(TestInvoker.java:203)
at org.testng.internal.invokers.TestMethodWorker.invokeTestMethods(TestMethodWorker.java:154)
at org.testng.internal.invokers.TestMethodWorker.run(TestMethodWorker.java:134)
at java.base/java.util.ArrayList.forEach(ArrayList.java:1597)
at org.testng.TestRunner.privateRun(TestRunner.java:739)
at org.testng.TestRunner.run(TestRunner.java:614)
at org.testng.SuiteRunner.runTest(SuiteRunner.java:421)
at org.testng.SuiteRunner$SuiteWorker.run(SuiteRunner.java:463)
at org.testng.internal.thread.ThreadUtil.lambda$execute$0(ThreadUtil.java:64)
at java.base/java.util.concurrent.FutureTask.run(FutureTask.java:317)
at java.base/java.util.concurrent.ThreadPoolExecutor.runWorker(ThreadPoolExecutor.java:1144)
at java.base/java.util.concurrent.ThreadPoolExecutor$Worker.run(ThreadPoolExecutor.java:642)
at java.base/java.lang.Thread.run(Thread.java:1575)
]]>
            </full-stacktrace>
          </exception> <!-- java.lang.NullPointerException -->
          <reporter-output>
          </reporter-output>
        </test-method> <!-- registration -->
        <test-method is-config="true" signature="quit()[pri:0, instance:amazon_Project1.Project1_Amazon.Testcase01_Registration@35399441]" started-at="2025-02-03T07:51:11 IST" name="quit" finished-at="2025-02-03T07:51:30 IST" duration-ms="19275" status="PASS">
          <reporter-output>
          </reporter-output>
        </test-method> <!-- quit -->
        <test-method is-config="true" signature="launchbrowser(java.lang.String,java.lang.String)[pri:0, instance:amazon_Project1.Project1_Amazon.Testcase01_Registration@35399441]" started-at="2025-02-03T07:51:30 IST" name="launchbrowser" finished-at="2025-02-03T07:51:44 IST" duration-ms="13772" status="PASS">
          <params>
            <param index="0">
              <value>
                <![CDATA[chrome]]>
              </value>
            </param>
            <param index="1">
              <value is-null="true"/>
            </param>
          </params>
          <reporter-output>
          </reporter-output>
        </test-method> <!-- launchbrowser -->
        <test-method signature="registration()[pri:0, instance:amazon_Project1.Project1_Amazon.Testcase01_Registration@35399441]" started-at="2025-02-03T07:51:44 IST" name="registration" finished-at="2025-02-03T07:51:57 IST" duration-ms="13618" status="PASS">
          <reporter-output>
            <line>
              <![CDATA[result is passed for test=registration]]>
            </line>
          </reporter-output>
        </test-method> <!-- registration -->
        <test-method is-config="true" signature="quit()[pri:0, instance:amazon_Project1.Project1_Amazon.Testcase01_Registration@35399441]" started-at="2025-02-03T07:51:57 IST" name="quit" finished-at="2025-02-03T07:52:29 IST" duration-ms="31790" status="PASS">
          <reporter-output>
          </reporter-output>
        </test-method> <!-- quit -->
      </class> <!-- amazon_Project1.Project1_Amazon.Testcase01_Registration -->
    </test> <!-- Test01 -->
    <test started-at="2025-02-03T07:51:30 IST" name="Test03" finished-at="2025-02-03T07:52:40 IST" duration-ms="69744">
      <class name="amazon_Project1.Project1_Amazon.TestCase03_LoginwithIncorrect">
        <test-method is-config="true" signature="launchbrowser(java.lang.String,java.lang.String)[pri:0, instance:amazon_Project1.Project1_Amazon.TestCase03_LoginwithIncorrect@4e31276e]" started-at="2025-02-03T07:51:30 IST" name="launchbrowser" finished-at="2025-02-03T07:51:46 IST" duration-ms="15679" status="PASS">
          <params>
            <param index="0">
              <value>
                <![CDATA[chrome]]>
              </value>
            </param>
            <param index="1">
              <value is-null="true"/>
            </param>
          </params>
          <reporter-output>
          </reporter-output>
        </test-method> <!-- launchbrowser -->
        <test-method signature="loginwithincorrectcred()[pri:0, instance:amazon_Project1.Project1_Amazon.TestCase03_LoginwithIncorrect@4e31276e]" started-at="2025-02-03T07:51:46 IST" name="loginwithincorrectcred" finished-at="2025-02-03T07:52:08 IST" duration-ms="21777" status="PASS">
          <reporter-output>
            <line>
              <![CDATA[result is passed for test=loginwithincorrectcred]]>
            </line>
          </reporter-output>
        </test-method> <!-- loginwithincorrectcred -->
        <test-method is-config="true" signature="quit()[pri:0, instance:amazon_Project1.Project1_Amazon.TestCase03_LoginwithIncorrect@4e31276e]" started-at="2025-02-03T07:52:08 IST" name="quit" finished-at="2025-02-03T07:52:40 IST" duration-ms="32284" status="PASS">
          <reporter-output>
          </reporter-output>
        </test-method> <!-- quit -->
      </class> <!-- amazon_Project1.Project1_Amazon.TestCase03_LoginwithIncorrect -->
    </test> <!-- Test03 -->
    <test started-at="2025-02-03T07:51:32 IST" name="Test04" finished-at="2025-02-03T07:53:05 IST" duration-ms="92741">
      <class name="amazon_Project1.Project1_Amazon.TestCase04_Editprofile">
        <test-method is-config="true" signature="launchbrowser(java.lang.String,java.lang.String)[pri:0, instance:amazon_Project1.Project1_Amazon.TestCase04_Editprofile@198d6542]" started-at="2025-02-03T07:51:32 IST" name="launchbrowser" finished-at="2025-02-03T07:51:53 IST" duration-ms="20740" status="PASS">
          <params>
            <param index="0">
              <value>
                <![CDATA[chrome]]>
              </value>
            </param>
            <param index="1">
              <value is-null="true"/>
            </param>
          </params>
          <reporter-output>
          </reporter-output>
        </test-method> <!-- launchbrowser -->
        <test-method signature="editprofile()[pri:0, instance:amazon_Project1.Project1_Amazon.TestCase04_Editprofile@198d6542]" started-at="2025-02-03T07:51:53 IST" name="editprofile" finished-at="2025-02-03T07:52:31 IST" duration-ms="38143" status="PASS">
          <reporter-output>
            <line>
              <![CDATA[result is passed for test=editprofile]]>
            </line>
          </reporter-output>
        </test-method> <!-- editprofile -->
        <test-method is-config="true" signature="quit()[pri:0, instance:amazon_Project1.Project1_Amazon.TestCase04_Editprofile@198d6542]" started-at="2025-02-03T07:52:31 IST" name="quit" finished-at="2025-02-03T07:53:05 IST" duration-ms="33857" status="PASS">
          <reporter-output>
          </reporter-output>
        </test-method> <!-- quit -->
      </class> <!-- amazon_Project1.Project1_Amazon.TestCase04_Editprofile -->
    </test> <!-- Test04 -->
    <test started-at="2025-02-03T07:49:34 IST" name="Test014" finished-at="2025-02-03T07:53:16 IST" duration-ms="221517">
      <class name="amazon_Project1.Project1_Amazon.Testcase14_Starrating_placedorder">
        <test-method is-config="true" signature="launchbrowser(java.lang.String,java.lang.String)[pri:0, instance:amazon_Project1.Project1_Amazon.Testcase14_Starrating_placedorder@1ae8bcbc]" started-at="2025-02-03T07:49:34 IST" name="launchbrowser" finished-at="2025-02-03T07:50:00 IST" duration-ms="25839" status="PASS">
          <params>
            <param index="0">
              <value>
                <![CDATA[chrome]]>
              </value>
            </param>
            <param index="1">
              <value is-null="true"/>
            </param>
          </params>
          <reporter-output>
          </reporter-output>
        </test-method> <!-- launchbrowser -->
        <test-method retried="true" signature="applycoupen()[pri:0, instance:amazon_Project1.Project1_Amazon.Testcase14_Starrating_placedorder@1ae8bcbc]" started-at="2025-02-03T07:50:00 IST" name="applycoupen" finished-at="2025-02-03T07:51:04 IST" duration-ms="64171" status="SKIP">
          <exception class="org.openqa.selenium.ElementNotInteractableException">
            <message>
              <![CDATA[element not interactable: element has zero size
  (Session info: chrome=132.0.6834.160)
Build info: version: '4.27.0', revision: 'd6e718d134'
System info: os.name: 'Windows 11', os.arch: 'amd64', os.version: '10.0', java.version: '23'
Driver info: org.openqa.selenium.chrome.ChromeDriver
Command: [90f5278c32cf0b9f33e43c2d3f7393c3, clickElement {id=f.FFE7E0498056A47873FD4574DBA9BB11.d.E93C06DDC10DC2B3ECA0D59DBC581D9D.e.214}]
Capabilities {acceptInsecureCerts: false, browserName: chrome, browserVersion: 132.0.6834.160, chrome: {chromedriverVersion: 132.0.6834.159 (2d77d3fc445..., userDataDir: C:\Users\amolb\AppData\Loca...}, fedcm:accounts: true, goog:chromeOptions: {debuggerAddress: localhost:60434}, networkConnectionEnabled: false, pageLoadStrategy: normal, platformName: windows, proxy: Proxy(), se:cdp: ws://localhost:60434/devtoo..., se:cdpVersion: 132.0.6834.160, setWindowRect: true, strictFileInteractability: false, timeouts: {implicit: 0, pageLoad: 300000, script: 30000}, unhandledPromptBehavior: dismiss and notify, webauthn:extension:credBlob: true, webauthn:extension:largeBlob: true, webauthn:extension:minPinLength: true, webauthn:extension:prf: true, webauthn:virtualAuthenticators: true}
Element: [[ChromeDriver: chrome on windows (90f5278c32cf0b9f33e43c2d3f7393c3)] -> xpath: //span[.='Cash on Delivery/Pay on Delivery'][1]]
Session ID: 90f5278c32cf0b9f33e43c2d3f7393c3]]>
            </message>
            <full-stacktrace>
              <![CDATA[org.openqa.selenium.ElementNotInteractableException: element not interactable: element has zero size
  (Session info: chrome=132.0.6834.160)
Build info: version: '4.27.0', revision: 'd6e718d134'
System info: os.name: 'Windows 11', os.arch: 'amd64', os.version: '10.0', java.version: '23'
Driver info: org.openqa.selenium.chrome.ChromeDriver
Command: [90f5278c32cf0b9f33e43c2d3f7393c3, clickElement {id=f.FFE7E0498056A47873FD4574DBA9BB11.d.E93C06DDC10DC2B3ECA0D59DBC581D9D.e.214}]
Capabilities {acceptInsecureCerts: false, browserName: chrome, browserVersion: 132.0.6834.160, chrome: {chromedriverVersion: 132.0.6834.159 (2d77d3fc445..., userDataDir: C:\Users\amolb\AppData\Loca...}, fedcm:accounts: true, goog:chromeOptions: {debuggerAddress: localhost:60434}, networkConnectionEnabled: false, pageLoadStrategy: normal, platformName: windows, proxy: Proxy(), se:cdp: ws://localhost:60434/devtoo..., se:cdpVersion: 132.0.6834.160, setWindowRect: true, strictFileInteractability: false, timeouts: {implicit: 0, pageLoad: 300000, script: 30000}, unhandledPromptBehavior: dismiss and notify, webauthn:extension:credBlob: true, webauthn:extension:largeBlob: true, webauthn:extension:minPinLength: true, webauthn:extension:prf: true, webauthn:virtualAuthenticators: true}
Element: [[ChromeDriver: chrome on windows (90f5278c32cf0b9f33e43c2d3f7393c3)] -> xpath: //span[.='Cash on Delivery/Pay on Delivery'][1]]
Session ID: 90f5278c32cf0b9f33e43c2d3f7393c3
at java.base/jdk.internal.reflect.DirectConstructorHandleAccessor.newInstance(DirectConstructorHandleAccessor.java:62)
at java.base/java.lang.reflect.Constructor.newInstanceWithCaller(Constructor.java:501)
at java.base/java.lang.reflect.Constructor.newInstance(Constructor.java:485)
at org.openqa.selenium.remote.ErrorCodec.decode(ErrorCodec.java:167)
at org.openqa.selenium.remote.codec.w3c.W3CHttpResponseCodec.decode(W3CHttpResponseCodec.java:138)
at org.openqa.selenium.remote.codec.w3c.W3CHttpResponseCodec.decode(W3CHttpResponseCodec.java:50)
at org.openqa.selenium.remote.HttpCommandExecutor.execute(HttpCommandExecutor.java:190)
at org.openqa.selenium.remote.service.DriverCommandExecutor.invokeExecute(DriverCommandExecutor.java:216)
at org.openqa.selenium.remote.service.DriverCommandExecutor.execute(DriverCommandExecutor.java:174)
at org.openqa.selenium.remote.RemoteWebDriver.execute(RemoteWebDriver.java:545)
at org.openqa.selenium.remote.RemoteWebElement.execute(RemoteWebElement.java:223)
at org.openqa.selenium.remote.RemoteWebElement.click(RemoteWebElement.java:76)
at java.base/jdk.internal.reflect.DirectMethodHandleAccessor.invoke(DirectMethodHandleAccessor.java:103)
at java.base/java.lang.reflect.Method.invoke(Method.java:580)
at org.openqa.selenium.support.pagefactory.internal.LocatingElementHandler.invoke(LocatingElementHandler.java:51)
at jdk.proxy2/jdk.proxy2.$Proxy18.click(Unknown Source)
at amazon_Project1.Project1_Amazon.PaymentPage_project1.Cashondeliveryoption(PaymentPage_project1.java:76)
at amazon_Project1.Project1_Amazon.Testcase14_Starrating_placedorder.applycoupen(Testcase14_Starrating_placedorder.java:24)
at java.base/jdk.internal.reflect.DirectMethodHandleAccessor.invoke(DirectMethodHandleAccessor.java:103)
at java.base/java.lang.reflect.Method.invoke(Method.java:580)
at org.testng.internal.invokers.MethodInvocationHelper.invokeMethod(MethodInvocationHelper.java:141)
at org.testng.internal.invokers.TestInvoker.invokeMethod(TestInvoker.java:686)
at org.testng.internal.invokers.TestInvoker.invokeTestMethod(TestInvoker.java:230)
at org.testng.internal.invokers.MethodRunner.runInSequence(MethodRunner.java:63)
at org.testng.internal.invokers.TestInvoker$MethodInvocationAgent.invoke(TestInvoker.java:992)
at org.testng.internal.invokers.TestInvoker.invokeTestMethods(TestInvoker.java:203)
at org.testng.internal.invokers.TestMethodWorker.invokeTestMethods(TestMethodWorker.java:154)
at org.testng.internal.invokers.TestMethodWorker.run(TestMethodWorker.java:134)
at java.base/java.util.ArrayList.forEach(ArrayList.java:1597)
at org.testng.TestRunner.privateRun(TestRunner.java:739)
at org.testng.TestRunner.run(TestRunner.java:614)
at org.testng.SuiteRunner.runTest(SuiteRunner.java:421)
at org.testng.SuiteRunner$SuiteWorker.run(SuiteRunner.java:463)
at org.testng.internal.thread.ThreadUtil.lambda$execute$0(ThreadUtil.java:64)
at java.base/java.util.concurrent.FutureTask.run(FutureTask.java:317)
at java.base/java.util.concurrent.ThreadPoolExecutor.runWorker(ThreadPoolExecutor.java:1144)
at java.base/java.util.concurrent.ThreadPoolExecutor$Worker.run(ThreadPoolExecutor.java:642)
at java.base/java.lang.Thread.run(Thread.java:1575)
]]>
            </full-stacktrace>
          </exception> <!-- org.openqa.selenium.ElementNotInteractableException -->
          <reporter-output>
          </reporter-output>
        </test-method> <!-- applycoupen -->
        <test-method is-config="true" signature="quit()[pri:0, instance:amazon_Project1.Project1_Amazon.Testcase14_Starrating_placedorder@1ae8bcbc]" started-at="2025-02-03T07:51:04 IST" name="quit" finished-at="2025-02-03T07:51:29 IST" duration-ms="24823" status="PASS">
          <reporter-output>
          </reporter-output>
        </test-method> <!-- quit -->
        <test-method is-config="true" signature="launchbrowser(java.lang.String,java.lang.String)[pri:0, instance:amazon_Project1.Project1_Amazon.Testcase14_Starrating_placedorder@1ae8bcbc]" started-at="2025-02-03T07:51:29 IST" name="launchbrowser" finished-at="2025-02-03T07:51:42 IST" duration-ms="12917" status="PASS">
          <params>
            <param index="0">
              <value>
                <![CDATA[chrome]]>
              </value>
            </param>
            <param index="1">
              <value is-null="true"/>
            </param>
          </params>
          <reporter-output>
          </reporter-output>
        </test-method> <!-- launchbrowser -->
        <test-method signature="applycoupen()[pri:0, instance:amazon_Project1.Project1_Amazon.Testcase14_Starrating_placedorder@1ae8bcbc]" started-at="2025-02-03T07:51:42 IST" name="applycoupen" finished-at="2025-02-03T07:52:44 IST" duration-ms="62246" status="FAIL">
          <exception class="org.openqa.selenium.ElementNotInteractableException">
            <message>
              <![CDATA[element not interactable: element has zero size
  (Session info: chrome=132.0.6834.160)
Build info: version: '4.27.0', revision: 'd6e718d134'
System info: os.name: 'Windows 11', os.arch: 'amd64', os.version: '10.0', java.version: '23'
Driver info: org.openqa.selenium.chrome.ChromeDriver
Command: [8ad891f780dc6893c0ee8fb65f2b80f8, clickElement {id=f.5330117DEE7FAADF6E2179BD3D528B4D.d.0C51DB4593FFC9B7A29E754EB33E0C67.e.17877}]
Capabilities {acceptInsecureCerts: false, browserName: chrome, browserVersion: 132.0.6834.160, chrome: {chromedriverVersion: 132.0.6834.159 (2d77d3fc445..., userDataDir: C:\Users\amolb\AppData\Loca...}, fedcm:accounts: true, goog:chromeOptions: {debuggerAddress: localhost:61893}, networkConnectionEnabled: false, pageLoadStrategy: normal, platformName: windows, proxy: Proxy(), se:cdp: ws://localhost:61893/devtoo..., se:cdpVersion: 132.0.6834.160, setWindowRect: true, strictFileInteractability: false, timeouts: {implicit: 0, pageLoad: 300000, script: 30000}, unhandledPromptBehavior: dismiss and notify, webauthn:extension:credBlob: true, webauthn:extension:largeBlob: true, webauthn:extension:minPinLength: true, webauthn:extension:prf: true, webauthn:virtualAuthenticators: true}
Element: [[ChromeDriver: chrome on windows (8ad891f780dc6893c0ee8fb65f2b80f8)] -> xpath: //span[.='Cash on Delivery/Pay on Delivery'][1]]
Session ID: 8ad891f780dc6893c0ee8fb65f2b80f8]]>
            </message>
            <full-stacktrace>
              <![CDATA[org.openqa.selenium.ElementNotInteractableException: element not interactable: element has zero size
  (Session info: chrome=132.0.6834.160)
Build info: version: '4.27.0', revision: 'd6e718d134'
System info: os.name: 'Windows 11', os.arch: 'amd64', os.version: '10.0', java.version: '23'
Driver info: org.openqa.selenium.chrome.ChromeDriver
Command: [8ad891f780dc6893c0ee8fb65f2b80f8, clickElement {id=f.5330117DEE7FAADF6E2179BD3D528B4D.d.0C51DB4593FFC9B7A29E754EB33E0C67.e.17877}]
Capabilities {acceptInsecureCerts: false, browserName: chrome, browserVersion: 132.0.6834.160, chrome: {chromedriverVersion: 132.0.6834.159 (2d77d3fc445..., userDataDir: C:\Users\amolb\AppData\Loca...}, fedcm:accounts: true, goog:chromeOptions: {debuggerAddress: localhost:61893}, networkConnectionEnabled: false, pageLoadStrategy: normal, platformName: windows, proxy: Proxy(), se:cdp: ws://localhost:61893/devtoo..., se:cdpVersion: 132.0.6834.160, setWindowRect: true, strictFileInteractability: false, timeouts: {implicit: 0, pageLoad: 300000, script: 30000}, unhandledPromptBehavior: dismiss and notify, webauthn:extension:credBlob: true, webauthn:extension:largeBlob: true, webauthn:extension:minPinLength: true, webauthn:extension:prf: true, webauthn:virtualAuthenticators: true}
Element: [[ChromeDriver: chrome on windows (8ad891f780dc6893c0ee8fb65f2b80f8)] -> xpath: //span[.='Cash on Delivery/Pay on Delivery'][1]]
Session ID: 8ad891f780dc6893c0ee8fb65f2b80f8
at java.base/jdk.internal.reflect.DirectConstructorHandleAccessor.newInstance(DirectConstructorHandleAccessor.java:62)
at java.base/java.lang.reflect.Constructor.newInstanceWithCaller(Constructor.java:501)
at java.base/java.lang.reflect.Constructor.newInstance(Constructor.java:485)
at org.openqa.selenium.remote.ErrorCodec.decode(ErrorCodec.java:167)
at org.openqa.selenium.remote.codec.w3c.W3CHttpResponseCodec.decode(W3CHttpResponseCodec.java:138)
at org.openqa.selenium.remote.codec.w3c.W3CHttpResponseCodec.decode(W3CHttpResponseCodec.java:50)
at org.openqa.selenium.remote.HttpCommandExecutor.execute(HttpCommandExecutor.java:190)
at org.openqa.selenium.remote.service.DriverCommandExecutor.invokeExecute(DriverCommandExecutor.java:216)
at org.openqa.selenium.remote.service.DriverCommandExecutor.execute(DriverCommandExecutor.java:174)
at org.openqa.selenium.remote.RemoteWebDriver.execute(RemoteWebDriver.java:545)
at org.openqa.selenium.remote.RemoteWebElement.execute(RemoteWebElement.java:223)
at org.openqa.selenium.remote.RemoteWebElement.click(RemoteWebElement.java:76)
at java.base/jdk.internal.reflect.DirectMethodHandleAccessor.invoke(DirectMethodHandleAccessor.java:103)
at java.base/java.lang.reflect.Method.invoke(Method.java:580)
at org.openqa.selenium.support.pagefactory.internal.LocatingElementHandler.invoke(LocatingElementHandler.java:51)
at jdk.proxy2/jdk.proxy2.$Proxy18.click(Unknown Source)
at amazon_Project1.Project1_Amazon.PaymentPage_project1.Cashondeliveryoption(PaymentPage_project1.java:76)
at amazon_Project1.Project1_Amazon.Testcase14_Starrating_placedorder.applycoupen(Testcase14_Starrating_placedorder.java:24)
at java.base/jdk.internal.reflect.DirectMethodHandleAccessor.invoke(DirectMethodHandleAccessor.java:103)
at java.base/java.lang.reflect.Method.invoke(Method.java:580)
at org.testng.internal.invokers.MethodInvocationHelper.invokeMethod(MethodInvocationHelper.java:141)
at org.testng.internal.invokers.TestInvoker.invokeMethod(TestInvoker.java:686)
at org.testng.internal.invokers.TestInvoker.retryFailed(TestInvoker.java:269)
at org.testng.internal.invokers.MethodRunner.runInSequence(MethodRunner.java:76)
at org.testng.internal.invokers.TestInvoker$MethodInvocationAgent.invoke(TestInvoker.java:992)
at org.testng.internal.invokers.TestInvoker.invokeTestMethods(TestInvoker.java:203)
at org.testng.internal.invokers.TestMethodWorker.invokeTestMethods(TestMethodWorker.java:154)
at org.testng.internal.invokers.TestMethodWorker.run(TestMethodWorker.java:134)
at java.base/java.util.ArrayList.forEach(ArrayList.java:1597)
at org.testng.TestRunner.privateRun(TestRunner.java:739)
at org.testng.TestRunner.run(TestRunner.java:614)
at org.testng.SuiteRunner.runTest(SuiteRunner.java:421)
at org.testng.SuiteRunner$SuiteWorker.run(SuiteRunner.java:463)
at org.testng.internal.thread.ThreadUtil.lambda$execute$0(ThreadUtil.java:64)
at java.base/java.util.concurrent.FutureTask.run(FutureTask.java:317)
at java.base/java.util.concurrent.ThreadPoolExecutor.runWorker(ThreadPoolExecutor.java:1144)
at java.base/java.util.concurrent.ThreadPoolExecutor$Worker.run(ThreadPoolExecutor.java:642)
at java.base/java.lang.Thread.run(Thread.java:1575)
]]>
            </full-stacktrace>
          </exception> <!-- org.openqa.selenium.ElementNotInteractableException -->
          <reporter-output>
            <line>
              <![CDATA[result is failed for test=null]]>
            </line>
          </reporter-output>
        </test-method> <!-- applycoupen -->
        <test-method is-config="true" signature="quit()[pri:0, instance:amazon_Project1.Project1_Amazon.Testcase14_Starrating_placedorder@1ae8bcbc]" started-at="2025-02-03T07:52:44 IST" name="quit" finished-at="2025-02-03T07:53:16 IST" duration-ms="31515" status="PASS">
          <reporter-output>
          </reporter-output>
        </test-method> <!-- quit -->
      </class> <!-- amazon_Project1.Project1_Amazon.Testcase14_Starrating_placedorder -->
    </test> <!-- Test014 -->
    <test started-at="2025-02-03T07:52:06 IST" name="Test05" finished-at="2025-02-03T07:53:19 IST" duration-ms="73303">
      <class name="amazon_Project1.Project1_Amazon.Testcase05_SearchProduct_Project1">
        <test-method is-config="true" signature="launchbrowser(java.lang.String,java.lang.String)[pri:0, instance:amazon_Project1.Project1_Amazon.Testcase05_SearchProduct_Project1@5be49b60]" started-at="2025-02-03T07:52:06 IST" name="launchbrowser" finished-at="2025-02-03T07:52:19 IST" duration-ms="12635" status="PASS">
          <params>
            <param index="0">
              <value>
                <![CDATA[chrome]]>
              </value>
            </param>
            <param index="1">
              <value is-null="true"/>
            </param>
          </params>
          <reporter-output>
          </reporter-output>
        </test-method> <!-- launchbrowser -->
        <test-method signature="searchproduct1()[pri:0, instance:amazon_Project1.Project1_Amazon.Testcase05_SearchProduct_Project1@5be49b60]" started-at="2025-02-03T07:52:19 IST" name="searchproduct1" finished-at="2025-02-03T07:52:48 IST" duration-ms="29369" status="PASS">
          <reporter-output>
            <line>
              <![CDATA[result is passed for test=searchproduct1]]>
            </line>
          </reporter-output>
        </test-method> <!-- searchproduct1 -->
        <test-method is-config="true" signature="quit()[pri:0, instance:amazon_Project1.Project1_Amazon.Testcase05_SearchProduct_Project1@5be49b60]" started-at="2025-02-03T07:52:48 IST" name="quit" finished-at="2025-02-03T07:53:19 IST" duration-ms="31297" status="PASS">
          <reporter-output>
          </reporter-output>
        </test-method> <!-- quit -->
      </class> <!-- amazon_Project1.Project1_Amazon.Testcase05_SearchProduct_Project1 -->
    </test> <!-- Test05 -->
    <test started-at="2025-02-03T07:52:29 IST" name="Test08" finished-at="2025-02-03T07:53:45 IST" duration-ms="75449">
      <class name="amazon_Project1.Project1_Amazon.Testcase08_VerifySort_Project1">
        <test-method is-config="true" signature="launchbrowser(java.lang.String,java.lang.String)[pri:0, instance:amazon_Project1.Project1_Amazon.Testcase08_VerifySort_Project1@c7045b9]" started-at="2025-02-03T07:52:29 IST" name="launchbrowser" finished-at="2025-02-03T07:52:45 IST" duration-ms="15281" status="PASS">
          <params>
            <param index="0">
              <value>
                <![CDATA[chrome]]>
              </value>
            </param>
            <param index="1">
              <value is-null="true"/>
            </param>
          </params>
          <reporter-output>
          </reporter-output>
        </test-method> <!-- launchbrowser -->
        <test-method signature="verifySort()[pri:0, instance:amazon_Project1.Project1_Amazon.Testcase08_VerifySort_Project1@c7045b9]" started-at="2025-02-03T07:52:45 IST" name="verifySort" finished-at="2025-02-03T07:53:13 IST" duration-ms="28751" status="PASS">
          <reporter-output>
          </reporter-output>
        </test-method> <!-- verifySort -->
        <test-method is-config="true" signature="quit()[pri:0, instance:amazon_Project1.Project1_Amazon.Testcase08_VerifySort_Project1@c7045b9]" started-at="2025-02-03T07:53:13 IST" name="quit" finished-at="2025-02-03T07:53:45 IST" duration-ms="31415" status="PASS">
          <reporter-output>
          </reporter-output>
        </test-method> <!-- quit -->
      </class> <!-- amazon_Project1.Project1_Amazon.Testcase08_VerifySort_Project1 -->
    </test> <!-- Test08 -->
    <test started-at="2025-02-03T07:52:23 IST" name="Test06" finished-at="2025-02-03T07:54:04 IST" duration-ms="101845">
      <class name="amazon_Project1.Project1_Amazon.Testcase06_VerifyFilter">
        <test-method is-config="true" signature="launchbrowser(java.lang.String,java.lang.String)[pri:0, instance:amazon_Project1.Project1_Amazon.Testcase06_VerifyFilter@19e7a160]" started-at="2025-02-03T07:52:23 IST" name="launchbrowser" finished-at="2025-02-03T07:52:27 IST" duration-ms="4610" status="PASS">
          <params>
            <param index="0">
              <value>
                <![CDATA[chrome]]>
              </value>
            </param>
            <param index="1">
              <value is-null="true"/>
            </param>
          </params>
          <reporter-output>
          </reporter-output>
        </test-method> <!-- launchbrowser -->
        <test-method signature="verifyFilter()[pri:0, instance:amazon_Project1.Project1_Amazon.Testcase06_VerifyFilter@19e7a160]" started-at="2025-02-03T07:52:27 IST" name="verifyFilter" finished-at="2025-02-03T07:53:33 IST" duration-ms="65965" status="PASS">
          <reporter-output>
            <line>
              <![CDATA[result is passed for test=verifyFilter]]>
            </line>
          </reporter-output>
        </test-method> <!-- verifyFilter -->
        <test-method is-config="true" signature="quit()[pri:0, instance:amazon_Project1.Project1_Amazon.Testcase06_VerifyFilter@19e7a160]" started-at="2025-02-03T07:53:33 IST" name="quit" finished-at="2025-02-03T07:54:04 IST" duration-ms="31268" status="PASS">
          <reporter-output>
          </reporter-output>
        </test-method> <!-- quit -->
      </class> <!-- amazon_Project1.Project1_Amazon.Testcase06_VerifyFilter -->
    </test> <!-- Test06 -->
    <test started-at="2025-02-03T07:52:27 IST" name="Test07" finished-at="2025-02-03T07:54:06 IST" duration-ms="98214">
      <class name="amazon_Project1.Project1_Amazon.Testcase07_ProductDetailsPage_project1">
        <test-method is-config="true" signature="launchbrowser(java.lang.String,java.lang.String)[pri:0, instance:amazon_Project1.Project1_Amazon.Testcase07_ProductDetailsPage_project1@16b2bb0c]" started-at="2025-02-03T07:52:27 IST" name="launchbrowser" finished-at="2025-02-03T07:52:49 IST" duration-ms="21705" status="PASS">
          <params>
            <param index="0">
              <value>
                <![CDATA[chrome]]>
              </value>
            </param>
            <param index="1">
              <value is-null="true"/>
            </param>
          </params>
          <reporter-output>
          </reporter-output>
        </test-method> <!-- launchbrowser -->
        <test-method signature="verifyProductDetails()[pri:0, instance:amazon_Project1.Project1_Amazon.Testcase07_ProductDetailsPage_project1@16b2bb0c]" started-at="2025-02-03T07:52:49 IST" name="verifyProductDetails" finished-at="2025-02-03T07:53:34 IST" duration-ms="45226" status="PASS">
          <reporter-output>
            <line>
              <![CDATA[result is passed for test=verifyProductDetails]]>
            </line>
          </reporter-output>
        </test-method> <!-- verifyProductDetails -->
        <test-method is-config="true" signature="quit()[pri:0, instance:amazon_Project1.Project1_Amazon.Testcase07_ProductDetailsPage_project1@16b2bb0c]" started-at="2025-02-03T07:53:34 IST" name="quit" finished-at="2025-02-03T07:54:06 IST" duration-ms="31278" status="PASS">
          <reporter-output>
          </reporter-output>
        </test-method> <!-- quit -->
      </class> <!-- amazon_Project1.Project1_Amazon.Testcase07_ProductDetailsPage_project1 -->
    </test> <!-- Test07 -->
    <test started-at="2025-02-03T07:53:19 IST" name="Test12" finished-at="2025-02-03T07:55:03 IST" duration-ms="103472">
      <class name="amazon_Project1.Project1_Amazon.Testcase12_Allpaymentmethod_Project1">
        <test-method is-config="true" signature="launchbrowser(java.lang.String,java.lang.String)[pri:0, instance:amazon_Project1.Project1_Amazon.Testcase12_Allpaymentmethod_Project1@4eaf3684]" started-at="2025-02-03T07:53:19 IST" name="launchbrowser" finished-at="2025-02-03T07:53:30 IST" duration-ms="11171" status="PASS">
          <params>
            <param index="0">
              <value>
                <![CDATA[chrome]]>
              </value>
            </param>
            <param index="1">
              <value is-null="true"/>
            </param>
          </params>
          <reporter-output>
          </reporter-output>
        </test-method> <!-- launchbrowser -->
        <test-method signature="allpaymentmethod()[pri:0, instance:amazon_Project1.Project1_Amazon.Testcase12_Allpaymentmethod_Project1@4eaf3684]" started-at="2025-02-03T07:53:30 IST" name="allpaymentmethod" finished-at="2025-02-03T07:54:31 IST" duration-ms="60938" status="PASS">
          <reporter-output>
          </reporter-output>
        </test-method> <!-- allpaymentmethod -->
        <test-method is-config="true" signature="quit()[pri:0, instance:amazon_Project1.Project1_Amazon.Testcase12_Allpaymentmethod_Project1@4eaf3684]" started-at="2025-02-03T07:54:31 IST" name="quit" finished-at="2025-02-03T07:55:03 IST" duration-ms="31361" status="PASS">
          <reporter-output>
          </reporter-output>
        </test-method> <!-- quit -->
      </class> <!-- amazon_Project1.Project1_Amazon.Testcase12_Allpaymentmethod_Project1 -->
    </test> <!-- Test12 -->
    <test started-at="2025-02-03T07:54:06 IST" name="Test15" finished-at="2025-02-03T07:55:16 IST" duration-ms="70389">
      <class name="amazon_Project1.Project1_Amazon.Testcase15_Cartpage_Withoutlogin">
        <test-method is-config="true" signature="launchbrowser(java.lang.String,java.lang.String)[pri:0, instance:amazon_Project1.Project1_Amazon.Testcase15_Cartpage_Withoutlogin@2ce6c6ec]" started-at="2025-02-03T07:54:06 IST" name="launchbrowser" finished-at="2025-02-03T07:54:27 IST" duration-ms="20906" status="PASS">
          <params>
            <param index="0">
              <value>
                <![CDATA[chrome]]>
              </value>
            </param>
            <param index="1">
              <value is-null="true"/>
            </param>
          </params>
          <reporter-output>
          </reporter-output>
        </test-method> <!-- launchbrowser -->
        <test-method signature="cartpage_withoutlogin()[pri:0, instance:amazon_Project1.Project1_Amazon.Testcase15_Cartpage_Withoutlogin@2ce6c6ec]" started-at="2025-02-03T07:54:27 IST" name="cartpage_withoutlogin" finished-at="2025-02-03T07:55:06 IST" duration-ms="39783" status="PASS">
          <reporter-output>
          </reporter-output>
        </test-method> <!-- cartpage_withoutlogin -->
        <test-method is-config="true" signature="quit()[pri:0, instance:amazon_Project1.Project1_Amazon.Testcase15_Cartpage_Withoutlogin@2ce6c6ec]" started-at="2025-02-03T07:55:06 IST" name="quit" finished-at="2025-02-03T07:55:16 IST" duration-ms="9698" status="PASS">
          <reporter-output>
          </reporter-output>
        </test-method> <!-- quit -->
      </class> <!-- amazon_Project1.Project1_Amazon.Testcase15_Cartpage_Withoutlogin -->
    </test> <!-- Test15 -->
    <test started-at="2025-02-03T07:52:40 IST" name="Test09" finished-at="2025-02-03T07:55:16 IST" duration-ms="156156">
      <class name="amazon_Project1.Project1_Amazon.TestCase09_Addtocart_Project1">
        <test-method is-config="true" signature="launchbrowser(java.lang.String,java.lang.String)[pri:0, instance:amazon_Project1.Project1_Amazon.TestCase09_Addtocart_Project1@30bce90b]" started-at="2025-02-03T07:52:40 IST" name="launchbrowser" finished-at="2025-02-03T07:52:51 IST" duration-ms="11377" status="PASS">
          <params>
            <param index="0">
              <value>
                <![CDATA[chrome]]>
              </value>
            </param>
            <param index="1">
              <value is-null="true"/>
            </param>
          </params>
          <reporter-output>
          </reporter-output>
        </test-method> <!-- launchbrowser -->
        <test-method retried="true" signature="addtocart()[pri:0, instance:amazon_Project1.Project1_Amazon.TestCase09_Addtocart_Project1@30bce90b]" started-at="2025-02-03T07:52:51 IST" name="addtocart" finished-at="2025-02-03T07:53:12 IST" duration-ms="20332" status="SKIP">
          <exception class="org.openqa.selenium.json.JsonException">
            <message>
              <![CDATA[java.lang.reflect.InvocationTargetException
Build info: version: '4.27.0', revision: 'd6e718d134'
System info: os.name: 'Windows 11', os.arch: 'amd64', os.version: '10.0', java.version: '23'
Driver info: org.openqa.selenium.chrome.ChromeDriver
Command: [3f77ca5192823810f707e44391e0233e, actions {actions=[org.openqa.selenium.interactions.Sequence@6b12ab5c]}]
Capabilities {acceptInsecureCerts: false, browserName: chrome, browserVersion: 132.0.6834.160, chrome: {chromedriverVersion: 132.0.6834.159 (2d77d3fc445..., userDataDir: C:\Users\amolb\AppData\Loca...}, fedcm:accounts: true, goog:chromeOptions: {debuggerAddress: localhost:62915}, networkConnectionEnabled: false, pageLoadStrategy: normal, platformName: windows, proxy: Proxy(), se:cdp: ws://localhost:62915/devtoo..., se:cdpVersion: 132.0.6834.160, setWindowRect: true, strictFileInteractability: false, timeouts: {implicit: 0, pageLoad: 300000, script: 30000}, unhandledPromptBehavior: dismiss and notify, webauthn:extension:credBlob: true, webauthn:extension:largeBlob: true, webauthn:extension:minPinLength: true, webauthn:extension:prf: true, webauthn:virtualAuthenticators: true}
Session ID: 3f77ca5192823810f707e44391e0233e]]>
            </message>
            <full-stacktrace>
              <![CDATA[org.openqa.selenium.json.JsonException: java.lang.reflect.InvocationTargetException
Build info: version: '4.27.0', revision: 'd6e718d134'
System info: os.name: 'Windows 11', os.arch: 'amd64', os.version: '10.0', java.version: '23'
Driver info: org.openqa.selenium.chrome.ChromeDriver
Command: [3f77ca5192823810f707e44391e0233e, actions {actions=[org.openqa.selenium.interactions.Sequence@6b12ab5c]}]
Capabilities {acceptInsecureCerts: false, browserName: chrome, browserVersion: 132.0.6834.160, chrome: {chromedriverVersion: 132.0.6834.159 (2d77d3fc445..., userDataDir: C:\Users\amolb\AppData\Loca...}, fedcm:accounts: true, goog:chromeOptions: {debuggerAddress: localhost:62915}, networkConnectionEnabled: false, pageLoadStrategy: normal, platformName: windows, proxy: Proxy(), se:cdp: ws://localhost:62915/devtoo..., se:cdpVersion: 132.0.6834.160, setWindowRect: true, strictFileInteractability: false, timeouts: {implicit: 0, pageLoad: 300000, script: 30000}, unhandledPromptBehavior: dismiss and notify, webauthn:extension:credBlob: true, webauthn:extension:largeBlob: true, webauthn:extension:minPinLength: true, webauthn:extension:prf: true, webauthn:virtualAuthenticators: true}
Session ID: 3f77ca5192823810f707e44391e0233e
at org.openqa.selenium.json.JsonOutput.convertUsingMethod(JsonOutput.java:520)
at org.openqa.selenium.json.JsonOutput.lambda$new$16(JsonOutput.java:182)
at org.openqa.selenium.json.JsonOutput.write0(JsonOutput.java:409)
at org.openqa.selenium.json.JsonOutput.lambda$new$22(JsonOutput.java:204)
at java.base/java.util.stream.ForEachOps$ForEachOp$OfRef.accept(ForEachOps.java:184)
at java.base/java.util.stream.ReferencePipeline$2$1.accept(ReferencePipeline.java:197)
at java.base/java.util.Iterator.forEachRemaining(Iterator.java:133)
at java.base/java.util.Spliterators$IteratorSpliterator.forEachRemaining(Spliterators.java:1939)
at java.base/java.util.stream.AbstractPipeline.copyInto(AbstractPipeline.java:570)
at java.base/java.util.stream.AbstractPipeline.wrapAndCopyInto(AbstractPipeline.java:560)
at java.base/java.util.stream.ForEachOps$ForEachOp.evaluateSequential(ForEachOps.java:151)
at java.base/java.util.stream.ForEachOps$ForEachOp$OfRef.evaluateSequential(ForEachOps.java:174)
at java.base/java.util.stream.AbstractPipeline.evaluate(AbstractPipeline.java:265)
at java.base/java.util.stream.ReferencePipeline.forEach(ReferencePipeline.java:636)
at org.openqa.selenium.json.JsonOutput.lambda$new$23(JsonOutput.java:204)
at org.openqa.selenium.json.JsonOutput.write0(JsonOutput.java:409)
at org.openqa.selenium.json.JsonOutput.lambda$new$24(JsonOutput.java:222)
at java.base/java.util.Map.forEach(Map.java:733)
at org.openqa.selenium.json.JsonOutput.lambda$new$25(JsonOutput.java:217)
at org.openqa.selenium.json.JsonOutput.write0(JsonOutput.java:409)
at org.openqa.selenium.json.JsonOutput.write(JsonOutput.java:400)
at org.openqa.selenium.json.Json.toJson(Json.java:133)
at org.openqa.selenium.json.Json.toJson(Json.java:119)
at org.openqa.selenium.remote.codec.AbstractHttpCommandCodec.encode(AbstractHttpCommandCodec.java:245)
at org.openqa.selenium.remote.codec.AbstractHttpCommandCodec.encode(AbstractHttpCommandCodec.java:111)
at org.openqa.selenium.remote.HttpCommandExecutor.execute(HttpCommandExecutor.java:178)
at org.openqa.selenium.remote.service.DriverCommandExecutor.invokeExecute(DriverCommandExecutor.java:216)
at org.openqa.selenium.remote.service.DriverCommandExecutor.execute(DriverCommandExecutor.java:174)
at org.openqa.selenium.remote.RemoteWebDriver.execute(RemoteWebDriver.java:545)
at org.openqa.selenium.remote.RemoteWebDriver.perform(RemoteWebDriver.java:631)
at org.openqa.selenium.interactions.Actions$BuiltAction.perform(Actions.java:613)
at org.openqa.selenium.interactions.Actions.perform(Actions.java:578)
at amazon_Project1.Project1_Amazon.HomePage_Project1.Account_list_homepage(HomePage_Project1.java:31)
at amazon_Project1.Project1_Amazon.TestCase09_Addtocart_Project1.addtocart(TestCase09_Addtocart_Project1.java:11)
at java.base/jdk.internal.reflect.DirectMethodHandleAccessor.invoke(DirectMethodHandleAccessor.java:103)
at java.base/java.lang.reflect.Method.invoke(Method.java:580)
at org.testng.internal.invokers.MethodInvocationHelper.invokeMethod(MethodInvocationHelper.java:141)
at org.testng.internal.invokers.TestInvoker.invokeMethod(TestInvoker.java:686)
at org.testng.internal.invokers.TestInvoker.invokeTestMethod(TestInvoker.java:230)
at org.testng.internal.invokers.MethodRunner.runInSequence(MethodRunner.java:63)
at org.testng.internal.invokers.TestInvoker$MethodInvocationAgent.invoke(TestInvoker.java:992)
at org.testng.internal.invokers.TestInvoker.invokeTestMethods(TestInvoker.java:203)
at org.testng.internal.invokers.TestMethodWorker.invokeTestMethods(TestMethodWorker.java:154)
at org.testng.internal.invokers.TestMethodWorker.run(TestMethodWorker.java:134)
at java.base/java.util.ArrayList.forEach(ArrayList.java:1597)
at org.testng.TestRunner.privateRun(TestRunner.java:739)
at org.testng.TestRunner.run(TestRunner.java:614)
at org.testng.SuiteRunner.runTest(SuiteRunner.java:421)
at org.testng.SuiteRunner$SuiteWorker.run(SuiteRunner.java:463)
at org.testng.internal.thread.ThreadUtil.lambda$execute$0(ThreadUtil.java:64)
at java.base/java.util.concurrent.FutureTask.run(FutureTask.java:317)
at java.base/java.util.concurrent.ThreadPoolExecutor.runWorker(ThreadPoolExecutor.java:1144)
at java.base/java.util.concurrent.ThreadPoolExecutor$Worker.run(ThreadPoolExecutor.java:642)
at java.base/java.lang.Thread.run(Thread.java:1575)
Suppressed: org.openqa.selenium.json.JsonException: Attempting to close incomplete json stream
Build info: version: '4.27.0', revision: 'd6e718d134'
System info: os.name: 'Windows 11', os.arch: 'amd64', os.version: '10.0', java.version: '23'
Driver info: driver.version: RemoteWebDriver
at org.openqa.selenium.json.JsonOutput.close(JsonOutput.java:431)
at org.openqa.selenium.json.Json.toJson(Json.java:131)
... 32 more
Caused by: java.lang.reflect.InvocationTargetException
at java.base/jdk.internal.reflect.DirectMethodHandleAccessor.invoke(DirectMethodHandleAccessor.java:118)
at java.base/java.lang.reflect.Method.invoke(Method.java:580)
at org.openqa.selenium.json.JsonOutput.convertUsingMethod(JsonOutput.java:516)
... 53 more
Caused by: org.openqa.selenium.NoSuchElementException: no such element: Unable to locate element: {"method":"xpath","selector":"//*[@id='nav-link-accountList']"}
  (Session info: chrome=132.0.6834.160)
For documentation on this error, please visit: https://www.selenium.dev/documentation/webdriver/troubleshooting/errors#no-such-element-exception
Build info: version: '4.27.0', revision: 'd6e718d134'
System info: os.name: 'Windows 11', os.arch: 'amd64', os.version: '10.0', java.version: '23'
Driver info: org.openqa.selenium.chrome.ChromeDriver
Command: [3f77ca5192823810f707e44391e0233e, findElement {value=//*[@id='nav-link-accountList'], using=xpath}]
Capabilities {acceptInsecureCerts: false, browserName: chrome, browserVersion: 132.0.6834.160, chrome: {chromedriverVersion: 132.0.6834.159 (2d77d3fc445..., userDataDir: C:\Users\amolb\AppData\Loca...}, fedcm:accounts: true, goog:chromeOptions: {debuggerAddress: localhost:62915}, networkConnectionEnabled: false, pageLoadStrategy: normal, platformName: windows, proxy: Proxy(), se:cdp: ws://localhost:62915/devtoo..., se:cdpVersion: 132.0.6834.160, setWindowRect: true, strictFileInteractability: false, timeouts: {implicit: 0, pageLoad: 300000, script: 30000}, unhandledPromptBehavior: dismiss and notify, webauthn:extension:credBlob: true, webauthn:extension:largeBlob: true, webauthn:extension:minPinLength: true, webauthn:extension:prf: true, webauthn:virtualAuthenticators: true}
Session ID: 3f77ca5192823810f707e44391e0233e
at java.base/jdk.internal.reflect.DirectConstructorHandleAccessor.newInstance(DirectConstructorHandleAccessor.java:62)
at java.base/java.lang.reflect.Constructor.newInstanceWithCaller(Constructor.java:501)
at java.base/java.lang.reflect.Constructor.newInstance(Constructor.java:485)
at org.openqa.selenium.remote.ErrorCodec.decode(ErrorCodec.java:167)
at org.openqa.selenium.remote.codec.w3c.W3CHttpResponseCodec.decode(W3CHttpResponseCodec.java:138)
at org.openqa.selenium.remote.codec.w3c.W3CHttpResponseCodec.decode(W3CHttpResponseCodec.java:50)
at org.openqa.selenium.remote.HttpCommandExecutor.execute(HttpCommandExecutor.java:190)
at org.openqa.selenium.remote.service.DriverCommandExecutor.invokeExecute(DriverCommandExecutor.java:216)
at org.openqa.selenium.remote.service.DriverCommandExecutor.execute(DriverCommandExecutor.java:174)
at org.openqa.selenium.remote.RemoteWebDriver.execute(RemoteWebDriver.java:545)
at org.openqa.selenium.remote.ElementLocation$ElementFinder$2.findElement(ElementLocation.java:165)
at org.openqa.selenium.remote.ElementLocation.findElement(ElementLocation.java:59)
at org.openqa.selenium.remote.RemoteWebDriver.findElement(RemoteWebDriver.java:368)
at org.openqa.selenium.remote.RemoteWebDriver.findElement(RemoteWebDriver.java:362)
at org.openqa.selenium.support.pagefactory.DefaultElementLocator.findElement(DefaultElementLocator.java:68)
at org.openqa.selenium.support.pagefactory.internal.LocatingElementHandler.invoke(LocatingElementHandler.java:38)
at jdk.proxy2/jdk.proxy2.$Proxy18.getWrappedElement(Unknown Source)
at org.openqa.selenium.interactions.PointerInput$Origin.asArg(PointerInput.java:259)
at org.openqa.selenium.interactions.PointerInput$Move.encode(PointerInput.java:208)
at org.openqa.selenium.interactions.Sequence.encode(Sequence.java:72)
at org.openqa.selenium.interactions.Sequence.toJson(Sequence.java:81)
at java.base/jdk.internal.reflect.DirectMethodHandleAccessor.invoke(DirectMethodHandleAccessor.java:103)
... 55 more
]]>
            </full-stacktrace>
          </exception> <!-- org.openqa.selenium.json.JsonException -->
          <reporter-output>
          </reporter-output>
        </test-method> <!-- addtocart -->
        <test-method is-config="true" signature="quit()[pri:0, instance:amazon_Project1.Project1_Amazon.TestCase09_Addtocart_Project1@30bce90b]" started-at="2025-02-03T07:53:12 IST" name="quit" finished-at="2025-02-03T07:53:35 IST" duration-ms="23776" status="PASS">
          <reporter-output>
          </reporter-output>
        </test-method> <!-- quit -->
        <test-method is-config="true" signature="launchbrowser(java.lang.String,java.lang.String)[pri:0, instance:amazon_Project1.Project1_Amazon.TestCase09_Addtocart_Project1@30bce90b]" started-at="2025-02-03T07:53:35 IST" name="launchbrowser" finished-at="2025-02-03T07:53:47 IST" duration-ms="11941" status="PASS">
          <params>
            <param index="0">
              <value>
                <![CDATA[chrome]]>
              </value>
            </param>
            <param index="1">
              <value is-null="true"/>
            </param>
          </params>
          <reporter-output>
          </reporter-output>
        </test-method> <!-- launchbrowser -->
        <test-method signature="addtocart()[pri:0, instance:amazon_Project1.Project1_Amazon.TestCase09_Addtocart_Project1@30bce90b]" started-at="2025-02-03T07:53:47 IST" name="addtocart" finished-at="2025-02-03T07:55:01 IST" duration-ms="73704" status="PASS">
          <reporter-output>
          </reporter-output>
        </test-method> <!-- addtocart -->
        <test-method is-config="true" signature="quit()[pri:0, instance:amazon_Project1.Project1_Amazon.TestCase09_Addtocart_Project1@30bce90b]" started-at="2025-02-03T07:55:01 IST" name="quit" finished-at="2025-02-03T07:55:16 IST" duration-ms="15018" status="PASS">
          <reporter-output>
          </reporter-output>
        </test-method> <!-- quit -->
      </class> <!-- amazon_Project1.Project1_Amazon.TestCase09_Addtocart_Project1 -->
    </test> <!-- Test09 -->
    <test started-at="2025-02-03T07:53:45 IST" name="Test13" finished-at="2025-02-03T07:55:37 IST" duration-ms="112415">
      <class name="amazon_Project1.Project1_Amazon.Testcase13_applycoupen">
        <test-method is-config="true" signature="launchbrowser(java.lang.String,java.lang.String)[pri:0, instance:amazon_Project1.Project1_Amazon.Testcase13_applycoupen@45d2ade3]" started-at="2025-02-03T07:53:45 IST" name="launchbrowser" finished-at="2025-02-03T07:54:52 IST" duration-ms="67583" status="PASS">
          <params>
            <param index="0">
              <value>
                <![CDATA[chrome]]>
              </value>
            </param>
            <param index="1">
              <value is-null="true"/>
            </param>
          </params>
          <reporter-output>
          </reporter-output>
        </test-method> <!-- launchbrowser -->
        <test-method signature="applycoupen()[pri:0, instance:amazon_Project1.Project1_Amazon.Testcase13_applycoupen@45d2ade3]" started-at="2025-02-03T07:54:52 IST" name="applycoupen" finished-at="2025-02-03T07:55:33 IST" duration-ms="40390" status="PASS">
          <reporter-output>
          </reporter-output>
        </test-method> <!-- applycoupen -->
        <test-method is-config="true" signature="quit()[pri:0, instance:amazon_Project1.Project1_Amazon.Testcase13_applycoupen@45d2ade3]" started-at="2025-02-03T07:55:33 IST" name="quit" finished-at="2025-02-03T07:55:37 IST" duration-ms="4436" status="PASS">
          <reporter-output>
          </reporter-output>
        </test-method> <!-- quit -->
      </class> <!-- amazon_Project1.Project1_Amazon.Testcase13_applycoupen -->
    </test> <!-- Test13 -->
    <test started-at="2025-02-03T07:53:16 IST" name="Test11" finished-at="2025-02-03T07:56:09 IST" duration-ms="173765">
      <class name="amazon_Project1.Project1_Amazon.Testcase11_Checkoutprocess_project1">
        <test-method is-config="true" signature="launchbrowser(java.lang.String,java.lang.String)[pri:0, instance:amazon_Project1.Project1_Amazon.Testcase11_Checkoutprocess_project1@5717c37]" started-at="2025-02-03T07:53:16 IST" name="launchbrowser" finished-at="2025-02-03T07:53:29 IST" duration-ms="13236" status="PASS">
          <params>
            <param index="0">
              <value>
                <![CDATA[chrome]]>
              </value>
            </param>
            <param index="1">
              <value is-null="true"/>
            </param>
          </params>
          <reporter-output>
          </reporter-output>
        </test-method> <!-- launchbrowser -->
        <test-method retried="true" signature="checkout()[pri:0, instance:amazon_Project1.Project1_Amazon.Testcase11_Checkoutprocess_project1@5717c37]" started-at="2025-02-03T07:53:29 IST" name="checkout" finished-at="2025-02-03T07:54:49 IST" duration-ms="80161" status="SKIP">
          <exception class="org.openqa.selenium.ElementNotInteractableException">
            <message>
              <![CDATA[element not interactable: element has zero size
  (Session info: chrome=132.0.6834.160)
Build info: version: '4.27.0', revision: 'd6e718d134'
System info: os.name: 'Windows 11', os.arch: 'amd64', os.version: '10.0', java.version: '23'
Driver info: org.openqa.selenium.chrome.ChromeDriver
Command: [99133e113f4ed0522c45d3b6601eabe7, clickElement {id=f.DCE6F60B11BBF5D800D0DC48A7C3C42D.d.D5D500B030BAC2E1A4DA7A4AAA21F83F.e.211}]
Capabilities {acceptInsecureCerts: false, browserName: chrome, browserVersion: 132.0.6834.160, chrome: {chromedriverVersion: 132.0.6834.159 (2d77d3fc445..., userDataDir: C:\Users\amolb\AppData\Loca...}, fedcm:accounts: true, goog:chromeOptions: {debuggerAddress: localhost:63229}, networkConnectionEnabled: false, pageLoadStrategy: normal, platformName: windows, proxy: Proxy(), se:cdp: ws://localhost:63229/devtoo..., se:cdpVersion: 132.0.6834.160, setWindowRect: true, strictFileInteractability: false, timeouts: {implicit: 0, pageLoad: 300000, script: 30000}, unhandledPromptBehavior: dismiss and notify, webauthn:extension:credBlob: true, webauthn:extension:largeBlob: true, webauthn:extension:minPinLength: true, webauthn:extension:prf: true, webauthn:virtualAuthenticators: true}
Element: [[ChromeDriver: chrome on windows (99133e113f4ed0522c45d3b6601eabe7)] -> xpath: //span[.='Cash on Delivery/Pay on Delivery'][1]]
Session ID: 99133e113f4ed0522c45d3b6601eabe7]]>
            </message>
            <full-stacktrace>
              <![CDATA[org.openqa.selenium.ElementNotInteractableException: element not interactable: element has zero size
  (Session info: chrome=132.0.6834.160)
Build info: version: '4.27.0', revision: 'd6e718d134'
System info: os.name: 'Windows 11', os.arch: 'amd64', os.version: '10.0', java.version: '23'
Driver info: org.openqa.selenium.chrome.ChromeDriver
Command: [99133e113f4ed0522c45d3b6601eabe7, clickElement {id=f.DCE6F60B11BBF5D800D0DC48A7C3C42D.d.D5D500B030BAC2E1A4DA7A4AAA21F83F.e.211}]
Capabilities {acceptInsecureCerts: false, browserName: chrome, browserVersion: 132.0.6834.160, chrome: {chromedriverVersion: 132.0.6834.159 (2d77d3fc445..., userDataDir: C:\Users\amolb\AppData\Loca...}, fedcm:accounts: true, goog:chromeOptions: {debuggerAddress: localhost:63229}, networkConnectionEnabled: false, pageLoadStrategy: normal, platformName: windows, proxy: Proxy(), se:cdp: ws://localhost:63229/devtoo..., se:cdpVersion: 132.0.6834.160, setWindowRect: true, strictFileInteractability: false, timeouts: {implicit: 0, pageLoad: 300000, script: 30000}, unhandledPromptBehavior: dismiss and notify, webauthn:extension:credBlob: true, webauthn:extension:largeBlob: true, webauthn:extension:minPinLength: true, webauthn:extension:prf: true, webauthn:virtualAuthenticators: true}
Element: [[ChromeDriver: chrome on windows (99133e113f4ed0522c45d3b6601eabe7)] -> xpath: //span[.='Cash on Delivery/Pay on Delivery'][1]]
Session ID: 99133e113f4ed0522c45d3b6601eabe7
at java.base/jdk.internal.reflect.DirectConstructorHandleAccessor.newInstance(DirectConstructorHandleAccessor.java:62)
at java.base/java.lang.reflect.Constructor.newInstanceWithCaller(Constructor.java:501)
at java.base/java.lang.reflect.Constructor.newInstance(Constructor.java:485)
at org.openqa.selenium.remote.ErrorCodec.decode(ErrorCodec.java:167)
at org.openqa.selenium.remote.codec.w3c.W3CHttpResponseCodec.decode(W3CHttpResponseCodec.java:138)
at org.openqa.selenium.remote.codec.w3c.W3CHttpResponseCodec.decode(W3CHttpResponseCodec.java:50)
at org.openqa.selenium.remote.HttpCommandExecutor.execute(HttpCommandExecutor.java:190)
at org.openqa.selenium.remote.service.DriverCommandExecutor.invokeExecute(DriverCommandExecutor.java:216)
at org.openqa.selenium.remote.service.DriverCommandExecutor.execute(DriverCommandExecutor.java:174)
at org.openqa.selenium.remote.RemoteWebDriver.execute(RemoteWebDriver.java:545)
at org.openqa.selenium.remote.RemoteWebElement.execute(RemoteWebElement.java:223)
at org.openqa.selenium.remote.RemoteWebElement.click(RemoteWebElement.java:76)
at java.base/jdk.internal.reflect.DirectMethodHandleAccessor.invoke(DirectMethodHandleAccessor.java:103)
at java.base/java.lang.reflect.Method.invoke(Method.java:580)
at org.openqa.selenium.support.pagefactory.internal.LocatingElementHandler.invoke(LocatingElementHandler.java:51)
at jdk.proxy2/jdk.proxy2.$Proxy18.click(Unknown Source)
at amazon_Project1.Project1_Amazon.PaymentPage_project1.Cashondeliveryoption(PaymentPage_project1.java:76)
at amazon_Project1.Project1_Amazon.Testcase11_Checkoutprocess_project1.checkout(Testcase11_Checkoutprocess_project1.java:23)
at java.base/jdk.internal.reflect.DirectMethodHandleAccessor.invoke(DirectMethodHandleAccessor.java:103)
at java.base/java.lang.reflect.Method.invoke(Method.java:580)
at org.testng.internal.invokers.MethodInvocationHelper.invokeMethod(MethodInvocationHelper.java:141)
at org.testng.internal.invokers.TestInvoker.invokeMethod(TestInvoker.java:686)
at org.testng.internal.invokers.TestInvoker.invokeTestMethod(TestInvoker.java:230)
at org.testng.internal.invokers.MethodRunner.runInSequence(MethodRunner.java:63)
at org.testng.internal.invokers.TestInvoker$MethodInvocationAgent.invoke(TestInvoker.java:992)
at org.testng.internal.invokers.TestInvoker.invokeTestMethods(TestInvoker.java:203)
at org.testng.internal.invokers.TestMethodWorker.invokeTestMethods(TestMethodWorker.java:154)
at org.testng.internal.invokers.TestMethodWorker.run(TestMethodWorker.java:134)
at java.base/java.util.ArrayList.forEach(ArrayList.java:1597)
at org.testng.TestRunner.privateRun(TestRunner.java:739)
at org.testng.TestRunner.run(TestRunner.java:614)
at org.testng.SuiteRunner.runTest(SuiteRunner.java:421)
at org.testng.SuiteRunner$SuiteWorker.run(SuiteRunner.java:463)
at org.testng.internal.thread.ThreadUtil.lambda$execute$0(ThreadUtil.java:64)
at java.base/java.util.concurrent.FutureTask.run(FutureTask.java:317)
at java.base/java.util.concurrent.ThreadPoolExecutor.runWorker(ThreadPoolExecutor.java:1144)
at java.base/java.util.concurrent.ThreadPoolExecutor$Worker.run(ThreadPoolExecutor.java:642)
at java.base/java.lang.Thread.run(Thread.java:1575)
]]>
            </full-stacktrace>
          </exception> <!-- org.openqa.selenium.ElementNotInteractableException -->
          <reporter-output>
          </reporter-output>
        </test-method> <!-- checkout -->
        <test-method is-config="true" signature="quit()[pri:0, instance:amazon_Project1.Project1_Amazon.Testcase11_Checkoutprocess_project1@5717c37]" started-at="2025-02-03T07:54:49 IST" name="quit" finished-at="2025-02-03T07:55:16 IST" duration-ms="26923" status="PASS">
          <reporter-output>
          </reporter-output>
        </test-method> <!-- quit -->
        <test-method is-config="true" signature="launchbrowser(java.lang.String,java.lang.String)[pri:0, instance:amazon_Project1.Project1_Amazon.Testcase11_Checkoutprocess_project1@5717c37]" started-at="2025-02-03T07:55:16 IST" name="launchbrowser" finished-at="2025-02-03T07:55:23 IST" duration-ms="6718" status="PASS">
          <params>
            <param index="0">
              <value>
                <![CDATA[chrome]]>
              </value>
            </param>
            <param index="1">
              <value is-null="true"/>
            </param>
          </params>
          <reporter-output>
          </reporter-output>
        </test-method> <!-- launchbrowser -->
        <test-method signature="checkout()[pri:0, instance:amazon_Project1.Project1_Amazon.Testcase11_Checkoutprocess_project1@5717c37]" started-at="2025-02-03T07:55:23 IST" name="checkout" finished-at="2025-02-03T07:56:07 IST" duration-ms="44611" status="FAIL">
          <exception class="org.openqa.selenium.ElementNotInteractableException">
            <message>
              <![CDATA[element not interactable: element has zero size
  (Session info: chrome=132.0.6834.160)
Build info: version: '4.27.0', revision: 'd6e718d134'
System info: os.name: 'Windows 11', os.arch: 'amd64', os.version: '10.0', java.version: '23'
Driver info: org.openqa.selenium.chrome.ChromeDriver
Command: [419b91e2514c64c927b0b1968226a7fd, clickElement {id=f.00944668F6A28A50DC4CF845DAEDB152.d.4BB2CDAAF5C87BF4C65531E095CE9F26.e.205}]
Capabilities {acceptInsecureCerts: false, browserName: chrome, browserVersion: 132.0.6834.160, chrome: {chromedriverVersion: 132.0.6834.159 (2d77d3fc445..., userDataDir: C:\Users\amolb\AppData\Loca...}, fedcm:accounts: true, goog:chromeOptions: {debuggerAddress: localhost:64835}, networkConnectionEnabled: false, pageLoadStrategy: normal, platformName: windows, proxy: Proxy(), se:cdp: ws://localhost:64835/devtoo..., se:cdpVersion: 132.0.6834.160, setWindowRect: true, strictFileInteractability: false, timeouts: {implicit: 0, pageLoad: 300000, script: 30000}, unhandledPromptBehavior: dismiss and notify, webauthn:extension:credBlob: true, webauthn:extension:largeBlob: true, webauthn:extension:minPinLength: true, webauthn:extension:prf: true, webauthn:virtualAuthenticators: true}
Element: [[ChromeDriver: chrome on windows (419b91e2514c64c927b0b1968226a7fd)] -> xpath: //span[.='Cash on Delivery/Pay on Delivery'][1]]
Session ID: 419b91e2514c64c927b0b1968226a7fd]]>
            </message>
            <full-stacktrace>
              <![CDATA[org.openqa.selenium.ElementNotInteractableException: element not interactable: element has zero size
  (Session info: chrome=132.0.6834.160)
Build info: version: '4.27.0', revision: 'd6e718d134'
System info: os.name: 'Windows 11', os.arch: 'amd64', os.version: '10.0', java.version: '23'
Driver info: org.openqa.selenium.chrome.ChromeDriver
Command: [419b91e2514c64c927b0b1968226a7fd, clickElement {id=f.00944668F6A28A50DC4CF845DAEDB152.d.4BB2CDAAF5C87BF4C65531E095CE9F26.e.205}]
Capabilities {acceptInsecureCerts: false, browserName: chrome, browserVersion: 132.0.6834.160, chrome: {chromedriverVersion: 132.0.6834.159 (2d77d3fc445..., userDataDir: C:\Users\amolb\AppData\Loca...}, fedcm:accounts: true, goog:chromeOptions: {debuggerAddress: localhost:64835}, networkConnectionEnabled: false, pageLoadStrategy: normal, platformName: windows, proxy: Proxy(), se:cdp: ws://localhost:64835/devtoo..., se:cdpVersion: 132.0.6834.160, setWindowRect: true, strictFileInteractability: false, timeouts: {implicit: 0, pageLoad: 300000, script: 30000}, unhandledPromptBehavior: dismiss and notify, webauthn:extension:credBlob: true, webauthn:extension:largeBlob: true, webauthn:extension:minPinLength: true, webauthn:extension:prf: true, webauthn:virtualAuthenticators: true}
Element: [[ChromeDriver: chrome on windows (419b91e2514c64c927b0b1968226a7fd)] -> xpath: //span[.='Cash on Delivery/Pay on Delivery'][1]]
Session ID: 419b91e2514c64c927b0b1968226a7fd
at java.base/jdk.internal.reflect.DirectConstructorHandleAccessor.newInstance(DirectConstructorHandleAccessor.java:62)
at java.base/java.lang.reflect.Constructor.newInstanceWithCaller(Constructor.java:501)
at java.base/java.lang.reflect.Constructor.newInstance(Constructor.java:485)
at org.openqa.selenium.remote.ErrorCodec.decode(ErrorCodec.java:167)
at org.openqa.selenium.remote.codec.w3c.W3CHttpResponseCodec.decode(W3CHttpResponseCodec.java:138)
at org.openqa.selenium.remote.codec.w3c.W3CHttpResponseCodec.decode(W3CHttpResponseCodec.java:50)
at org.openqa.selenium.remote.HttpCommandExecutor.execute(HttpCommandExecutor.java:190)
at org.openqa.selenium.remote.service.DriverCommandExecutor.invokeExecute(DriverCommandExecutor.java:216)
at org.openqa.selenium.remote.service.DriverCommandExecutor.execute(DriverCommandExecutor.java:174)
at org.openqa.selenium.remote.RemoteWebDriver.execute(RemoteWebDriver.java:545)
at org.openqa.selenium.remote.RemoteWebElement.execute(RemoteWebElement.java:223)
at org.openqa.selenium.remote.RemoteWebElement.click(RemoteWebElement.java:76)
at java.base/jdk.internal.reflect.DirectMethodHandleAccessor.invoke(DirectMethodHandleAccessor.java:103)
at java.base/java.lang.reflect.Method.invoke(Method.java:580)
at org.openqa.selenium.support.pagefactory.internal.LocatingElementHandler.invoke(LocatingElementHandler.java:51)
at jdk.proxy2/jdk.proxy2.$Proxy18.click(Unknown Source)
at amazon_Project1.Project1_Amazon.PaymentPage_project1.Cashondeliveryoption(PaymentPage_project1.java:76)
at amazon_Project1.Project1_Amazon.Testcase11_Checkoutprocess_project1.checkout(Testcase11_Checkoutprocess_project1.java:23)
at java.base/jdk.internal.reflect.DirectMethodHandleAccessor.invoke(DirectMethodHandleAccessor.java:103)
at java.base/java.lang.reflect.Method.invoke(Method.java:580)
at org.testng.internal.invokers.MethodInvocationHelper.invokeMethod(MethodInvocationHelper.java:141)
at org.testng.internal.invokers.TestInvoker.invokeMethod(TestInvoker.java:686)
at org.testng.internal.invokers.TestInvoker.retryFailed(TestInvoker.java:269)
at org.testng.internal.invokers.MethodRunner.runInSequence(MethodRunner.java:76)
at org.testng.internal.invokers.TestInvoker$MethodInvocationAgent.invoke(TestInvoker.java:992)
at org.testng.internal.invokers.TestInvoker.invokeTestMethods(TestInvoker.java:203)
at org.testng.internal.invokers.TestMethodWorker.invokeTestMethods(TestMethodWorker.java:154)
at org.testng.internal.invokers.TestMethodWorker.run(TestMethodWorker.java:134)
at java.base/java.util.ArrayList.forEach(ArrayList.java:1597)
at org.testng.TestRunner.privateRun(TestRunner.java:739)
at org.testng.TestRunner.run(TestRunner.java:614)
at org.testng.SuiteRunner.runTest(SuiteRunner.java:421)
at org.testng.SuiteRunner$SuiteWorker.run(SuiteRunner.java:463)
at org.testng.internal.thread.ThreadUtil.lambda$execute$0(ThreadUtil.java:64)
at java.base/java.util.concurrent.FutureTask.run(FutureTask.java:317)
at java.base/java.util.concurrent.ThreadPoolExecutor.runWorker(ThreadPoolExecutor.java:1144)
at java.base/java.util.concurrent.ThreadPoolExecutor$Worker.run(ThreadPoolExecutor.java:642)
at java.base/java.lang.Thread.run(Thread.java:1575)
]]>
            </full-stacktrace>
          </exception> <!-- org.openqa.selenium.ElementNotInteractableException -->
          <reporter-output>
          </reporter-output>
        </test-method> <!-- checkout -->
        <test-method is-config="true" signature="quit()[pri:0, instance:amazon_Project1.Project1_Amazon.Testcase11_Checkoutprocess_project1@5717c37]" started-at="2025-02-03T07:56:07 IST" name="quit" finished-at="2025-02-03T07:56:09 IST" duration-ms="2111" status="PASS">
          <reporter-output>
          </reporter-output>
        </test-method> <!-- quit -->
      </class> <!-- amazon_Project1.Project1_Amazon.Testcase11_Checkoutprocess_project1 -->
    </test> <!-- Test11 -->
    <test started-at="2025-02-03T07:54:04 IST" name="Test14" finished-at="2025-02-03T07:56:14 IST" duration-ms="130059">
      <class name="amazon_Project1.Project1_Amazon.Testcase14_Starrating_placedorder">
        <test-method is-config="true" signature="launchbrowser(java.lang.String,java.lang.String)[pri:0, instance:amazon_Project1.Project1_Amazon.Testcase14_Starrating_placedorder@b978d10]" started-at="2025-02-03T07:54:04 IST" name="launchbrowser" finished-at="2025-02-03T07:54:25 IST" duration-ms="20825" status="PASS">
          <params>
            <param index="0">
              <value>
                <![CDATA[chrome]]>
              </value>
            </param>
            <param index="1">
              <value is-null="true"/>
            </param>
          </params>
          <reporter-output>
          </reporter-output>
        </test-method> <!-- launchbrowser -->
        <test-method retried="true" signature="applycoupen()[pri:0, instance:amazon_Project1.Project1_Amazon.Testcase14_Starrating_placedorder@b978d10]" started-at="2025-02-03T07:54:25 IST" name="applycoupen" finished-at="2025-02-03T07:55:19 IST" duration-ms="53754" status="SKIP">
          <exception class="org.openqa.selenium.ElementNotInteractableException">
            <message>
              <![CDATA[element not interactable: element has zero size
  (Session info: chrome=132.0.6834.160)
Build info: version: '4.27.0', revision: 'd6e718d134'
System info: os.name: 'Windows 11', os.arch: 'amd64', os.version: '10.0', java.version: '23'
Driver info: org.openqa.selenium.chrome.ChromeDriver
Command: [c2d82806779a219f21af0e274147cde3, clickElement {id=f.F634898D7802F896219EF80CE4D347FC.d.F470DBE0FA68C6A4E92627A6A89C47C1.e.18537}]
Capabilities {acceptInsecureCerts: false, browserName: chrome, browserVersion: 132.0.6834.160, chrome: {chromedriverVersion: 132.0.6834.159 (2d77d3fc445..., userDataDir: C:\Users\amolb\AppData\Loca...}, fedcm:accounts: true, goog:chromeOptions: {debuggerAddress: localhost:64072}, networkConnectionEnabled: false, pageLoadStrategy: normal, platformName: windows, proxy: Proxy(), se:cdp: ws://localhost:64072/devtoo..., se:cdpVersion: 132.0.6834.160, setWindowRect: true, strictFileInteractability: false, timeouts: {implicit: 0, pageLoad: 300000, script: 30000}, unhandledPromptBehavior: dismiss and notify, webauthn:extension:credBlob: true, webauthn:extension:largeBlob: true, webauthn:extension:minPinLength: true, webauthn:extension:prf: true, webauthn:virtualAuthenticators: true}
Element: [[ChromeDriver: chrome on windows (c2d82806779a219f21af0e274147cde3)] -> xpath: //span[.='Cash on Delivery/Pay on Delivery'][1]]
Session ID: c2d82806779a219f21af0e274147cde3]]>
            </message>
            <full-stacktrace>
              <![CDATA[org.openqa.selenium.ElementNotInteractableException: element not interactable: element has zero size
  (Session info: chrome=132.0.6834.160)
Build info: version: '4.27.0', revision: 'd6e718d134'
System info: os.name: 'Windows 11', os.arch: 'amd64', os.version: '10.0', java.version: '23'
Driver info: org.openqa.selenium.chrome.ChromeDriver
Command: [c2d82806779a219f21af0e274147cde3, clickElement {id=f.F634898D7802F896219EF80CE4D347FC.d.F470DBE0FA68C6A4E92627A6A89C47C1.e.18537}]
Capabilities {acceptInsecureCerts: false, browserName: chrome, browserVersion: 132.0.6834.160, chrome: {chromedriverVersion: 132.0.6834.159 (2d77d3fc445..., userDataDir: C:\Users\amolb\AppData\Loca...}, fedcm:accounts: true, goog:chromeOptions: {debuggerAddress: localhost:64072}, networkConnectionEnabled: false, pageLoadStrategy: normal, platformName: windows, proxy: Proxy(), se:cdp: ws://localhost:64072/devtoo..., se:cdpVersion: 132.0.6834.160, setWindowRect: true, strictFileInteractability: false, timeouts: {implicit: 0, pageLoad: 300000, script: 30000}, unhandledPromptBehavior: dismiss and notify, webauthn:extension:credBlob: true, webauthn:extension:largeBlob: true, webauthn:extension:minPinLength: true, webauthn:extension:prf: true, webauthn:virtualAuthenticators: true}
Element: [[ChromeDriver: chrome on windows (c2d82806779a219f21af0e274147cde3)] -> xpath: //span[.='Cash on Delivery/Pay on Delivery'][1]]
Session ID: c2d82806779a219f21af0e274147cde3
at java.base/jdk.internal.reflect.DirectConstructorHandleAccessor.newInstance(DirectConstructorHandleAccessor.java:62)
at java.base/java.lang.reflect.Constructor.newInstanceWithCaller(Constructor.java:501)
at java.base/java.lang.reflect.Constructor.newInstance(Constructor.java:485)
at org.openqa.selenium.remote.ErrorCodec.decode(ErrorCodec.java:167)
at org.openqa.selenium.remote.codec.w3c.W3CHttpResponseCodec.decode(W3CHttpResponseCodec.java:138)
at org.openqa.selenium.remote.codec.w3c.W3CHttpResponseCodec.decode(W3CHttpResponseCodec.java:50)
at org.openqa.selenium.remote.HttpCommandExecutor.execute(HttpCommandExecutor.java:190)
at org.openqa.selenium.remote.service.DriverCommandExecutor.invokeExecute(DriverCommandExecutor.java:216)
at org.openqa.selenium.remote.service.DriverCommandExecutor.execute(DriverCommandExecutor.java:174)
at org.openqa.selenium.remote.RemoteWebDriver.execute(RemoteWebDriver.java:545)
at org.openqa.selenium.remote.RemoteWebElement.execute(RemoteWebElement.java:223)
at org.openqa.selenium.remote.RemoteWebElement.click(RemoteWebElement.java:76)
at java.base/jdk.internal.reflect.DirectMethodHandleAccessor.invoke(DirectMethodHandleAccessor.java:103)
at java.base/java.lang.reflect.Method.invoke(Method.java:580)
at org.openqa.selenium.support.pagefactory.internal.LocatingElementHandler.invoke(LocatingElementHandler.java:51)
at jdk.proxy2/jdk.proxy2.$Proxy18.click(Unknown Source)
at amazon_Project1.Project1_Amazon.PaymentPage_project1.Cashondeliveryoption(PaymentPage_project1.java:76)
at amazon_Project1.Project1_Amazon.Testcase14_Starrating_placedorder.applycoupen(Testcase14_Starrating_placedorder.java:24)
at java.base/jdk.internal.reflect.DirectMethodHandleAccessor.invoke(DirectMethodHandleAccessor.java:103)
at java.base/java.lang.reflect.Method.invoke(Method.java:580)
at org.testng.internal.invokers.MethodInvocationHelper.invokeMethod(MethodInvocationHelper.java:141)
at org.testng.internal.invokers.TestInvoker.invokeMethod(TestInvoker.java:686)
at org.testng.internal.invokers.TestInvoker.invokeTestMethod(TestInvoker.java:230)
at org.testng.internal.invokers.MethodRunner.runInSequence(MethodRunner.java:63)
at org.testng.internal.invokers.TestInvoker$MethodInvocationAgent.invoke(TestInvoker.java:992)
at org.testng.internal.invokers.TestInvoker.invokeTestMethods(TestInvoker.java:203)
at org.testng.internal.invokers.TestMethodWorker.invokeTestMethods(TestMethodWorker.java:154)
at org.testng.internal.invokers.TestMethodWorker.run(TestMethodWorker.java:134)
at java.base/java.util.ArrayList.forEach(ArrayList.java:1597)
at org.testng.TestRunner.privateRun(TestRunner.java:739)
at org.testng.TestRunner.run(TestRunner.java:614)
at org.testng.SuiteRunner.runTest(SuiteRunner.java:421)
at org.testng.SuiteRunner$SuiteWorker.run(SuiteRunner.java:463)
at org.testng.internal.thread.ThreadUtil.lambda$execute$0(ThreadUtil.java:64)
at java.base/java.util.concurrent.FutureTask.run(FutureTask.java:317)
at java.base/java.util.concurrent.ThreadPoolExecutor.runWorker(ThreadPoolExecutor.java:1144)
at java.base/java.util.concurrent.ThreadPoolExecutor$Worker.run(ThreadPoolExecutor.java:642)
at java.base/java.lang.Thread.run(Thread.java:1575)
]]>
            </full-stacktrace>
          </exception> <!-- org.openqa.selenium.ElementNotInteractableException -->
          <reporter-output>
          </reporter-output>
        </test-method> <!-- applycoupen -->
        <test-method is-config="true" signature="quit()[pri:0, instance:amazon_Project1.Project1_Amazon.Testcase14_Starrating_placedorder@b978d10]" started-at="2025-02-03T07:55:19 IST" name="quit" finished-at="2025-02-03T07:55:22 IST" duration-ms="3245" status="PASS">
          <reporter-output>
          </reporter-output>
        </test-method> <!-- quit -->
        <test-method is-config="true" signature="launchbrowser(java.lang.String,java.lang.String)[pri:0, instance:amazon_Project1.Project1_Amazon.Testcase14_Starrating_placedorder@b978d10]" started-at="2025-02-03T07:55:22 IST" name="launchbrowser" finished-at="2025-02-03T07:55:32 IST" duration-ms="9829" status="PASS">
          <params>
            <param index="0">
              <value>
                <![CDATA[chrome]]>
              </value>
            </param>
            <param index="1">
              <value is-null="true"/>
            </param>
          </params>
          <reporter-output>
          </reporter-output>
        </test-method> <!-- launchbrowser -->
        <test-method signature="applycoupen()[pri:0, instance:amazon_Project1.Project1_Amazon.Testcase14_Starrating_placedorder@b978d10]" started-at="2025-02-03T07:55:32 IST" name="applycoupen" finished-at="2025-02-03T07:56:14 IST" duration-ms="41729" status="FAIL">
          <exception class="org.openqa.selenium.ElementNotInteractableException">
            <message>
              <![CDATA[element not interactable: element has zero size
  (Session info: chrome=132.0.6834.160)
Build info: version: '4.27.0', revision: 'd6e718d134'
System info: os.name: 'Windows 11', os.arch: 'amd64', os.version: '10.0', java.version: '23'
Driver info: org.openqa.selenium.chrome.ChromeDriver
Command: [52123eb58a3cc011f2778e21bf71be62, clickElement {id=f.879321277756F6AC44B280DAE160873E.d.3C756D95E2A76085FE92839CD9219E5A.e.182}]
Capabilities {acceptInsecureCerts: false, browserName: chrome, browserVersion: 132.0.6834.160, chrome: {chromedriverVersion: 132.0.6834.159 (2d77d3fc445..., userDataDir: C:\Users\amolb\AppData\Loca...}, fedcm:accounts: true, goog:chromeOptions: {debuggerAddress: localhost:64940}, networkConnectionEnabled: false, pageLoadStrategy: normal, platformName: windows, proxy: Proxy(), se:cdp: ws://localhost:64940/devtoo..., se:cdpVersion: 132.0.6834.160, setWindowRect: true, strictFileInteractability: false, timeouts: {implicit: 0, pageLoad: 300000, script: 30000}, unhandledPromptBehavior: dismiss and notify, webauthn:extension:credBlob: true, webauthn:extension:largeBlob: true, webauthn:extension:minPinLength: true, webauthn:extension:prf: true, webauthn:virtualAuthenticators: true}
Element: [[ChromeDriver: chrome on windows (52123eb58a3cc011f2778e21bf71be62)] -> xpath: //span[.='Cash on Delivery/Pay on Delivery'][1]]
Session ID: 52123eb58a3cc011f2778e21bf71be62]]>
            </message>
            <full-stacktrace>
              <![CDATA[org.openqa.selenium.ElementNotInteractableException: element not interactable: element has zero size
  (Session info: chrome=132.0.6834.160)
Build info: version: '4.27.0', revision: 'd6e718d134'
System info: os.name: 'Windows 11', os.arch: 'amd64', os.version: '10.0', java.version: '23'
Driver info: org.openqa.selenium.chrome.ChromeDriver
Command: [52123eb58a3cc011f2778e21bf71be62, clickElement {id=f.879321277756F6AC44B280DAE160873E.d.3C756D95E2A76085FE92839CD9219E5A.e.182}]
Capabilities {acceptInsecureCerts: false, browserName: chrome, browserVersion: 132.0.6834.160, chrome: {chromedriverVersion: 132.0.6834.159 (2d77d3fc445..., userDataDir: C:\Users\amolb\AppData\Loca...}, fedcm:accounts: true, goog:chromeOptions: {debuggerAddress: localhost:64940}, networkConnectionEnabled: false, pageLoadStrategy: normal, platformName: windows, proxy: Proxy(), se:cdp: ws://localhost:64940/devtoo..., se:cdpVersion: 132.0.6834.160, setWindowRect: true, strictFileInteractability: false, timeouts: {implicit: 0, pageLoad: 300000, script: 30000}, unhandledPromptBehavior: dismiss and notify, webauthn:extension:credBlob: true, webauthn:extension:largeBlob: true, webauthn:extension:minPinLength: true, webauthn:extension:prf: true, webauthn:virtualAuthenticators: true}
Element: [[ChromeDriver: chrome on windows (52123eb58a3cc011f2778e21bf71be62)] -> xpath: //span[.='Cash on Delivery/Pay on Delivery'][1]]
Session ID: 52123eb58a3cc011f2778e21bf71be62
at java.base/jdk.internal.reflect.DirectConstructorHandleAccessor.newInstance(DirectConstructorHandleAccessor.java:62)
at java.base/java.lang.reflect.Constructor.newInstanceWithCaller(Constructor.java:501)
at java.base/java.lang.reflect.Constructor.newInstance(Constructor.java:485)
at org.openqa.selenium.remote.ErrorCodec.decode(ErrorCodec.java:167)
at org.openqa.selenium.remote.codec.w3c.W3CHttpResponseCodec.decode(W3CHttpResponseCodec.java:138)
at org.openqa.selenium.remote.codec.w3c.W3CHttpResponseCodec.decode(W3CHttpResponseCodec.java:50)
at org.openqa.selenium.remote.HttpCommandExecutor.execute(HttpCommandExecutor.java:190)
at org.openqa.selenium.remote.service.DriverCommandExecutor.invokeExecute(DriverCommandExecutor.java:216)
at org.openqa.selenium.remote.service.DriverCommandExecutor.execute(DriverCommandExecutor.java:174)
at org.openqa.selenium.remote.RemoteWebDriver.execute(RemoteWebDriver.java:545)
at org.openqa.selenium.remote.RemoteWebElement.execute(RemoteWebElement.java:223)
at org.openqa.selenium.remote.RemoteWebElement.click(RemoteWebElement.java:76)
at java.base/jdk.internal.reflect.DirectMethodHandleAccessor.invoke(DirectMethodHandleAccessor.java:103)
at java.base/java.lang.reflect.Method.invoke(Method.java:580)
at org.openqa.selenium.support.pagefactory.internal.LocatingElementHandler.invoke(LocatingElementHandler.java:51)
at jdk.proxy2/jdk.proxy2.$Proxy18.click(Unknown Source)
at amazon_Project1.Project1_Amazon.PaymentPage_project1.Cashondeliveryoption(PaymentPage_project1.java:76)
at amazon_Project1.Project1_Amazon.Testcase14_Starrating_placedorder.applycoupen(Testcase14_Starrating_placedorder.java:24)
at java.base/jdk.internal.reflect.DirectMethodHandleAccessor.invoke(DirectMethodHandleAccessor.java:103)
at java.base/java.lang.reflect.Method.invoke(Method.java:580)
at org.testng.internal.invokers.MethodInvocationHelper.invokeMethod(MethodInvocationHelper.java:141)
at org.testng.internal.invokers.TestInvoker.invokeMethod(TestInvoker.java:686)
at org.testng.internal.invokers.TestInvoker.retryFailed(TestInvoker.java:269)
at org.testng.internal.invokers.MethodRunner.runInSequence(MethodRunner.java:76)
at org.testng.internal.invokers.TestInvoker$MethodInvocationAgent.invoke(TestInvoker.java:992)
at org.testng.internal.invokers.TestInvoker.invokeTestMethods(TestInvoker.java:203)
at org.testng.internal.invokers.TestMethodWorker.invokeTestMethods(TestMethodWorker.java:154)
at org.testng.internal.invokers.TestMethodWorker.run(TestMethodWorker.java:134)
at java.base/java.util.ArrayList.forEach(ArrayList.java:1597)
at org.testng.TestRunner.privateRun(TestRunner.java:739)
at org.testng.TestRunner.run(TestRunner.java:614)
at org.testng.SuiteRunner.runTest(SuiteRunner.java:421)
at org.testng.SuiteRunner$SuiteWorker.run(SuiteRunner.java:463)
at org.testng.internal.thread.ThreadUtil.lambda$execute$0(ThreadUtil.java:64)
at java.base/java.util.concurrent.FutureTask.run(FutureTask.java:317)
at java.base/java.util.concurrent.ThreadPoolExecutor.runWorker(ThreadPoolExecutor.java:1144)
at java.base/java.util.concurrent.ThreadPoolExecutor$Worker.run(ThreadPoolExecutor.java:642)
at java.base/java.lang.Thread.run(Thread.java:1575)
]]>
            </full-stacktrace>
          </exception> <!-- org.openqa.selenium.ElementNotInteractableException -->
          <reporter-output>
          </reporter-output>
        </test-method> <!-- applycoupen -->
        <test-method is-config="true" signature="quit()[pri:0, instance:amazon_Project1.Project1_Amazon.Testcase14_Starrating_placedorder@b978d10]" started-at="2025-02-03T07:56:14 IST" name="quit" finished-at="2025-02-03T07:56:14 IST" duration-ms="672" status="PASS">
          <reporter-output>
          </reporter-output>
        </test-method> <!-- quit -->
      </class> <!-- amazon_Project1.Project1_Amazon.Testcase14_Starrating_placedorder -->
    </test> <!-- Test14 -->
    <test started-at="2025-02-03T07:53:05 IST" name="Test10" finished-at="2025-02-03T07:56:43 IST" duration-ms="217637">
      <class name="amazon_Project1.Project1_Amazon.TestCase10_AddandRemoveCart_Project1">
        <test-method is-config="true" signature="launchbrowser(java.lang.String,java.lang.String)[pri:0, instance:amazon_Project1.Project1_Amazon.TestCase10_AddandRemoveCart_Project1@2474f125]" started-at="2025-02-03T07:53:05 IST" name="launchbrowser" finished-at="2025-02-03T07:53:22 IST" duration-ms="16981" status="PASS">
          <params>
            <param index="0">
              <value>
                <![CDATA[chrome]]>
              </value>
            </param>
            <param index="1">
              <value is-null="true"/>
            </param>
          </params>
          <reporter-output>
          </reporter-output>
        </test-method> <!-- launchbrowser -->
        <test-method retried="true" signature="addandremove()[pri:0, instance:amazon_Project1.Project1_Amazon.TestCase10_AddandRemoveCart_Project1@2474f125]" started-at="2025-02-03T07:53:22 IST" name="addandremove" finished-at="2025-02-03T07:55:19 IST" duration-ms="117023" status="SKIP">
          <exception class="org.openqa.selenium.NoSuchElementException">
            <message>
              <![CDATA[no such element: Unable to locate element: {"method":"xpath","selector":"//span[@class='a-icon a-icon-small-add']"}
  (Session info: chrome=132.0.6834.160)
For documentation on this error, please visit: https://www.selenium.dev/documentation/webdriver/troubleshooting/errors#no-such-element-exception
Build info: version: '4.27.0', revision: 'd6e718d134'
System info: os.name: 'Windows 11', os.arch: 'amd64', os.version: '10.0', java.version: '23'
Driver info: org.openqa.selenium.chrome.ChromeDriver
Command: [e5d7eb9cc525f14f65098bc50fb41976, findElement {value=//span[@class='a-icon a-icon-small-add'], using=xpath}]
Capabilities {acceptInsecureCerts: false, browserName: chrome, browserVersion: 132.0.6834.160, chrome: {chromedriverVersion: 132.0.6834.159 (2d77d3fc445..., userDataDir: C:\Users\amolb\AppData\Loca...}, fedcm:accounts: true, goog:chromeOptions: {debuggerAddress: localhost:63145}, networkConnectionEnabled: false, pageLoadStrategy: normal, platformName: windows, proxy: Proxy(), se:cdp: ws://localhost:63145/devtoo..., se:cdpVersion: 132.0.6834.160, setWindowRect: true, strictFileInteractability: false, timeouts: {implicit: 0, pageLoad: 300000, script: 30000}, unhandledPromptBehavior: dismiss and notify, webauthn:extension:credBlob: true, webauthn:extension:largeBlob: true, webauthn:extension:minPinLength: true, webauthn:extension:prf: true, webauthn:virtualAuthenticators: true}
Session ID: e5d7eb9cc525f14f65098bc50fb41976]]>
            </message>
            <full-stacktrace>
              <![CDATA[org.openqa.selenium.NoSuchElementException: no such element: Unable to locate element: {"method":"xpath","selector":"//span[@class='a-icon a-icon-small-add']"}
  (Session info: chrome=132.0.6834.160)
For documentation on this error, please visit: https://www.selenium.dev/documentation/webdriver/troubleshooting/errors#no-such-element-exception
Build info: version: '4.27.0', revision: 'd6e718d134'
System info: os.name: 'Windows 11', os.arch: 'amd64', os.version: '10.0', java.version: '23'
Driver info: org.openqa.selenium.chrome.ChromeDriver
Command: [e5d7eb9cc525f14f65098bc50fb41976, findElement {value=//span[@class='a-icon a-icon-small-add'], using=xpath}]
Capabilities {acceptInsecureCerts: false, browserName: chrome, browserVersion: 132.0.6834.160, chrome: {chromedriverVersion: 132.0.6834.159 (2d77d3fc445..., userDataDir: C:\Users\amolb\AppData\Loca...}, fedcm:accounts: true, goog:chromeOptions: {debuggerAddress: localhost:63145}, networkConnectionEnabled: false, pageLoadStrategy: normal, platformName: windows, proxy: Proxy(), se:cdp: ws://localhost:63145/devtoo..., se:cdpVersion: 132.0.6834.160, setWindowRect: true, strictFileInteractability: false, timeouts: {implicit: 0, pageLoad: 300000, script: 30000}, unhandledPromptBehavior: dismiss and notify, webauthn:extension:credBlob: true, webauthn:extension:largeBlob: true, webauthn:extension:minPinLength: true, webauthn:extension:prf: true, webauthn:virtualAuthenticators: true}
Session ID: e5d7eb9cc525f14f65098bc50fb41976
at java.base/jdk.internal.reflect.DirectConstructorHandleAccessor.newInstance(DirectConstructorHandleAccessor.java:62)
at java.base/java.lang.reflect.Constructor.newInstanceWithCaller(Constructor.java:501)
at java.base/java.lang.reflect.Constructor.newInstance(Constructor.java:485)
at org.openqa.selenium.remote.ErrorCodec.decode(ErrorCodec.java:167)
at org.openqa.selenium.remote.codec.w3c.W3CHttpResponseCodec.decode(W3CHttpResponseCodec.java:138)
at org.openqa.selenium.remote.codec.w3c.W3CHttpResponseCodec.decode(W3CHttpResponseCodec.java:50)
at org.openqa.selenium.remote.HttpCommandExecutor.execute(HttpCommandExecutor.java:190)
at org.openqa.selenium.remote.service.DriverCommandExecutor.invokeExecute(DriverCommandExecutor.java:216)
at org.openqa.selenium.remote.service.DriverCommandExecutor.execute(DriverCommandExecutor.java:174)
at org.openqa.selenium.remote.RemoteWebDriver.execute(RemoteWebDriver.java:545)
at org.openqa.selenium.remote.ElementLocation$ElementFinder$2.findElement(ElementLocation.java:165)
at org.openqa.selenium.remote.ElementLocation.findElement(ElementLocation.java:59)
at org.openqa.selenium.remote.RemoteWebDriver.findElement(RemoteWebDriver.java:368)
at org.openqa.selenium.remote.RemoteWebDriver.findElement(RemoteWebDriver.java:362)
at org.openqa.selenium.support.pagefactory.DefaultElementLocator.findElement(DefaultElementLocator.java:68)
at org.openqa.selenium.support.pagefactory.internal.LocatingElementHandler.invoke(LocatingElementHandler.java:38)
at jdk.proxy2/jdk.proxy2.$Proxy18.click(Unknown Source)
at amazon_Project1.Project1_Amazon.AddandDeleteCartPage_Project1.add_cart_increment(AddandDeleteCartPage_Project1.java:41)
at amazon_Project1.Project1_Amazon.TestCase10_AddandRemoveCart_Project1.addandremove(TestCase10_AddandRemoveCart_Project1.java:22)
at java.base/jdk.internal.reflect.DirectMethodHandleAccessor.invoke(DirectMethodHandleAccessor.java:103)
at java.base/java.lang.reflect.Method.invoke(Method.java:580)
at org.testng.internal.invokers.MethodInvocationHelper.invokeMethod(MethodInvocationHelper.java:141)
at org.testng.internal.invokers.TestInvoker.invokeMethod(TestInvoker.java:686)
at org.testng.internal.invokers.TestInvoker.invokeTestMethod(TestInvoker.java:230)
at org.testng.internal.invokers.MethodRunner.runInSequence(MethodRunner.java:63)
at org.testng.internal.invokers.TestInvoker$MethodInvocationAgent.invoke(TestInvoker.java:992)
at org.testng.internal.invokers.TestInvoker.invokeTestMethods(TestInvoker.java:203)
at org.testng.internal.invokers.TestMethodWorker.invokeTestMethods(TestMethodWorker.java:154)
at org.testng.internal.invokers.TestMethodWorker.run(TestMethodWorker.java:134)
at java.base/java.util.ArrayList.forEach(ArrayList.java:1597)
at org.testng.TestRunner.privateRun(TestRunner.java:739)
at org.testng.TestRunner.run(TestRunner.java:614)
at org.testng.SuiteRunner.runTest(SuiteRunner.java:421)
at org.testng.SuiteRunner$SuiteWorker.run(SuiteRunner.java:463)
at org.testng.internal.thread.ThreadUtil.lambda$execute$0(ThreadUtil.java:64)
at java.base/java.util.concurrent.FutureTask.run(FutureTask.java:317)
at java.base/java.util.concurrent.ThreadPoolExecutor.runWorker(ThreadPoolExecutor.java:1144)
at java.base/java.util.concurrent.ThreadPoolExecutor$Worker.run(ThreadPoolExecutor.java:642)
at java.base/java.lang.Thread.run(Thread.java:1575)
]]>
            </full-stacktrace>
          </exception> <!-- org.openqa.selenium.NoSuchElementException -->
          <reporter-output>
          </reporter-output>
        </test-method> <!-- addandremove -->
        <test-method is-config="true" signature="quit()[pri:0, instance:amazon_Project1.Project1_Amazon.TestCase10_AddandRemoveCart_Project1@2474f125]" started-at="2025-02-03T07:55:19 IST" name="quit" finished-at="2025-02-03T07:55:37 IST" duration-ms="17687" status="PASS">
          <reporter-output>
          </reporter-output>
        </test-method> <!-- quit -->
        <test-method is-config="true" signature="launchbrowser(java.lang.String,java.lang.String)[pri:0, instance:amazon_Project1.Project1_Amazon.TestCase10_AddandRemoveCart_Project1@2474f125]" started-at="2025-02-03T07:55:37 IST" name="launchbrowser" finished-at="2025-02-03T07:55:49 IST" duration-ms="12153" status="PASS">
          <params>
            <param index="0">
              <value>
                <![CDATA[chrome]]>
              </value>
            </param>
            <param index="1">
              <value is-null="true"/>
            </param>
          </params>
          <reporter-output>
          </reporter-output>
        </test-method> <!-- launchbrowser -->
        <test-method signature="addandremove()[pri:0, instance:amazon_Project1.Project1_Amazon.TestCase10_AddandRemoveCart_Project1@2474f125]" started-at="2025-02-03T07:55:49 IST" name="addandremove" finished-at="2025-02-03T07:56:42 IST" duration-ms="53279" status="FAIL">
          <exception class="org.openqa.selenium.NoSuchElementException">
            <message>
              <![CDATA[no such element: Unable to locate element: {"method":"xpath","selector":"//span[@class='a-icon a-icon-small-add']"}
  (Session info: chrome=132.0.6834.160)
For documentation on this error, please visit: https://www.selenium.dev/documentation/webdriver/troubleshooting/errors#no-such-element-exception
Build info: version: '4.27.0', revision: 'd6e718d134'
System info: os.name: 'Windows 11', os.arch: 'amd64', os.version: '10.0', java.version: '23'
Driver info: org.openqa.selenium.chrome.ChromeDriver
Command: [3f57fc051592ec0805b8b7fb95cc2a98, findElement {value=//span[@class='a-icon a-icon-small-add'], using=xpath}]
Capabilities {acceptInsecureCerts: false, browserName: chrome, browserVersion: 132.0.6834.160, chrome: {chromedriverVersion: 132.0.6834.159 (2d77d3fc445..., userDataDir: C:\Users\amolb\AppData\Loca...}, fedcm:accounts: true, goog:chromeOptions: {debuggerAddress: localhost:65181}, networkConnectionEnabled: false, pageLoadStrategy: normal, platformName: windows, proxy: Proxy(), se:cdp: ws://localhost:65181/devtoo..., se:cdpVersion: 132.0.6834.160, setWindowRect: true, strictFileInteractability: false, timeouts: {implicit: 0, pageLoad: 300000, script: 30000}, unhandledPromptBehavior: dismiss and notify, webauthn:extension:credBlob: true, webauthn:extension:largeBlob: true, webauthn:extension:minPinLength: true, webauthn:extension:prf: true, webauthn:virtualAuthenticators: true}
Session ID: 3f57fc051592ec0805b8b7fb95cc2a98]]>
            </message>
            <full-stacktrace>
              <![CDATA[org.openqa.selenium.NoSuchElementException: no such element: Unable to locate element: {"method":"xpath","selector":"//span[@class='a-icon a-icon-small-add']"}
  (Session info: chrome=132.0.6834.160)
For documentation on this error, please visit: https://www.selenium.dev/documentation/webdriver/troubleshooting/errors#no-such-element-exception
Build info: version: '4.27.0', revision: 'd6e718d134'
System info: os.name: 'Windows 11', os.arch: 'amd64', os.version: '10.0', java.version: '23'
Driver info: org.openqa.selenium.chrome.ChromeDriver
Command: [3f57fc051592ec0805b8b7fb95cc2a98, findElement {value=//span[@class='a-icon a-icon-small-add'], using=xpath}]
Capabilities {acceptInsecureCerts: false, browserName: chrome, browserVersion: 132.0.6834.160, chrome: {chromedriverVersion: 132.0.6834.159 (2d77d3fc445..., userDataDir: C:\Users\amolb\AppData\Loca...}, fedcm:accounts: true, goog:chromeOptions: {debuggerAddress: localhost:65181}, networkConnectionEnabled: false, pageLoadStrategy: normal, platformName: windows, proxy: Proxy(), se:cdp: ws://localhost:65181/devtoo..., se:cdpVersion: 132.0.6834.160, setWindowRect: true, strictFileInteractability: false, timeouts: {implicit: 0, pageLoad: 300000, script: 30000}, unhandledPromptBehavior: dismiss and notify, webauthn:extension:credBlob: true, webauthn:extension:largeBlob: true, webauthn:extension:minPinLength: true, webauthn:extension:prf: true, webauthn:virtualAuthenticators: true}
Session ID: 3f57fc051592ec0805b8b7fb95cc2a98
at java.base/jdk.internal.reflect.DirectConstructorHandleAccessor.newInstance(DirectConstructorHandleAccessor.java:62)
at java.base/java.lang.reflect.Constructor.newInstanceWithCaller(Constructor.java:501)
at java.base/java.lang.reflect.Constructor.newInstance(Constructor.java:485)
at org.openqa.selenium.remote.ErrorCodec.decode(ErrorCodec.java:167)
at org.openqa.selenium.remote.codec.w3c.W3CHttpResponseCodec.decode(W3CHttpResponseCodec.java:138)
at org.openqa.selenium.remote.codec.w3c.W3CHttpResponseCodec.decode(W3CHttpResponseCodec.java:50)
at org.openqa.selenium.remote.HttpCommandExecutor.execute(HttpCommandExecutor.java:190)
at org.openqa.selenium.remote.service.DriverCommandExecutor.invokeExecute(DriverCommandExecutor.java:216)
at org.openqa.selenium.remote.service.DriverCommandExecutor.execute(DriverCommandExecutor.java:174)
at org.openqa.selenium.remote.RemoteWebDriver.execute(RemoteWebDriver.java:545)
at org.openqa.selenium.remote.ElementLocation$ElementFinder$2.findElement(ElementLocation.java:165)
at org.openqa.selenium.remote.ElementLocation.findElement(ElementLocation.java:59)
at org.openqa.selenium.remote.RemoteWebDriver.findElement(RemoteWebDriver.java:368)
at org.openqa.selenium.remote.RemoteWebDriver.findElement(RemoteWebDriver.java:362)
at org.openqa.selenium.support.pagefactory.DefaultElementLocator.findElement(DefaultElementLocator.java:68)
at org.openqa.selenium.support.pagefactory.internal.LocatingElementHandler.invoke(LocatingElementHandler.java:38)
at jdk.proxy2/jdk.proxy2.$Proxy18.click(Unknown Source)
at amazon_Project1.Project1_Amazon.AddandDeleteCartPage_Project1.add_cart_increment(AddandDeleteCartPage_Project1.java:41)
at amazon_Project1.Project1_Amazon.TestCase10_AddandRemoveCart_Project1.addandremove(TestCase10_AddandRemoveCart_Project1.java:22)
at java.base/jdk.internal.reflect.DirectMethodHandleAccessor.invoke(DirectMethodHandleAccessor.java:103)
at java.base/java.lang.reflect.Method.invoke(Method.java:580)
at org.testng.internal.invokers.MethodInvocationHelper.invokeMethod(MethodInvocationHelper.java:141)
at org.testng.internal.invokers.TestInvoker.invokeMethod(TestInvoker.java:686)
at org.testng.internal.invokers.TestInvoker.retryFailed(TestInvoker.java:269)
at org.testng.internal.invokers.MethodRunner.runInSequence(MethodRunner.java:76)
at org.testng.internal.invokers.TestInvoker$MethodInvocationAgent.invoke(TestInvoker.java:992)
at org.testng.internal.invokers.TestInvoker.invokeTestMethods(TestInvoker.java:203)
at org.testng.internal.invokers.TestMethodWorker.invokeTestMethods(TestMethodWorker.java:154)
at org.testng.internal.invokers.TestMethodWorker.run(TestMethodWorker.java:134)
at java.base/java.util.ArrayList.forEach(ArrayList.java:1597)
at org.testng.TestRunner.privateRun(TestRunner.java:739)
at org.testng.TestRunner.run(TestRunner.java:614)
at org.testng.SuiteRunner.runTest(SuiteRunner.java:421)
at org.testng.SuiteRunner$SuiteWorker.run(SuiteRunner.java:463)
at org.testng.internal.thread.ThreadUtil.lambda$execute$0(ThreadUtil.java:64)
at java.base/java.util.concurrent.FutureTask.run(FutureTask.java:317)
at java.base/java.util.concurrent.ThreadPoolExecutor.runWorker(ThreadPoolExecutor.java:1144)
at java.base/java.util.concurrent.ThreadPoolExecutor$Worker.run(ThreadPoolExecutor.java:642)
at java.base/java.lang.Thread.run(Thread.java:1575)
]]>
            </full-stacktrace>
          </exception> <!-- org.openqa.selenium.NoSuchElementException -->
          <reporter-output>
          </reporter-output>
        </test-method> <!-- addandremove -->
        <test-method is-config="true" signature="quit()[pri:0, instance:amazon_Project1.Project1_Amazon.TestCase10_AddandRemoveCart_Project1@2474f125]" started-at="2025-02-03T07:56:42 IST" name="quit" finished-at="2025-02-03T07:56:43 IST" duration-ms="510" status="PASS">
          <reporter-output>
          </reporter-output>
        </test-method> <!-- quit -->
      </class> <!-- amazon_Project1.Project1_Amazon.TestCase10_AddandRemoveCart_Project1 -->
    </test> <!-- Test10 -->
  </suite> <!-- Suite -->
</testng-results>
