<!DOCTYPE html PUBLIC "-//W3C//DTD XHTML 1.1//EN" "https://www.w3.org/TR/xhtml11/DTD/xhtml11.dtd">
<html xmlns="https://www.w3.org/1999/xhtml">
<head>
<meta http-equiv="content-type" content="text/html; charset=UTF-8"/>
<title>TestNG Report</title>
<style type="text/css">table {margin-bottom:10px;border-collapse:collapse;empty-cells:show}th,td {border:1px solid #009;padding:.25em .5em}th {vertical-align:bottom}td {vertical-align:top}table a {font-weight:bold}.stripe td {background-color: #E6EBF9}.num {text-align:right}.passedodd td {background-color: #3F3}.passedeven td {background-color: #0A0}.skippedodd td {background-color: #DDD}.skippedeven td {background-color: #CCC}.failedodd td,.attn {background-color: #F33}.failedeven td,.stripe .attn {background-color: #D00}.stacktrace {white-space:pre;font-family:monospace}.totop {font-size:85%;text-align:center;border-bottom:2px solid #000}.invisible {display:none}</style>
</head>
<body>
<table>
<tr><th>Test</th><th># Passed</th><th># Skipped</th><th># Retried</th><th># Failed</th><th>Time (ms)</th><th>Included Groups</th><th>Excluded Groups</th></tr>
<tr><th colspan="8">Suite</th></tr>
<tr><td><a href="#t0">Test005</a></td><td class="num">1</td><td class="num">0</td><td class="num">0</td><td class="num">0</td><td class="num">125,466</td><td></td><td></td></tr>
<tr class="stripe"><td><a href="#t1">Test002</a></td><td class="num">1</td><td class="num attn">1</td><td class="num">0</td><td class="num">0</td><td class="num">142,135</td><td></td><td></td></tr>
<tr><td><a href="#t2">Test015</a></td><td class="num">1</td><td class="num">0</td><td class="num">0</td><td class="num">0</td><td class="num">154,711</td><td></td><td></td></tr>
<tr class="stripe"><td><a href="#t3">Test003</a></td><td class="num">1</td><td class="num">0</td><td class="num">0</td><td class="num">0</td><td class="num">196,875</td><td></td><td></td></tr>
<tr><td><a href="#t4">Test004</a></td><td class="num">1</td><td class="num">0</td><td class="num">0</td><td class="num">0</td><td class="num">220,659</td><td></td><td></td></tr>
<tr class="stripe"><td><a href="#t5">Test007</a></td><td class="num">1</td><td class="num">0</td><td class="num">0</td><td class="num">0</td><td class="num">229,139</td><td></td><td></td></tr>
<tr><td><a href="#t6">Test009</a></td><td class="num">1</td><td class="num">0</td><td class="num">0</td><td class="num">0</td><td class="num">266,969</td><td></td><td></td></tr>
<tr class="stripe"><td><a href="#t7">Test012</a></td><td class="num">1</td><td class="num">0</td><td class="num">0</td><td class="num">0</td><td class="num">289,055</td><td></td><td></td></tr>
<tr><td><a href="#t8">Test010</a></td><td class="num">1</td><td class="num">0</td><td class="num">0</td><td class="num">0</td><td class="num">291,043</td><td></td><td></td></tr>
<tr class="stripe"><td><a href="#t9">Test008</a></td><td class="num">1</td><td class="num">0</td><td class="num">0</td><td class="num">0</td><td class="num">300,174</td><td></td><td></td></tr>
<tr><td><a href="#t10">Test013</a></td><td class="num">1</td><td class="num">0</td><td class="num">0</td><td class="num">0</td><td class="num">301,845</td><td></td><td></td></tr>
<tr class="stripe"><td><a href="#t11">Test006</a></td><td class="num">1</td><td class="num">0</td><td class="num">0</td><td class="num">0</td><td class="num">303,937</td><td></td><td></td></tr>
<tr><td><a href="#t12">Test001</a></td><td class="num">1</td><td class="num">0</td><td class="num attn">1</td><td class="num">0</td><td class="num">303,957</td><td></td><td></td></tr>
<tr class="stripe"><td><a href="#t13">Test03</a></td><td class="num">1</td><td class="num">0</td><td class="num">0</td><td class="num">0</td><td class="num">188,622</td><td></td><td></td></tr>
<tr><td><a href="#t14">Test04</a></td><td class="num">1</td><td class="num">0</td><td class="num">0</td><td class="num">0</td><td class="num">169,208</td><td></td><td></td></tr>
<tr class="stripe"><td><a href="#t15">Test01</a></td><td class="num">0</td><td class="num">0</td><td class="num attn">1</td><td class="num attn">1</td><td class="num">308,500</td><td></td><td></td></tr>
<tr><td><a href="#t16">Test06</a></td><td class="num">1</td><td class="num">0</td><td class="num">0</td><td class="num">0</td><td class="num">233,385</td><td></td><td></td></tr>
<tr class="stripe"><td><a href="#t17">Test05</a></td><td class="num">1</td><td class="num">0</td><td class="num">0</td><td class="num">0</td><td class="num">240,858</td><td></td><td></td></tr>
<tr><td><a href="#t18">Test02</a></td><td class="num">2</td><td class="num">0</td><td class="num">0</td><td class="num">0</td><td class="num">320,819</td><td></td><td></td></tr>
<tr class="stripe"><td><a href="#t19">Test011</a></td><td class="num">0</td><td class="num">0</td><td class="num attn">1</td><td class="num attn">1</td><td class="num">498,664</td><td></td><td></td></tr>
<tr><td><a href="#t20">Test07</a></td><td class="num">1</td><td class="num">0</td><td class="num">0</td><td class="num">0</td><td class="num">253,655</td><td></td><td></td></tr>
<tr class="stripe"><td><a href="#t21">Test014</a></td><td class="num">0</td><td class="num">0</td><td class="num attn">1</td><td class="num attn">1</td><td class="num">540,984</td><td></td><td></td></tr>
<tr><td><a href="#t22">Test09</a></td><td class="num">1</td><td class="num">0</td><td class="num">0</td><td class="num">0</td><td class="num">273,740</td><td></td><td></td></tr>
<tr class="stripe"><td><a href="#t23">Test12</a></td><td class="num">1</td><td class="num">0</td><td class="num">0</td><td class="num">0</td><td class="num">272,070</td><td></td><td></td></tr>
<tr><td><a href="#t24">Test08</a></td><td class="num">1</td><td class="num">0</td><td class="num">0</td><td class="num">0</td><td class="num">292,955</td><td></td><td></td></tr>
<tr class="stripe"><td><a href="#t25">Test13</a></td><td class="num">1</td><td class="num">0</td><td class="num">0</td><td class="num">0</td><td class="num">286,241</td><td></td><td></td></tr>
<tr><td><a href="#t26">Test14</a></td><td class="num">0</td><td class="num">0</td><td class="num attn">1</td><td class="num attn">1</td><td class="num">247,110</td><td></td><td></td></tr>
<tr class="stripe"><td><a href="#t27">Test10</a></td><td class="num">1</td><td class="num">0</td><td class="num">0</td><td class="num">0</td><td class="num">300,173</td><td></td><td></td></tr>
<tr><td><a href="#t28">Test15</a></td><td class="num">0</td><td class="num">0</td><td class="num attn">1</td><td class="num attn">1</td><td class="num">240,099</td><td></td><td></td></tr>
<tr class="stripe"><td><a href="#t29">Test11</a></td><td class="num">0</td><td class="num">0</td><td class="num attn">1</td><td class="num attn">1</td><td class="num">319,797</td><td></td><td></td></tr>
<tr><th>Total</th><th class="num">25</th><th class="num attn">1</th><th class="num attn">7</th><th class="num attn">6</th><th class="num">8,112,845</th><th colspan="2"></th></tr>
</table>
<table id='summary'><thead><tr><th>Class</th><th>Method</th><th>Start</th><th>Time (ms)</th></tr></thead><tbody><tr><th colspan="4">Suite</th></tr></tbody><tbody id="t0"><tr><th colspan="4">Test005 &#8212; passed</th></tr><tr class="passedeven"><td rowspan="1">amazon_Project1.Project1_Amazon.Testcase05_SearchProduct_Project1</td><td><a href="#m0">searchproduct1</a></td><td rowspan="1">1738545748689</td><td rowspan="1">58047</td></tr></tbody>
<tbody id="t1"><tr><th colspan="4">Test002 &#8212; failed (configuration methods)</th></tr><tr class="failedeven"><td rowspan="1">amazon_Project1.Project1_Amazon.TestCase02_Loginwithcorrectcred</td><td><a href="#m1">launchbrowser</a></td><td rowspan="1">1738545792150</td><td rowspan="1">46687</td></tr><tr><th colspan="4">Test002 &#8212; skipped (configuration methods)</th></tr><tr class="skippedeven"><td rowspan="1">amazon_Project1.Project1_Amazon.TestCase02_Loginwithcorrectcred</td><td><a href="#m2">quit</a></td><td rowspan="1">1738545838854</td><td rowspan="1">-1738545838854</td></tr><tr><th colspan="4">Test002 &#8212; skipped</th></tr><tr class="skippedeven"><td rowspan="1">amazon_Project1.Project1_Amazon.TestCase02_Loginwithcorrectcred</td><td><a href="#m3">loginwithcorrectcred</a></td><td rowspan="1">1738545838848</td><td rowspan="1">0</td></tr><tr><th colspan="4">Test002 &#8212; passed</th></tr><tr class="passedeven"><td rowspan="1">amazon_Project1.Project1_Amazon.TestCase02_Loginwithcorrectcred</td><td><a href="#m4">loginwithcorrectcred</a></td><td rowspan="1">1738545718898</td><td rowspan="1">41683</td></tr></tbody>
<tbody id="t2"><tr><th colspan="4">Test015 &#8212; passed</th></tr><tr class="passedeven"><td rowspan="1">amazon_Project1.Project1_Amazon.Testcase15_Cartpage_Withoutlogin</td><td><a href="#m5">cartpage_withoutlogin</a></td><td rowspan="1">1738545748673</td><td rowspan="1">70683</td></tr></tbody>
<tbody id="t3"><tr><th colspan="4">Test003 &#8212; passed</th></tr><tr class="passedeven"><td rowspan="1">amazon_Project1.Project1_Amazon.TestCase03_LoginwithIncorrect</td><td><a href="#m6">loginwithincorrectcred</a></td><td rowspan="1">1738545793288</td><td rowspan="1">68711</td></tr></tbody>
<tbody id="t4"><tr><th colspan="4">Test004 &#8212; passed</th></tr><tr class="passedeven"><td rowspan="1">amazon_Project1.Project1_Amazon.TestCase04_Editprofile</td><td><a href="#m7">editprofile</a></td><td rowspan="1">1738545740567</td><td rowspan="1">145334</td></tr></tbody>
<tbody id="t5"><tr><th colspan="4">Test007 &#8212; passed</th></tr><tr class="passedeven"><td rowspan="1">amazon_Project1.Project1_Amazon.Testcase07_ProductDetailsPage_project1</td><td><a href="#m8">verifyProductDetails</a></td><td rowspan="1">1738545744902</td><td rowspan="1">149227</td></tr></tbody>
<tbody id="t6"><tr><th colspan="4">Test009 &#8212; passed</th></tr><tr class="passedeven"><td rowspan="1">amazon_Project1.Project1_Amazon.TestCase09_Addtocart_Project1</td><td><a href="#m9">addtocart</a></td><td rowspan="1">1738545741321</td><td rowspan="1">190805</td></tr></tbody>
<tbody id="t7"><tr><th colspan="4">Test012 &#8212; passed</th></tr><tr class="passedeven"><td rowspan="1">amazon_Project1.Project1_Amazon.Testcase12_Allpaymentmethod_Project1</td><td><a href="#m10">allpaymentmethod</a></td><td rowspan="1">1738545801720</td><td rowspan="1">151579</td></tr></tbody>
<tbody id="t8"><tr><th colspan="4">Test010 &#8212; passed</th></tr><tr class="passedeven"><td rowspan="1">amazon_Project1.Project1_Amazon.TestCase10_AddandRemoveCart_Project1</td><td><a href="#m11">addandremove</a></td><td rowspan="1">1738545774582</td><td rowspan="1">181825</td></tr></tbody>
<tbody id="t9"><tr><th colspan="4">Test008 &#8212; passed</th></tr><tr class="passedeven"><td rowspan="1">amazon_Project1.Project1_Amazon.Testcase08_VerifySort_Project1</td><td><a href="#m12">verifySort</a></td><td rowspan="1">1738545802705</td><td rowspan="1">153115</td></tr></tbody>
<tbody id="t10"><tr><th colspan="4">Test013 &#8212; passed</th></tr><tr class="passedeven"><td rowspan="1">amazon_Project1.Project1_Amazon.Testcase13_applycoupen</td><td><a href="#m13">applycoupen</a></td><td rowspan="1">1738545830304</td><td rowspan="1">129759</td></tr></tbody>
<tbody id="t11"><tr><th colspan="4">Test006 &#8212; passed</th></tr><tr class="passedeven"><td rowspan="1">amazon_Project1.Project1_Amazon.Testcase06_VerifyFilter</td><td><a href="#m14">verifyFilter</a></td><td rowspan="1">1738545823955</td><td rowspan="1">144032</td></tr></tbody>
<tbody id="t12"><tr><th colspan="4">Test001 &#8212; retried</th></tr><tr class="retriedeven"><td rowspan="1">amazon_Project1.Project1_Amazon.Testcase01_Registration</td><td><a href="#m15">registration</a></td><td rowspan="1">1738545814163</td><td rowspan="1">44631</td></tr><tr><th colspan="4">Test001 &#8212; passed</th></tr><tr class="passedeven"><td rowspan="1">amazon_Project1.Project1_Amazon.Testcase01_Registration</td><td><a href="#m16">registration</a></td><td rowspan="1">1738545954264</td><td rowspan="1">11947</td></tr></tbody>
<tbody id="t13"><tr><th colspan="4">Test03 &#8212; passed</th></tr><tr class="passedeven"><td rowspan="1">amazon_Project1.Project1_Amazon.TestCase03_LoginwithIncorrect</td><td><a href="#m17">loginwithincorrectcred</a></td><td rowspan="1">1738545940767</td><td rowspan="1">64886</td></tr></tbody>
<tbody id="t14"><tr><th colspan="4">Test04 &#8212; passed</th></tr><tr class="passedeven"><td rowspan="1">amazon_Project1.Project1_Amazon.TestCase04_Editprofile</td><td><a href="#m18">editprofile</a></td><td rowspan="1">1738545963191</td><td rowspan="1">67146</td></tr></tbody>
<tbody id="t15"><tr><th colspan="4">Test01 &#8212; failed</th></tr><tr class="failedeven"><td rowspan="1">amazon_Project1.Project1_Amazon.Testcase01_Registration</td><td><a href="#m19">registration</a></td><td rowspan="1">1738546044402</td><td rowspan="1">46387</td></tr><tr><th colspan="4">Test01 &#8212; retried</th></tr><tr class="retriedeven"><td rowspan="1">amazon_Project1.Project1_Amazon.Testcase01_Registration</td><td><a href="#m20">registration</a></td><td rowspan="1">1738545882233</td><td rowspan="1">54184</td></tr></tbody>
<tbody id="t16"><tr><th colspan="4">Test06 &#8212; passed</th></tr><tr class="passedeven"><td rowspan="1">amazon_Project1.Project1_Amazon.Testcase06_VerifyFilter</td><td><a href="#m21">verifyFilter</a></td><td rowspan="1">1738545964853</td><td rowspan="1">152972</td></tr></tbody>
<tbody id="t17"><tr><th colspan="4">Test05 &#8212; passed</th></tr><tr class="passedeven"><td rowspan="1">amazon_Project1.Project1_Amazon.Testcase05_SearchProduct_Project1</td><td><a href="#m22">searchproduct1</a></td><td rowspan="1">1738546003823</td><td rowspan="1">113897</td></tr></tbody>
<tbody id="t18"><tr><th colspan="4">Test02 &#8212; passed</th></tr><tr class="passedeven"><td rowspan="2">amazon_Project1.Project1_Amazon.TestCase02_Loginwithcorrectcred</td><td><a href="#m23">loginwithcorrectcred</a></td><td rowspan="2">1738546098904</td><td rowspan="2">29330</td></tr><tr class="passedeven"><td><a href="#m24">loginwithcorrectcred</a></td></tr></tbody>
<tbody id="t19"><tr><th colspan="4">Test011 &#8212; failed</th></tr><tr class="failedeven"><td rowspan="1">amazon_Project1.Project1_Amazon.Testcase11_Checkoutprocess_project1</td><td><a href="#m25">checkout</a></td><td rowspan="1">1738545984989</td><td rowspan="1">169493</td></tr><tr><th colspan="4">Test011 &#8212; retried</th></tr><tr class="retriedeven"><td rowspan="1">amazon_Project1.Project1_Amazon.Testcase11_Checkoutprocess_project1</td><td><a href="#m26">checkout</a></td><td rowspan="1">1738545747503</td><td rowspan="1">139477</td></tr></tbody>
<tbody id="t20"><tr><th colspan="4">Test07 &#8212; passed</th></tr><tr class="passedeven"><td rowspan="1">amazon_Project1.Project1_Amazon.Testcase07_ProductDetailsPage_project1</td><td><a href="#m27">verifyProductDetails</a></td><td rowspan="1">1738546055305</td><td rowspan="1">130131</td></tr></tbody>
<tbody id="t21"><tr><th colspan="4">Test014 &#8212; failed</th></tr><tr class="failedeven"><td rowspan="1">amazon_Project1.Project1_Amazon.Testcase14_Starrating_placedorder</td><td><a href="#m28">applycoupen</a></td><td rowspan="1">1738546099038</td><td rowspan="1">129228</td></tr><tr><th colspan="4">Test014 &#8212; retried</th></tr><tr class="retriedeven"><td rowspan="1">amazon_Project1.Project1_Amazon.Testcase14_Starrating_placedorder</td><td><a href="#m29">applycoupen</a></td><td rowspan="1">1738545748799</td><td rowspan="1">193884</td></tr></tbody>
<tbody id="t22"><tr><th colspan="4">Test09 &#8212; passed</th></tr><tr class="passedeven"><td rowspan="1">amazon_Project1.Project1_Amazon.TestCase09_Addtocart_Project1</td><td><a href="#m30">addtocart</a></td><td rowspan="1">1738546099375</td><td rowspan="1">155623</td></tr></tbody>
<tbody id="t23"><tr><th colspan="4">Test12 &#8212; passed</th></tr><tr class="passedeven"><td rowspan="1">amazon_Project1.Project1_Amazon.Testcase12_Allpaymentmethod_Project1</td><td><a href="#m31">allpaymentmethod</a></td><td rowspan="1">1738546123737</td><td rowspan="1">148038</td></tr></tbody>
<tbody id="t24"><tr><th colspan="4">Test08 &#8212; passed</th></tr><tr class="passedeven"><td rowspan="1">amazon_Project1.Project1_Amazon.Testcase08_VerifySort_Project1</td><td><a href="#m32">verifySort</a></td><td rowspan="1">1738546124203</td><td rowspan="1">153473</td></tr></tbody>
<tbody id="t25"><tr><th colspan="4">Test13 &#8212; passed</th></tr><tr class="passedeven"><td rowspan="1">amazon_Project1.Project1_Amazon.Testcase13_applycoupen</td><td><a href="#m33">applycoupen</a></td><td rowspan="1">1738546123774</td><td rowspan="1">162079</td></tr></tbody>
<tbody id="t26"><tr><th colspan="4">Test14 &#8212; failed (configuration methods)</th></tr><tr class="failedeven"><td rowspan="1">amazon_Project1.Project1_Amazon.Testcase14_Starrating_placedorder</td><td><a href="#m34">launchbrowser</a></td><td rowspan="1">1738546268314</td><td rowspan="1">18863</td></tr><tr><th colspan="4">Test14 &#8212; failed</th></tr><tr class="failedeven"><td rowspan="1">amazon_Project1.Project1_Amazon.Testcase14_Starrating_placedorder</td><td><a href="#m35">applycoupen</a></td><td rowspan="1">1738546287180</td><td rowspan="1">7</td></tr><tr><th colspan="4">Test14 &#8212; skipped (configuration methods)</th></tr><tr class="skippedeven"><td rowspan="1">amazon_Project1.Project1_Amazon.Testcase14_Starrating_placedorder</td><td><a href="#m36">quit</a></td><td rowspan="1">1738546287190</td><td rowspan="1">-1738546287190</td></tr><tr><th colspan="4">Test14 &#8212; retried</th></tr><tr class="retriedeven"><td rowspan="1">amazon_Project1.Project1_Amazon.Testcase14_Starrating_placedorder</td><td><a href="#m37">applycoupen</a></td><td rowspan="1">1738546176196</td><td rowspan="1">91617</td></tr></tbody>
<tbody id="t27"><tr><th colspan="4">Test10 &#8212; passed</th></tr><tr class="passedeven"><td rowspan="1">amazon_Project1.Project1_Amazon.TestCase10_AddandRemoveCart_Project1</td><td><a href="#m38">addandremove</a></td><td rowspan="1">1738546128185</td><td rowspan="1">162964</td></tr></tbody>
<tbody id="t28"><tr><th colspan="4">Test15 &#8212; failed</th></tr><tr class="failedeven"><td rowspan="1">amazon_Project1.Project1_Amazon.Testcase15_Cartpage_Withoutlogin</td><td><a href="#m39">cartpage_withoutlogin</a></td><td rowspan="1">1738546289993</td><td rowspan="1">12095</td></tr><tr><th colspan="4">Test15 &#8212; retried</th></tr><tr class="retriedeven"><td rowspan="1">amazon_Project1.Project1_Amazon.Testcase15_Cartpage_Withoutlogin</td><td><a href="#m40">cartpage_withoutlogin</a></td><td rowspan="1">1738546180085</td><td rowspan="1">84069</td></tr></tbody>
<tbody id="t29"><tr><th colspan="4">Test11 &#8212; failed</th></tr><tr class="failedeven"><td rowspan="1">amazon_Project1.Project1_Amazon.Testcase11_Checkoutprocess_project1</td><td><a href="#m41">checkout</a></td><td rowspan="1">1738546293123</td><td rowspan="1">26131</td></tr><tr><th colspan="4">Test11 &#8212; retried</th></tr><tr class="retriedeven"><td rowspan="1">amazon_Project1.Project1_Amazon.Testcase11_Checkoutprocess_project1</td><td><a href="#m42">checkout</a></td><td rowspan="1">1738546111752</td><td rowspan="1">163890</td></tr></tbody>
</table>
<h2>Test005</h2><h3 id="m0">amazon_Project1.Project1_Amazon.Testcase05_SearchProduct_Project1#searchproduct1</h3><table class="result"><tr><th>Messages</th></tr><tr><td><div class="messages">result is passed for test=searchproduct1</div></td></tr></table><p class="totop"><a href="#summary">back to summary</a></p>
<h2>Test002</h2><h3 id="m1">amazon_Project1.Project1_Amazon.TestCase02_Loginwithcorrectcred#launchbrowser</h3><table class="result"><tr class="param"><th>Parameter #1</th><th>Parameter #2</th></tr><tr class="param stripe"><td>chrome</td><td>null</td></tr><tr><th colspan="2">Exception</th></tr><tr><td colspan="2"><div class="stacktrace">org.openqa.selenium.SessionNotCreatedException: Could not start a new session. Possible causes are invalid address of the remote server or browser start-up failure. 
Host info: host: &apos;BHOSALEA&apos;, ip: &apos;192.168.1.40&apos;
	at org.openqa.selenium.remote.RemoteWebDriver.execute(RemoteWebDriver.java:563)
	at org.openqa.selenium.remote.RemoteWebDriver.startSession(RemoteWebDriver.java:245)
	at org.openqa.selenium.remote.RemoteWebDriver.&lt;init&gt;(RemoteWebDriver.java:174)
	at org.openqa.selenium.chromium.ChromiumDriver.&lt;init&gt;(ChromiumDriver.java:114)
	at org.openqa.selenium.chrome.ChromeDriver.&lt;init&gt;(ChromeDriver.java:88)
	at org.openqa.selenium.chrome.ChromeDriver.&lt;init&gt;(ChromeDriver.java:83)
	at org.openqa.selenium.chrome.ChromeDriver.&lt;init&gt;(ChromeDriver.java:51)
	at amazon_Project1.Project1_Amazon.LoginandQuit.launchbrowser(LoginandQuit.java:33)
	at java.base/java.util.ArrayList.forEach(ArrayList.java:1597)
	at java.base/java.util.concurrent.FutureTask.run(FutureTask.java:317)
	at java.base/java.util.concurrent.ThreadPoolExecutor.runWorker(ThreadPoolExecutor.java:1144)
	at java.base/java.util.concurrent.ThreadPoolExecutor$Worker.run(ThreadPoolExecutor.java:642)
	at java.base/java.lang.Thread.run(Thread.java:1575)
Caused by: org.openqa.selenium.WebDriverException: Failed waiting for driver server to start.
Build info: version: &apos;4.27.0&apos;, revision: &apos;d6e718d134&apos;
System info: os.name: &apos;Windows 11&apos;, os.arch: &apos;amd64&apos;, os.version: &apos;10.0&apos;, java.version: &apos;23&apos;
Driver info: driver.version: ChromeDriver
	at org.openqa.selenium.remote.service.DriverService.start(DriverService.java:253)
	at org.openqa.selenium.remote.service.DriverCommandExecutor.execute(DriverCommandExecutor.java:117)
	at org.openqa.selenium.remote.RemoteWebDriver.execute(RemoteWebDriver.java:545)
	... 32 more
Caused by: java.util.concurrent.ExecutionException: org.openqa.selenium.WebDriverException: Timed out waiting for driver server to start.
Build info: version: &apos;4.27.0&apos;, revision: &apos;d6e718d134&apos;
System info: os.name: &apos;Windows 11&apos;, os.arch: &apos;amd64&apos;, os.version: &apos;10.0&apos;, java.version: &apos;23&apos;
Driver info: driver.version: unknown
	at java.base/java.util.concurrent.CompletableFuture.wrapInExecutionException(CompletableFuture.java:345)
	at java.base/java.util.concurrent.CompletableFuture.reportGet(CompletableFuture.java:440)
	at java.base/java.util.concurrent.CompletableFuture.get(CompletableFuture.java:2140)
	at org.openqa.selenium.remote.service.DriverService.start(DriverService.java:234)
	... 34 more
Caused by: org.openqa.selenium.WebDriverException: Timed out waiting for driver server to start.
Build info: version: &apos;4.27.0&apos;, revision: &apos;d6e718d134&apos;
System info: os.name: &apos;Windows 11&apos;, os.arch: &apos;amd64&apos;, os.version: &apos;10.0&apos;, java.version: &apos;23&apos;
Driver info: driver.version: unknown
	at org.openqa.selenium.remote.service.DriverService.waitUntilAvailable(DriverService.java:278)
	at org.openqa.selenium.remote.service.DriverService.lambda$start$1(DriverService.java:212)
	at java.base/java.util.concurrent.CompletableFuture$AsyncSupply.run(CompletableFuture.java:1812)
	... 3 more
Caused by: org.openqa.selenium.net.UrlChecker$TimeoutException: Timed out waiting for [http://localhost:27636/status] to be available after 20034 ms
	at org.openqa.selenium.net.UrlChecker.waitUntilAvailable(UrlChecker.java:98)
	at org.openqa.selenium.remote.service.DriverService.waitUntilAvailable(DriverService.java:274)
	... 5 more
Caused by: java.util.concurrent.TimeoutException
	at java.base/java.util.concurrent.FutureTask.get(FutureTask.java:204)
	at org.openqa.selenium.net.UrlChecker.waitUntilAvailable(UrlChecker.java:91)
	... 6 more
... Removed 20 stack frames</div></td></tr></table><p class="totop"><a href="#summary">back to summary</a></p>
<h3 id="m2">amazon_Project1.Project1_Amazon.TestCase02_Loginwithcorrectcred#quit</h3><table class="result"><tr><th class="invisible"/></tr></table><p class="totop"><a href="#summary">back to summary</a></p>
<h3 id="m3">amazon_Project1.Project1_Amazon.TestCase02_Loginwithcorrectcred#loginwithcorrectcred</h3><table class="result"><tr class="param"><th>Parameter #1</th><th>Parameter #2</th></tr><tr class="param stripe"><td>9604232794
</td><td>Komal@2025</td></tr><tr><th colspan="2">Exception</th></tr><tr><td colspan="2"><div class="stacktrace">org.openqa.selenium.SessionNotCreatedException: Could not start a new session. Possible causes are invalid address of the remote server or browser start-up failure. 
Host info: host: &apos;BHOSALEA&apos;, ip: &apos;192.168.1.40&apos;
	at org.openqa.selenium.remote.RemoteWebDriver.execute(RemoteWebDriver.java:563)
	at org.openqa.selenium.remote.RemoteWebDriver.startSession(RemoteWebDriver.java:245)
	at org.openqa.selenium.remote.RemoteWebDriver.&lt;init&gt;(RemoteWebDriver.java:174)
	at org.openqa.selenium.chromium.ChromiumDriver.&lt;init&gt;(ChromiumDriver.java:114)
	at org.openqa.selenium.chrome.ChromeDriver.&lt;init&gt;(ChromeDriver.java:88)
	at org.openqa.selenium.chrome.ChromeDriver.&lt;init&gt;(ChromeDriver.java:83)
	at org.openqa.selenium.chrome.ChromeDriver.&lt;init&gt;(ChromeDriver.java:51)
	at amazon_Project1.Project1_Amazon.LoginandQuit.launchbrowser(LoginandQuit.java:33)
	at java.base/java.util.ArrayList.forEach(ArrayList.java:1597)
	at java.base/java.util.concurrent.FutureTask.run(FutureTask.java:317)
	at java.base/java.util.concurrent.ThreadPoolExecutor.runWorker(ThreadPoolExecutor.java:1144)
	at java.base/java.util.concurrent.ThreadPoolExecutor$Worker.run(ThreadPoolExecutor.java:642)
	at java.base/java.lang.Thread.run(Thread.java:1575)
Caused by: org.openqa.selenium.WebDriverException: Failed waiting for driver server to start.
Build info: version: &apos;4.27.0&apos;, revision: &apos;d6e718d134&apos;
System info: os.name: &apos;Windows 11&apos;, os.arch: &apos;amd64&apos;, os.version: &apos;10.0&apos;, java.version: &apos;23&apos;
Driver info: driver.version: ChromeDriver
	at org.openqa.selenium.remote.service.DriverService.start(DriverService.java:253)
	at org.openqa.selenium.remote.service.DriverCommandExecutor.execute(DriverCommandExecutor.java:117)
	at org.openqa.selenium.remote.RemoteWebDriver.execute(RemoteWebDriver.java:545)
	... 32 more
Caused by: java.util.concurrent.ExecutionException: org.openqa.selenium.WebDriverException: Timed out waiting for driver server to start.
Build info: version: &apos;4.27.0&apos;, revision: &apos;d6e718d134&apos;
System info: os.name: &apos;Windows 11&apos;, os.arch: &apos;amd64&apos;, os.version: &apos;10.0&apos;, java.version: &apos;23&apos;
Driver info: driver.version: unknown
	at java.base/java.util.concurrent.CompletableFuture.wrapInExecutionException(CompletableFuture.java:345)
	at java.base/java.util.concurrent.CompletableFuture.reportGet(CompletableFuture.java:440)
	at java.base/java.util.concurrent.CompletableFuture.get(CompletableFuture.java:2140)
	at org.openqa.selenium.remote.service.DriverService.start(DriverService.java:234)
	... 34 more
Caused by: org.openqa.selenium.WebDriverException: Timed out waiting for driver server to start.
Build info: version: &apos;4.27.0&apos;, revision: &apos;d6e718d134&apos;
System info: os.name: &apos;Windows 11&apos;, os.arch: &apos;amd64&apos;, os.version: &apos;10.0&apos;, java.version: &apos;23&apos;
Driver info: driver.version: unknown
	at org.openqa.selenium.remote.service.DriverService.waitUntilAvailable(DriverService.java:278)
	at org.openqa.selenium.remote.service.DriverService.lambda$start$1(DriverService.java:212)
	at java.base/java.util.concurrent.CompletableFuture$AsyncSupply.run(CompletableFuture.java:1812)
	... 3 more
Caused by: org.openqa.selenium.net.UrlChecker$TimeoutException: Timed out waiting for [http://localhost:27636/status] to be available after 20034 ms
	at org.openqa.selenium.net.UrlChecker.waitUntilAvailable(UrlChecker.java:98)
	at org.openqa.selenium.remote.service.DriverService.waitUntilAvailable(DriverService.java:274)
	... 5 more
Caused by: java.util.concurrent.TimeoutException
	at java.base/java.util.concurrent.FutureTask.get(FutureTask.java:204)
	at org.openqa.selenium.net.UrlChecker.waitUntilAvailable(UrlChecker.java:91)
	... 6 more
... Removed 20 stack frames</div></td></tr></table><p class="totop"><a href="#summary">back to summary</a></p>
<h3 id="m4">amazon_Project1.Project1_Amazon.TestCase02_Loginwithcorrectcred#loginwithcorrectcred</h3><table class="result"><tr class="param"><th>Parameter #1</th><th>Parameter #2</th></tr><tr class="param stripe"><td>shital.bhosale@hotmail.com</td><td>Test@12345</td></tr><tr><th colspan="2">Messages</th></tr><tr><td colspan="2"><div class="messages">result is passed for test=loginwithcorrectcred</div></td></tr></table><p class="totop"><a href="#summary">back to summary</a></p>
<h2>Test015</h2><h3 id="m5">amazon_Project1.Project1_Amazon.Testcase15_Cartpage_Withoutlogin#cartpage_withoutlogin</h3><table class="result"><tr><th>Messages</th></tr><tr><td><div class="messages">result is passed for test=cartpage_withoutlogin</div></td></tr></table><p class="totop"><a href="#summary">back to summary</a></p>
<h2>Test003</h2><h3 id="m6">amazon_Project1.Project1_Amazon.TestCase03_LoginwithIncorrect#loginwithincorrectcred</h3><table class="result"><tr><th>Messages</th></tr><tr><td><div class="messages">result is passed for test=loginwithincorrectcred</div></td></tr></table><p class="totop"><a href="#summary">back to summary</a></p>
<h2>Test004</h2><h3 id="m7">amazon_Project1.Project1_Amazon.TestCase04_Editprofile#editprofile</h3><table class="result"><tr><th>Messages</th></tr><tr><td><div class="messages">result is passed for test=editprofile</div></td></tr></table><p class="totop"><a href="#summary">back to summary</a></p>
<h2>Test007</h2><h3 id="m8">amazon_Project1.Project1_Amazon.Testcase07_ProductDetailsPage_project1#verifyProductDetails</h3><table class="result"><tr><th>Messages</th></tr><tr><td><div class="messages">result is passed for test=verifyProductDetails</div></td></tr></table><p class="totop"><a href="#summary">back to summary</a></p>
<h2>Test009</h2><h3 id="m9">amazon_Project1.Project1_Amazon.TestCase09_Addtocart_Project1#addtocart</h3><table class="result"><tr><th>Messages</th></tr><tr><td><div class="messages">result is passed for test=addtocart</div></td></tr></table><p class="totop"><a href="#summary">back to summary</a></p>
<h2>Test012</h2><h3 id="m10">amazon_Project1.Project1_Amazon.Testcase12_Allpaymentmethod_Project1#allpaymentmethod</h3><table class="result"><tr><th>Messages</th></tr><tr><td><div class="messages">result is passed for test=allpaymentmethod</div></td></tr></table><p class="totop"><a href="#summary">back to summary</a></p>
<h2>Test010</h2><h3 id="m11">amazon_Project1.Project1_Amazon.TestCase10_AddandRemoveCart_Project1#addandremove</h3><table class="result"><tr><th>Messages</th></tr><tr><td><div class="messages">result is passed for test=addandremove</div></td></tr></table><p class="totop"><a href="#summary">back to summary</a></p>
<h2>Test008</h2><h3 id="m12">amazon_Project1.Project1_Amazon.Testcase08_VerifySort_Project1#verifySort</h3><table class="result"><tr><th>Messages</th></tr><tr><td><div class="messages">result is passed for test=verifySort</div></td></tr></table><p class="totop"><a href="#summary">back to summary</a></p>
<h2>Test013</h2><h3 id="m13">amazon_Project1.Project1_Amazon.Testcase13_applycoupen#applycoupen</h3><table class="result"><tr><th>Messages</th></tr><tr><td><div class="messages">result is passed for test=applycoupen</div></td></tr></table><p class="totop"><a href="#summary">back to summary</a></p>
<h2>Test006</h2><h3 id="m14">amazon_Project1.Project1_Amazon.Testcase06_VerifyFilter#verifyFilter</h3><table class="result"><tr><th>Messages</th></tr><tr><td><div class="messages">result is passed for test=verifyFilter</div></td></tr></table><p class="totop"><a href="#summary">back to summary</a></p>
<h2>Test001</h2><h3 id="m15">amazon_Project1.Project1_Amazon.Testcase01_Registration#registration</h3><table class="result"><tr><th>Exception</th></tr><tr><td><div class="stacktrace">java.lang.NullPointerException: Cannot invoke &quot;org.openqa.selenium.WebDriver.getClass()&quot; because &quot;exceptionDriver&quot; is null
	at org.openqa.selenium.support.ui.WebDriverWait.timeoutException(WebDriverWait.java:85)
	at org.openqa.selenium.support.ui.FluentWait.until(FluentWait.java:228)
	at amazon_Project1.Project1_Amazon.RegistrationPage_Project1.starthere_Register(RegistrationPage_Project1.java:35)
	at amazon_Project1.Project1_Amazon.Testcase01_Registration.registration(Testcase01_Registration.java:9)
	at java.base/java.util.ArrayList.forEach(ArrayList.java:1597)
	at java.base/java.util.concurrent.FutureTask.run(FutureTask.java:317)
	at java.base/java.util.concurrent.ThreadPoolExecutor.runWorker(ThreadPoolExecutor.java:1144)
	at java.base/java.util.concurrent.ThreadPoolExecutor$Worker.run(ThreadPoolExecutor.java:642)
	at java.base/java.lang.Thread.run(Thread.java:1575)
... Removed 16 stack frames</div></td></tr></table><p class="totop"><a href="#summary">back to summary</a></p>
<h3 id="m16">amazon_Project1.Project1_Amazon.Testcase01_Registration#registration</h3><table class="result"><tr><th>Messages</th></tr><tr><td><div class="messages">result is passed for test=registration</div></td></tr></table><p class="totop"><a href="#summary">back to summary</a></p>
<h2>Test03</h2><h3 id="m17">amazon_Project1.Project1_Amazon.TestCase03_LoginwithIncorrect#loginwithincorrectcred</h3><table class="result"><tr><th>Messages</th></tr><tr><td><div class="messages">result is passed for test=loginwithincorrectcred</div></td></tr></table><p class="totop"><a href="#summary">back to summary</a></p>
<h2>Test04</h2><h3 id="m18">amazon_Project1.Project1_Amazon.TestCase04_Editprofile#editprofile</h3><table class="result"><tr><th>Messages</th></tr><tr><td><div class="messages">result is passed for test=editprofile</div></td></tr></table><p class="totop"><a href="#summary">back to summary</a></p>
<h2>Test01</h2><h3 id="m19">amazon_Project1.Project1_Amazon.Testcase01_Registration#registration</h3><table class="result"><tr><th>Messages</th></tr><tr><td><div class="messages">result is failed for test=null</div></td></tr><tr><th>Exception</th></tr><tr><td><div class="stacktrace">java.lang.NullPointerException: Cannot invoke &quot;org.openqa.selenium.WebDriver.getClass()&quot; because &quot;exceptionDriver&quot; is null
	at org.openqa.selenium.support.ui.WebDriverWait.timeoutException(WebDriverWait.java:85)
	at org.openqa.selenium.support.ui.FluentWait.until(FluentWait.java:228)
	at amazon_Project1.Project1_Amazon.RegistrationPage_Project1.starthere_Register(RegistrationPage_Project1.java:35)
	at amazon_Project1.Project1_Amazon.Testcase01_Registration.registration(Testcase01_Registration.java:9)
	at java.base/java.util.ArrayList.forEach(ArrayList.java:1597)
	at java.base/java.util.concurrent.FutureTask.run(FutureTask.java:317)
	at java.base/java.util.concurrent.ThreadPoolExecutor.runWorker(ThreadPoolExecutor.java:1144)
	at java.base/java.util.concurrent.ThreadPoolExecutor$Worker.run(ThreadPoolExecutor.java:642)
	at java.base/java.lang.Thread.run(Thread.java:1575)
... Removed 16 stack frames</div></td></tr></table><p class="totop"><a href="#summary">back to summary</a></p>
<h3 id="m20">amazon_Project1.Project1_Amazon.Testcase01_Registration#registration</h3><table class="result"><tr><th>Exception</th></tr><tr><td><div class="stacktrace">java.lang.NullPointerException: Cannot invoke &quot;org.openqa.selenium.WebDriver.getClass()&quot; because &quot;exceptionDriver&quot; is null
	at org.openqa.selenium.support.ui.WebDriverWait.timeoutException(WebDriverWait.java:85)
	at org.openqa.selenium.support.ui.FluentWait.until(FluentWait.java:228)
	at amazon_Project1.Project1_Amazon.RegistrationPage_Project1.starthere_Register(RegistrationPage_Project1.java:35)
	at amazon_Project1.Project1_Amazon.Testcase01_Registration.registration(Testcase01_Registration.java:9)
	at java.base/java.util.ArrayList.forEach(ArrayList.java:1597)
	at java.base/java.util.concurrent.FutureTask.run(FutureTask.java:317)
	at java.base/java.util.concurrent.ThreadPoolExecutor.runWorker(ThreadPoolExecutor.java:1144)
	at java.base/java.util.concurrent.ThreadPoolExecutor$Worker.run(ThreadPoolExecutor.java:642)
	at java.base/java.lang.Thread.run(Thread.java:1575)
... Removed 16 stack frames</div></td></tr></table><p class="totop"><a href="#summary">back to summary</a></p>
<h2>Test06</h2><h3 id="m21">amazon_Project1.Project1_Amazon.Testcase06_VerifyFilter#verifyFilter</h3><table class="result"><tr><th>Messages</th></tr><tr><td><div class="messages">result is passed for test=verifyFilter</div></td></tr></table><p class="totop"><a href="#summary">back to summary</a></p>
<h2>Test05</h2><h3 id="m22">amazon_Project1.Project1_Amazon.Testcase05_SearchProduct_Project1#searchproduct1</h3><table class="result"><tr><th>Messages</th></tr><tr><td><div class="messages">result is passed for test=searchproduct1</div></td></tr></table><p class="totop"><a href="#summary">back to summary</a></p>
<h2>Test02</h2><h3 id="m23">amazon_Project1.Project1_Amazon.TestCase02_Loginwithcorrectcred#loginwithcorrectcred</h3><table class="result"><tr class="param"><th>Parameter #1</th><th>Parameter #2</th></tr><tr class="param stripe"><td>9604232794
</td><td>Komal@2025</td></tr><tr><th colspan="2">Messages</th></tr><tr><td colspan="2"><div class="messages">result is passed for test=loginwithcorrectcred</div></td></tr></table><p class="totop"><a href="#summary">back to summary</a></p>
<h3 id="m24">amazon_Project1.Project1_Amazon.TestCase02_Loginwithcorrectcred#loginwithcorrectcred</h3><table class="result"><tr class="param"><th>Parameter #1</th><th>Parameter #2</th></tr><tr class="param stripe"><td>shital.bhosale@hotmail.com</td><td>Test@12345</td></tr><tr><th colspan="2">Messages</th></tr><tr><td colspan="2"><div class="messages">result is passed for test=loginwithcorrectcred</div></td></tr></table><p class="totop"><a href="#summary">back to summary</a></p>
<h2>Test011</h2><h3 id="m25">amazon_Project1.Project1_Amazon.Testcase11_Checkoutprocess_project1#checkout</h3><table class="result"><tr><th>Messages</th></tr><tr><td><div class="messages">result is failed for test=null</div></td></tr><tr><th>Exception</th></tr><tr><td><div class="stacktrace">org.openqa.selenium.ElementNotInteractableException: element not interactable: element has zero size
  (Session info: chrome=132.0.6834.111)
Build info: version: &apos;4.27.0&apos;, revision: &apos;d6e718d134&apos;
System info: os.name: &apos;Windows 11&apos;, os.arch: &apos;amd64&apos;, os.version: &apos;10.0&apos;, java.version: &apos;23&apos;
Driver info: org.openqa.selenium.chrome.ChromeDriver
Command: [1fa79a6f3374b0a8ad8a8af97e54e152, clickElement {id=f.F2CF27E877D0E5723C984DE4ADFCC2CE.d.92ED774819EFA75F30FE6FF54844FEEF.e.231}]
Capabilities {acceptInsecureCerts: false, browserName: chrome, browserVersion: 132.0.6834.111, chrome: {chromedriverVersion: 132.0.6834.159 (2d77d3fc445..., userDataDir: C:\Users\amolb\AppData\Loca...}, fedcm:accounts: true, goog:chromeOptions: {debuggerAddress: localhost:60836}, networkConnectionEnabled: false, pageLoadStrategy: normal, platformName: windows, proxy: Proxy(), se:cdp: ws://localhost:60836/devtoo..., se:cdpVersion: 132.0.6834.111, setWindowRect: true, strictFileInteractability: false, timeouts: {implicit: 0, pageLoad: 300000, script: 30000}, unhandledPromptBehavior: dismiss and notify, webauthn:extension:credBlob: true, webauthn:extension:largeBlob: true, webauthn:extension:minPinLength: true, webauthn:extension:prf: true, webauthn:virtualAuthenticators: true}
Element: [[ChromeDriver: chrome on windows (1fa79a6f3374b0a8ad8a8af97e54e152)] -&gt; xpath: //span[.=&apos;Cash on Delivery/Pay on Delivery&apos;][1]]
Session ID: 1fa79a6f3374b0a8ad8a8af97e54e152
	at org.openqa.selenium.remote.ErrorCodec.decode(ErrorCodec.java:167)
	at org.openqa.selenium.remote.codec.w3c.W3CHttpResponseCodec.decode(W3CHttpResponseCodec.java:138)
	at org.openqa.selenium.remote.codec.w3c.W3CHttpResponseCodec.decode(W3CHttpResponseCodec.java:50)
	at org.openqa.selenium.remote.HttpCommandExecutor.execute(HttpCommandExecutor.java:190)
	at org.openqa.selenium.remote.service.DriverCommandExecutor.invokeExecute(DriverCommandExecutor.java:216)
	at org.openqa.selenium.remote.service.DriverCommandExecutor.execute(DriverCommandExecutor.java:174)
	at org.openqa.selenium.remote.RemoteWebDriver.execute(RemoteWebDriver.java:545)
	at org.openqa.selenium.remote.RemoteWebElement.execute(RemoteWebElement.java:223)
	at org.openqa.selenium.remote.RemoteWebElement.click(RemoteWebElement.java:76)
	at org.openqa.selenium.support.pagefactory.internal.LocatingElementHandler.invoke(LocatingElementHandler.java:51)
	at jdk.proxy2/jdk.proxy2.$Proxy17.click(Unknown Source)
	at amazon_Project1.Project1_Amazon.PaymentPage_project1.Cashondeliveryoption(PaymentPage_project1.java:76)
	at amazon_Project1.Project1_Amazon.Testcase11_Checkoutprocess_project1.checkout(Testcase11_Checkoutprocess_project1.java:23)
	at java.base/java.util.ArrayList.forEach(ArrayList.java:1597)
	at java.base/java.util.concurrent.FutureTask.run(FutureTask.java:317)
	at java.base/java.util.concurrent.ThreadPoolExecutor.runWorker(ThreadPoolExecutor.java:1144)
	at java.base/java.util.concurrent.ThreadPoolExecutor$Worker.run(ThreadPoolExecutor.java:642)
	at java.base/java.lang.Thread.run(Thread.java:1575)
... Removed 21 stack frames</div></td></tr></table><p class="totop"><a href="#summary">back to summary</a></p>
<h3 id="m26">amazon_Project1.Project1_Amazon.Testcase11_Checkoutprocess_project1#checkout</h3><table class="result"><tr><th>Exception</th></tr><tr><td><div class="stacktrace">org.openqa.selenium.ElementNotInteractableException: element not interactable: element has zero size
  (Session info: chrome=132.0.6834.111)
Build info: version: &apos;4.27.0&apos;, revision: &apos;d6e718d134&apos;
System info: os.name: &apos;Windows 11&apos;, os.arch: &apos;amd64&apos;, os.version: &apos;10.0&apos;, java.version: &apos;23&apos;
Driver info: org.openqa.selenium.chrome.ChromeDriver
Command: [b678ef92fa037f0b2d29f5e067da72f0, clickElement {id=f.17A77CCE56DD5149FD6C521D08C89630.d.0399E4D9553B21AF054CD2111E066EEC.e.236}]
Capabilities {acceptInsecureCerts: false, browserName: chrome, browserVersion: 132.0.6834.111, chrome: {chromedriverVersion: 132.0.6834.159 (2d77d3fc445..., userDataDir: C:\Users\amolb\AppData\Loca...}, fedcm:accounts: true, goog:chromeOptions: {debuggerAddress: localhost:56766}, networkConnectionEnabled: false, pageLoadStrategy: normal, platformName: windows, proxy: Proxy(), se:cdp: ws://localhost:56766/devtoo..., se:cdpVersion: 132.0.6834.111, setWindowRect: true, strictFileInteractability: false, timeouts: {implicit: 0, pageLoad: 300000, script: 30000}, unhandledPromptBehavior: dismiss and notify, webauthn:extension:credBlob: true, webauthn:extension:largeBlob: true, webauthn:extension:minPinLength: true, webauthn:extension:prf: true, webauthn:virtualAuthenticators: true}
Element: [[ChromeDriver: chrome on windows (b678ef92fa037f0b2d29f5e067da72f0)] -&gt; xpath: //span[.=&apos;Cash on Delivery/Pay on Delivery&apos;][1]]
Session ID: b678ef92fa037f0b2d29f5e067da72f0
	at org.openqa.selenium.remote.ErrorCodec.decode(ErrorCodec.java:167)
	at org.openqa.selenium.remote.codec.w3c.W3CHttpResponseCodec.decode(W3CHttpResponseCodec.java:138)
	at org.openqa.selenium.remote.codec.w3c.W3CHttpResponseCodec.decode(W3CHttpResponseCodec.java:50)
	at org.openqa.selenium.remote.HttpCommandExecutor.execute(HttpCommandExecutor.java:190)
	at org.openqa.selenium.remote.service.DriverCommandExecutor.invokeExecute(DriverCommandExecutor.java:216)
	at org.openqa.selenium.remote.service.DriverCommandExecutor.execute(DriverCommandExecutor.java:174)
	at org.openqa.selenium.remote.RemoteWebDriver.execute(RemoteWebDriver.java:545)
	at org.openqa.selenium.remote.RemoteWebElement.execute(RemoteWebElement.java:223)
	at org.openqa.selenium.remote.RemoteWebElement.click(RemoteWebElement.java:76)
	at org.openqa.selenium.support.pagefactory.internal.LocatingElementHandler.invoke(LocatingElementHandler.java:51)
	at jdk.proxy2/jdk.proxy2.$Proxy17.click(Unknown Source)
	at amazon_Project1.Project1_Amazon.PaymentPage_project1.Cashondeliveryoption(PaymentPage_project1.java:76)
	at amazon_Project1.Project1_Amazon.Testcase11_Checkoutprocess_project1.checkout(Testcase11_Checkoutprocess_project1.java:23)
	at java.base/java.util.ArrayList.forEach(ArrayList.java:1597)
	at java.base/java.util.concurrent.FutureTask.run(FutureTask.java:317)
	at java.base/java.util.concurrent.ThreadPoolExecutor.runWorker(ThreadPoolExecutor.java:1144)
	at java.base/java.util.concurrent.ThreadPoolExecutor$Worker.run(ThreadPoolExecutor.java:642)
	at java.base/java.lang.Thread.run(Thread.java:1575)
... Removed 21 stack frames</div></td></tr></table><p class="totop"><a href="#summary">back to summary</a></p>
<h2>Test07</h2><h3 id="m27">amazon_Project1.Project1_Amazon.Testcase07_ProductDetailsPage_project1#verifyProductDetails</h3><table class="result"><tr><th>Messages</th></tr><tr><td><div class="messages">result is passed for test=verifyProductDetails</div></td></tr></table><p class="totop"><a href="#summary">back to summary</a></p>
<h2>Test014</h2><h3 id="m28">amazon_Project1.Project1_Amazon.Testcase14_Starrating_placedorder#applycoupen</h3><table class="result"><tr><th>Messages</th></tr><tr><td><div class="messages">result is failed for test=null</div></td></tr><tr><th>Exception</th></tr><tr><td><div class="stacktrace">org.openqa.selenium.ElementNotInteractableException: element not interactable: element has zero size
  (Session info: chrome=132.0.6834.111)
Build info: version: &apos;4.27.0&apos;, revision: &apos;d6e718d134&apos;
System info: os.name: &apos;Windows 11&apos;, os.arch: &apos;amd64&apos;, os.version: &apos;10.0&apos;, java.version: &apos;23&apos;
Driver info: org.openqa.selenium.chrome.ChromeDriver
Command: [18460a3bc339a66f0d02ada348198fee, clickElement {id=f.3681C3395CADB8E34933FC7E1B5A5CD2.d.68D35353DD3BF2FAC472CA6794F1A176.e.253}]
Capabilities {acceptInsecureCerts: false, browserName: chrome, browserVersion: 132.0.6834.111, chrome: {chromedriverVersion: 132.0.6834.159 (2d77d3fc445..., userDataDir: C:\Users\amolb\AppData\Loca...}, fedcm:accounts: true, goog:chromeOptions: {debuggerAddress: localhost:61436}, networkConnectionEnabled: false, pageLoadStrategy: normal, platformName: windows, proxy: Proxy(), se:cdp: ws://localhost:61436/devtoo..., se:cdpVersion: 132.0.6834.111, setWindowRect: true, strictFileInteractability: false, timeouts: {implicit: 0, pageLoad: 300000, script: 30000}, unhandledPromptBehavior: dismiss and notify, webauthn:extension:credBlob: true, webauthn:extension:largeBlob: true, webauthn:extension:minPinLength: true, webauthn:extension:prf: true, webauthn:virtualAuthenticators: true}
Element: [[ChromeDriver: chrome on windows (18460a3bc339a66f0d02ada348198fee)] -&gt; xpath: //span[.=&apos;Cash on Delivery/Pay on Delivery&apos;][1]]
Session ID: 18460a3bc339a66f0d02ada348198fee
	at org.openqa.selenium.remote.ErrorCodec.decode(ErrorCodec.java:167)
	at org.openqa.selenium.remote.codec.w3c.W3CHttpResponseCodec.decode(W3CHttpResponseCodec.java:138)
	at org.openqa.selenium.remote.codec.w3c.W3CHttpResponseCodec.decode(W3CHttpResponseCodec.java:50)
	at org.openqa.selenium.remote.HttpCommandExecutor.execute(HttpCommandExecutor.java:190)
	at org.openqa.selenium.remote.service.DriverCommandExecutor.invokeExecute(DriverCommandExecutor.java:216)
	at org.openqa.selenium.remote.service.DriverCommandExecutor.execute(DriverCommandExecutor.java:174)
	at org.openqa.selenium.remote.RemoteWebDriver.execute(RemoteWebDriver.java:545)
	at org.openqa.selenium.remote.RemoteWebElement.execute(RemoteWebElement.java:223)
	at org.openqa.selenium.remote.RemoteWebElement.click(RemoteWebElement.java:76)
	at org.openqa.selenium.support.pagefactory.internal.LocatingElementHandler.invoke(LocatingElementHandler.java:51)
	at jdk.proxy2/jdk.proxy2.$Proxy17.click(Unknown Source)
	at amazon_Project1.Project1_Amazon.PaymentPage_project1.Cashondeliveryoption(PaymentPage_project1.java:76)
	at amazon_Project1.Project1_Amazon.Testcase14_Starrating_placedorder.applycoupen(Testcase14_Starrating_placedorder.java:24)
	at java.base/java.util.ArrayList.forEach(ArrayList.java:1597)
	at java.base/java.util.concurrent.FutureTask.run(FutureTask.java:317)
	at java.base/java.util.concurrent.ThreadPoolExecutor.runWorker(ThreadPoolExecutor.java:1144)
	at java.base/java.util.concurrent.ThreadPoolExecutor$Worker.run(ThreadPoolExecutor.java:642)
	at java.base/java.lang.Thread.run(Thread.java:1575)
... Removed 21 stack frames</div></td></tr></table><p class="totop"><a href="#summary">back to summary</a></p>
<h3 id="m29">amazon_Project1.Project1_Amazon.Testcase14_Starrating_placedorder#applycoupen</h3><table class="result"><tr><th>Exception</th></tr><tr><td><div class="stacktrace">org.openqa.selenium.ElementNotInteractableException: element not interactable: element has zero size
  (Session info: chrome=132.0.6834.111)
Build info: version: &apos;4.27.0&apos;, revision: &apos;d6e718d134&apos;
System info: os.name: &apos;Windows 11&apos;, os.arch: &apos;amd64&apos;, os.version: &apos;10.0&apos;, java.version: &apos;23&apos;
Driver info: org.openqa.selenium.chrome.ChromeDriver
Command: [564b26ddaa21c57391c54b3b400e5c5e, clickElement {id=f.1866F9E2098D05BF5988C77FE22FBC88.d.557FC1592EE39893675EE4278431B6E4.e.228}]
Capabilities {acceptInsecureCerts: false, browserName: chrome, browserVersion: 132.0.6834.111, chrome: {chromedriverVersion: 132.0.6834.159 (2d77d3fc445..., userDataDir: C:\Users\amolb\AppData\Loca...}, fedcm:accounts: true, goog:chromeOptions: {debuggerAddress: localhost:56794}, networkConnectionEnabled: false, pageLoadStrategy: normal, platformName: windows, proxy: Proxy(), se:cdp: ws://localhost:56794/devtoo..., se:cdpVersion: 132.0.6834.111, setWindowRect: true, strictFileInteractability: false, timeouts: {implicit: 0, pageLoad: 300000, script: 30000}, unhandledPromptBehavior: dismiss and notify, webauthn:extension:credBlob: true, webauthn:extension:largeBlob: true, webauthn:extension:minPinLength: true, webauthn:extension:prf: true, webauthn:virtualAuthenticators: true}
Element: [[ChromeDriver: chrome on windows (564b26ddaa21c57391c54b3b400e5c5e)] -&gt; xpath: //span[.=&apos;Cash on Delivery/Pay on Delivery&apos;][1]]
Session ID: 564b26ddaa21c57391c54b3b400e5c5e
	at org.openqa.selenium.remote.ErrorCodec.decode(ErrorCodec.java:167)
	at org.openqa.selenium.remote.codec.w3c.W3CHttpResponseCodec.decode(W3CHttpResponseCodec.java:138)
	at org.openqa.selenium.remote.codec.w3c.W3CHttpResponseCodec.decode(W3CHttpResponseCodec.java:50)
	at org.openqa.selenium.remote.HttpCommandExecutor.execute(HttpCommandExecutor.java:190)
	at org.openqa.selenium.remote.service.DriverCommandExecutor.invokeExecute(DriverCommandExecutor.java:216)
	at org.openqa.selenium.remote.service.DriverCommandExecutor.execute(DriverCommandExecutor.java:174)
	at org.openqa.selenium.remote.RemoteWebDriver.execute(RemoteWebDriver.java:545)
	at org.openqa.selenium.remote.RemoteWebElement.execute(RemoteWebElement.java:223)
	at org.openqa.selenium.remote.RemoteWebElement.click(RemoteWebElement.java:76)
	at org.openqa.selenium.support.pagefactory.internal.LocatingElementHandler.invoke(LocatingElementHandler.java:51)
	at jdk.proxy2/jdk.proxy2.$Proxy17.click(Unknown Source)
	at amazon_Project1.Project1_Amazon.PaymentPage_project1.Cashondeliveryoption(PaymentPage_project1.java:76)
	at amazon_Project1.Project1_Amazon.Testcase14_Starrating_placedorder.applycoupen(Testcase14_Starrating_placedorder.java:24)
	at java.base/java.util.ArrayList.forEach(ArrayList.java:1597)
	at java.base/java.util.concurrent.FutureTask.run(FutureTask.java:317)
	at java.base/java.util.concurrent.ThreadPoolExecutor.runWorker(ThreadPoolExecutor.java:1144)
	at java.base/java.util.concurrent.ThreadPoolExecutor$Worker.run(ThreadPoolExecutor.java:642)
	at java.base/java.lang.Thread.run(Thread.java:1575)
... Removed 21 stack frames</div></td></tr></table><p class="totop"><a href="#summary">back to summary</a></p>
<h2>Test09</h2><h3 id="m30">amazon_Project1.Project1_Amazon.TestCase09_Addtocart_Project1#addtocart</h3><table class="result"><tr><th class="invisible"/></tr></table><p class="totop"><a href="#summary">back to summary</a></p>
<h2>Test12</h2><h3 id="m31">amazon_Project1.Project1_Amazon.Testcase12_Allpaymentmethod_Project1#allpaymentmethod</h3><table class="result"><tr><th class="invisible"/></tr></table><p class="totop"><a href="#summary">back to summary</a></p>
<h2>Test08</h2><h3 id="m32">amazon_Project1.Project1_Amazon.Testcase08_VerifySort_Project1#verifySort</h3><table class="result"><tr><th class="invisible"/></tr></table><p class="totop"><a href="#summary">back to summary</a></p>
<h2>Test13</h2><h3 id="m33">amazon_Project1.Project1_Amazon.Testcase13_applycoupen#applycoupen</h3><table class="result"><tr><th class="invisible"/></tr></table><p class="totop"><a href="#summary">back to summary</a></p>
<h2>Test14</h2><h3 id="m34">amazon_Project1.Project1_Amazon.Testcase14_Starrating_placedorder#launchbrowser</h3><table class="result"><tr class="param"><th>Parameter #1</th><th>Parameter #2</th></tr><tr class="param stripe"><td>chrome</td><td>null</td></tr><tr><th colspan="2">Exception</th></tr><tr><td colspan="2"><div class="stacktrace">org.openqa.selenium.NoSuchWindowException: no such window: target window already closed
from unknown error: web view not found
  (Session info: chrome=132.0.6834.111)
Build info: version: &apos;4.27.0&apos;, revision: &apos;d6e718d134&apos;
System info: os.name: &apos;Windows 11&apos;, os.arch: &apos;amd64&apos;, os.version: &apos;10.0&apos;, java.version: &apos;23&apos;
Driver info: org.openqa.selenium.chrome.ChromeDriver
Command: [6c035bca6d5f826593c8d55bcf30a1b0, maximizeCurrentWindow {}]
Capabilities {acceptInsecureCerts: false, browserName: chrome, browserVersion: 132.0.6834.111, chrome: {chromedriverVersion: 132.0.6834.159 (2d77d3fc445..., userDataDir: C:\Users\amolb\AppData\Loca...}, fedcm:accounts: true, goog:chromeOptions: {debuggerAddress: localhost:64768}, networkConnectionEnabled: false, pageLoadStrategy: normal, platformName: windows, proxy: Proxy(), se:cdp: ws://localhost:64768/devtoo..., se:cdpVersion: 132.0.6834.111, setWindowRect: true, strictFileInteractability: false, timeouts: {implicit: 0, pageLoad: 300000, script: 30000}, unhandledPromptBehavior: dismiss and notify, webauthn:extension:credBlob: true, webauthn:extension:largeBlob: true, webauthn:extension:minPinLength: true, webauthn:extension:prf: true, webauthn:virtualAuthenticators: true}
Session ID: 6c035bca6d5f826593c8d55bcf30a1b0
	at org.openqa.selenium.remote.ErrorCodec.decode(ErrorCodec.java:167)
	at org.openqa.selenium.remote.codec.w3c.W3CHttpResponseCodec.decode(W3CHttpResponseCodec.java:138)
	at org.openqa.selenium.remote.codec.w3c.W3CHttpResponseCodec.decode(W3CHttpResponseCodec.java:50)
	at org.openqa.selenium.remote.HttpCommandExecutor.execute(HttpCommandExecutor.java:190)
	at org.openqa.selenium.remote.service.DriverCommandExecutor.invokeExecute(DriverCommandExecutor.java:216)
	at org.openqa.selenium.remote.service.DriverCommandExecutor.execute(DriverCommandExecutor.java:174)
	at org.openqa.selenium.remote.RemoteWebDriver.execute(RemoteWebDriver.java:545)
	at org.openqa.selenium.remote.RemoteWebDriver.execute(RemoteWebDriver.java:618)
	at org.openqa.selenium.remote.RemoteWebDriver.execute(RemoteWebDriver.java:622)
	at org.openqa.selenium.remote.RemoteWebDriver$RemoteWebDriverOptions$RemoteWindow.maximize(RemoteWebDriver.java:1061)
	at amazon_Project1.Project1_Amazon.LoginandQuit.launchbrowser(LoginandQuit.java:37)
	at java.base/java.util.ArrayList.forEach(ArrayList.java:1597)
	at java.base/java.util.concurrent.FutureTask.run(FutureTask.java:317)
	at java.base/java.util.concurrent.ThreadPoolExecutor.runWorker(ThreadPoolExecutor.java:1144)
	at java.base/java.util.concurrent.ThreadPoolExecutor$Worker.run(ThreadPoolExecutor.java:642)
	at java.base/java.lang.Thread.run(Thread.java:1575)
... Removed 23 stack frames</div></td></tr></table><p class="totop"><a href="#summary">back to summary</a></p>
<h3 id="m35">amazon_Project1.Project1_Amazon.Testcase14_Starrating_placedorder#applycoupen</h3><table class="result"><tr><th>Exception</th></tr><tr><td><div class="stacktrace">org.openqa.selenium.json.JsonException: java.lang.reflect.InvocationTargetException
Build info: version: &apos;4.27.0&apos;, revision: &apos;d6e718d134&apos;
System info: os.name: &apos;Windows 11&apos;, os.arch: &apos;amd64&apos;, os.version: &apos;10.0&apos;, java.version: &apos;23&apos;
Driver info: org.openqa.selenium.chrome.ChromeDriver
Command: [6c035bca6d5f826593c8d55bcf30a1b0, actions {actions=[org.openqa.selenium.interactions.Sequence@de68f79]}]
Capabilities {acceptInsecureCerts: false, browserName: chrome, browserVersion: 132.0.6834.111, chrome: {chromedriverVersion: 132.0.6834.159 (2d77d3fc445..., userDataDir: C:\Users\amolb\AppData\Loca...}, fedcm:accounts: true, goog:chromeOptions: {debuggerAddress: localhost:64768}, networkConnectionEnabled: false, pageLoadStrategy: normal, platformName: windows, proxy: Proxy(), se:cdp: ws://localhost:64768/devtoo..., se:cdpVersion: 132.0.6834.111, setWindowRect: true, strictFileInteractability: false, timeouts: {implicit: 0, pageLoad: 300000, script: 30000}, unhandledPromptBehavior: dismiss and notify, webauthn:extension:credBlob: true, webauthn:extension:largeBlob: true, webauthn:extension:minPinLength: true, webauthn:extension:prf: true, webauthn:virtualAuthenticators: true}
Session ID: 6c035bca6d5f826593c8d55bcf30a1b0
	at org.openqa.selenium.json.JsonOutput.convertUsingMethod(JsonOutput.java:520)
	at org.openqa.selenium.json.JsonOutput.lambda$new$16(JsonOutput.java:182)
	at org.openqa.selenium.json.JsonOutput.write0(JsonOutput.java:409)
	at org.openqa.selenium.json.JsonOutput.lambda$new$22(JsonOutput.java:204)
	at java.base/java.util.stream.ForEachOps$ForEachOp$OfRef.accept(ForEachOps.java:184)
	at java.base/java.util.stream.ReferencePipeline$2$1.accept(ReferencePipeline.java:197)
	at java.base/java.util.Iterator.forEachRemaining(Iterator.java:133)
	at java.base/java.util.Spliterators$IteratorSpliterator.forEachRemaining(Spliterators.java:1939)
	at java.base/java.util.stream.AbstractPipeline.copyInto(AbstractPipeline.java:570)
	at java.base/java.util.stream.AbstractPipeline.wrapAndCopyInto(AbstractPipeline.java:560)
	at java.base/java.util.stream.ForEachOps$ForEachOp.evaluateSequential(ForEachOps.java:151)
	at java.base/java.util.stream.ForEachOps$ForEachOp$OfRef.evaluateSequential(ForEachOps.java:174)
	at java.base/java.util.stream.AbstractPipeline.evaluate(AbstractPipeline.java:265)
	at java.base/java.util.stream.ReferencePipeline.forEach(ReferencePipeline.java:636)
	at org.openqa.selenium.json.JsonOutput.lambda$new$23(JsonOutput.java:204)
	at org.openqa.selenium.json.JsonOutput.write0(JsonOutput.java:409)
	at org.openqa.selenium.json.JsonOutput.lambda$new$24(JsonOutput.java:222)
	at java.base/java.util.Map.forEach(Map.java:733)
	at org.openqa.selenium.json.JsonOutput.lambda$new$25(JsonOutput.java:217)
	at org.openqa.selenium.json.JsonOutput.write0(JsonOutput.java:409)
	at org.openqa.selenium.json.JsonOutput.write(JsonOutput.java:400)
	at org.openqa.selenium.json.Json.toJson(Json.java:133)
	at org.openqa.selenium.json.Json.toJson(Json.java:119)
	at org.openqa.selenium.remote.codec.AbstractHttpCommandCodec.encode(AbstractHttpCommandCodec.java:245)
	at org.openqa.selenium.remote.codec.AbstractHttpCommandCodec.encode(AbstractHttpCommandCodec.java:111)
	at org.openqa.selenium.remote.HttpCommandExecutor.execute(HttpCommandExecutor.java:178)
	at org.openqa.selenium.remote.service.DriverCommandExecutor.invokeExecute(DriverCommandExecutor.java:216)
	at org.openqa.selenium.remote.service.DriverCommandExecutor.execute(DriverCommandExecutor.java:174)
	at org.openqa.selenium.remote.RemoteWebDriver.execute(RemoteWebDriver.java:545)
	at org.openqa.selenium.remote.RemoteWebDriver.perform(RemoteWebDriver.java:631)
	at org.openqa.selenium.interactions.Actions$BuiltAction.perform(Actions.java:613)
	at org.openqa.selenium.interactions.Actions.perform(Actions.java:578)
	at amazon_Project1.Project1_Amazon.HomePage_Project1.Account_list_homepage(HomePage_Project1.java:31)
	at amazon_Project1.Project1_Amazon.Testcase14_Starrating_placedorder.applycoupen(Testcase14_Starrating_placedorder.java:11)
	at java.base/java.util.ArrayList.forEach(ArrayList.java:1597)
	at java.base/java.util.concurrent.FutureTask.run(FutureTask.java:317)
	at java.base/java.util.concurrent.ThreadPoolExecutor.runWorker(ThreadPoolExecutor.java:1144)
	at java.base/java.util.concurrent.ThreadPoolExecutor$Worker.run(ThreadPoolExecutor.java:642)
	at java.base/java.lang.Thread.run(Thread.java:1575)
	Suppressed: org.openqa.selenium.json.JsonException: Attempting to close incomplete json stream
Build info: version: &apos;4.27.0&apos;, revision: &apos;d6e718d134&apos;
System info: os.name: &apos;Windows 11&apos;, os.arch: &apos;amd64&apos;, os.version: &apos;10.0&apos;, java.version: &apos;23&apos;
Driver info: driver.version: RemoteWebDriver
		at org.openqa.selenium.json.JsonOutput.close(JsonOutput.java:431)
		at org.openqa.selenium.json.Json.toJson(Json.java:131)
		... 33 more
	at org.openqa.selenium.json.JsonOutput.convertUsingMethod(JsonOutput.java:516)
	... 54 more
Caused by: org.openqa.selenium.NoSuchWindowException: no such window: target window already closed
from unknown error: web view not found
  (Session info: chrome=132.0.6834.111)
Build info: version: &apos;4.27.0&apos;, revision: &apos;d6e718d134&apos;
System info: os.name: &apos;Windows 11&apos;, os.arch: &apos;amd64&apos;, os.version: &apos;10.0&apos;, java.version: &apos;23&apos;
Driver info: org.openqa.selenium.chrome.ChromeDriver
Command: [6c035bca6d5f826593c8d55bcf30a1b0, findElement {using=xpath, value=//*[@id=&apos;nav-link-accountList&apos;]}]
Capabilities {acceptInsecureCerts: false, browserName: chrome, browserVersion: 132.0.6834.111, chrome: {chromedriverVersion: 132.0.6834.159 (2d77d3fc445..., userDataDir: C:\Users\amolb\AppData\Loca...}, fedcm:accounts: true, goog:chromeOptions: {debuggerAddress: localhost:64768}, networkConnectionEnabled: false, pageLoadStrategy: normal, platformName: windows, proxy: Proxy(), se:cdp: ws://localhost:64768/devtoo..., se:cdpVersion: 132.0.6834.111, setWindowRect: true, strictFileInteractability: false, timeouts: {implicit: 0, pageLoad: 300000, script: 30000}, unhandledPromptBehavior: dismiss and notify, webauthn:extension:credBlob: true, webauthn:extension:largeBlob: true, webauthn:extension:minPinLength: true, webauthn:extension:prf: true, webauthn:virtualAuthenticators: true}
Session ID: 6c035bca6d5f826593c8d55bcf30a1b0
	at org.openqa.selenium.remote.ErrorCodec.decode(ErrorCodec.java:167)
	at org.openqa.selenium.remote.codec.w3c.W3CHttpResponseCodec.decode(W3CHttpResponseCodec.java:138)
	at org.openqa.selenium.remote.codec.w3c.W3CHttpResponseCodec.decode(W3CHttpResponseCodec.java:50)
	at org.openqa.selenium.remote.HttpCommandExecutor.execute(HttpCommandExecutor.java:190)
	at org.openqa.selenium.remote.service.DriverCommandExecutor.invokeExecute(DriverCommandExecutor.java:216)
	at org.openqa.selenium.remote.service.DriverCommandExecutor.execute(DriverCommandExecutor.java:174)
	at org.openqa.selenium.remote.RemoteWebDriver.execute(RemoteWebDriver.java:545)
	at org.openqa.selenium.remote.ElementLocation$ElementFinder$2.findElement(ElementLocation.java:165)
	at org.openqa.selenium.remote.ElementLocation.findElement(ElementLocation.java:59)
	at org.openqa.selenium.remote.RemoteWebDriver.findElement(RemoteWebDriver.java:368)
	at org.openqa.selenium.remote.RemoteWebDriver.findElement(RemoteWebDriver.java:362)
	at org.openqa.selenium.support.pagefactory.DefaultElementLocator.findElement(DefaultElementLocator.java:68)
	at org.openqa.selenium.support.pagefactory.internal.LocatingElementHandler.invoke(LocatingElementHandler.java:38)
	at jdk.proxy2/jdk.proxy2.$Proxy17.getWrappedElement(Unknown Source)
	at org.openqa.selenium.interactions.PointerInput$Origin.asArg(PointerInput.java:259)
	at org.openqa.selenium.interactions.PointerInput$Move.encode(PointerInput.java:208)
	at org.openqa.selenium.interactions.Sequence.encode(Sequence.java:72)
	at org.openqa.selenium.interactions.Sequence.toJson(Sequence.java:81)
	... 56 more
... Removed 23 stack frames</div></td></tr></table><p class="totop"><a href="#summary">back to summary</a></p>
<h3 id="m36">amazon_Project1.Project1_Amazon.Testcase14_Starrating_placedorder#quit</h3><table class="result"><tr><th class="invisible"/></tr></table><p class="totop"><a href="#summary">back to summary</a></p>
<h3 id="m37">amazon_Project1.Project1_Amazon.Testcase14_Starrating_placedorder#applycoupen</h3><table class="result"><tr><th>Exception</th></tr><tr><td><div class="stacktrace">org.openqa.selenium.NoSuchWindowException: no such window: target window already closed
from unknown error: web view not found
  (Session info: chrome=132.0.6834.111)
Build info: version: &apos;4.27.0&apos;, revision: &apos;d6e718d134&apos;
System info: os.name: &apos;Windows 11&apos;, os.arch: &apos;amd64&apos;, os.version: &apos;10.0&apos;, java.version: &apos;23&apos;
Driver info: org.openqa.selenium.chrome.ChromeDriver
Command: [cae55183b49b3a4813aaf89b5ed3c54b, findElement {using=xpath, value=//div[@role=&apos;listitem&apos; and @data-asin][1]}]
Capabilities {acceptInsecureCerts: false, browserName: chrome, browserVersion: 132.0.6834.111, chrome: {chromedriverVersion: 132.0.6834.159 (2d77d3fc445..., userDataDir: C:\Users\amolb\AppData\Loca...}, fedcm:accounts: true, goog:chromeOptions: {debuggerAddress: localhost:62224}, networkConnectionEnabled: false, pageLoadStrategy: normal, platformName: windows, proxy: Proxy(), se:cdp: ws://localhost:62224/devtoo..., se:cdpVersion: 132.0.6834.111, setWindowRect: true, strictFileInteractability: false, timeouts: {implicit: 0, pageLoad: 300000, script: 30000}, unhandledPromptBehavior: dismiss and notify, webauthn:extension:credBlob: true, webauthn:extension:largeBlob: true, webauthn:extension:minPinLength: true, webauthn:extension:prf: true, webauthn:virtualAuthenticators: true}
Session ID: cae55183b49b3a4813aaf89b5ed3c54b
	at org.openqa.selenium.remote.ErrorCodec.decode(ErrorCodec.java:167)
	at org.openqa.selenium.remote.codec.w3c.W3CHttpResponseCodec.decode(W3CHttpResponseCodec.java:138)
	at org.openqa.selenium.remote.codec.w3c.W3CHttpResponseCodec.decode(W3CHttpResponseCodec.java:50)
	at org.openqa.selenium.remote.HttpCommandExecutor.execute(HttpCommandExecutor.java:190)
	at org.openqa.selenium.remote.service.DriverCommandExecutor.invokeExecute(DriverCommandExecutor.java:216)
	at org.openqa.selenium.remote.service.DriverCommandExecutor.execute(DriverCommandExecutor.java:174)
	at org.openqa.selenium.remote.RemoteWebDriver.execute(RemoteWebDriver.java:545)
	at org.openqa.selenium.remote.ElementLocation$ElementFinder$2.findElement(ElementLocation.java:165)
	at org.openqa.selenium.remote.ElementLocation.findElement(ElementLocation.java:59)
	at org.openqa.selenium.remote.RemoteWebDriver.findElement(RemoteWebDriver.java:368)
	at org.openqa.selenium.remote.RemoteWebDriver.findElement(RemoteWebDriver.java:362)
	at org.openqa.selenium.support.pagefactory.DefaultElementLocator.findElement(DefaultElementLocator.java:68)
	at org.openqa.selenium.support.pagefactory.internal.LocatingElementHandler.invoke(LocatingElementHandler.java:38)
	at jdk.proxy2/jdk.proxy2.$Proxy17.toString(Unknown Source)
	at java.base/java.lang.String.valueOf(String.java:4556)
	at org.openqa.selenium.support.ui.ExpectedConditions$10.toString(ExpectedConditions.java:295)
	at java.base/java.lang.String.valueOf(String.java:4556)
	at org.openqa.selenium.support.ui.FluentWait.until(FluentWait.java:225)
	at amazon_Project1.Project1_Amazon.Product1page_Project1.product(Product1page_Project1.java:37)
	at amazon_Project1.Project1_Amazon.Testcase14_Starrating_placedorder.applycoupen(Testcase14_Starrating_placedorder.java:19)
	at java.base/java.util.ArrayList.forEach(ArrayList.java:1597)
	at java.base/java.util.concurrent.FutureTask.run(FutureTask.java:317)
	at java.base/java.util.concurrent.ThreadPoolExecutor.runWorker(ThreadPoolExecutor.java:1144)
	at java.base/java.util.concurrent.ThreadPoolExecutor$Worker.run(ThreadPoolExecutor.java:642)
	at java.base/java.lang.Thread.run(Thread.java:1575)
... Removed 19 stack frames</div></td></tr></table><p class="totop"><a href="#summary">back to summary</a></p>
<h2>Test10</h2><h3 id="m38">amazon_Project1.Project1_Amazon.TestCase10_AddandRemoveCart_Project1#addandremove</h3><table class="result"><tr><th class="invisible"/></tr></table><p class="totop"><a href="#summary">back to summary</a></p>
<h2>Test15</h2><h3 id="m39">amazon_Project1.Project1_Amazon.Testcase15_Cartpage_Withoutlogin#cartpage_withoutlogin</h3><table class="result"><tr><th>Exception</th></tr><tr><td><div class="stacktrace">java.util.NoSuchElementException
	at java.base/java.util.LinkedHashMap$LinkedHashIterator.nextNode(LinkedHashMap.java:1026)
	at java.base/java.util.LinkedHashMap$LinkedKeyIterator.next(LinkedHashMap.java:1047)
	at amazon_Project1.Project1_Amazon.Product1page_Project1.product(Product1page_Project1.java:46)
	at amazon_Project1.Project1_Amazon.Testcase15_Cartpage_Withoutlogin.cartpage_withoutlogin(Testcase15_Cartpage_Withoutlogin.java:12)
	at java.base/java.util.ArrayList.forEach(ArrayList.java:1597)
	at java.base/java.util.concurrent.FutureTask.run(FutureTask.java:317)
	at java.base/java.util.concurrent.ThreadPoolExecutor.runWorker(ThreadPoolExecutor.java:1144)
	at java.base/java.util.concurrent.ThreadPoolExecutor$Worker.run(ThreadPoolExecutor.java:642)
	at java.base/java.lang.Thread.run(Thread.java:1575)
... Removed 16 stack frames</div></td></tr></table><p class="totop"><a href="#summary">back to summary</a></p>
<h3 id="m40">amazon_Project1.Project1_Amazon.Testcase15_Cartpage_Withoutlogin#cartpage_withoutlogin</h3><table class="result"><tr><th>Exception</th></tr><tr><td><div class="stacktrace">java.util.NoSuchElementException
	at java.base/java.util.LinkedHashMap$LinkedHashIterator.nextNode(LinkedHashMap.java:1026)
	at java.base/java.util.LinkedHashMap$LinkedKeyIterator.next(LinkedHashMap.java:1047)
	at amazon_Project1.Project1_Amazon.Product1page_Project1.product(Product1page_Project1.java:46)
	at amazon_Project1.Project1_Amazon.Testcase15_Cartpage_Withoutlogin.cartpage_withoutlogin(Testcase15_Cartpage_Withoutlogin.java:12)
	at java.base/java.util.ArrayList.forEach(ArrayList.java:1597)
	at java.base/java.util.concurrent.FutureTask.run(FutureTask.java:317)
	at java.base/java.util.concurrent.ThreadPoolExecutor.runWorker(ThreadPoolExecutor.java:1144)
	at java.base/java.util.concurrent.ThreadPoolExecutor$Worker.run(ThreadPoolExecutor.java:642)
	at java.base/java.lang.Thread.run(Thread.java:1575)
... Removed 16 stack frames</div></td></tr></table><p class="totop"><a href="#summary">back to summary</a></p>
<h2>Test11</h2><h3 id="m41">amazon_Project1.Project1_Amazon.Testcase11_Checkoutprocess_project1#checkout</h3><table class="result"><tr><th>Exception</th></tr><tr><td><div class="stacktrace">org.openqa.selenium.ElementNotInteractableException: element not interactable: element has zero size
  (Session info: chrome=132.0.6834.111)
Build info: version: &apos;4.27.0&apos;, revision: &apos;d6e718d134&apos;
System info: os.name: &apos;Windows 11&apos;, os.arch: &apos;amd64&apos;, os.version: &apos;10.0&apos;, java.version: &apos;23&apos;
Driver info: org.openqa.selenium.chrome.ChromeDriver
Command: [333ba143dc974b7bc2f6309e6038dab6, clickElement {id=f.6F1473907DD5C04E59CD92EA17ADFFC4.d.A5957599491FA2D9AB5F01A13628E7B9.e.201}]
Capabilities {acceptInsecureCerts: false, browserName: chrome, browserVersion: 132.0.6834.111, chrome: {chromedriverVersion: 132.0.6834.159 (2d77d3fc445..., userDataDir: C:\Users\amolb\AppData\Loca...}, fedcm:accounts: true, goog:chromeOptions: {debuggerAddress: localhost:64857}, networkConnectionEnabled: false, pageLoadStrategy: normal, platformName: windows, proxy: Proxy(), se:cdp: ws://localhost:64857/devtoo..., se:cdpVersion: 132.0.6834.111, setWindowRect: true, strictFileInteractability: false, timeouts: {implicit: 0, pageLoad: 300000, script: 30000}, unhandledPromptBehavior: dismiss and notify, webauthn:extension:credBlob: true, webauthn:extension:largeBlob: true, webauthn:extension:minPinLength: true, webauthn:extension:prf: true, webauthn:virtualAuthenticators: true}
Element: [[ChromeDriver: chrome on windows (333ba143dc974b7bc2f6309e6038dab6)] -&gt; xpath: //span[.=&apos;Cash on Delivery/Pay on Delivery&apos;][1]]
Session ID: 333ba143dc974b7bc2f6309e6038dab6
	at org.openqa.selenium.remote.ErrorCodec.decode(ErrorCodec.java:167)
	at org.openqa.selenium.remote.codec.w3c.W3CHttpResponseCodec.decode(W3CHttpResponseCodec.java:138)
	at org.openqa.selenium.remote.codec.w3c.W3CHttpResponseCodec.decode(W3CHttpResponseCodec.java:50)
	at org.openqa.selenium.remote.HttpCommandExecutor.execute(HttpCommandExecutor.java:190)
	at org.openqa.selenium.remote.service.DriverCommandExecutor.invokeExecute(DriverCommandExecutor.java:216)
	at org.openqa.selenium.remote.service.DriverCommandExecutor.execute(DriverCommandExecutor.java:174)
	at org.openqa.selenium.remote.RemoteWebDriver.execute(RemoteWebDriver.java:545)
	at org.openqa.selenium.remote.RemoteWebElement.execute(RemoteWebElement.java:223)
	at org.openqa.selenium.remote.RemoteWebElement.click(RemoteWebElement.java:76)
	at org.openqa.selenium.support.pagefactory.internal.LocatingElementHandler.invoke(LocatingElementHandler.java:51)
	at jdk.proxy2/jdk.proxy2.$Proxy17.click(Unknown Source)
	at amazon_Project1.Project1_Amazon.PaymentPage_project1.Cashondeliveryoption(PaymentPage_project1.java:76)
	at amazon_Project1.Project1_Amazon.Testcase11_Checkoutprocess_project1.checkout(Testcase11_Checkoutprocess_project1.java:23)
	at java.base/java.util.ArrayList.forEach(ArrayList.java:1597)
	at java.base/java.util.concurrent.FutureTask.run(FutureTask.java:317)
	at java.base/java.util.concurrent.ThreadPoolExecutor.runWorker(ThreadPoolExecutor.java:1144)
	at java.base/java.util.concurrent.ThreadPoolExecutor$Worker.run(ThreadPoolExecutor.java:642)
	at java.base/java.lang.Thread.run(Thread.java:1575)
... Removed 21 stack frames</div></td></tr></table><p class="totop"><a href="#summary">back to summary</a></p>
<h3 id="m42">amazon_Project1.Project1_Amazon.Testcase11_Checkoutprocess_project1#checkout</h3><table class="result"><tr><th>Exception</th></tr><tr><td><div class="stacktrace">java.util.NoSuchElementException
	at java.base/java.util.LinkedHashMap$LinkedHashIterator.nextNode(LinkedHashMap.java:1026)
	at java.base/java.util.LinkedHashMap$LinkedKeyIterator.next(LinkedHashMap.java:1047)
	at amazon_Project1.Project1_Amazon.Product1page_Project1.product(Product1page_Project1.java:45)
	at amazon_Project1.Project1_Amazon.Testcase11_Checkoutprocess_project1.checkout(Testcase11_Checkoutprocess_project1.java:19)
	at java.base/java.util.ArrayList.forEach(ArrayList.java:1597)
	at java.base/java.util.concurrent.FutureTask.run(FutureTask.java:317)
	at java.base/java.util.concurrent.ThreadPoolExecutor.runWorker(ThreadPoolExecutor.java:1144)
	at java.base/java.util.concurrent.ThreadPoolExecutor$Worker.run(ThreadPoolExecutor.java:642)
	at java.base/java.lang.Thread.run(Thread.java:1575)
... Removed 16 stack frames</div></td></tr></table><p class="totop"><a href="#summary">back to summary</a></p>
</body>
</html>
