<?xml version="1.0" encoding="UTF-8"?>
<!-- Generated by org.testng.reporters.JUnitReportReporter -->
<testsuite hostname="BhosaleA" failures="0" tests="3" name="amazon_Project1.Project1_Amazon.TestCase03_LoginwithIncorrect" time="74.513" errors="1" timestamp="2025-02-03T21:02:57 IST" skipped="1">
  <testcase classname="amazon_Project1.Project1_Amazon.TestCase03_LoginwithIncorrect" name="loginwithincorrectcred" time="27.055">
    <error message="Build info: version: &#039;4.27.0&#039;, revision: &#039;d6e718d134&#039;
System info: os.name: &#039;Windows 11&#039;, os.arch: &#039;amd64&#039;, os.version: &#039;10.0&#039;, java.version: &#039;23&#039;
Driver info: org.openqa.selenium.firefox.FirefoxDriver
Command: [94f1604f-8756-4b90-a8a0-8c30c391cdfd, clickElement {id=5478d145-67de-44b8-bc40-ad9e7c20af14}]
Capabilities {acceptInsecureCerts: true, browserName: firefox, browserVersion: 134.0.2, moz:accessibilityChecks: false, moz:buildID: 20250120135430, moz:debuggerAddress: 127.0.0.1:34744, moz:geckodriverVersion: 0.35.0, moz:headless: false, moz:platformVersion: 10.0, moz:processID: 53680, moz:profile: C:\Users\amolb\AppData\Loca..., moz:shutdownTimeout: 60000, moz:webdriverClick: true, moz:windowless: false, pageLoadStrategy: normal, platformName: windows, proxy: Proxy(), se:cdp: ws://127.0.0.1:34744/devtoo..., se:cdpVersion: 85.0, setWindowRect: true, strictFileInteractability: false, timeouts: {implicit: 0, pageLoad: 300000, script: 30000}, unhandledPromptBehavior: dismiss and notify, userAgent: Mozilla/5.0 (Windows NT 10....}
Element: [[FirefoxDriver: firefox on windows (94f1604f-8756-4b90-a8a0-8c30c391cdfd)] -&gt; xpath: (//span[.=&#039;Sign in&#039;])[1]]
Session ID: 94f1604f-8756-4b90-a8a0-8c30c391cdfd" type="org.openqa.selenium.WebDriverException">
      <![CDATA[org.openqa.selenium.WebDriverException: Build info: version: '4.27.0', revision: 'd6e718d134'
System info: os.name: 'Windows 11', os.arch: 'amd64', os.version: '10.0', java.version: '23'
Driver info: org.openqa.selenium.firefox.FirefoxDriver
Command: [94f1604f-8756-4b90-a8a0-8c30c391cdfd, clickElement {id=5478d145-67de-44b8-bc40-ad9e7c20af14}]
Capabilities {acceptInsecureCerts: true, browserName: firefox, browserVersion: 134.0.2, moz:accessibilityChecks: false, moz:buildID: 20250120135430, moz:debuggerAddress: 127.0.0.1:34744, moz:geckodriverVersion: 0.35.0, moz:headless: false, moz:platformVersion: 10.0, moz:processID: 53680, moz:profile: C:\Users\amolb\AppData\Loca..., moz:shutdownTimeout: 60000, moz:webdriverClick: true, moz:windowless: false, pageLoadStrategy: normal, platformName: windows, proxy: Proxy(), se:cdp: ws://127.0.0.1:34744/devtoo..., se:cdpVersion: 85.0, setWindowRect: true, strictFileInteractability: false, timeouts: {implicit: 0, pageLoad: 300000, script: 30000}, unhandledPromptBehavior: dismiss and notify, userAgent: Mozilla/5.0 (Windows NT 10....}
Element: [[FirefoxDriver: firefox on windows (94f1604f-8756-4b90-a8a0-8c30c391cdfd)] -> xpath: (//span[.='Sign in'])[1]]
Session ID: 94f1604f-8756-4b90-a8a0-8c30c391cdfd
at org.openqa.selenium.remote.http.jdk.JdkHttpClient.execute0(JdkHttpClient.java:499)
at org.openqa.selenium.remote.http.AddSeleniumUserAgent.lambda$apply$0(AddSeleniumUserAgent.java:42)
at org.openqa.selenium.remote.http.Filter.lambda$andFinally$1(Filter.java:55)
at org.openqa.selenium.remote.http.jdk.JdkHttpClient.lambda$executeAsync$1(JdkHttpClient.java:383)
at java.base/java.util.concurrent.Executors$RunnableAdapter.call(Executors.java:572)
at java.base/java.util.concurrent.FutureTask.run(FutureTask.java:317)
at java.base/java.util.concurrent.ThreadPoolExecutor.runWorker(ThreadPoolExecutor.java:1144)
at java.base/java.util.concurrent.ThreadPoolExecutor$Worker.run(ThreadPoolExecutor.java:642)
at java.base/java.lang.Thread.run(Thread.java:1575)
Caused by: java.lang.InterruptedException
at java.base/java.util.concurrent.CompletableFuture.reportGet(CompletableFuture.java:430)
at java.base/java.util.concurrent.CompletableFuture.get(CompletableFuture.java:2117)
at java.net.http/jdk.internal.net.http.HttpClientImpl.send(HttpClientImpl.java:935)
at java.net.http/jdk.internal.net.http.HttpClientFacade.send(HttpClientFacade.java:133)
at org.openqa.selenium.remote.http.jdk.JdkHttpClient.execute0(JdkHttpClient.java:455)
... 8 more
]]>
    </error>
  </testcase> <!-- loginwithincorrectcred -->
  <system-out>
    <![CDATA[Test started for test=loginwithincorrectcred
result is failed for test=loginwithincorrectcred]]>
  </system-out>
  <testcase classname="amazon_Project1.Project1_Amazon.TestCase03_LoginwithIncorrect" name="loginwithincorrectcred" time="22.228">
    <skipped/>
  </testcase> <!-- loginwithincorrectcred -->
  <system-out>
    <![CDATA[Test started for test=loginwithincorrectcred
result is SKIPPED for test=loginwithincorrectcred]]>
  </system-out>
  <testcase classname="amazon_Project1.Project1_Amazon.TestCase03_LoginwithIncorrect" name="loginwithincorrectcred" time="25.230"/>
  <system-out>
    <![CDATA[Test started for test=loginwithincorrectcred
result is passed for test=loginwithincorrectcred]]>
  </system-out>
</testsuite> <!-- amazon_Project1.Project1_Amazon.TestCase03_LoginwithIncorrect -->
