<?xml version="1.0" encoding="UTF-8"?>
<!-- Generated by org.testng.reporters.JUnitReportReporter -->
<testsuite hostname="BhosaleA" failures="0" tests="4" name="amazon_Project1.Project1_Amazon.Testcase05_SearchProduct_Project1" time="118.368" errors="1" timestamp="2025-02-04T11:32:34 IST" skipped="2">
  <testcase classname="amazon_Project1.Project1_Amazon.Testcase05_SearchProduct_Project1" name="searchproduct1" time="40.818">
    <skipped/>
  </testcase> <!-- searchproduct1 -->
  <system-out>
    <![CDATA[Test started for test=Suite-ParallelMethodsCrossBrowser,searchproduct1
result is SKIPPED for test=Suite-ParallelMethodsCrossBrowser,searchproduct1]]>
  </system-out>
  <testcase classname="amazon_Project1.Project1_Amazon.Testcase05_SearchProduct_Project1" name="searchproduct1" time="40.841">
    <error message="Unable to locate element: #twotabsearchtextbox
For documentation on this error, please visit: https://www.selenium.dev/documentation/webdriver/troubleshooting/errors#no-such-element-exception
Build info: version: &#039;4.27.0&#039;, revision: &#039;d6e718d134&#039;
System info: os.name: &#039;Windows 11&#039;, os.arch: &#039;amd64&#039;, os.version: &#039;10.0&#039;, java.version: &#039;23&#039;
Driver info: org.openqa.selenium.firefox.FirefoxDriver
Command: [bb5b03e6-306b-4fd3-b664-bb452f5d50b0, findElement {using=id, value=twotabsearchtextbox}]
Capabilities {acceptInsecureCerts: true, browserName: firefox, browserVersion: 134.0.2, moz:accessibilityChecks: false, moz:buildID: 20250120135430, moz:debuggerAddress: 127.0.0.1:12481, moz:geckodriverVersion: 0.35.0, moz:headless: false, moz:platformVersion: 10.0, moz:processID: 34016, moz:profile: C:\Users\amolb\AppData\Loca..., moz:shutdownTimeout: 60000, moz:webdriverClick: true, moz:windowless: false, pageLoadStrategy: normal, platformName: windows, proxy: Proxy(), se:cdp: ws://127.0.0.1:12481/devtoo..., se:cdpVersion: 85.0, setWindowRect: true, strictFileInteractability: false, timeouts: {implicit: 0, pageLoad: 300000, script: 30000}, unhandledPromptBehavior: dismiss and notify, userAgent: Mozilla/5.0 (Windows NT 10....}
Session ID: bb5b03e6-306b-4fd3-b664-bb452f5d50b0" type="org.openqa.selenium.NoSuchElementException">
      <![CDATA[org.openqa.selenium.NoSuchElementException: Unable to locate element: #twotabsearchtextbox
For documentation on this error, please visit: https://www.selenium.dev/documentation/webdriver/troubleshooting/errors#no-such-element-exception
Build info: version: '4.27.0', revision: 'd6e718d134'
System info: os.name: 'Windows 11', os.arch: 'amd64', os.version: '10.0', java.version: '23'
Driver info: org.openqa.selenium.firefox.FirefoxDriver
Command: [bb5b03e6-306b-4fd3-b664-bb452f5d50b0, findElement {using=id, value=twotabsearchtextbox}]
Capabilities {acceptInsecureCerts: true, browserName: firefox, browserVersion: 134.0.2, moz:accessibilityChecks: false, moz:buildID: 20250120135430, moz:debuggerAddress: 127.0.0.1:12481, moz:geckodriverVersion: 0.35.0, moz:headless: false, moz:platformVersion: 10.0, moz:processID: 34016, moz:profile: C:\Users\amolb\AppData\Loca..., moz:shutdownTimeout: 60000, moz:webdriverClick: true, moz:windowless: false, pageLoadStrategy: normal, platformName: windows, proxy: Proxy(), se:cdp: ws://127.0.0.1:12481/devtoo..., se:cdpVersion: 85.0, setWindowRect: true, strictFileInteractability: false, timeouts: {implicit: 0, pageLoad: 300000, script: 30000}, unhandledPromptBehavior: dismiss and notify, userAgent: Mozilla/5.0 (Windows NT 10....}
Session ID: bb5b03e6-306b-4fd3-b664-bb452f5d50b0
at java.base/jdk.internal.reflect.DirectConstructorHandleAccessor.newInstance(DirectConstructorHandleAccessor.java:62)
at java.base/java.lang.reflect.Constructor.newInstanceWithCaller(Constructor.java:501)
at java.base/java.lang.reflect.Constructor.newInstance(Constructor.java:485)
at org.openqa.selenium.remote.ErrorCodec.decode(ErrorCodec.java:167)
at org.openqa.selenium.remote.codec.w3c.W3CHttpResponseCodec.decode(W3CHttpResponseCodec.java:138)
at org.openqa.selenium.remote.codec.w3c.W3CHttpResponseCodec.decode(W3CHttpResponseCodec.java:50)
at org.openqa.selenium.remote.HttpCommandExecutor.execute(HttpCommandExecutor.java:190)
at org.openqa.selenium.remote.service.DriverCommandExecutor.invokeExecute(DriverCommandExecutor.java:216)
at org.openqa.selenium.remote.service.DriverCommandExecutor.execute(DriverCommandExecutor.java:174)
at org.openqa.selenium.remote.RemoteWebDriver.execute(RemoteWebDriver.java:545)
at org.openqa.selenium.remote.ElementLocation$ElementFinder$2.findElement(ElementLocation.java:165)
at org.openqa.selenium.remote.ElementLocation.findElement(ElementLocation.java:59)
at org.openqa.selenium.remote.RemoteWebDriver.findElement(RemoteWebDriver.java:368)
at org.openqa.selenium.remote.RemoteWebDriver.findElement(RemoteWebDriver.java:362)
at org.openqa.selenium.support.pagefactory.DefaultElementLocator.findElement(DefaultElementLocator.java:68)
at org.openqa.selenium.support.pagefactory.internal.LocatingElementHandler.invoke(LocatingElementHandler.java:38)
at jdk.proxy2/jdk.proxy2.$Proxy17.sendKeys(Unknown Source)
at amazon_Project1.Project1_Amazon.HomePage_Project1.searchproduct(HomePage_Project1.java:41)
at amazon_Project1.Project1_Amazon.Testcase05_SearchProduct_Project1.searchproduct1(Testcase05_SearchProduct_Project1.java:16)
at java.base/jdk.internal.reflect.DirectMethodHandleAccessor.invoke(DirectMethodHandleAccessor.java:103)
at java.base/java.lang.reflect.Method.invoke(Method.java:580)
at org.testng.internal.MethodInvocationHelper.invokeMethod(MethodInvocationHelper.java:133)
at org.testng.internal.TestInvoker.invokeMethod(TestInvoker.java:598)
at org.testng.internal.TestInvoker.retryFailed(TestInvoker.java:213)
at org.testng.internal.MethodRunner.runInSequence(MethodRunner.java:58)
at org.testng.internal.TestInvoker$MethodInvocationAgent.invoke(TestInvoker.java:824)
at org.testng.internal.TestInvoker.invokeTestMethods(TestInvoker.java:146)
at org.testng.internal.TestMethodWorker.invokeTestMethods(TestMethodWorker.java:146)
at org.testng.internal.TestMethodWorker.run(TestMethodWorker.java:128)
at java.base/java.util.concurrent.ThreadPoolExecutor.runWorker(ThreadPoolExecutor.java:1144)
at java.base/java.util.concurrent.ThreadPoolExecutor$Worker.run(ThreadPoolExecutor.java:642)
at java.base/java.lang.Thread.run(Thread.java:1575)
]]>
    </error>
  </testcase> <!-- searchproduct1 -->
  <system-out>
    <![CDATA[Test started for test=Suite-ParallelMethodsCrossBrowser,searchproduct1
result is failed for test=Suite-ParallelMethodsCrossBrowser,searchproduct1]]>
  </system-out>
  <testcase classname="amazon_Project1.Project1_Amazon.Testcase05_SearchProduct_Project1" name="searchproduct1" time="13.673">
    <skipped/>
  </testcase> <!-- searchproduct1 -->
  <system-out>
    <![CDATA[Test started for test=Suite-ParallelMethodsCrossBrowser,searchproduct1
result is SKIPPED for test=Suite-ParallelMethodsCrossBrowser,searchproduct1]]>
  </system-out>
  <testcase classname="amazon_Project1.Project1_Amazon.Testcase05_SearchProduct_Project1" name="searchproduct1" time="23.036"/>
  <system-out>
    <![CDATA[Test started for test=Suite-ParallelMethodsCrossBrowser,searchproduct1
result is passed for test=Suite-ParallelMethodsCrossBrowser,searchproduct1]]>
  </system-out>
</testsuite> <!-- amazon_Project1.Project1_Amazon.Testcase05_SearchProduct_Project1 -->
